slab 0: kappa [0.150000, 0.150500]
PASS    alpha_c - alpha_ub (Nakajima premise) = [0.318 +/- 5.37e-4]  [>0]
PASS    inward lo alpha[0] = [+/- 1.36e-3]  [>0]
PASS    inward hi alpha[0] = [+/- 2.06e-3]  [>0]
PASS    inward lo alpha[1] = [+/- 1.47e-3]  [>0]
PASS    inward hi alpha[1] = [+/- 1.96e-3]  [>0]
PASS    inward lo alpha[2] = [0.001 +/- 5.64e-4]  [>0]
PASS    inward hi alpha[2] = [0.001 +/- 8.54e-4]  [>0]
PASS    inward lo alpha[3] = [0.001 +/- 6.67e-4]  [>0]
PASS    inward hi alpha[3] = [0.001 +/- 7.52e-4]  [>0]
PASS    inward lo alpha[4] = [0.001 +/- 7.70e-4]  [>0]
PASS    inward hi alpha[4] = [0.001 +/- 6.49e-4]  [>0]
PASS    inward lo alpha[5] = [0.001 +/- 8.73e-4]  [>0]
PASS    inward hi alpha[5] = [0.001 +/- 5.47e-4]  [>0]
PASS    inward lo alpha[6] = [+/- 1.98e-3]  [>0]
PASS    inward hi alpha[6] = [+/- 1.45e-3]  [>0]
PASS    inward lo alpha[7] = [+/- 2.08e-3]  [>0]
PASS    inward hi alpha[7] = [+/- 1.35e-3]  [>0]
PASS    1 - contraction (located, alb, k[0]) = [0.18352539577407559992637 +/- 2.98e-24]  [>0]
PASS    1 - contraction (located, aub, k[0]) = [0.18104680281203957507684 +/- 2.03e-24]  [>0]
PASS    G(alpha_lb) k[0] = [0.0026 +/- 7.07e-5]  [>0]
PASS    G(alpha_ub) k[0] = [-0.0021 +/- 7.06e-5]  [<0]
PASS    1 - contraction (located, alb, k[1]) = [0.18552378247324850074616 +/- 3.67e-24]  [>0]
PASS    1 - contraction (located, aub, k[1]) = [0.18105855330977021716566 +/- 1.34e-24]  [>0]
PASS    G(alpha_lb) k[1] = [0.0025 +/- 6.72e-5]  [>0]
PASS    G(alpha_ub) k[1] = [-0.002 +/- 2.14e-4]  [<0]
PASS    1 - contraction (located, alb, k[2]) = [0.18553527750613029680104 +/- 4.61e-24]  [>0]
PASS    1 - contraction (located, aub, k[2]) = [0.17891065136663352361338 +/- 2.82e-24]  [>0]
PASS    G(alpha_lb) k[2] = [0.002 +/- 4.95e-4]  [>0]
PASS    G(alpha_ub) k[2] = [-0.0022 +/- 8.77e-5]  [<0]
PASS    1 - contraction (located, alb, k[3]) = [0.18791597771407450007108 +/- 1.06e-24]  [>0]
PASS    1 - contraction (located, aub, k[3]) = [0.17243079710076058502468 +/- 8.54e-25]  [>0]
PASS    G(alpha_lb) k[3] = [0.0024 +/- 8.63e-5]  [>0]
PASS    G(alpha_ub) k[3] = [-0.0023 +/- 6.37e-5]  [<0]
PASS    1 - contraction (located, alb, k[4]) = [0.18784189907524797334241 +/- 5.50e-24]  [>0]
PASS    1 - contraction (located, aub, k[4]) = [0.17858052610448351230599 +/- 4.93e-24]  [>0]
PASS    G(alpha_lb) k[4] = [0.0023 +/- 5.88e-5]  [>0]
PASS    G(alpha_ub) k[4] = [-0.0024 +/- 7.85e-5]  [<0]
PASS    1 - contraction (located, alb, k[5]) = [0.18311514035156476574109 +/- 4.80e-24]  [>0]
PASS    1 - contraction (located, aub, k[5]) = [0.18063902778899139409829 +/- 1.84e-24]  [>0]
PASS    G(alpha_lb) k[5] = [0.0022 +/- 7.84e-5]  [>0]
PASS    G(alpha_ub) k[5] = [-0.002 +/- 5.07e-4]  [<0]
PASS    1 - contraction (located, alb, k[6]) = [0.18511851999577185304733 +/- 2.54e-24]  [>0]
PASS    1 - contraction (located, aub, k[6]) = [0.18065079845660629371071 +/- 1.42e-24]  [>0]
PASS    G(alpha_lb) k[6] = [0.002 +/- 2.06e-4]  [>0]
PASS    G(alpha_ub) k[6] = [-0.0025 +/- 8.00e-5]  [<0]
PASS    1 - contraction (located, alb, k[7]) = [0.18513003724585411325667 +/- 5.40e-24]  [>0]
PASS    1 - contraction (located, aub, k[7]) = [0.17849769194840044486319 +/- 3.38e-24]  [>0]
PASS    G(alpha_lb) k[7] = [0.0021 +/- 7.70e-5]  [>0]
PASS    G(alpha_ub) k[7] = [-0.0026 +/- 5.87e-5]  [<0]
PASS    1 - amp-works = [+/- 0.555]  [>0]
PASS    lambda(z_hat) = [-0.2 +/- 0.0804]  [<0]
  -> PASS
slab 1: kappa [0.150500, 0.151000]
PASS    alpha_c - alpha_ub (Nakajima premise) = [0.318 +/- 8.73e-4]  [>0]
PASS    inward lo alpha[0] = [+/- 1.36e-3]  [>0]
PASS    inward hi alpha[0] = [+/- 2.06e-3]  [>0]
PASS    inward lo alpha[1] = [+/- 1.46e-3]  [>0]
PASS    inward hi alpha[1] = [+/- 1.96e-3]  [>0]
PASS    inward lo alpha[2] = [0.001 +/- 5.64e-4]  [>0]
PASS    inward hi alpha[2] = [0.001 +/- 8.54e-4]  [>0]
PASS    inward lo alpha[3] = [0.001 +/- 6.67e-4]  [>0]
PASS    inward hi alpha[3] = [0.001 +/- 7.52e-4]  [>0]
PASS    inward lo alpha[4] = [0.001 +/- 7.70e-4]  [>0]
PASS    inward hi alpha[4] = [0.001 +/- 6.49e-4]  [>0]
PASS    inward lo alpha[5] = [0.001 +/- 8.73e-4]  [>0]
PASS    inward hi alpha[5] = [0.001 +/- 5.47e-4]  [>0]
PASS    inward lo alpha[6] = [+/- 1.98e-3]  [>0]
PASS    inward hi alpha[6] = [+/- 1.45e-3]  [>0]
PASS    inward lo alpha[7] = [+/- 2.08e-3]  [>0]
PASS    inward hi alpha[7] = [+/- 1.35e-3]  [>0]
PASS    1 - contraction (located, alb, k[0]) = [0.18342297885623337041480 +/- 1.28e-24]  [>0]
PASS    1 - contraction (located, aub, k[0]) = [0.18094536069459153165049 +/- 3.17e-24]  [>0]
PASS    G(alpha_lb) k[0] = [0.0026 +/- 6.92e-5]  [>0]
PASS    G(alpha_ub) k[0] = [-0.0021 +/- 6.91e-5]  [<0]
PASS    1 - contraction (located, alb, k[1]) = [0.18542269340333605982322 +/- 8.43e-25]  [>0]
PASS    1 - contraction (located, aub, k[1]) = [0.18095711176117643627093 +/- 4.54e-24]  [>0]
PASS    G(alpha_lb) k[1] = [0.0025 +/- 6.87e-5]  [>0]
PASS    G(alpha_ub) k[1] = [-0.002 +/- 2.16e-4]  [<0]
PASS    1 - contraction (located, alb, k[2]) = [0.18543419619245401781494 +/- 5.02e-24]  [>0]
PASS    1 - contraction (located, aub, k[2]) = [0.17880785111708532405517 +/- 2.27e-24]  [>0]
PASS    G(alpha_lb) k[2] = [0.002 +/- 4.97e-4]  [>0]
PASS    G(alpha_ub) k[2] = [-0.0022 +/- 8.92e-5]  [<0]
PASS    1 - contraction (located, alb, k[3]) = [0.18781655135746789235965 +/- 5.52e-24]  [>0]
PASS    1 - contraction (located, aub, k[3]) = [0.17232372595439768731379 +/- 4.82e-24]  [>0]
PASS    G(alpha_lb) k[3] = [0.0024 +/- 8.48e-5]  [>0]
PASS    G(alpha_ub) k[3] = [-0.0023 +/- 6.52e-5]  [<0]
PASS    1 - contraction (located, alb, k[4]) = [0.18774245774984789717658 +/- 5.06e-24]  [>0]
PASS    1 - contraction (located, aub, k[4]) = [0.17847762930951719147496 +/- 3.48e-24]  [>0]
PASS    G(alpha_lb) k[4] = [0.0023 +/- 5.73e-5]  [>0]
PASS    G(alpha_ub) k[4] = [-0.0024 +/- 7.70e-5]  [<0]
PASS    1 - contraction (located, alb, k[5]) = [0.18301262934575093621642 +/- 5.39e-24]  [>0]
PASS    1 - contraction (located, aub, k[5]) = [0.18053752596908085029428 +/- 4.82e-24]  [>0]
PASS    G(alpha_lb) k[5] = [0.0022 +/- 7.99e-5]  [>0]
PASS    G(alpha_ub) k[5] = [-0.002 +/- 5.09e-4]  [<0]
PASS    1 - contraction (located, alb, k[6]) = [0.18501735863252920475277 +/- 5.65e-24]  [>0]
PASS    1 - contraction (located, aub, k[6]) = [0.18054930399491103359092 +/- 2.59e-24]  [>0]
PASS    G(alpha_lb) k[6] = [0.002 +/- 2.07e-4]  [>0]
PASS    G(alpha_ub) k[6] = [-0.0025 +/- 8.16e-5]  [<0]
PASS    1 - contraction (located, alb, k[7]) = [0.18502887025345763015283 +/- 1.56e-24]  [>0]
PASS    1 - contraction (located, aub, k[7]) = [0.17839477537219713621648 +/- 4.29e-24]  [>0]
PASS    G(alpha_lb) k[7] = [0.0021 +/- 7.55e-5]  [>0]
PASS    G(alpha_ub) k[7] = [-0.0026 +/- 5.72e-5]  [<0]
PASS    1 - amp-works = [+/- 0.555]  [>0]
PASS    lambda(z_hat) = [-0.2 +/- 0.0805]  [<0]
  -> PASS
slab 2: kappa [0.151000, 0.151500]
PASS    alpha_c - alpha_ub (Nakajima premise) = [0.317 +/- 5.70e-4]  [>0]
PASS    inward lo alpha[0] = [+/- 1.36e-3]  [>0]
PASS    inward hi alpha[0] = [+/- 2.06e-3]  [>0]
PASS    inward lo alpha[1] = [+/- 1.46e-3]  [>0]
PASS    inward hi alpha[1] = [+/- 1.96e-3]  [>0]
PASS    inward lo alpha[2] = [0.001 +/- 5.64e-4]  [>0]
PASS    inward hi alpha[2] = [0.001 +/- 8.54e-4]  [>0]
PASS    inward lo alpha[3] = [0.001 +/- 6.67e-4]  [>0]
PASS    inward hi alpha[3] = [0.001 +/- 7.52e-4]  [>0]
PASS    inward lo alpha[4] = [0.001 +/- 7.70e-4]  [>0]
PASS    inward hi alpha[4] = [0.001 +/- 6.49e-4]  [>0]
PASS    inward lo alpha[5] = [0.001 +/- 8.73e-4]  [>0]
PASS    inward hi alpha[5] = [0.001 +/- 5.47e-4]  [>0]
PASS    inward lo alpha[6] = [+/- 1.98e-3]  [>0]
PASS    inward hi alpha[6] = [+/- 1.45e-3]  [>0]
PASS    inward lo alpha[7] = [+/- 2.08e-3]  [>0]
PASS    inward hi alpha[7] = [+/- 1.35e-3]  [>0]
PASS    1 - contraction (located, alb, k[0]) = [0.18332055723628858334740 +/- 4.42e-24]  [>0]
PASS    1 - contraction (located, aub, k[0]) = [0.18084394742141038460061 +/- 4.16e-24]  [>0]
PASS    G(alpha_lb) k[0] = [0.0026 +/- 6.77e-5]  [>0]
PASS    G(alpha_ub) k[0] = [-0.0021 +/- 6.76e-5]  [<0]
PASS    1 - contraction (located, alb, k[1]) = [0.18532159237898379323665 +/- 1.60e-24]  [>0]
PASS    1 - contraction (located, aub, k[1]) = [0.18085570251957358435278 +/- 1.11e-24]  [>0]
PASS    G(alpha_lb) k[1] = [0.0025 +/- 7.02e-5]  [>0]
PASS    G(alpha_ub) k[1] = [-0.0022 +/- 9.44e-5]  [<0]
PASS    1 - contraction (located, alb, k[2]) = [0.18533312493266568123024 +/- 3.53e-24]  [>0]
PASS    1 - contraction (located, aub, k[2]) = [0.17870499053735555694750 +/- 5.31e-24]  [>0]
PASS    G(alpha_lb) k[2] = [0.002 +/- 4.98e-4]  [>0]
PASS    G(alpha_ub) k[2] = [-0.0022 +/- 9.08e-5]  [<0]
PASS    1 - contraction (located, alb, k[3]) = [0.18323795249111817659763 +/- 4.20e-24]  [>0]
PASS    1 - contraction (located, aub, k[3]) = [0.17221670448262979603676 +/- 5.12e-24]  [>0]
PASS    G(alpha_lb) k[3] = [0.0024 +/- 8.49e-5]  [>0]
PASS    G(alpha_ub) k[3] = [-0.0023 +/- 6.67e-5]  [<0]
PASS    1 - contraction (located, alb, k[4]) = [0.18764304531213577309568 +/- 1.90e-24]  [>0]
PASS    1 - contraction (located, aub, k[4]) = [0.17837468495222308743853 +/- 3.71e-24]  [>0]
PASS    G(alpha_lb) k[4] = [0.0023 +/- 5.57e-5]  [>0]
PASS    G(alpha_ub) k[4] = [-0.0024 +/- 7.55e-5]  [<0]
PASS    1 - contraction (located, alb, k[5]) = [0.18291010263752314422204 +/- 3.63e-24]  [>0]
PASS    1 - contraction (located, aub, k[5]) = [0.18043600060246292665632 +/- 5.34e-24]  [>0]
PASS    G(alpha_lb) k[5] = [0.0022 +/- 8.14e-5]  [>0]
PASS    G(alpha_ub) k[5] = [-0.002 +/- 5.10e-4]  [<0]
PASS    1 - contraction (located, alb, k[6]) = [0.18491617828208261750673 +/- 5.09e-24]  [>0]
PASS    1 - contraction (located, aub, k[6]) = [0.18044777988794050541966 +/- 3.30e-24]  [>0]
PASS    G(alpha_lb) k[6] = [0.002 +/- 2.09e-4]  [>0]
PASS    G(alpha_ub) k[6] = [-0.0025 +/- 8.31e-5]  [<0]
PASS    1 - contraction (located, alb, k[7]) = [0.18492769390279349771309 +/- 1.87e-24]  [>0]
PASS    1 - contraction (located, aub, k[7]) = [0.17829181257669174028071 +/- 3.22e-24]  [>0]
PASS    G(alpha_lb) k[7] = [0.0021 +/- 7.40e-5]  [>0]
PASS    G(alpha_ub) k[7] = [-0.0026 +/- 5.72e-5]  [<0]
PASS    1 - amp-works = [+/- 0.555]  [>0]
PASS    lambda(z_hat) = [-0.2 +/- 0.0806]  [<0]
  -> PASS
slab 3: kappa [0.151500, 0.152000]
PASS    alpha_c - alpha_ub (Nakajima premise) = [0.317 +/- 5.43e-4]  [>0]
PASS    inward lo alpha[0] = [+/- 1.36e-3]  [>0]
PASS    inward hi alpha[0] = [+/- 2.06e-3]  [>0]
PASS    inward lo alpha[1] = [+/- 1.46e-3]  [>0]
PASS    inward hi alpha[1] = [+/- 1.96e-3]  [>0]
PASS    inward lo alpha[2] = [0.001 +/- 5.63e-4]  [>0]
PASS    inward hi alpha[2] = [0.001 +/- 8.54e-4]  [>0]
PASS    inward lo alpha[3] = [0.001 +/- 6.67e-4]  [>0]
PASS    inward hi alpha[3] = [0.001 +/- 7.51e-4]  [>0]
PASS    inward lo alpha[4] = [0.001 +/- 7.70e-4]  [>0]
PASS    inward hi alpha[4] = [0.001 +/- 6.49e-4]  [>0]
PASS    inward lo alpha[5] = [0.001 +/- 8.73e-4]  [>0]
PASS    inward hi alpha[5] = [0.001 +/- 5.47e-4]  [>0]
PASS    inward lo alpha[6] = [+/- 1.98e-3]  [>0]
PASS    inward hi alpha[6] = [+/- 1.45e-3]  [>0]
PASS    inward lo alpha[7] = [+/- 2.08e-3]  [>0]
PASS    inward hi alpha[7] = [+/- 1.35e-3]  [>0]
PASS    1 - contraction (located, alb, k[0]) = [0.18321808721381034412765 +/- 2.03e-24]  [>0]
PASS    1 - contraction (located, aub, k[0]) = [0.18074247058805209996575 +/- 2.53e-24]  [>0]
PASS    G(alpha_lb) k[0] = [0.0026 +/- 6.62e-5]  [>0]
PASS    G(alpha_ub) k[0] = [-0.0021 +/- 6.61e-5]  [<0]
PASS    1 - contraction (located, alb, k[1]) = [0.18522052295713288903726 +/- 2.97e-24]  [>0]
PASS    1 - contraction (located, aub, k[1]) = [0.18075423225215924889640 +/- 1.09e-24]  [>0]
PASS    G(alpha_lb) k[1] = [0.0025 +/- 7.18e-5]  [>0]
PASS    G(alpha_ub) k[1] = [-0.0022 +/- 9.28e-5]  [<0]
PASS    1 - contraction (located, alb, k[2]) = [0.18523202183520339918813 +/- 2.02e-24]  [>0]
PASS    1 - contraction (located, aub, k[2]) = [0.17860210749019760786975 +/- 4.35e-24]  [>0]
PASS    G(alpha_lb) k[2] = [0.002 +/- 5.00e-4]  [>0]
PASS    G(alpha_ub) k[2] = [-0.0022 +/- 9.23e-5]  [<0]
PASS    1 - contraction (located, alb, k[3]) = [0.18313548122147441892736 +/- 4.97e-24]  [>0]
PASS    1 - contraction (located, aub, k[3]) = [0.17210959848026388219212 +/- 4.89e-24]  [>0]
PASS    G(alpha_lb) k[3] = [0.0024 +/- 8.34e-5]  [>0]
PASS    G(alpha_ub) k[3] = [-0.0023 +/- 6.82e-5]  [<0]
PASS    1 - contraction (located, alb, k[4]) = [0.18754357305904811703771 +/- 1.31e-24]  [>0]
PASS    1 - contraction (located, aub, k[4]) = [0.17827173886215002683889 +/- 3.09e-24]  [>0]
PASS    G(alpha_lb) k[4] = [0.0023 +/- 5.42e-5]  [>0]
PASS    G(alpha_ub) k[4] = [-0.0024 +/- 7.40e-5]  [<0]
PASS    1 - contraction (located, alb, k[5]) = [0.18280757422419760263992 +/- 5.44e-24]  [>0]
PASS    1 - contraction (located, aub, k[5]) = [0.18033446297498894010351 +/- 4.70e-24]  [>0]
PASS    G(alpha_lb) k[5] = [0.0022 +/- 8.29e-5]  [>0]
PASS    G(alpha_ub) k[5] = [-0.002 +/- 5.12e-4]  [<0]
PASS    1 - contraction (located, alb, k[6]) = [0.18481503494801654611128 +/- 5.03e-24]  [>0]
PASS    1 - contraction (located, aub, k[6]) = [0.18034624788881681983447 +/- 4.14e-24]  [>0]
PASS    G(alpha_lb) k[6] = [0.002 +/- 2.10e-4]  [>0]
PASS    G(alpha_ub) k[6] = [-0.0025 +/- 8.46e-5]  [<0]
PASS    1 - contraction (located, alb, k[7]) = [0.18482655801031705688564 +/- 5.18e-24]  [>0]
PASS    1 - contraction (located, aub, k[7]) = [0.17818887051566704429036 +/- 5.65e-24]  [>0]
PASS    G(alpha_lb) k[7] = [0.0021 +/- 7.25e-5]  [>0]
PASS    G(alpha_ub) k[7] = [-0.0026 +/- 5.87e-5]  [<0]
PASS    1 - amp-works = [+/- 0.555]  [>0]
PASS    lambda(z_hat) = [-0.2 +/- 0.0807]  [<0]
  -> PASS
slab 4: kappa [0.152000, 0.152500]
PASS    alpha_c - alpha_ub (Nakajima premise) = [0.317 +/- 8.77e-4]  [>0]
PASS    inward lo alpha[0] = [+/- 1.36e-3]  [>0]
PASS    inward hi alpha[0] = [+/- 2.06e-3]  [>0]
PASS    inward lo alpha[1] = [+/- 1.46e-3]  [>0]
PASS    inward hi alpha[1] = [+/- 1.96e-3]  [>0]
PASS    inward lo alpha[2] = [0.001 +/- 5.63e-4]  [>0]
PASS    inward hi alpha[2] = [0.001 +/- 8.54e-4]  [>0]
PASS    inward lo alpha[3] = [0.001 +/- 6.67e-4]  [>0]
PASS    inward hi alpha[3] = [0.001 +/- 7.51e-4]  [>0]
PASS    inward lo alpha[4] = [0.001 +/- 7.70e-4]  [>0]
PASS    inward hi alpha[4] = [0.001 +/- 6.49e-4]  [>0]
PASS    inward lo alpha[5] = [0.001 +/- 8.73e-4]  [>0]
PASS    inward hi alpha[5] = [0.001 +/- 5.46e-4]  [>0]
PASS    inward lo alpha[6] = [+/- 1.98e-3]  [>0]
PASS    inward hi alpha[6] = [+/- 1.45e-3]  [>0]
PASS    inward lo alpha[7] = [+/- 2.08e-3]  [>0]
PASS    inward hi alpha[7] = [+/- 1.35e-3]  [>0]
PASS    1 - contraction (located, alb, k[0]) = [0.18311562047833710775176 +/- 3.00e-24]  [>0]
PASS    1 - contraction (located, aub, k[0]) = [0.18064103471666989763058 +/- 4.48e-24]  [>0]
PASS    G(alpha_lb) k[0] = [0.0026 +/- 6.47e-5]  [>0]
PASS    G(alpha_ub) k[0] = [-0.0021 +/- 6.45e-5]  [<0]
PASS    1 - contraction (located, alb, k[1]) = [0.18511939433360605097831 +/- 4.46e-24]  [>0]
PASS    1 - contraction (located, aub, k[1]) = [0.18065279447184600969456 +/- 4.11e-24]  [>0]
PASS    G(alpha_lb) k[1] = [0.0025 +/- 7.33e-5]  [>0]
PASS    G(alpha_ub) k[1] = [-0.0022 +/- 9.13e-5]  [<0]
PASS    1 - contraction (located, alb, k[2]) = [0.18513090289286962153515 +/- 5.73e-24]  [>0]
PASS    1 - contraction (located, aub, k[2]) = [0.17849926385219759850227 +/- 1.58e-24]  [>0]
PASS    G(alpha_lb) k[2] = [0.002 +/- 5.01e-4]  [>0]
PASS    G(alpha_ub) k[2] = [-0.0022 +/- 9.38e-5]  [<0]
PASS    1 - contraction (located, alb, k[3]) = [0.18303299486326526740722 +/- 8.88e-25]  [>0]
PASS    1 - contraction (located, aub, k[3]) = [0.17200250904178925349310 +/- 8.55e-25]  [>0]
PASS    G(alpha_lb) k[3] = [0.0024 +/- 8.19e-5]  [>0]
PASS    G(alpha_ub) k[3] = [-0.0023 +/- 6.98e-5]  [<0]
PASS    1 - contraction (located, alb, k[4]) = [0.18744413473154202580451 +/- 4.41e-24]  [>0]
PASS    1 - contraction (located, aub, k[4]) = [0.17816882067988285661596 +/- 5.73e-24]  [>0]
PASS    G(alpha_lb) k[4] = [0.0023 +/- 5.53e-5]  [>0]
PASS    G(alpha_ub) k[4] = [-0.0024 +/- 7.25e-5]  [<0]
PASS    1 - contraction (located, alb, k[5]) = [0.18270503656370374369470 +/- 3.95e-24]  [>0]
PASS    1 - contraction (located, aub, k[5]) = [0.18023290657186620666494 +/- 1.08e-24]  [>0]
PASS    G(alpha_lb) k[5] = [0.0022 +/- 8.45e-5]  [>0]
PASS    G(alpha_ub) k[5] = [-0.002 +/- 5.13e-4]  [<0]
PASS    1 - contraction (located, alb, k[6]) = [0.18471383643377160983174 +/- 4.67e-24]  [>0]
PASS    1 - contraction (located, aub, k[6]) = [0.18024468363813589549128 +/- 4.69e-24]  [>0]
PASS    G(alpha_lb) k[6] = [0.002 +/- 2.12e-4]  [>0]
PASS    G(alpha_ub) k[6] = [-0.0025 +/- 8.61e-5]  [<0]
PASS    1 - contraction (located, alb, k[7]) = [0.18472536554060554759377 +/- 1.62e-24]  [>0]
PASS    1 - contraction (located, aub, k[7]) = [0.17808592502524244324503 +/- 5.29e-24]  [>0]
PASS    G(alpha_lb) k[7] = [0.0021 +/- 7.09e-5]  [>0]
PASS    G(alpha_ub) k[7] = [-0.0026 +/- 6.02e-5]  [<0]
PASS    1 - amp-works = [+/- 0.555]  [>0]
PASS    lambda(z_hat) = [-0.2 +/- 0.0808]  [<0]
  -> PASS
slab 5: kappa [0.152500, 0.153000]
PASS    alpha_c - alpha_ub (Nakajima premise) = [0.316 +/- 5.65e-4]  [>0]
PASS    inward lo alpha[0] = [+/- 1.36e-3]  [>0]
PASS    inward hi alpha[0] = [+/- 2.06e-3]  [>0]
PASS    inward lo alpha[1] = [+/- 1.46e-3]  [>0]
PASS    inward hi alpha[1] = [+/- 1.96e-3]  [>0]
PASS    inward lo alpha[2] = [0.001 +/- 5.63e-4]  [>0]
PASS    inward hi alpha[2] = [0.001 +/- 8.54e-4]  [>0]
PASS    inward lo alpha[3] = [0.001 +/- 6.66e-4]  [>0]
PASS    inward hi alpha[3] = [0.001 +/- 7.51e-4]  [>0]
PASS    inward lo alpha[4] = [0.001 +/- 7.70e-4]  [>0]
PASS    inward hi alpha[4] = [0.001 +/- 6.49e-4]  [>0]
PASS    inward lo alpha[5] = [0.001 +/- 8.73e-4]  [>0]
PASS    inward hi alpha[5] = [0.001 +/- 5.46e-4]  [>0]
PASS    inward lo alpha[6] = [+/- 1.98e-3]  [>0]
PASS    inward hi alpha[6] = [+/- 1.45e-3]  [>0]
PASS    inward lo alpha[7] = [+/- 2.08e-3]  [>0]
PASS    inward hi alpha[7] = [+/- 1.35e-3]  [>0]
PASS    1 - contraction (located, alb, k[0]) = [0.18301321392273738488144 +/- 5.79e-24]  [>0]
PASS    1 - contraction (located, aub, k[0]) = [0.18053953408211432984164 +/- 1.86e-24]  [>0]
PASS    G(alpha_lb) k[0] = [0.0026 +/- 6.32e-5]  [>0]
PASS    G(alpha_ub) k[0] = [-0.0021 +/- 6.30e-5]  [<0]
PASS    1 - contraction (located, alb, k[1]) = [0.18501828389131130826988 +/- 3.97e-24]  [>0]
PASS    1 - contraction (located, aub, k[1]) = [0.18055130107794379432806 +/- 2.16e-24]  [>0]
PASS    G(alpha_lb) k[1] = [0.0025 +/- 7.48e-5]  [>0]
PASS    G(alpha_ub) k[1] = [-0.0022 +/- 8.98e-5]  [<0]
PASS    1 - contraction (located, alb, k[2]) = [0.18502981402319448023582 +/- 1.44e-24]  [>0]
PASS    1 - contraction (located, aub, k[2]) = [0.17839638176157022863290 +/- 1.08e-24]  [>0]
PASS    G(alpha_lb) k[2] = [0.002 +/- 5.03e-4]  [>0]
PASS    G(alpha_ub) k[2] = [-0.0022 +/- 9.54e-5]  [<0]
PASS    1 - contraction (located, alb, k[3]) = [0.18293052780072199165200 +/- 5.63e-24]  [>0]
PASS    1 - contraction (located, aub, k[3]) = [0.17189541988361950527384 +/- 2.07e-24]  [>0]
PASS    G(alpha_lb) k[3] = [0.0024 +/- 8.04e-5]  [>0]
PASS    G(alpha_ub) k[3] = [-0.0023 +/- 7.13e-5]  [<0]
PASS    1 - contraction (located, alb, k[4]) = [0.17659678738232401362653 +/- 1.01e-24]  [>0]
PASS    1 - contraction (located, aub, k[4]) = [0.17806589096622818239718 +/- 4.17e-24]  [>0]
PASS    G(alpha_lb) k[4] = [0.0023 +/- 6.10e-5]  [>0]
PASS    G(alpha_ub) k[4] = [-0.0024 +/- 7.09e-5]  [<0]
PASS    1 - contraction (located, alb, k[5]) = [0.18260249726689413614638 +/- 4.01e-24]  [>0]
PASS    1 - contraction (located, aub, k[5]) = [0.18013136482622238341441 +/- 5.62e-24]  [>0]
PASS    G(alpha_lb) k[5] = [0.0022 +/- 8.60e-5]  [>0]
PASS    G(alpha_ub) k[5] = [-0.002 +/- 5.15e-4]  [<0]
PASS    1 - contraction (located, alb, k[6]) = [0.18461260885886831512707 +/- 5.38e-24]  [>0]
PASS    1 - contraction (located, aub, k[6]) = [0.18014315007693519830017 +/- 4.90e-24]  [>0]
PASS    G(alpha_lb) k[6] = [0.002 +/- 2.13e-4]  [>0]
PASS    G(alpha_ub) k[6] = [-0.0025 +/- 8.77e-5]  [<0]
PASS    1 - contraction (located, alb, k[7]) = [0.18462415538271077704627 +/- 2.23e-24]  [>0]
PASS    1 - contraction (located, aub, k[7]) = [0.17798294020642528176975 +/- 1.97e-24]  [>0]
PASS    G(alpha_lb) k[7] = [0.0021 +/- 6.94e-5]  [>0]
PASS    G(alpha_ub) k[7] = [-0.0026 +/- 6.17e-5]  [<0]
PASS    1 - amp-works = [+/- 0.555]  [>0]
PASS    lambda(z_hat) = [-0.2 +/- 0.0809]  [<0]
  -> PASS
slab 6: kappa [0.153000, 0.153500]
PASS    alpha_c - alpha_ub (Nakajima premise) = [0.316 +/- 5.45e-4]  [>0]
PASS    inward lo alpha[0] = [+/- 1.36e-3]  [>0]
PASS    inward hi alpha[0] = [+/- 2.06e-3]  [>0]
PASS    inward lo alpha[1] = [+/- 1.46e-3]  [>0]
PASS    inward hi alpha[1] = [+/- 1.96e-3]  [>0]
PASS    inward lo alpha[2] = [0.001 +/- 5.63e-4]  [>0]
PASS    inward hi alpha[2] = [0.001 +/- 8.54e-4]  [>0]
PASS    inward lo alpha[3] = [0.001 +/- 6.66e-4]  [>0]
PASS    inward hi alpha[3] = [0.001 +/- 7.51e-4]  [>0]
PASS    inward lo alpha[4] = [0.001 +/- 7.70e-4]  [>0]
PASS    inward hi alpha[4] = [0.001 +/- 6.48e-4]  [>0]
PASS    inward lo alpha[5] = [0.001 +/- 8.73e-4]  [>0]
PASS    inward hi alpha[5] = [0.001 +/- 5.46e-4]  [>0]
PASS    inward lo alpha[6] = [+/- 1.98e-3]  [>0]
PASS    inward hi alpha[6] = [+/- 1.45e-3]  [>0]
PASS    inward lo alpha[7] = [+/- 2.08e-3]  [>0]
PASS    inward hi alpha[7] = [+/- 1.35e-3]  [>0]
PASS    1 - contraction (located, alb, k[0]) = [0.18291072799102145771661 +/- 1.68e-24]  [>0]
PASS    1 - contraction (located, aub, k[0]) = [0.18043806060403692567125 +/- 3.96e-24]  [>0]
PASS    G(alpha_lb) k[0] = [0.0026 +/- 6.17e-5]  [>0]
PASS    G(alpha_ub) k[0] = [-0.0021 +/- 6.15e-5]  [<0]
PASS    1 - contraction (located, alb, k[1]) = [0.18491717236267750778313 +/- 2.91e-24]  [>0]
PASS    1 - contraction (located, aub, k[1]) = [0.18044982724385364465914 +/- 2.16e-24]  [>0]
PASS    G(alpha_lb) k[1] = [0.0025 +/- 7.63e-5]  [>0]
PASS    G(alpha_ub) k[1] = [-0.0022 +/- 8.83e-5]  [<0]
PASS    1 - contraction (located, alb, k[2]) = [0.18492868374156041226480 +/- 2.74e-24]  [>0]
PASS    1 - contraction (located, aub, k[2]) = [0.17829349272880292756644 +/- 4.23e-24]  [>0]
PASS    G(alpha_lb) k[2] = [0.002 +/- 5.04e-4]  [>0]
PASS    G(alpha_ub) k[2] = [-0.002 +/- 2.97e-4]  [<0]
PASS    1 - contraction (located, alb, k[3]) = [0.18282803562666250234710 +/- 1.49e-24]  [>0]
PASS    1 - contraction (located, aub, k[3]) = [0.17178832583324716234842 +/- 2.51e-24]  [>0]
PASS    G(alpha_lb) k[3] = [0.0024 +/- 7.89e-5]  [>0]
PASS    G(alpha_ub) k[3] = [-0.0023 +/- 7.28e-5]  [<0]
PASS    1 - contraction (located, alb, k[4]) = [0.17649025317564354160962 +/- 5.56e-24]  [>0]
PASS    1 - contraction (located, aub, k[4]) = [0.17796292188015627646925 +/- 2.81e-24]  [>0]
PASS    G(alpha_lb) k[4] = [0.0023 +/- 6.25e-5]  [>0]
PASS    G(alpha_ub) k[4] = [-0.0024 +/- 6.94e-5]  [<0]
PASS    1 - contraction (located, alb, k[5]) = [0.18249994280222746511284 +/- 3.66e-24]  [>0]
PASS    1 - contraction (located, aub, k[5]) = [0.18002979706880130813687 +/- 2.80e-24]  [>0]
PASS    G(alpha_lb) k[5] = [0.0022 +/- 8.75e-5]  [>0]
PASS    G(alpha_ub) k[5] = [-0.0025 +/- 9.54e-5]  [<0]
PASS    1 - contraction (located, alb, k[6]) = [0.18451139684116228936990 +/- 1.38e-24]  [>0]
PASS    1 - contraction (located, aub, k[6]) = [0.18004158447793528104374 +/- 3.47e-24]  [>0]
PASS    G(alpha_lb) k[6] = [0.002 +/- 2.15e-4]  [>0]
PASS    G(alpha_ub) k[6] = [-0.0025 +/- 8.92e-5]  [<0]
PASS    1 - contraction (located, alb, k[7]) = [0.18452293192319596970057 +/- 3.82e-24]  [>0]
PASS    1 - contraction (located, aub, k[7]) = [0.17787999127399751121344 +/- 5.37e-24]  [>0]
PASS    G(alpha_lb) k[7] = [0.0021 +/- 6.79e-5]  [>0]
PASS    G(alpha_ub) k[7] = [-0.0026 +/- 6.33e-5]  [<0]
PASS    1 - amp-works = [+/- 0.555]  [>0]
PASS    lambda(z_hat) = [-0.2 +/- 0.0809]  [<0]
  -> PASS
slab 7: kappa [0.153500, 0.154000]
PASS    alpha_c - alpha_ub (Nakajima premise) = [0.316 +/- 8.78e-4]  [>0]
PASS    inward lo alpha[0] = [+/- 1.36e-3]  [>0]
PASS    inward hi alpha[0] = [+/- 2.06e-3]  [>0]
PASS    inward lo alpha[1] = [+/- 1.46e-3]  [>0]
PASS    inward hi alpha[1] = [+/- 1.96e-3]  [>0]
PASS    inward lo alpha[2] = [0.001 +/- 5.63e-4]  [>0]
PASS    inward hi alpha[2] = [0.001 +/- 8.54e-4]  [>0]
PASS    inward lo alpha[3] = [0.001 +/- 6.66e-4]  [>0]
PASS    inward hi alpha[3] = [0.001 +/- 7.51e-4]  [>0]
PASS    inward lo alpha[4] = [0.001 +/- 7.70e-4]  [>0]
PASS    inward hi alpha[4] = [0.001 +/- 6.48e-4]  [>0]
PASS    inward lo alpha[5] = [0.001 +/- 8.73e-4]  [>0]
PASS    inward hi alpha[5] = [0.001 +/- 5.46e-4]  [>0]
PASS    inward lo alpha[6] = [+/- 1.98e-3]  [>0]
PASS    inward hi alpha[6] = [+/- 1.45e-3]  [>0]
PASS    inward lo alpha[7] = [+/- 2.08e-3]  [>0]
PASS    inward hi alpha[7] = [+/- 1.35e-3]  [>0]
PASS    1 - contraction (located, alb, k[0]) = [0.18280822554058937762882 +/- 2.96e-24]  [>0]
PASS    1 - contraction (located, aub, k[0]) = [0.18033657102284599230369 +/- 5.51e-24]  [>0]
PASS    G(alpha_lb) k[0] = [0.0026 +/- 6.02e-5]  [>0]
PASS    G(alpha_ub) k[0] = [-0.0021 +/- 6.00e-5]  [<0]
PASS    1 - contraction (located, alb, k[1]) = [0.18481602615825741279488 +/- 9.70e-25]  [>0]
PASS    1 - contraction (located, aub, k[1]) = [0.18034834135288170416808 +/- 1.02e-24]  [>0]
PASS    G(alpha_lb) k[1] = [0.0025 +/- 7.78e-5]  [>0]
PASS    G(alpha_ub) k[1] = [-0.0022 +/- 8.67e-5]  [<0]
PASS    1 - contraction (located, alb, k[2]) = [0.18482755800631245309748 +/- 3.49e-24]  [>0]
PASS    1 - contraction (located, aub, k[2]) = [0.17819058098095865604807 +/- 1.69e-24]  [>0]
PASS    G(alpha_lb) k[2] = [0.002 +/- 5.06e-4]  [>0]
PASS    G(alpha_ub) k[2] = [-0.002 +/- 2.99e-4]  [<0]
PASS    1 - contraction (located, alb, k[3]) = [0.18272555904806857066230 +/- 1.18e-24]  [>0]
PASS    1 - contraction (located, aub, k[3]) = [0.17168117088493967953325 +/- 1.86e-24]  [>0]
PASS    G(alpha_lb) k[3] = [0.0024 +/- 7.74e-5]  [>0]
PASS    G(alpha_ub) k[3] = [-0.0023 +/- 7.44e-5]  [<0]
PASS    1 - contraction (located, alb, k[4]) = [0.17638365659967389836939 +/- 4.40e-24]  [>0]
PASS    1 - contraction (located, aub, k[4]) = [0.17785995988178815411834 +/- 4.61e-24]  [>0]
PASS    G(alpha_lb) k[4] = [0.0023 +/- 6.40e-5]  [>0]
PASS    G(alpha_ub) k[4] = [-0.0024 +/- 6.79e-5]  [<0]
PASS    1 - contraction (located, alb, k[5]) = [0.18239738821828611042589 +/- 2.23e-24]  [>0]
PASS    1 - contraction (located, aub, k[5]) = [0.17992823701392576298964 +/- 3.44e-24]  [>0]
PASS    G(alpha_lb) k[5] = [0.0022 +/- 8.90e-5]  [>0]
PASS    G(alpha_ub) k[5] = [-0.0025 +/- 9.38e-5]  [<0]
PASS    1 - contraction (located, alb, k[6]) = [0.18441020433434516427701 +/- 3.90e-24]  [>0]
PASS    1 - contraction (located, aub, k[6]) = [0.17994002869208299457696 +/- 1.27e-24]  [>0]
PASS    G(alpha_lb) k[6] = [0.0022 +/- 9.39e-5]  [>0]
PASS    G(alpha_ub) k[6] = [-0.0025 +/- 9.07e-5]  [<0]
PASS    1 - contraction (located, alb, k[7]) = [0.18442174108669908930448 +/- 5.43e-24]  [>0]
PASS    1 - contraction (located, aub, k[7]) = [0.17777700128519234781574 +/- 4.89e-24]  [>0]
PASS    G(alpha_lb) k[7] = [0.0021 +/- 6.64e-5]  [>0]
PASS    G(alpha_ub) k[7] = [-0.0026 +/- 6.48e-5]  [<0]
PASS    1 - amp-works = [+/- 0.555]  [>0]
PASS    lambda(z_hat) = [-0.2 +/- 0.0810]  [<0]
  -> PASS
slab 8: kappa [0.154000, 0.154500]
PASS    alpha_c - alpha_ub (Nakajima premise) = [0.315 +/- 5.63e-4]  [>0]
PASS    inward lo alpha[0] = [+/- 1.36e-3]  [>0]
PASS    inward hi alpha[0] = [+/- 2.06e-3]  [>0]
PASS    inward lo alpha[1] = [+/- 1.46e-3]  [>0]
PASS    inward hi alpha[1] = [+/- 1.96e-3]  [>0]
PASS    inward lo alpha[2] = [0.001 +/- 5.62e-4]  [>0]
PASS    inward hi alpha[2] = [0.001 +/- 8.54e-4]  [>0]
PASS    inward lo alpha[3] = [0.001 +/- 6.66e-4]  [>0]
PASS    inward hi alpha[3] = [0.001 +/- 7.51e-4]  [>0]
PASS    inward lo alpha[4] = [0.001 +/- 7.69e-4]  [>0]
PASS    inward hi alpha[4] = [0.001 +/- 6.48e-4]  [>0]
PASS    inward lo alpha[5] = [0.001 +/- 8.73e-4]  [>0]
PASS    inward hi alpha[5] = [0.001 +/- 5.46e-4]  [>0]
PASS    inward lo alpha[6] = [+/- 1.98e-3]  [>0]
PASS    inward hi alpha[6] = [+/- 1.45e-3]  [>0]
PASS    inward lo alpha[7] = [+/- 2.08e-3]  [>0]
PASS    inward hi alpha[7] = [+/- 1.35e-3]  [>0]
PASS    1 - contraction (located, alb, k[0]) = [0.18270576664727031344666 +/- 5.73e-24]  [>0]
PASS    1 - contraction (located, aub, k[0]) = [0.18023507057581211490832 +/- 1.95e-24]  [>0]
PASS    G(alpha_lb) k[0] = [0.0026 +/- 5.87e-5]  [>0]
PASS    G(alpha_ub) k[0] = [-0.0021 +/- 5.84e-5]  [<0]
PASS    1 - contraction (located, alb, k[1]) = [0.18471485928913201182015 +/- 5.67e-24]  [>0]
PASS    1 - contraction (located, aub, k[1]) = [0.18024684678779206668889 +/- 2.36e-24]  [>0]
PASS    G(alpha_lb) k[1] = [0.0025 +/- 7.93e-5]  [>0]
PASS    G(alpha_ub) k[1] = [-0.0022 +/- 8.52e-5]  [<0]
PASS    1 - contraction (located, alb, k[2]) = [0.18472637494501131009184 +/- 2.96e-24]  [>0]
PASS    1 - contraction (located, aub, k[2]) = [0.17808767889736205892340 +/- 1.43e-24]  [>0]
PASS    G(alpha_lb) k[2] = [0.002 +/- 5.07e-4]  [>0]
PASS    G(alpha_ub) k[2] = [-0.002 +/- 3.00e-4]  [<0]
PASS    1 - contraction (located, alb, k[3]) = [0.18262304568235876430200 +/- 5.17e-24]  [>0]
PASS    1 - contraction (located, aub, k[3]) = [0.17157405252379312145372 +/- 8.43e-25]  [>0]
PASS    G(alpha_lb) k[3] = [0.0024 +/- 7.59e-5]  [>0]
PASS    G(alpha_ub) k[3] = [-0.0023 +/- 7.59e-5]  [<0]
PASS    1 - contraction (located, alb, k[4]) = [0.17627704561774898308106 +/- 2.82e-24]  [>0]
PASS    1 - contraction (located, aub, k[4]) = [0.17775699475142282211642 +/- 5.32e-24]  [>0]
PASS    G(alpha_lb) k[4] = [0.0023 +/- 6.55e-5]  [>0]
PASS    G(alpha_ub) k[4] = [-0.0024 +/- 6.64e-5]  [<0]
PASS    1 - contraction (located, alb, k[5]) = [0.18229480031627614570890 +/- 5.61e-24]  [>0]
PASS    1 - contraction (located, aub, k[5]) = [0.17982664513592526214029 +/- 2.41e-24]  [>0]
PASS    G(alpha_lb) k[5] = [0.0022 +/- 9.05e-5]  [>0]
PASS    G(alpha_ub) k[5] = [-0.0025 +/- 9.23e-5]  [<0]
PASS    1 - contraction (located, alb, k[6]) = [0.18430896628378108286971 +/- 3.46e-24]  [>0]
PASS    1 - contraction (located, aub, k[6]) = [0.17983844420469585544404 +/- 2.12e-24]  [>0]
PASS    G(alpha_lb) k[6] = [0.0022 +/- 9.24e-5]  [>0]
PASS    G(alpha_ub) k[6] = [-0.0025 +/- 9.22e-5]  [<0]
PASS    1 - contraction (located, alb, k[7]) = [0.18432053791970132079536 +/- 2.29e-24]  [>0]
PASS    1 - contraction (located, aub, k[7]) = [0.17767398556399918192105 +/- 4.79e-24]  [>0]
PASS    G(alpha_lb) k[7] = [0.0021 +/- 6.49e-5]  [>0]
PASS    G(alpha_ub) k[7] = [-0.0026 +/- 6.63e-5]  [<0]
PASS    1 - amp-works = [+/- 0.556]  [>0]
PASS    lambda(z_hat) = [-0.2 +/- 0.0811]  [<0]
  -> PASS
slab 9: kappa [0.154500, 0.155000]
PASS    alpha_c - alpha_ub (Nakajima premise) = [0.315 +/- 5.44e-4]  [>0]
PASS    inward lo alpha[0] = [+/- 1.36e-3]  [>0]
PASS    inward hi alpha[0] = [+/- 2.06e-3]  [>0]
PASS    inward lo alpha[1] = [+/- 1.46e-3]  [>0]
PASS    inward hi alpha[1] = [+/- 1.96e-3]  [>0]
PASS    inward lo alpha[2] = [0.001 +/- 5.62e-4]  [>0]
PASS    inward hi alpha[2] = [0.001 +/- 8.54e-4]  [>0]
PASS    inward lo alpha[3] = [0.001 +/- 6.66e-4]  [>0]
PASS    inward hi alpha[3] = [0.001 +/- 7.51e-4]  [>0]
PASS    inward lo alpha[4] = [0.001 +/- 7.69e-4]  [>0]
PASS    inward hi alpha[4] = [0.001 +/- 6.48e-4]  [>0]
PASS    inward lo alpha[5] = [0.001 +/- 8.73e-4]  [>0]
PASS    inward hi alpha[5] = [0.001 +/- 5.45e-4]  [>0]
PASS    inward lo alpha[6] = [+/- 1.98e-3]  [>0]
PASS    inward hi alpha[6] = [+/- 1.45e-3]  [>0]
PASS    inward lo alpha[7] = [+/- 2.08e-3]  [>0]
PASS    inward hi alpha[7] = [+/- 1.34e-3]  [>0]
PASS    1 - contraction (located, alb, k[0]) = [0.18260324014452902186778 +/- 4.46e-24]  [>0]
PASS    1 - contraction (located, aub, k[0]) = [0.18013359128802778585554 +/- 1.29e-24]  [>0]
PASS    G(alpha_lb) k[0] = [0.0026 +/- 5.72e-5]  [>0]
PASS    G(alpha_ub) k[0] = [-0.0021 +/- 5.69e-5]  [<0]
PASS    1 - contraction (located, alb, k[1]) = [0.18461374266251021307980 +/- 3.92e-24]  [>0]
PASS    1 - contraction (located, aub, k[1]) = [0.18014536591010682082564 +/- 1.78e-24]  [>0]
PASS    G(alpha_lb) k[1] = [0.0025 +/- 8.08e-5]  [>0]
PASS    G(alpha_ub) k[1] = [-0.0022 +/- 8.37e-5]  [<0]
PASS    1 - contraction (located, alb, k[2]) = [0.18462526552926816992558 +/- 3.87e-24]  [>0]
PASS    1 - contraction (located, aub, k[2]) = [0.17798474298244127706671 +/- 4.94e-24]  [>0]
PASS    G(alpha_lb) k[2] = [0.002 +/- 5.09e-4]  [>0]
PASS    G(alpha_ub) k[2] = [-0.002 +/- 3.02e-4]  [<0]
PASS    1 - contraction (located, alb, k[3]) = [0.18252053438245809970968 +/- 5.79e-24]  [>0]
PASS    1 - contraction (located, aub, k[3]) = [0.17146689735828734034484 +/- 4.29e-24]  [>0]
PASS    G(alpha_lb) k[3] = [0.0024 +/- 7.44e-5]  [>0]
PASS    G(alpha_ub) k[3] = [-0.0023 +/- 7.74e-5]  [<0]
PASS    1 - contraction (located, alb, k[4]) = [0.17617044349424944919502 +/- 2.48e-24]  [>0]
PASS    1 - contraction (located, aub, k[4]) = [0.17765400904848715040581 +/- 2.31e-24]  [>0]
PASS    G(alpha_lb) k[4] = [0.0023 +/- 6.71e-5]  [>0]
PASS    G(alpha_ub) k[4] = [-0.0024 +/- 6.48e-5]  [<0]
PASS    1 - contraction (located, alb, k[5]) = [0.18219221779694382840287 +/- 2.93e-24]  [>0]
PASS    1 - contraction (located, aub, k[5]) = [0.17972507616681052337767 +/- 1.43e-24]  [>0]
PASS    G(alpha_lb) k[5] = [0.0022 +/- 9.21e-5]  [>0]
PASS    G(alpha_ub) k[5] = [-0.0025 +/- 9.08e-5]  [<0]
PASS    1 - contraction (located, alb, k[6]) = [0.18420778657261071639451 +/- 2.37e-24]  [>0]
PASS    1 - contraction (located, aub, k[6]) = [0.17973687125369286303949 +/- 5.19e-24]  [>0]
PASS    G(alpha_lb) k[6] = [0.0022 +/- 9.09e-5]  [>0]
PASS    G(alpha_ub) k[6] = [-0.0025 +/- 9.38e-5]  [<0]
PASS    1 - contraction (located, alb, k[7]) = [0.18421932780794304278483 +/- 5.65e-24]  [>0]
PASS    1 - contraction (located, aub, k[7]) = [0.17757099160795839059580 +/- 2.64e-24]  [>0]
PASS    G(alpha_lb) k[7] = [0.0021 +/- 6.34e-5]  [>0]
PASS    G(alpha_ub) k[7] = [-0.0026 +/- 6.78e-5]  [<0]
PASS    1 - amp-works = [+/- 0.556]  [>0]
PASS    lambda(z_hat) = [-0.2 +/- 0.0812]  [<0]
  -> PASS
slab 10: kappa [0.155000, 0.155500]
PASS    alpha_c - alpha_ub (Nakajima premise) = [0.315 +/- 8.76e-4]  [>0]
PASS    inward lo alpha[0] = [+/- 1.36e-3]  [>0]
PASS    inward hi alpha[0] = [+/- 2.06e-3]  [>0]
PASS    inward lo alpha[1] = [+/- 1.46e-3]  [>0]
PASS    inward hi alpha[1] = [+/- 1.96e-3]  [>0]
PASS    inward lo alpha[2] = [0.001 +/- 5.62e-4]  [>0]
PASS    inward hi alpha[2] = [0.001 +/- 8.54e-4]  [>0]
PASS    inward lo alpha[3] = [0.001 +/- 6.66e-4]  [>0]
PASS    inward hi alpha[3] = [0.001 +/- 7.51e-4]  [>0]
PASS    inward lo alpha[4] = [0.001 +/- 7.69e-4]  [>0]
PASS    inward hi alpha[4] = [0.001 +/- 6.48e-4]  [>0]
PASS    inward lo alpha[5] = [0.001 +/- 8.73e-4]  [>0]
PASS    inward hi alpha[5] = [0.001 +/- 5.45e-4]  [>0]
PASS    inward lo alpha[6] = [+/- 1.98e-3]  [>0]
PASS    inward hi alpha[6] = [+/- 1.45e-3]  [>0]
PASS    inward lo alpha[7] = [+/- 2.08e-3]  [>0]
PASS    inward hi alpha[7] = [+/- 1.34e-3]  [>0]
PASS    1 - contraction (located, alb, k[0]) = [0.18250073247772862004181 +/- 4.90e-24]  [>0]
PASS    1 - contraction (located, aub, k[0]) = [0.18003206626470377418451 +/- 2.72e-24]  [>0]
PASS    G(alpha_lb) k[0] = [0.0026 +/- 5.57e-5]  [>0]
PASS    G(alpha_ub) k[0] = [-0.0021 +/- 5.58e-5]  [<0]
PASS    1 - contraction (located, alb, k[1]) = [0.18451257304585191162973 +/- 1.71e-24]  [>0]
PASS    1 - contraction (located, aub, k[1]) = [0.18004384947992235084538 +/- 5.80e-24]  [>0]
PASS    G(alpha_lb) k[1] = [0.0025 +/- 8.23e-5]  [>0]
PASS    G(alpha_ub) k[1] = [-0.0022 +/- 8.22e-5]  [<0]
PASS    1 - contraction (located, alb, k[2]) = [0.18452409169902229704665 +/- 5.34e-24]  [>0]
PASS    1 - contraction (located, aub, k[2]) = [0.17788179445508935382020 +/- 1.05e-24]  [>0]
PASS    G(alpha_lb) k[2] = [0.002 +/- 5.10e-4]  [>0]
PASS    G(alpha_ub) k[2] = [-0.002 +/- 3.03e-4]  [<0]
PASS    1 - contraction (located, alb, k[3]) = [0.18241797884597028093675 +/- 4.17e-24]  [>0]
PASS    1 - contraction (located, aub, k[3]) = [0.17135975677901428631371 +/- 2.45e-24]  [>0]
PASS    G(alpha_lb) k[3] = [0.0024 +/- 7.29e-5]  [>0]
PASS    G(alpha_ub) k[3] = [-0.0023 +/- 7.90e-5]  [<0]
PASS    1 - contraction (located, alb, k[4]) = [0.17606383324963883751236 +/- 4.93e-24]  [>0]
PASS    1 - contraction (located, aub, k[4]) = [0.17755099556424986075919 +/- 3.76e-24]  [>0]
PASS    G(alpha_lb) k[4] = [0.0023 +/- 6.86e-5]  [>0]
PASS    G(alpha_ub) k[4] = [-0.0024 +/- 6.33e-5]  [<0]
PASS    1 - contraction (located, alb, k[5]) = [0.18208963999536975397850 +/- 1.30e-24]  [>0]
PASS    1 - contraction (located, aub, k[5]) = [0.17962347422698310952154 +/- 2.37e-24]  [>0]
PASS    G(alpha_lb) k[5] = [0.0022 +/- 9.36e-5]  [>0]
PASS    G(alpha_ub) k[5] = [-0.0025 +/- 8.93e-5]  [<0]
PASS    1 - contraction (located, alb, k[6]) = [0.18410652995619347016577 +/- 2.80e-24]  [>0]
PASS    1 - contraction (located, aub, k[6]) = [0.17963527176795090587518 +/- 3.98e-24]  [>0]
PASS    G(alpha_lb) k[6] = [0.0022 +/- 8.94e-5]  [>0]
PASS    G(alpha_ub) k[6] = [-0.0025 +/- 9.53e-5]  [<0]
PASS    1 - contraction (located, alb, k[7]) = [0.18411806856311916679383 +/- 2.82e-24]  [>0]
PASS    1 - contraction (located, aub, k[7]) = [0.17746797390162565464763 +/- 3.82e-24]  [>0]
PASS    G(alpha_lb) k[7] = [0.0021 +/- 6.18e-5]  [>0]
PASS    G(alpha_ub) k[7] = [-0.0026 +/- 6.94e-5]  [<0]
PASS    1 - amp-works = [+/- 0.556]  [>0]
PASS    lambda(z_hat) = [-0.2 +/- 0.0813]  [<0]
  -> PASS
slab 11: kappa [0.155500, 0.156000]
PASS    alpha_c - alpha_ub (Nakajima premise) = [0.314 +/- 5.65e-4]  [>0]
PASS    inward lo alpha[0] = [+/- 1.36e-3]  [>0]
PASS    inward hi alpha[0] = [+/- 2.06e-3]  [>0]
PASS    inward lo alpha[1] = [+/- 1.46e-3]  [>0]
PASS    inward hi alpha[1] = [+/- 1.96e-3]  [>0]
PASS    inward lo alpha[2] = [0.001 +/- 5.62e-4]  [>0]
PASS    inward hi alpha[2] = [0.001 +/- 8.53e-4]  [>0]
PASS    inward lo alpha[3] = [0.001 +/- 6.65e-4]  [>0]
PASS    inward hi alpha[3] = [0.001 +/- 7.51e-4]  [>0]
PASS    inward lo alpha[4] = [0.001 +/- 7.69e-4]  [>0]
PASS    inward hi alpha[4] = [0.001 +/- 6.48e-4]  [>0]
PASS    inward lo alpha[5] = [0.001 +/- 8.73e-4]  [>0]
PASS    inward hi alpha[5] = [0.001 +/- 5.45e-4]  [>0]
PASS    inward lo alpha[6] = [+/- 1.98e-3]  [>0]
PASS    inward hi alpha[6] = [+/- 1.45e-3]  [>0]
PASS    inward lo alpha[7] = [+/- 2.08e-3]  [>0]
PASS    inward hi alpha[7] = [+/- 1.34e-3]  [>0]
PASS    1 - contraction (located, alb, k[0]) = [0.18239818894015535451171 +/- 4.80e-24]  [>0]
PASS    1 - contraction (located, aub, k[0]) = [0.17993055850617945125523 +/- 1.58e-24]  [>0]
PASS    G(alpha_lb) k[0] = [0.0026 +/- 5.70e-5]  [>0]
PASS    G(alpha_ub) k[0] = [-0.0021 +/- 5.74e-5]  [<0]
PASS    1 - contraction (located, alb, k[1]) = [0.18441140692379710496628 +/- 2.30e-24]  [>0]
PASS    1 - contraction (located, aub, k[1]) = [0.17994233177640482016420 +/- 5.13e-24]  [>0]
PASS    G(alpha_lb) k[1] = [0.0025 +/- 8.38e-5]  [>0]
PASS    G(alpha_ub) k[1] = [-0.0022 +/- 8.06e-5]  [<0]
PASS    1 - contraction (located, alb, k[2]) = [0.18442293187884945699216 +/- 5.08e-24]  [>0]
PASS    1 - contraction (located, aub, k[2]) = [0.17777888043408149549463 +/- 1.52e-24]  [>0]
PASS    G(alpha_lb) k[2] = [0.002 +/- 5.12e-4]  [>0]
PASS    G(alpha_ub) k[2] = [-0.002 +/- 3.05e-4]  [<0]
PASS    1 - contraction (located, alb, k[3]) = [0.18231545646453813682057 +/- 2.06e-24]  [>0]
PASS    1 - contraction (located, aub, k[3]) = [0.17125252368327169333207 +/- 4.72e-24]  [>0]
PASS    G(alpha_lb) k[3] = [0.0024 +/- 7.14e-5]  [>0]
PASS    G(alpha_ub) k[3] = [-0.0023 +/- 8.05e-5]  [<0]
PASS    1 - contraction (located, alb, k[4]) = [0.17595719239219521066249 +/- 4.94e-24]  [>0]
PASS    1 - contraction (located, aub, k[4]) = [0.17744797829662553431765 +/- 4.96e-24]  [>0]
PASS    G(alpha_lb) k[4] = [0.0023 +/- 7.01e-5]  [>0]
PASS    G(alpha_ub) k[4] = [-0.0024 +/- 6.18e-5]  [<0]
PASS    1 - contraction (located, alb, k[5]) = [0.18198701942256868818048 +/- 4.46e-24]  [>0]
PASS    1 - contraction (located, aub, k[5]) = [0.17952188156958806810722 +/- 2.07e-24]  [>0]
PASS    G(alpha_lb) k[5] = [0.0022 +/- 9.51e-5]  [>0]
PASS    G(alpha_ub) k[5] = [-0.0025 +/- 8.78e-5]  [<0]
PASS    1 - contraction (located, alb, k[6]) = [0.18400530033257105923349 +/- 4.46e-24]  [>0]
PASS    1 - contraction (located, aub, k[6]) = [0.17953368854069940115889 +/- 3.01e-24]  [>0]
PASS    G(alpha_lb) k[6] = [0.0022 +/- 8.79e-5]  [>0]
PASS    G(alpha_ub) k[6] = [-0.003 +/- 5.15e-4]  [<0]
PASS    1 - contraction (located, alb, k[7]) = [0.18401684112222371180926 +/- 5.37e-24]  [>0]
PASS    1 - contraction (located, aub, k[7]) = [0.17736495631033646733552 +/- 2.21e-24]  [>0]
PASS    G(alpha_lb) k[7] = [0.0021 +/- 6.03e-5]  [>0]
PASS    G(alpha_ub) k[7] = [-0.0026 +/- 7.09e-5]  [<0]
PASS    1 - amp-works = [+/- 0.556]  [>0]
PASS    lambda(z_hat) = [-0.2 +/- 0.0814]  [<0]
  -> PASS
slab 12: kappa [0.156000, 0.156500]
PASS    alpha_c - alpha_ub (Nakajima premise) = [0.314 +/- 5.39e-4]  [>0]
PASS    inward lo alpha[0] = [+/- 1.36e-3]  [>0]
PASS    inward hi alpha[0] = [+/- 2.06e-3]  [>0]
PASS    inward lo alpha[1] = [+/- 1.46e-3]  [>0]
PASS    inward hi alpha[1] = [+/- 1.96e-3]  [>0]
PASS    inward lo alpha[2] = [0.001 +/- 5.62e-4]  [>0]
PASS    inward hi alpha[2] = [0.001 +/- 8.53e-4]  [>0]
PASS    inward lo alpha[3] = [0.001 +/- 6.65e-4]  [>0]
PASS    inward hi alpha[3] = [0.001 +/- 7.50e-4]  [>0]
PASS    inward lo alpha[4] = [0.001 +/- 7.69e-4]  [>0]
PASS    inward hi alpha[4] = [0.001 +/- 6.48e-4]  [>0]
PASS    inward lo alpha[5] = [0.001 +/- 8.73e-4]  [>0]
PASS    inward hi alpha[5] = [0.001 +/- 5.45e-4]  [>0]
PASS    inward lo alpha[6] = [+/- 1.98e-3]  [>0]
PASS    inward hi alpha[6] = [+/- 1.45e-3]  [>0]
PASS    inward lo alpha[7] = [+/- 2.08e-3]  [>0]
PASS    inward hi alpha[7] = [+/- 1.34e-3]  [>0]
PASS    1 - contraction (located, alb, k[0]) = [0.18229568393763939587383 +/- 4.44e-24]  [>0]
PASS    1 - contraction (located, aub, k[0]) = [0.17982901476792439751911 +/- 2.27e-24]  [>0]
PASS    G(alpha_lb) k[0] = [0.0026 +/- 5.85e-5]  [>0]
PASS    G(alpha_ub) k[0] = [-0.0021 +/- 5.89e-5]  [<0]
PASS    1 - contraction (located, alb, k[1]) = [0.18431023743013880663454 +/- 3.70e-24]  [>0]
PASS    1 - contraction (located, aub, k[1]) = [0.17984078357021287522627 +/- 3.95e-24]  [>0]
PASS    G(alpha_lb) k[1] = [0.0025 +/- 8.54e-5]  [>0]
PASS    G(alpha_ub) k[1] = [-0.0022 +/- 7.91e-5]  [<0]
PASS    1 - contraction (located, alb, k[2]) = [0.18432176529574953190004 +/- 1.24e-24]  [>0]
PASS    1 - contraction (located, aub, k[2]) = [0.17767592076115527048534 +/- 1.64e-24]  [>0]
PASS    G(alpha_lb) k[2] = [0.002 +/- 5.13e-4]  [>0]
PASS    G(alpha_ub) k[2] = [-0.002 +/- 3.07e-4]  [<0]
PASS    1 - contraction (located, alb, k[3]) = [0.18221291110994507819709 +/- 1.31e-24]  [>0]
PASS    1 - contraction (located, aub, k[3]) = [0.17114538874628489381136 +/- 5.66e-24]  [>0]
PASS    G(alpha_lb) k[3] = [0.0024 +/- 6.99e-5]  [>0]
PASS    G(alpha_ub) k[3] = [-0.0023 +/- 8.20e-5]  [<0]
PASS    1 - contraction (located, alb, k[4]) = [0.17585054928372351235114 +/- 3.11e-24]  [>0]
PASS    1 - contraction (located, aub, k[4]) = [0.17734496953866622565338 +/- 4.61e-24]  [>0]
PASS    G(alpha_lb) k[4] = [0.0023 +/- 7.16e-5]  [>0]
PASS    G(alpha_ub) k[4] = [-0.0024 +/- 6.03e-5]  [<0]
PASS    1 - contraction (located, alb, k[5]) = [0.18188439598495389326146 +/- 1.13e-24]  [>0]
PASS    1 - contraction (located, aub, k[5]) = [0.17942027528528986962959 +/- 4.09e-24]  [>0]
PASS    G(alpha_lb) k[5] = [0.002 +/- 2.97e-4]  [>0]
PASS    G(alpha_ub) k[5] = [-0.0025 +/- 8.62e-5]  [<0]
PASS    1 - contraction (located, alb, k[6]) = [0.18390401995319210699151 +/- 2.85e-24]  [>0]
PASS    1 - contraction (located, aub, k[6]) = [0.17943208360365641551946 +/- 2.98e-24]  [>0]
PASS    G(alpha_lb) k[6] = [0.0022 +/- 8.64e-5]  [>0]
PASS    G(alpha_ub) k[6] = [-0.003 +/- 5.13e-4]  [<0]
PASS    1 - contraction (located, alb, k[7]) = [0.18391556985214330957070 +/- 2.44e-24]  [>0]
PASS    1 - contraction (located, aub, k[7]) = [0.17726191054967846401073 +/- 2.20e-24]  [>0]
PASS    G(alpha_lb) k[7] = [0.0021 +/- 5.88e-5]  [>0]
PASS    G(alpha_ub) k[7] = [-0.0026 +/- 7.24e-5]  [<0]
PASS    1 - amp-works = [+/- 0.556]  [>0]
PASS    lambda(z_hat) = [-0.2 +/- 0.0815]  [<0]
  -> PASS
slab 13: kappa [0.156500, 0.157000]
PASS    alpha_c - alpha_ub (Nakajima premise) = [0.314 +/- 8.70e-4]  [>0]
PASS    inward lo alpha[0] = [+/- 1.36e-3]  [>0]
PASS    inward hi alpha[0] = [+/- 2.06e-3]  [>0]
PASS    inward lo alpha[1] = [+/- 1.46e-3]  [>0]
PASS    inward hi alpha[1] = [+/- 1.96e-3]  [>0]
PASS    inward lo alpha[2] = [0.001 +/- 5.61e-4]  [>0]
PASS    inward hi alpha[2] = [0.001 +/- 8.53e-4]  [>0]
PASS    inward lo alpha[3] = [0.001 +/- 6.65e-4]  [>0]
PASS    inward hi alpha[3] = [0.001 +/- 7.50e-4]  [>0]
PASS    inward lo alpha[4] = [0.001 +/- 7.69e-4]  [>0]
PASS    inward hi alpha[4] = [0.001 +/- 6.47e-4]  [>0]
PASS    inward lo alpha[5] = [0.001 +/- 8.73e-4]  [>0]
PASS    inward hi alpha[5] = [0.001 +/- 5.45e-4]  [>0]
PASS    inward lo alpha[6] = [+/- 1.98e-3]  [>0]
PASS    inward hi alpha[6] = [+/- 1.45e-3]  [>0]
PASS    inward lo alpha[7] = [+/- 2.08e-3]  [>0]
PASS    inward hi alpha[7] = [+/- 1.34e-3]  [>0]
PASS    1 - contraction (located, alb, k[0]) = [0.18219315583005994528257 +/- 5.45e-24]  [>0]
PASS    1 - contraction (located, aub, k[0]) = [0.17972744867240178876767 +/- 5.49e-24]  [>0]
PASS    G(alpha_lb) k[0] = [0.0026 +/- 6.00e-5]  [>0]
PASS    G(alpha_ub) k[0] = [-0.0021 +/- 6.04e-5]  [<0]
PASS    1 - contraction (located, alb, k[1]) = [0.18420903818156487605816 +/- 2.70e-24]  [>0]
PASS    1 - contraction (located, aub, k[1]) = [0.17973923167114180493898 +/- 2.24e-24]  [>0]
PASS    G(alpha_lb) k[1] = [0.0025 +/- 8.69e-5]  [>0]
PASS    G(alpha_ub) k[1] = [-0.0022 +/- 7.76e-5]  [<0]
PASS    1 - contraction (located, alb, k[2]) = [0.18422059226887344610074 +/- 2.56e-24]  [>0]
PASS    1 - contraction (located, aub, k[2]) = [0.17757299816674693837544 +/- 1.09e-24]  [>0]
PASS    G(alpha_lb) k[2] = [0.002 +/- 5.15e-4]  [>0]
PASS    G(alpha_ub) k[2] = [-0.002 +/- 3.08e-4]  [<0]
PASS    1 - contraction (located, alb, k[3]) = [0.18211038336393658218947 +/- 3.73e-24]  [>0]
PASS    1 - contraction (located, aub, k[3]) = [0.17103818178410146196716 +/- 1.29e-24]  [>0]
PASS    G(alpha_lb) k[3] = [0.0024 +/- 6.83e-5]  [>0]
PASS    G(alpha_ub) k[3] = [-0.0023 +/- 8.36e-5]  [<0]
PASS    1 - contraction (located, alb, k[4]) = [0.17574390071213729493408 +/- 3.56e-24]  [>0]
PASS    1 - contraction (located, aub, k[4]) = [0.17724195037820851156164 +/- 2.41e-24]  [>0]
PASS    G(alpha_lb) k[4] = [0.0023 +/- 7.31e-5]  [>0]
PASS    G(alpha_ub) k[4] = [-0.0024 +/- 5.87e-5]  [<0]
PASS    1 - contraction (located, alb, k[5]) = [0.18178181637526965732602 +/- 1.08e-24]  [>0]
PASS    1 - contraction (located, aub, k[5]) = [0.17931865213934325136733 +/- 3.57e-24]  [>0]
PASS    G(alpha_lb) k[5] = [0.002 +/- 2.99e-4]  [>0]
PASS    G(alpha_ub) k[5] = [-0.0025 +/- 8.47e-5]  [<0]
PASS    1 - contraction (located, alb, k[6]) = [0.18380277707878700046589 +/- 4.52e-24]  [>0]
PASS    1 - contraction (located, aub, k[6]) = [0.17933046158081788146249 +/- 4.69e-24]  [>0]
PASS    G(alpha_lb) k[6] = [0.0022 +/- 8.48e-5]  [>0]
PASS    G(alpha_ub) k[6] = [-0.003 +/- 5.12e-4]  [<0]
PASS    1 - contraction (located, alb, k[7]) = [0.18381432196025630112114 +/- 2.94e-24]  [>0]
PASS    1 - contraction (located, aub, k[7]) = [0.17715891970396352952046 +/- 5.31e-24]  [>0]
PASS    G(alpha_lb) k[7] = [0.0021 +/- 5.73e-5]  [>0]
PASS    G(alpha_ub) k[7] = [-0.0026 +/- 7.40e-5]  [<0]
PASS    1 - amp-works = [+/- 0.556]  [>0]
PASS    lambda(z_hat) = [-0.2 +/- 0.0816]  [<0]
  -> PASS
slab 14: kappa [0.157000, 0.157500]
PASS    alpha_c - alpha_ub (Nakajima premise) = [0.313 +/- 5.69e-4]  [>0]
PASS    inward lo alpha[0] = [+/- 1.36e-3]  [>0]
PASS    inward hi alpha[0] = [+/- 2.06e-3]  [>0]
PASS    inward lo alpha[1] = [+/- 1.46e-3]  [>0]
PASS    inward hi alpha[1] = [+/- 1.96e-3]  [>0]
PASS    inward lo alpha[2] = [0.001 +/- 5.61e-4]  [>0]
PASS    inward hi alpha[2] = [0.001 +/- 8.53e-4]  [>0]
PASS    inward lo alpha[3] = [0.001 +/- 6.65e-4]  [>0]
PASS    inward hi alpha[3] = [0.001 +/- 7.50e-4]  [>0]
PASS    inward lo alpha[4] = [0.001 +/- 7.69e-4]  [>0]
PASS    inward hi alpha[4] = [0.001 +/- 6.47e-4]  [>0]
PASS    inward lo alpha[5] = [0.001 +/- 8.73e-4]  [>0]
PASS    inward hi alpha[5] = [0.001 +/- 5.44e-4]  [>0]
PASS    inward lo alpha[6] = [+/- 1.98e-3]  [>0]
PASS    inward hi alpha[6] = [+/- 1.45e-3]  [>0]
PASS    inward lo alpha[7] = [+/- 2.08e-3]  [>0]
PASS    inward hi alpha[7] = [+/- 1.34e-3]  [>0]
PASS    1 - contraction (located, alb, k[0]) = [0.18209058767895980938568 +/- 5.19e-24]  [>0]
PASS    1 - contraction (located, aub, k[0]) = [0.17962593246994841029230 +/- 4.56e-24]  [>0]
PASS    G(alpha_lb) k[0] = [0.0026 +/- 6.15e-5]  [>0]
PASS    G(alpha_ub) k[0] = [-0.0021 +/- 6.20e-5]  [<0]
PASS    1 - contraction (located, alb, k[1]) = [0.18410783967708585221425 +/- 1.98e-24]  [>0]
PASS    1 - contraction (located, aub, k[1]) = [0.17963770978129046098151 +/- 2.19e-24]  [>0]
PASS    G(alpha_lb) k[1] = [0.0025 +/- 8.84e-5]  [>0]
PASS    G(alpha_ub) k[1] = [-0.0022 +/- 7.60e-5]  [<0]
PASS    1 - contraction (located, alb, k[2]) = [0.18411938240162958164908 +/- 1.51e-24]  [>0]
PASS    1 - contraction (located, aub, k[2]) = [0.17747002704457340097953 +/- 1.32e-24]  [>0]
PASS    G(alpha_lb) k[2] = [0.0025 +/- 9.37e-5]  [>0]
PASS    G(alpha_ub) k[2] = [-0.002 +/- 3.10e-4]  [<0]
PASS    1 - contraction (located, alb, k[3]) = [0.18200780037455159394731 +/- 1.88e-24]  [>0]
PASS    1 - contraction (located, aub, k[3]) = [0.17093099591259119934321 +/- 1.59e-24]  [>0]
PASS    G(alpha_lb) k[3] = [0.0024 +/- 6.68e-5]  [>0]
PASS    G(alpha_ub) k[3] = [-0.0023 +/- 8.51e-5]  [<0]
PASS    1 - contraction (located, alb, k[4]) = [0.17563723276354183952250 +/- 5.68e-24]  [>0]
PASS    1 - contraction (located, aub, k[4]) = [0.17713890497198646287467 +/- 2.74e-24]  [>0]
PASS    G(alpha_lb) k[4] = [0.0023 +/- 7.47e-5]  [>0]
PASS    G(alpha_ub) k[4] = [-0.0024 +/- 5.72e-5]  [<0]
PASS    1 - contraction (located, alb, k[5]) = [0.18167914906406841618788 +/- 4.46e-24]  [>0]
PASS    1 - contraction (located, aub, k[5]) = [0.17921702183829343686625 +/- 4.07e-24]  [>0]
PASS    G(alpha_lb) k[5] = [0.002 +/- 3.00e-4]  [>0]
PASS    G(alpha_ub) k[5] = [-0.0025 +/- 8.32e-5]  [<0]
PASS    1 - contraction (located, alb, k[6]) = [0.18370149918463218529137 +/- 2.47e-24]  [>0]
PASS    1 - contraction (located, aub, k[6]) = [0.17922883025652206799848 +/- 3.80e-24]  [>0]
PASS    G(alpha_lb) k[6] = [0.0022 +/- 8.33e-5]  [>0]
PASS    G(alpha_ub) k[6] = [-0.003 +/- 5.10e-4]  [<0]
PASS    1 - contraction (located, alb, k[7]) = [0.18371304367861283276886 +/- 2.00e-24]  [>0]
PASS    1 - contraction (located, aub, k[7]) = [0.17705583854935567109055 +/- 1.49e-24]  [>0]
PASS    G(alpha_lb) k[7] = [0.0021 +/- 5.57e-5]  [>0]
PASS    G(alpha_ub) k[7] = [-0.0026 +/- 7.55e-5]  [<0]
PASS    1 - amp-works = [+/- 0.556]  [>0]
PASS    lambda(z_hat) = [-0.2 +/- 0.0816]  [<0]
  -> PASS
slab 15: kappa [0.157500, 0.158000]
PASS    alpha_c - alpha_ub (Nakajima premise) = [0.313 +/- 5.31e-4]  [>0]
PASS    inward lo alpha[0] = [+/- 1.36e-3]  [>0]
PASS    inward hi alpha[0] = [+/- 2.06e-3]  [>0]
PASS    inward lo alpha[1] = [+/- 1.46e-3]  [>0]
PASS    inward hi alpha[1] = [+/- 1.96e-3]  [>0]
PASS    inward lo alpha[2] = [0.001 +/- 5.61e-4]  [>0]
PASS    inward hi alpha[2] = [0.001 +/- 8.53e-4]  [>0]
PASS    inward lo alpha[3] = [0.001 +/- 6.65e-4]  [>0]
PASS    inward hi alpha[3] = [0.001 +/- 7.50e-4]  [>0]
PASS    inward lo alpha[4] = [0.001 +/- 7.69e-4]  [>0]
PASS    inward hi alpha[4] = [0.001 +/- 6.47e-4]  [>0]
PASS    inward lo alpha[5] = [0.001 +/- 8.72e-4]  [>0]
PASS    inward hi alpha[5] = [0.001 +/- 5.44e-4]  [>0]
PASS    inward lo alpha[6] = [+/- 1.98e-3]  [>0]
PASS    inward hi alpha[6] = [+/- 1.45e-3]  [>0]
PASS    inward lo alpha[7] = [+/- 2.08e-3]  [>0]
PASS    inward hi alpha[7] = [+/- 1.34e-3]  [>0]
PASS    1 - contraction (located, alb, k[0]) = [0.18198805492607155055225 +/- 1.92e-24]  [>0]
PASS    1 - contraction (located, aub, k[0]) = [0.17952437657675400293686 +/- 8.71e-25]  [>0]
PASS    G(alpha_lb) k[0] = [0.0026 +/- 6.30e-5]  [>0]
PASS    G(alpha_ub) k[0] = [-0.0021 +/- 6.35e-5]  [<0]
PASS    1 - contraction (located, alb, k[1]) = [0.18400665819001187112942 +/- 1.61e-24]  [>0]
PASS    1 - contraction (located, aub, k[1]) = [0.17953616740681706731684 +/- 3.94e-24]  [>0]
PASS    G(alpha_lb) k[1] = [0.0025 +/- 8.99e-5]  [>0]
PASS    G(alpha_ub) k[1] = [-0.0022 +/- 7.45e-5]  [<0]
PASS    1 - contraction (located, alb, k[2]) = [0.18401819475475970803223 +/- 5.68e-24]  [>0]
PASS    1 - contraction (located, aub, k[2]) = [0.17736704984216694579180 +/- 1.10e-24]  [>0]
PASS    G(alpha_lb) k[2] = [0.0025 +/- 9.22e-5]  [>0]
PASS    G(alpha_ub) k[2] = [-0.002 +/- 3.11e-4]  [<0]
PASS    1 - contraction (located, alb, k[3]) = [0.18190524302935431144016 +/- 3.39e-24]  [>0]
PASS    1 - contraction (located, aub, k[3]) = [0.17082375230358075711322 +/- 1.13e-24]  [>0]
PASS    G(alpha_lb) k[3] = [0.0024 +/- 6.53e-5]  [>0]
PASS    G(alpha_ub) k[3] = [-0.0023 +/- 8.67e-5]  [<0]
PASS    1 - contraction (located, alb, k[4]) = [0.17553055009740932819147 +/- 3.78e-24]  [>0]
PASS    1 - contraction (located, aub, k[4]) = [0.17703585634596679081926 +/- 1.43e-24]  [>0]
PASS    G(alpha_lb) k[4] = [0.0023 +/- 7.62e-5]  [>0]
PASS    G(alpha_ub) k[4] = [-0.0024 +/- 5.72e-5]  [<0]
PASS    1 - contraction (located, alb, k[5]) = [0.18157654571352117011646 +/- 2.91e-24]  [>0]
PASS    1 - contraction (located, aub, k[5]) = [0.17911538877995812279553 +/- 1.82e-24]  [>0]
PASS    G(alpha_lb) k[5] = [0.002 +/- 3.02e-4]  [>0]
PASS    G(alpha_ub) k[5] = [-0.0025 +/- 8.17e-5]  [<0]
PASS    1 - contraction (located, alb, k[6]) = [0.18360022310230242571235 +/- 1.40e-24]  [>0]
PASS    1 - contraction (located, aub, k[6]) = [0.17912718706408445950976 +/- 4.15e-24]  [>0]
PASS    G(alpha_lb) k[6] = [0.0022 +/- 8.18e-5]  [>0]
PASS    G(alpha_ub) k[6] = [-0.003 +/- 5.09e-4]  [<0]
PASS    1 - contraction (located, alb, k[7]) = [0.18361177449900444377585 +/- 3.72e-24]  [>0]
PASS    1 - contraction (located, aub, k[7]) = [0.17695276744599465180705 +/- 3.04e-24]  [>0]
PASS    G(alpha_lb) k[7] = [0.0021 +/- 5.56e-5]  [>0]
PASS    G(alpha_ub) k[7] = [-0.0026 +/- 7.70e-5]  [<0]
PASS    1 - amp-works = [+/- 0.556]  [>0]
PASS    lambda(z_hat) = [-0.2 +/- 0.0817]  [<0]
  -> PASS
slab 16: kappa [0.158000, 0.158500]
PASS    alpha_c - alpha_ub (Nakajima premise) = [0.313 +/- 8.61e-4]  [>0]
PASS    inward lo alpha[0] = [+/- 1.36e-3]  [>0]
PASS    inward hi alpha[0] = [+/- 2.06e-3]  [>0]
PASS    inward lo alpha[1] = [+/- 1.46e-3]  [>0]
PASS    inward hi alpha[1] = [+/- 1.96e-3]  [>0]
PASS    inward lo alpha[2] = [0.001 +/- 5.61e-4]  [>0]
PASS    inward hi alpha[2] = [0.001 +/- 8.53e-4]  [>0]
PASS    inward lo alpha[3] = [0.001 +/- 6.65e-4]  [>0]
PASS    inward hi alpha[3] = [0.001 +/- 7.50e-4]  [>0]
PASS    inward lo alpha[4] = [0.001 +/- 7.69e-4]  [>0]
PASS    inward hi alpha[4] = [0.001 +/- 6.47e-4]  [>0]
PASS    inward lo alpha[5] = [0.001 +/- 8.72e-4]  [>0]
PASS    inward hi alpha[5] = [0.001 +/- 5.44e-4]  [>0]
PASS    inward lo alpha[6] = [+/- 1.98e-3]  [>0]
PASS    inward hi alpha[6] = [+/- 1.45e-3]  [>0]
PASS    inward lo alpha[7] = [+/- 2.08e-3]  [>0]
PASS    inward hi alpha[7] = [+/- 1.34e-3]  [>0]
PASS    1 - contraction (located, alb, k[0]) = [0.18188547749193675520129 +/- 4.03e-24]  [>0]
PASS    1 - contraction (located, aub, k[0]) = [0.17942278563281688434468 +/- 5.03e-24]  [>0]
PASS    G(alpha_lb) k[0] = [0.0026 +/- 6.45e-5]  [>0]
PASS    G(alpha_ub) k[0] = [-0.0021 +/- 6.51e-5]  [<0]
PASS    1 - contraction (located, alb, k[1]) = [0.18390544838452483307900 +/- 4.05e-24]  [>0]
PASS    1 - contraction (located, aub, k[1]) = [0.17943458139114616883242 +/- 1.69e-24]  [>0]
PASS    G(alpha_lb) k[1] = [0.0025 +/- 9.14e-5]  [>0]
PASS    G(alpha_ub) k[1] = [-0.0022 +/- 7.30e-5]  [<0]
PASS    1 - contraction (located, alb, k[2]) = [0.18391697738620018044740 +/- 2.06e-24]  [>0]
PASS    1 - contraction (located, aub, k[2]) = [0.17726408054147507884986 +/- 2.88e-24]  [>0]
PASS    G(alpha_lb) k[2] = [0.0025 +/- 9.07e-5]  [>0]
PASS    G(alpha_ub) k[2] = [-0.002 +/- 3.13e-4]  [<0]
PASS    1 - contraction (located, alb, k[3]) = [0.18180268675111572778327 +/- 1.30e-24]  [>0]
PASS    1 - contraction (located, aub, k[3]) = [0.17071652651051960265956 +/- 2.63e-24]  [>0]
PASS    G(alpha_lb) k[3] = [0.0024 +/- 6.38e-5]  [>0]
PASS    G(alpha_ub) k[3] = [-0.0023 +/- 8.82e-5]  [<0]
PASS    1 - contraction (located, alb, k[4]) = [0.17542387540651879112630 +/- 3.44e-24]  [>0]
PASS    1 - contraction (located, aub, k[4]) = [0.17693281659472839928706 +/- 3.43e-24]  [>0]
PASS    G(alpha_lb) k[4] = [0.0023 +/- 7.77e-5]  [>0]
PASS    G(alpha_ub) k[4] = [-0.0024 +/- 5.88e-5]  [<0]
PASS    1 - contraction (located, alb, k[5]) = [0.18147389674290014809979 +/- 2.02e-24]  [>0]
PASS    1 - contraction (located, aub, k[5]) = [0.17901372966503514622904 +/- 2.49e-24]  [>0]
PASS    G(alpha_lb) k[5] = [0.002 +/- 3.03e-4]  [>0]
PASS    G(alpha_ub) k[5] = [-0.0025 +/- 8.01e-5]  [<0]
PASS    1 - contraction (located, alb, k[6]) = [0.18349893824234114597827 +/- 3.06e-24]  [>0]
PASS    1 - contraction (located, aub, k[6]) = [0.17902554507196783411444 +/- 2.01e-24]  [>0]
PASS    G(alpha_lb) k[6] = [0.0022 +/- 8.03e-5]  [>0]
PASS    G(alpha_ub) k[6] = [-0.003 +/- 5.07e-4]  [<0]
PASS    1 - contraction (located, alb, k[7]) = [0.18351049025396530222056 +/- 3.70e-24]  [>0]
PASS    1 - contraction (located, aub, k[7]) = [0.17684969332177573210620 +/- 5.16e-24]  [>0]
PASS    G(alpha_lb) k[7] = [0.0021 +/- 5.72e-5]  [>0]
PASS    G(alpha_ub) k[7] = [-0.0026 +/- 7.86e-5]  [<0]
PASS    1 - amp-works = [+/- 0.556]  [>0]
PASS    lambda(z_hat) = [-0.2 +/- 0.0818]  [<0]
  -> PASS
slab 17: kappa [0.158500, 0.159000]
PASS    alpha_c - alpha_ub (Nakajima premise) = [0.312 +/- 5.78e-4]  [>0]
PASS    inward lo alpha[0] = [+/- 1.36e-3]  [>0]
PASS    inward hi alpha[0] = [+/- 2.06e-3]  [>0]
PASS    inward lo alpha[1] = [+/- 1.46e-3]  [>0]
PASS    inward hi alpha[1] = [+/- 1.96e-3]  [>0]
PASS    inward lo alpha[2] = [0.001 +/- 5.61e-4]  [>0]
PASS    inward hi alpha[2] = [0.001 +/- 8.53e-4]  [>0]
PASS    inward lo alpha[3] = [0.001 +/- 6.65e-4]  [>0]
PASS    inward hi alpha[3] = [0.001 +/- 7.50e-4]  [>0]
PASS    inward lo alpha[4] = [0.001 +/- 7.68e-4]  [>0]
PASS    inward hi alpha[4] = [0.001 +/- 6.47e-4]  [>0]
PASS    inward lo alpha[5] = [0.001 +/- 8.72e-4]  [>0]
PASS    inward hi alpha[5] = [0.001 +/- 5.44e-4]  [>0]
PASS    inward lo alpha[6] = [+/- 1.98e-3]  [>0]
PASS    inward hi alpha[6] = [+/- 1.45e-3]  [>0]
PASS    inward lo alpha[7] = [+/- 2.08e-3]  [>0]
PASS    inward hi alpha[7] = [+/- 1.34e-3]  [>0]
PASS    1 - contraction (located, alb, k[0]) = [0.18178291229930442607785 +/- 5.31e-24]  [>0]
PASS    1 - contraction (located, aub, k[0]) = [0.17932124343742753762845 +/- 5.30e-24]  [>0]
PASS    G(alpha_lb) k[0] = [0.0026 +/- 6.61e-5]  [>0]
PASS    G(alpha_ub) k[0] = [-0.0021 +/- 6.66e-5]  [<0]
PASS    1 - contraction (located, alb, k[1]) = [0.18380423622289392595642 +/- 1.06e-24]  [>0]
PASS    1 - contraction (located, aub, k[1]) = [0.17933304457577642844341 +/- 5.24e-24]  [>0]
PASS    G(alpha_lb) k[1] = [0.0025 +/- 9.30e-5]  [>0]
PASS    G(alpha_ub) k[1] = [-0.0022 +/- 7.14e-5]  [<0]
PASS    1 - contraction (located, alb, k[2]) = [0.18381577285590846924654 +/- 2.99e-24]  [>0]
PASS    1 - contraction (located, aub, k[2]) = [0.17716107504215814399167 +/- 1.53e-24]  [>0]
PASS    G(alpha_lb) k[2] = [0.0025 +/- 8.91e-5]  [>0]
PASS    G(alpha_ub) k[2] = [-0.002 +/- 3.14e-4]  [<0]
PASS    1 - contraction (located, alb, k[3]) = [0.18170007530543096681177 +/- 2.54e-24]  [>0]
PASS    1 - contraction (located, aub, k[3]) = [0.17060926370370931790054 +/- 4.05e-24]  [>0]
PASS    G(alpha_lb) k[3] = [0.0024 +/- 6.23e-5]  [>0]
PASS    G(alpha_ub) k[3] = [-0.0023 +/- 8.97e-5]  [<0]
PASS    1 - contraction (located, alb, k[4]) = [0.17531714168714298148255 +/- 4.96e-24]  [>0]
PASS    1 - contraction (located, aub, k[4]) = [0.17682976969354448514091 +/- 1.97e-24]  [>0]
PASS    G(alpha_lb) k[4] = [0.0023 +/- 7.92e-5]  [>0]
PASS    G(alpha_ub) k[4] = [-0.0024 +/- 6.03e-5]  [<0]
PASS    1 - contraction (located, alb, k[5]) = [0.18137124989716163539342 +/- 2.71e-24]  [>0]
PASS    1 - contraction (located, aub, k[5]) = [0.17891208931455698710556 +/- 3.62e-24]  [>0]
PASS    G(alpha_lb) k[5] = [0.002 +/- 3.05e-4]  [>0]
PASS    G(alpha_ub) k[5] = [-0.0025 +/- 7.86e-5]  [<0]
PASS    1 - contraction (located, alb, k[6]) = [0.18339765282453629771245 +/- 4.99e-24]  [>0]
PASS    1 - contraction (located, aub, k[6]) = [0.17892389458098131333475 +/- 1.13e-24]  [>0]
PASS    G(alpha_lb) k[6] = [0.0022 +/- 7.87e-5]  [>0]
PASS    G(alpha_ub) k[6] = [-0.003 +/- 5.06e-4]  [<0]
PASS    1 - contraction (located, alb, k[7]) = [0.18340920700220614627644 +/- 4.81e-24]  [>0]
PASS    1 - contraction (located, aub, k[7]) = [0.17674661774464604551422 +/- 2.03e-24]  [>0]
PASS    G(alpha_lb) k[7] = [0.0021 +/- 5.87e-5]  [>0]
PASS    G(alpha_ub) k[7] = [-0.0026 +/- 8.01e-5]  [<0]
PASS    1 - amp-works = [+/- 0.556]  [>0]
PASS    lambda(z_hat) = [-0.2 +/- 0.0819]  [<0]
  -> PASS
slab 18: kappa [0.159000, 0.159500]
PASS    alpha_c - alpha_ub (Nakajima premise) = [0.312 +/- 5.20e-4]  [>0]
PASS    inward lo alpha[0] = [+/- 1.36e-3]  [>0]
PASS    inward hi alpha[0] = [+/- 2.06e-3]  [>0]
PASS    inward lo alpha[1] = [+/- 1.46e-3]  [>0]
PASS    inward hi alpha[1] = [+/- 1.96e-3]  [>0]
PASS    inward lo alpha[2] = [0.001 +/- 5.60e-4]  [>0]
PASS    inward hi alpha[2] = [0.001 +/- 8.53e-4]  [>0]
PASS    inward lo alpha[3] = [0.001 +/- 6.64e-4]  [>0]
PASS    inward hi alpha[3] = [0.001 +/- 7.50e-4]  [>0]
PASS    inward lo alpha[4] = [0.001 +/- 7.68e-4]  [>0]
PASS    inward hi alpha[4] = [0.001 +/- 6.47e-4]  [>0]
PASS    inward lo alpha[5] = [0.001 +/- 8.72e-4]  [>0]
PASS    inward hi alpha[5] = [0.001 +/- 5.44e-4]  [>0]
PASS    inward lo alpha[6] = [+/- 1.98e-3]  [>0]
PASS    inward hi alpha[6] = [+/- 1.45e-3]  [>0]
PASS    inward lo alpha[7] = [+/- 2.08e-3]  [>0]
PASS    inward hi alpha[7] = [+/- 1.34e-3]  [>0]
PASS    1 - contraction (located, alb, k[0]) = [0.18168031055331514646434 +/- 4.17e-24]  [>0]
PASS    1 - contraction (located, aub, k[0]) = [0.17921962747982876607097 +/- 3.54e-24]  [>0]
PASS    G(alpha_lb) k[0] = [0.0026 +/- 6.76e-5]  [>0]
PASS    G(alpha_ub) k[0] = [-0.0021 +/- 6.81e-5]  [<0]
PASS    1 - contraction (located, alb, k[1]) = [0.18370300289125973429586 +/- 3.46e-24]  [>0]
PASS    1 - contraction (located, aub, k[1]) = [0.17923142737692467743090 +/- 1.88e-24]  [>0]
PASS    G(alpha_lb) k[1] = [0.0025 +/- 9.45e-5]  [>0]
PASS    G(alpha_ub) k[1] = [-0.0022 +/- 6.99e-5]  [<0]
PASS    1 - contraction (located, alb, k[2]) = [0.18371457641785417798594 +/- 5.21e-24]  [>0]
PASS    1 - contraction (located, aub, k[2]) = [0.17705804517390194816861 +/- 2.01e-24]  [>0]
PASS    G(alpha_lb) k[2] = [0.0025 +/- 8.76e-5]  [>0]
PASS    G(alpha_ub) k[2] = [-0.002 +/- 3.16e-4]  [<0]
PASS    1 - contraction (located, alb, k[3]) = [0.18159745788574982675381 +/- 4.28e-24]  [>0]
PASS    1 - contraction (located, aub, k[3]) = [0.17050202848973388434751 +/- 5.09e-24]  [>0]
PASS    G(alpha_lb) k[3] = [0.0024 +/- 6.08e-5]  [>0]
PASS    G(alpha_ub) k[3] = [-0.0023 +/- 9.13e-5]  [<0]
PASS    1 - contraction (located, alb, k[4]) = [0.17521044386389405022763 +/- 2.25e-24]  [>0]
PASS    1 - contraction (located, aub, k[4]) = [0.17672665643280211073245 +/- 5.69e-24]  [>0]
PASS    G(alpha_lb) k[4] = [0.0023 +/- 8.08e-5]  [>0]
PASS    G(alpha_ub) k[4] = [-0.0024 +/- 6.18e-5]  [<0]
PASS    1 - contraction (located, alb, k[5]) = [0.18126854620129633204864 +/- 3.18e-24]  [>0]
PASS    1 - contraction (located, aub, k[5]) = [0.17881038551959885305408 +/- 3.75e-24]  [>0]
PASS    G(alpha_lb) k[5] = [0.002 +/- 3.06e-4]  [>0]
PASS    G(alpha_ub) k[5] = [-0.0025 +/- 7.71e-5]  [<0]
PASS    1 - contraction (located, alb, k[6]) = [0.18329631510860379034627 +/- 3.25e-24]  [>0]
PASS    1 - contraction (located, aub, k[6]) = [0.17882220979258151590418 +/- 1.97e-24]  [>0]
PASS    G(alpha_lb) k[6] = [0.0022 +/- 7.72e-5]  [>0]
PASS    G(alpha_ub) k[6] = [-0.003 +/- 5.04e-4]  [<0]
PASS    1 - contraction (located, alb, k[7]) = [0.18330790643062958458236 +/- 5.69e-24]  [>0]
PASS    1 - contraction (located, aub, k[7]) = [0.17664352702290055815451 +/- 3.65e-24]  [>0]
PASS    G(alpha_lb) k[7] = [0.0021 +/- 6.02e-5]  [>0]
PASS    G(alpha_ub) k[7] = [-0.0026 +/- 8.16e-5]  [<0]
PASS    1 - amp-works = [+/- 0.556]  [>0]
PASS    lambda(z_hat) = [-0.2 +/- 0.0820]  [<0]
  -> PASS
slab 19: kappa [0.159500, 0.160000]
PASS    alpha_c - alpha_ub (Nakajima premise) = [0.312 +/- 8.49e-4]  [>0]
PASS    inward lo alpha[0] = [+/- 1.36e-3]  [>0]
PASS    inward hi alpha[0] = [+/- 2.06e-3]  [>0]
PASS    inward lo alpha[1] = [+/- 1.46e-3]  [>0]
PASS    inward hi alpha[1] = [+/- 1.96e-3]  [>0]
PASS    inward lo alpha[2] = [0.001 +/- 5.60e-4]  [>0]
PASS    inward hi alpha[2] = [0.001 +/- 8.53e-4]  [>0]
PASS    inward lo alpha[3] = [0.001 +/- 6.64e-4]  [>0]
PASS    inward hi alpha[3] = [0.001 +/- 7.50e-4]  [>0]
PASS    inward lo alpha[4] = [0.001 +/- 7.68e-4]  [>0]
PASS    inward hi alpha[4] = [0.001 +/- 6.46e-4]  [>0]
PASS    inward lo alpha[5] = [0.001 +/- 8.72e-4]  [>0]
PASS    inward hi alpha[5] = [0.001 +/- 5.43e-4]  [>0]
PASS    inward lo alpha[6] = [+/- 1.98e-3]  [>0]
PASS    inward hi alpha[6] = [+/- 1.44e-3]  [>0]
PASS    inward lo alpha[7] = [+/- 2.08e-3]  [>0]
PASS    inward hi alpha[7] = [+/- 1.34e-3]  [>0]
PASS    1 - contraction (located, alb, k[0]) = [0.18157772614612976118980 +/- 4.02e-24]  [>0]
PASS    1 - contraction (located, aub, k[0]) = [0.17911807921095788342562 +/- 2.74e-24]  [>0]
PASS    G(alpha_lb) k[0] = [0.0026 +/- 6.91e-5]  [>0]
PASS    G(alpha_ub) k[0] = [-0.0021 +/- 6.97e-5]  [<0]
PASS    1 - contraction (located, alb, k[1]) = [0.18360179835265359586457 +/- 1.23e-24]  [>0]
PASS    1 - contraction (located, aub, k[1]) = [0.17912984645593577855281 +/- 2.73e-24]  [>0]
PASS    G(alpha_lb) k[1] = [0.003 +/- 5.14e-4]  [>0]
PASS    G(alpha_ub) k[1] = [-0.0022 +/- 6.84e-5]  [<0]
PASS    1 - contraction (located, alb, k[2]) = [0.18361333847146881100851 +/- 3.48e-24]  [>0]
PASS    1 - contraction (located, aub, k[2]) = [0.17695503852007665934380 +/- 5.56e-24]  [>0]
PASS    G(alpha_lb) k[2] = [0.0025 +/- 8.61e-5]  [>0]
PASS    G(alpha_ub) k[2] = [-0.0023 +/- 9.60e-5]  [<0]
PASS    1 - contraction (located, alb, k[3]) = [0.18149486441864024909978 +/- 4.38e-24]  [>0]
PASS    1 - contraction (located, aub, k[3]) = [0.17039474301157184524031 +/- 4.45e-24]  [>0]
PASS    G(alpha_lb) k[3] = [0.0024 +/- 5.92e-5]  [>0]
PASS    G(alpha_ub) k[3] = [-0.0023 +/- 9.28e-5]  [<0]
PASS    1 - contraction (located, alb, k[4]) = [0.17510371677860309068306 +/- 3.83e-24]  [>0]
PASS    1 - contraction (located, aub, k[4]) = [0.17662358873180631340812 +/- 1.40e-24]  [>0]
PASS    G(alpha_lb) k[4] = [0.0023 +/- 8.23e-5]  [>0]
PASS    G(alpha_ub) k[4] = [-0.0024 +/- 6.34e-5]  [<0]
PASS    1 - contraction (located, alb, k[5]) = [0.18116588528423781996773 +/- 1.16e-24]  [>0]
PASS    1 - contraction (located, aub, k[5]) = [0.17870873988116221645635 +/- 3.82e-24]  [>0]
PASS    G(alpha_lb) k[5] = [0.002 +/- 3.08e-4]  [>0]
PASS    G(alpha_ub) k[5] = [-0.0025 +/- 7.55e-5]  [<0]
PASS    1 - contraction (located, alb, k[6]) = [0.18319500640169822521403 +/- 4.20e-24]  [>0]
PASS    1 - contraction (located, aub, k[6]) = [0.17872055865848601396805 +/- 1.05e-24]  [>0]
PASS    G(alpha_lb) k[6] = [0.0022 +/- 7.57e-5]  [>0]
PASS    G(alpha_ub) k[6] = [-0.003 +/- 5.03e-4]  [<0]
PASS    1 - contraction (located, alb, k[7]) = [0.18320660736799794092933 +/- 2.58e-24]  [>0]
PASS    1 - contraction (located, aub, k[7]) = [0.17654043444808561209262 +/- 1.30e-24]  [>0]
PASS    G(alpha_lb) k[7] = [0.0021 +/- 6.18e-5]  [>0]
PASS    G(alpha_ub) k[7] = [-0.0026 +/- 8.32e-5]  [<0]
PASS    1 - amp-works = [+/- 0.557]  [>0]
PASS    lambda(z_hat) = [-0.2 +/- 0.0821]  [<0]
  -> PASS
20/20 slabs verified (nakajima lane) -> results/box/result_pos2_5.json
