slab 0: kappa [0.140000, 0.140500]
PASS    alpha_c - alpha_ub (Nakajima premise) = [0.325 +/- 7.45e-4]  [>0]
PASS    inward lo alpha[0] = [+/- 1.37e-3]  [>0]
PASS    inward hi alpha[0] = [+/- 2.06e-3]  [>0]
PASS    inward lo alpha[1] = [+/- 1.47e-3]  [>0]
PASS    inward hi alpha[1] = [+/- 1.96e-3]  [>0]
PASS    inward lo alpha[2] = [0.001 +/- 5.68e-4]  [>0]
PASS    inward hi alpha[2] = [0.001 +/- 8.56e-4]  [>0]
PASS    inward lo alpha[3] = [0.001 +/- 6.70e-4]  [>0]
PASS    inward hi alpha[3] = [0.001 +/- 7.54e-4]  [>0]
PASS    inward lo alpha[4] = [0.001 +/- 7.73e-4]  [>0]
PASS    inward hi alpha[4] = [0.001 +/- 6.52e-4]  [>0]
PASS    inward lo alpha[5] = [0.001 +/- 8.75e-4]  [>0]
PASS    inward hi alpha[5] = [0.001 +/- 5.51e-4]  [>0]
PASS    inward lo alpha[6] = [+/- 1.98e-3]  [>0]
PASS    inward hi alpha[6] = [+/- 1.45e-3]  [>0]
PASS    inward lo alpha[7] = [+/- 2.08e-3]  [>0]
PASS    inward hi alpha[7] = [+/- 1.35e-3]  [>0]
PASS    1 - contraction (located, alb, k[0]) = [0.18753230544546739035214 +/- 5.54e-24]  [>0]
PASS    1 - contraction (located, aub, k[0]) = [0.18105969641815708785524 +/- 4.45e-24]  [>0]
PASS    G(alpha_lb) k[0] = [0.003 +/- 5.00e-4]  [>0]
PASS    G(alpha_ub) k[0] = [-0.002 +/- 1.11e-4]  [<0]
PASS    1 - contraction (located, alb, k[1]) = [0.18754376292435643439239 +/- 5.61e-24]  [>0]
PASS    1 - contraction (located, aub, k[1]) = [0.18308548838138261696060 +/- 8.43e-25]  [>0]
PASS    G(alpha_lb) k[1] = [0.0025 +/- 7.21e-5]  [>0]
PASS    G(alpha_ub) k[1] = [-0.0021 +/- 8.34e-5]  [<0]
PASS    1 - contraction (located, alb, k[2]) = [0.18547846938455903363490 +/- 1.89e-24]  [>0]
PASS    1 - contraction (located, aub, k[2]) = [0.18309718249918813596047 +/- 2.19e-24]  [>0]
PASS    G(alpha_lb) k[2] = [0.0024 +/- 6.57e-5]  [>0]
PASS    G(alpha_ub) k[2] = [-0.0022 +/- 5.66e-5]  [<0]
PASS    1 - contraction (located, alb, k[3]) = [0.18990290946139695906543 +/- 3.72e-24]  [>0]
PASS    1 - contraction (located, aub, k[3]) = [0.18551177635728917217621 +/- 4.16e-24]  [>0]
PASS    G(alpha_lb) k[3] = [0.0023 +/- 9.17e-5]  [>0]
PASS    G(alpha_ub) k[3] = [-0.0023 +/- 8.02e-5]  [<0]
PASS    1 - contraction (located, alb, k[4]) = [0.18982910655021615047856 +/- 2.07e-24]  [>0]
PASS    1 - contraction (located, aub, k[4]) = [0.18543755360888800194663 +/- 1.14e-24]  [>0]
PASS    G(alpha_lb) k[4] = [0.0023 +/- 8.86e-5]  [>0]
PASS    G(alpha_ub) k[4] = [-0.002 +/- 4.03e-4]  [<0]
PASS    1 - contraction (located, alb, k[5]) = [0.18712857894152911526984 +/- 3.54e-24]  [>0]
PASS    1 - contraction (located, aub, k[5]) = [0.18064844284438102429490 +/- 5.46e-24]  [>0]
PASS    G(alpha_lb) k[5] = [0.0022 +/- 6.20e-5]  [>0]
PASS    G(alpha_ub) k[5] = [-0.0024 +/- 7.73e-5]  [<0]
PASS    1 - contraction (located, alb, k[6]) = [0.18714004054613589586784 +/- 8.34e-25]  [>0]
PASS    1 - contraction (located, aub, k[6]) = [0.18267936137419923290614 +/- 3.65e-24]  [>0]
PASS    G(alpha_lb) k[6] = [0.0021 +/- 7.51e-5]  [>0]
PASS    G(alpha_ub) k[6] = [-0.0025 +/- 6.12e-5]  [<0]
PASS    1 - contraction (located, alb, k[7]) = [0.18506979437271078078421 +/- 4.59e-24]  [>0]
PASS    1 - contraction (located, aub, k[7]) = [0.18269108044218182692310 +/- 5.18e-24]  [>0]
PASS    G(alpha_lb) k[7] = [0.002 +/- 1.04e-4]  [>0]
PASS    G(alpha_ub) k[7] = [-0.0026 +/- 8.79e-5]  [<0]
PASS    1 - amp-works = [+/- 0.553]  [>0]
PASS    lambda(z_hat) = [-0.2 +/- 0.0787]  [<0]
  -> PASS
slab 1: kappa [0.140500, 0.141000]
PASS    alpha_c - alpha_ub (Nakajima premise) = [0.324 +/- 7.03e-4]  [>0]
PASS    inward lo alpha[0] = [+/- 1.37e-3]  [>0]
PASS    inward hi alpha[0] = [+/- 2.06e-3]  [>0]
PASS    inward lo alpha[1] = [+/- 1.47e-3]  [>0]
PASS    inward hi alpha[1] = [+/- 1.96e-3]  [>0]
PASS    inward lo alpha[2] = [0.001 +/- 5.68e-4]  [>0]
PASS    inward hi alpha[2] = [0.001 +/- 8.56e-4]  [>0]
PASS    inward lo alpha[3] = [0.001 +/- 6.70e-4]  [>0]
PASS    inward hi alpha[3] = [0.001 +/- 7.54e-4]  [>0]
PASS    inward lo alpha[4] = [0.001 +/- 7.73e-4]  [>0]
PASS    inward hi alpha[4] = [0.001 +/- 6.52e-4]  [>0]
PASS    inward lo alpha[5] = [0.001 +/- 8.75e-4]  [>0]
PASS    inward hi alpha[5] = [0.001 +/- 5.51e-4]  [>0]
PASS    inward lo alpha[6] = [+/- 1.98e-3]  [>0]
PASS    inward hi alpha[6] = [+/- 1.45e-3]  [>0]
PASS    inward lo alpha[7] = [+/- 2.08e-3]  [>0]
PASS    inward hi alpha[7] = [+/- 1.35e-3]  [>0]
PASS    1 - contraction (located, alb, k[0]) = [0.18743137277243139554259 +/- 1.41e-24]  [>0]
PASS    1 - contraction (located, aub, k[0]) = [0.18095706900254710761537 +/- 4.46e-24]  [>0]
PASS    G(alpha_lb) k[0] = [0.003 +/- 4.99e-4]  [>0]
PASS    G(alpha_ub) k[0] = [-0.002 +/- 1.13e-4]  [<0]
PASS    1 - contraction (located, alb, k[1]) = [0.18744285314056773908489 +/- 2.44e-24]  [>0]
PASS    1 - contraction (located, aub, k[1]) = [0.18298423545994614151311 +/- 4.71e-24]  [>0]
PASS    G(alpha_lb) k[1] = [0.0025 +/- 7.06e-5]  [>0]
PASS    G(alpha_ub) k[1] = [-0.0021 +/- 8.49e-5]  [<0]
PASS    1 - contraction (located, alb, k[2]) = [0.18537623647082365025545 +/- 3.08e-24]  [>0]
PASS    1 - contraction (located, aub, k[2]) = [0.18299594508792518516009 +/- 4.64e-24]  [>0]
PASS    G(alpha_lb) k[2] = [0.0024 +/- 6.72e-5]  [>0]
PASS    G(alpha_ub) k[2] = [-0.0022 +/- 5.81e-5]  [<0]
PASS    1 - contraction (located, alb, k[3]) = [0.18980362476907580296747 +/- 3.37e-24]  [>0]
PASS    1 - contraction (located, aub, k[3]) = [0.18541219143375523215451 +/- 5.49e-24]  [>0]
PASS    G(alpha_lb) k[3] = [0.0023 +/- 9.31e-5]  [>0]
PASS    G(alpha_ub) k[3] = [-0.0023 +/- 7.87e-5]  [<0]
PASS    1 - contraction (located, alb, k[4]) = [0.18972980652693245284060 +/- 5.11e-24]  [>0]
PASS    1 - contraction (located, aub, k[4]) = [0.18533796601113773866323 +/- 1.51e-24]  [>0]
PASS    G(alpha_lb) k[4] = [0.0023 +/- 8.71e-5]  [>0]
PASS    G(alpha_ub) k[4] = [-0.002 +/- 4.04e-4]  [<0]
PASS    1 - contraction (located, alb, k[5]) = [0.18702759158775646549052 +/- 1.97e-24]  [>0]
PASS    1 - contraction (located, aub, k[5]) = [0.18054572175785212665950 +/- 1.91e-24]  [>0]
PASS    G(alpha_lb) k[5] = [0.0022 +/- 6.05e-5]  [>0]
PASS    G(alpha_ub) k[5] = [-0.0024 +/- 7.88e-5]  [<0]
PASS    1 - contraction (located, alb, k[6]) = [0.18703905992715446466361 +/- 1.48e-24]  [>0]
PASS    1 - contraction (located, aub, k[6]) = [0.18257799782837291239153 +/- 1.25e-24]  [>0]
PASS    G(alpha_lb) k[6] = [0.0021 +/- 7.66e-5]  [>0]
PASS    G(alpha_ub) k[6] = [-0.0025 +/- 5.97e-5]  [<0]
PASS    1 - contraction (located, alb, k[7]) = [0.18496741700007790334463 +/- 5.51e-24]  [>0]
PASS    1 - contraction (located, aub, k[7]) = [0.18258972602365999322210 +/- 1.15e-24]  [>0]
PASS    G(alpha_lb) k[7] = [0.002 +/- 1.05e-4]  [>0]
PASS    G(alpha_ub) k[7] = [-0.0026 +/- 8.64e-5]  [<0]
PASS    1 - amp-works = [+/- 0.553]  [>0]
PASS    lambda(z_hat) = [-0.2 +/- 0.0788]  [<0]
  -> PASS
slab 2: kappa [0.141000, 0.141500]
PASS    alpha_c - alpha_ub (Nakajima premise) = [0.324 +/- 4.31e-4]  [>0]
PASS    inward lo alpha[0] = [+/- 1.37e-3]  [>0]
PASS    inward hi alpha[0] = [+/- 2.06e-3]  [>0]
PASS    inward lo alpha[1] = [+/- 1.47e-3]  [>0]
PASS    inward hi alpha[1] = [+/- 1.96e-3]  [>0]
PASS    inward lo alpha[2] = [0.001 +/- 5.68e-4]  [>0]
PASS    inward hi alpha[2] = [0.001 +/- 8.55e-4]  [>0]
PASS    inward lo alpha[3] = [0.001 +/- 6.70e-4]  [>0]
PASS    inward hi alpha[3] = [0.001 +/- 7.54e-4]  [>0]
PASS    inward lo alpha[4] = [0.001 +/- 7.72e-4]  [>0]
PASS    inward hi alpha[4] = [0.001 +/- 6.52e-4]  [>0]
PASS    inward lo alpha[5] = [0.001 +/- 8.75e-4]  [>0]
PASS    inward hi alpha[5] = [0.001 +/- 5.51e-4]  [>0]
PASS    inward lo alpha[6] = [+/- 1.98e-3]  [>0]
PASS    inward hi alpha[6] = [+/- 1.45e-3]  [>0]
PASS    inward lo alpha[7] = [+/- 2.08e-3]  [>0]
PASS    inward hi alpha[7] = [+/- 1.35e-3]  [>0]
PASS    1 - contraction (located, alb, k[0]) = [0.18733044425805766557384 +/- 4.90e-24]  [>0]
PASS    1 - contraction (located, aub, k[0]) = [0.18085441073106632921905 +/- 1.06e-24]  [>0]
PASS    G(alpha_lb) k[0] = [0.003 +/- 4.97e-4]  [>0]
PASS    G(alpha_ub) k[0] = [-0.002 +/- 1.14e-4]  [<0]
PASS    1 - contraction (located, alb, k[1]) = [0.18734191312771652439466 +/- 4.43e-24]  [>0]
PASS    1 - contraction (located, aub, k[1]) = [0.18288298737172688068772 +/- 3.57e-24]  [>0]
PASS    G(alpha_lb) k[1] = [0.0025 +/- 6.91e-5]  [>0]
PASS    G(alpha_ub) k[1] = [-0.0021 +/- 8.64e-5]  [<0]
PASS    1 - contraction (located, alb, k[2]) = [0.18527393687429755569272 +/- 4.38e-24]  [>0]
PASS    1 - contraction (located, aub, k[2]) = [0.18289468584261985862730 +/- 3.85e-24]  [>0]
PASS    G(alpha_lb) k[2] = [0.0024 +/- 6.87e-5]  [>0]
PASS    G(alpha_ub) k[2] = [-0.0022 +/- 5.97e-5]  [<0]
PASS    1 - contraction (located, alb, k[3]) = [0.18970435383458917184828 +/- 5.32e-24]  [>0]
PASS    1 - contraction (located, aub, k[3]) = [0.18531262244802209120954 +/- 1.79e-24]  [>0]
PASS    G(alpha_lb) k[3] = [0.002 +/- 3.95e-4]  [>0]
PASS    G(alpha_ub) k[3] = [-0.0023 +/- 7.72e-5]  [<0]
PASS    1 - contraction (located, alb, k[4]) = [0.18963051254725791819438 +/- 1.55e-24]  [>0]
PASS    1 - contraction (located, aub, k[4]) = [0.18523839286132480440340 +/- 2.17e-24]  [>0]
PASS    G(alpha_lb) k[4] = [0.0023 +/- 8.57e-5]  [>0]
PASS    G(alpha_ub) k[4] = [-0.002 +/- 4.06e-4]  [<0]
PASS    1 - contraction (located, alb, k[5]) = [0.18692656776897481542808 +/- 2.06e-24]  [>0]
PASS    1 - contraction (located, aub, k[5]) = [0.18044296788971726700189 +/- 4.54e-24]  [>0]
PASS    G(alpha_lb) k[5] = [0.0022 +/- 5.90e-5]  [>0]
PASS    G(alpha_ub) k[5] = [-0.0024 +/- 8.03e-5]  [<0]
PASS    1 - contraction (located, alb, k[6]) = [0.18693803568963757033376 +/- 5.36e-24]  [>0]
PASS    1 - contraction (located, aub, k[6]) = [0.18247665436370630920060 +/- 2.92e-24]  [>0]
PASS    G(alpha_lb) k[6] = [0.0021 +/- 7.81e-5]  [>0]
PASS    G(alpha_ub) k[6] = [-0.0025 +/- 5.82e-5]  [<0]
PASS    1 - contraction (located, alb, k[7]) = [0.18486506705686712250773 +/- 5.01e-24]  [>0]
PASS    1 - contraction (located, aub, k[7]) = [0.18248838406309901159838 +/- 4.36e-24]  [>0]
PASS    G(alpha_lb) k[7] = [0.002 +/- 1.07e-4]  [>0]
PASS    G(alpha_ub) k[7] = [-0.0026 +/- 8.49e-5]  [<0]
PASS    1 - amp-works = [+/- 0.553]  [>0]
PASS    lambda(z_hat) = [-0.2 +/- 0.0789]  [<0]
  -> PASS
slab 3: kappa [0.141500, 0.142000]
PASS    alpha_c - alpha_ub (Nakajima premise) = [0.324 +/- 7.73e-4]  [>0]
PASS    inward lo alpha[0] = [+/- 1.37e-3]  [>0]
PASS    inward hi alpha[0] = [+/- 2.06e-3]  [>0]
PASS    inward lo alpha[1] = [+/- 1.47e-3]  [>0]
PASS    inward hi alpha[1] = [+/- 1.96e-3]  [>0]
PASS    inward lo alpha[2] = [0.001 +/- 5.67e-4]  [>0]
PASS    inward hi alpha[2] = [0.001 +/- 8.55e-4]  [>0]
PASS    inward lo alpha[3] = [0.001 +/- 6.70e-4]  [>0]
PASS    inward hi alpha[3] = [0.001 +/- 7.54e-4]  [>0]
PASS    inward lo alpha[4] = [0.001 +/- 7.72e-4]  [>0]
PASS    inward hi alpha[4] = [0.001 +/- 6.52e-4]  [>0]
PASS    inward lo alpha[5] = [0.001 +/- 8.75e-4]  [>0]
PASS    inward hi alpha[5] = [0.001 +/- 5.50e-4]  [>0]
PASS    inward lo alpha[6] = [+/- 1.98e-3]  [>0]
PASS    inward hi alpha[6] = [+/- 1.45e-3]  [>0]
PASS    inward lo alpha[7] = [+/- 2.08e-3]  [>0]
PASS    inward hi alpha[7] = [+/- 1.35e-3]  [>0]
PASS    1 - contraction (located, alb, k[0]) = [0.18722952879910436735265 +/- 8.34e-25]  [>0]
PASS    1 - contraction (located, aub, k[0]) = [0.18075176701441753090018 +/- 2.18e-24]  [>0]
PASS    G(alpha_lb) k[0] = [0.003 +/- 4.96e-4]  [>0]
PASS    G(alpha_ub) k[0] = [-0.002 +/- 1.16e-4]  [<0]
PASS    1 - contraction (located, alb, k[1]) = [0.18724097893828204888188 +/- 3.65e-24]  [>0]
PASS    1 - contraction (located, aub, k[1]) = [0.18278167181347894332011 +/- 4.77e-24]  [>0]
PASS    G(alpha_lb) k[1] = [0.0025 +/- 6.76e-5]  [>0]
PASS    G(alpha_ub) k[1] = [-0.0021 +/- 8.79e-5]  [<0]
PASS    1 - contraction (located, alb, k[2]) = [0.18725242574292476422096 +/- 2.75e-24]  [>0]
PASS    1 - contraction (located, aub, k[2]) = [0.18279336747197665454639 +/- 3.83e-24]  [>0]
PASS    G(alpha_lb) k[2] = [0.0024 +/- 6.94e-5]  [>0]
PASS    G(alpha_ub) k[2] = [-0.0022 +/- 6.12e-5]  [<0]
PASS    1 - contraction (located, alb, k[3]) = [0.18960503800225805511922 +/- 2.64e-24]  [>0]
PASS    1 - contraction (located, aub, k[3]) = [0.18521304542800932138929 +/- 2.09e-24]  [>0]
PASS    G(alpha_lb) k[3] = [0.002 +/- 3.97e-4]  [>0]
PASS    G(alpha_ub) k[3] = [-0.0023 +/- 7.57e-5]  [<0]
PASS    1 - contraction (located, alb, k[4]) = [0.18953116917806480390415 +/- 4.58e-24]  [>0]
PASS    1 - contraction (located, aub, k[4]) = [0.18513878673351349677058 +/- 5.31e-24]  [>0]
PASS    G(alpha_lb) k[4] = [0.0023 +/- 8.42e-5]  [>0]
PASS    G(alpha_ub) k[4] = [-0.002 +/- 4.07e-4]  [<0]
PASS    1 - contraction (located, alb, k[5]) = [0.18682556503252948665837 +/- 4.03e-24]  [>0]
PASS    1 - contraction (located, aub, k[5]) = [0.18236353845992543512002 +/- 1.24e-24]  [>0]
PASS    G(alpha_lb) k[5] = [0.0022 +/- 5.75e-5]  [>0]
PASS    G(alpha_ub) k[5] = [-0.0024 +/- 8.11e-5]  [<0]
PASS    1 - contraction (located, alb, k[6]) = [0.18683704408177705391306 +/- 1.44e-24]  [>0]
PASS    1 - contraction (located, aub, k[6]) = [0.18237526615601307391096 +/- 5.50e-24]  [>0]
PASS    G(alpha_lb) k[6] = [0.0021 +/- 7.96e-5]  [>0]
PASS    G(alpha_ub) k[6] = [-0.0025 +/- 5.67e-5]  [<0]
PASS    1 - contraction (located, alb, k[7]) = [0.18476269728797366097513 +/- 3.02e-24]  [>0]
PASS    1 - contraction (located, aub, k[7]) = [0.18238699033688791183932 +/- 1.20e-24]  [>0]
PASS    G(alpha_lb) k[7] = [0.002 +/- 1.08e-4]  [>0]
PASS    G(alpha_ub) k[7] = [-0.0026 +/- 8.34e-5]  [<0]
PASS    1 - amp-works = [+/- 0.553]  [>0]
PASS    lambda(z_hat) = [-0.2 +/- 0.0789]  [<0]
  -> PASS
slab 4: kappa [0.142000, 0.142500]
PASS    alpha_c - alpha_ub (Nakajima premise) = [0.323 +/- 6.74e-4]  [>0]
PASS    inward lo alpha[0] = [+/- 1.37e-3]  [>0]
PASS    inward hi alpha[0] = [+/- 2.06e-3]  [>0]
PASS    inward lo alpha[1] = [+/- 1.47e-3]  [>0]
PASS    inward hi alpha[1] = [+/- 1.96e-3]  [>0]
PASS    inward lo alpha[2] = [0.001 +/- 5.67e-4]  [>0]
PASS    inward hi alpha[2] = [0.001 +/- 8.55e-4]  [>0]
PASS    inward lo alpha[3] = [0.001 +/- 6.70e-4]  [>0]
PASS    inward hi alpha[3] = [0.001 +/- 7.54e-4]  [>0]
PASS    inward lo alpha[4] = [0.001 +/- 7.72e-4]  [>0]
PASS    inward hi alpha[4] = [0.001 +/- 6.52e-4]  [>0]
PASS    inward lo alpha[5] = [0.001 +/- 8.75e-4]  [>0]
PASS    inward hi alpha[5] = [0.001 +/- 5.50e-4]  [>0]
PASS    inward lo alpha[6] = [+/- 1.98e-3]  [>0]
PASS    inward hi alpha[6] = [+/- 1.45e-3]  [>0]
PASS    inward lo alpha[7] = [+/- 2.08e-3]  [>0]
PASS    inward hi alpha[7] = [+/- 1.35e-3]  [>0]
PASS    1 - contraction (located, alb, k[0]) = [0.18712855793453647726247 +/- 3.66e-24]  [>0]
PASS    1 - contraction (located, aub, k[0]) = [0.18064908069650652038043 +/- 5.57e-24]  [>0]
PASS    G(alpha_lb) k[0] = [0.0026 +/- 9.38e-5]  [>0]
PASS    G(alpha_ub) k[0] = [-0.0021 +/- 9.56e-5]  [<0]
PASS    1 - contraction (located, alb, k[1]) = [0.18714001873516956618188 +/- 2.02e-24]  [>0]
PASS    1 - contraction (located, aub, k[1]) = [0.18268037595994389485503 +/- 2.73e-24]  [>0]
PASS    G(alpha_lb) k[1] = [0.0025 +/- 6.62e-5]  [>0]
PASS    G(alpha_ub) k[1] = [-0.0021 +/- 8.94e-5]  [<0]
PASS    1 - contraction (located, alb, k[2]) = [0.18715147401869115520772 +/- 2.90e-24]  [>0]
PASS    1 - contraction (located, aub, k[2]) = [0.18269209632858930704858 +/- 5.05e-24]  [>0]
PASS    G(alpha_lb) k[2] = [0.0024 +/- 7.09e-5]  [>0]
PASS    G(alpha_ub) k[2] = [-0.0022 +/- 6.27e-5]  [<0]
PASS    1 - contraction (located, alb, k[3]) = [0.18950574002522223061536 +/- 4.60e-24]  [>0]
PASS    1 - contraction (located, aub, k[3]) = [0.18511341903841720880337 +/- 4.13e-24]  [>0]
PASS    G(alpha_lb) k[3] = [0.002 +/- 3.98e-4]  [>0]
PASS    G(alpha_ub) k[3] = [-0.0023 +/- 7.42e-5]  [<0]
PASS    1 - contraction (located, alb, k[4]) = [0.18943185250554692989880 +/- 2.28e-24]  [>0]
PASS    1 - contraction (located, aub, k[4]) = [0.18503914496450350572804 +/- 4.31e-24]  [>0]
PASS    G(alpha_lb) k[4] = [0.0023 +/- 8.27e-5]  [>0]
PASS    G(alpha_ub) k[4] = [-0.002 +/- 4.09e-4]  [<0]
PASS    1 - contraction (located, alb, k[5]) = [0.18672452472618446005107 +/- 2.25e-24]  [>0]
PASS    1 - contraction (located, aub, k[5]) = [0.18226218271148477180792 +/- 8.76e-25]  [>0]
PASS    G(alpha_lb) k[5] = [0.0022 +/- 5.60e-5]  [>0]
PASS    G(alpha_ub) k[5] = [-0.0024 +/- 8.26e-5]  [<0]
PASS    1 - contraction (located, alb, k[6]) = [0.18673600791090667007243 +/- 5.59e-24]  [>0]
PASS    1 - contraction (located, aub, k[6]) = [0.18227390935129741896366 +/- 3.26e-24]  [>0]
PASS    G(alpha_lb) k[6] = [0.0021 +/- 8.11e-5]  [>0]
PASS    G(alpha_ub) k[6] = [-0.0025 +/- 5.59e-5]  [<0]
PASS    1 - contraction (located, alb, k[7]) = [0.18466030017668843535550 +/- 2.60e-24]  [>0]
PASS    1 - contraction (located, aub, k[7]) = [0.18014327534748930574017 +/- 3.16e-24]  [>0]
PASS    G(alpha_lb) k[7] = [0.002 +/- 1.10e-4]  [>0]
PASS    G(alpha_ub) k[7] = [-0.0026 +/- 8.27e-5]  [<0]
PASS    1 - amp-works = [+/- 0.553]  [>0]
PASS    lambda(z_hat) = [-0.2 +/- 0.0790]  [<0]
  -> PASS
slab 5: kappa [0.142500, 0.143000]
PASS    alpha_c - alpha_ub (Nakajima premise) = [0.323 +/- 4.57e-4]  [>0]
PASS    inward lo alpha[0] = [+/- 1.37e-3]  [>0]
PASS    inward hi alpha[0] = [+/- 2.06e-3]  [>0]
PASS    inward lo alpha[1] = [+/- 1.47e-3]  [>0]
PASS    inward hi alpha[1] = [+/- 1.96e-3]  [>0]
PASS    inward lo alpha[2] = [0.001 +/- 5.67e-4]  [>0]
PASS    inward hi alpha[2] = [0.001 +/- 8.55e-4]  [>0]
PASS    inward lo alpha[3] = [0.001 +/- 6.70e-4]  [>0]
PASS    inward hi alpha[3] = [0.001 +/- 7.53e-4]  [>0]
PASS    inward lo alpha[4] = [0.001 +/- 7.72e-4]  [>0]
PASS    inward hi alpha[4] = [0.001 +/- 6.52e-4]  [>0]
PASS    inward lo alpha[5] = [0.001 +/- 8.75e-4]  [>0]
PASS    inward hi alpha[5] = [0.001 +/- 5.50e-4]  [>0]
PASS    inward lo alpha[6] = [+/- 1.98e-3]  [>0]
PASS    inward hi alpha[6] = [+/- 1.45e-3]  [>0]
PASS    inward lo alpha[7] = [+/- 2.08e-3]  [>0]
PASS    inward hi alpha[7] = [+/- 1.35e-3]  [>0]
PASS    1 - contraction (located, alb, k[0]) = [0.18702762062881686101713 +/- 5.42e-24]  [>0]
PASS    1 - contraction (located, aub, k[0]) = [0.18054640254287403353738 +/- 3.08e-24]  [>0]
PASS    G(alpha_lb) k[0] = [0.0026 +/- 9.23e-5]  [>0]
PASS    G(alpha_ub) k[0] = [-0.0021 +/- 9.41e-5]  [<0]
PASS    1 - contraction (located, alb, k[1]) = [0.18703908214047080538349 +/- 4.55e-24]  [>0]
PASS    1 - contraction (located, aub, k[1]) = [0.18257906246211873505283 +/- 4.21e-24]  [>0]
PASS    G(alpha_lb) k[1] = [0.0025 +/- 6.47e-5]  [>0]
PASS    G(alpha_ub) k[1] = [-0.0021 +/- 9.09e-5]  [<0]
PASS    1 - contraction (located, alb, k[2]) = [0.18705055252817284153956 +/- 3.40e-24]  [>0]
PASS    1 - contraction (located, aub, k[2]) = [0.18259078373109896951871 +/- 4.76e-24]  [>0]
PASS    G(alpha_lb) k[2] = [0.0024 +/- 7.24e-5]  [>0]
PASS    G(alpha_ub) k[2] = [-0.0022 +/- 6.42e-5]  [<0]
PASS    1 - contraction (located, alb, k[3]) = [0.18940644389394180450024 +/- 4.47e-24]  [>0]
PASS    1 - contraction (located, aub, k[3]) = [0.18501386791047716031403 +/- 2.44e-24]  [>0]
PASS    G(alpha_lb) k[3] = [0.002 +/- 4.00e-4]  [>0]
PASS    G(alpha_ub) k[3] = [-0.0023 +/- 7.27e-5]  [<0]
PASS    1 - contraction (located, alb, k[4]) = [0.18933255997558722930273 +/- 2.14e-24]  [>0]
PASS    1 - contraction (located, aub, k[4]) = [0.18493956937552868007378 +/- 5.60e-24]  [>0]
PASS    G(alpha_lb) k[4] = [0.0023 +/- 8.12e-5]  [>0]
PASS    G(alpha_ub) k[4] = [-0.002 +/- 4.10e-4]  [<0]
PASS    1 - contraction (located, alb, k[5]) = [0.18662348104872586331093 +/- 3.44e-24]  [>0]
PASS    1 - contraction (located, aub, k[5]) = [0.18216077418066167808202 +/- 5.43e-24]  [>0]
PASS    G(alpha_lb) k[5] = [0.0022 +/- 5.51e-5]  [>0]
PASS    G(alpha_ub) k[5] = [-0.0024 +/- 8.41e-5]  [<0]
PASS    1 - contraction (located, alb, k[6]) = [0.18663497087711939604733 +/- 5.08e-24]  [>0]
PASS    1 - contraction (located, aub, k[6]) = [0.18217251006268264084768 +/- 2.84e-24]  [>0]
PASS    G(alpha_lb) k[6] = [0.0021 +/- 8.26e-5]  [>0]
PASS    G(alpha_ub) k[6] = [-0.0025 +/- 5.74e-5]  [<0]
PASS    1 - contraction (located, alb, k[7]) = [0.18455794149791446625862 +/- 5.03e-24]  [>0]
PASS    1 - contraction (located, aub, k[7]) = [0.18004048561989072153344 +/- 5.41e-24]  [>0]
PASS    G(alpha_lb) k[7] = [0.002 +/- 1.11e-4]  [>0]
PASS    G(alpha_ub) k[7] = [-0.0026 +/- 8.12e-5]  [<0]
PASS    1 - amp-works = [+/- 0.554]  [>0]
PASS    lambda(z_hat) = [-0.2 +/- 0.0791]  [<0]
  -> PASS
slab 6: kappa [0.143000, 0.143500]
PASS    alpha_c - alpha_ub (Nakajima premise) = [0.323 +/- 7.99e-4]  [>0]
PASS    inward lo alpha[0] = [+/- 1.37e-3]  [>0]
PASS    inward hi alpha[0] = [+/- 2.06e-3]  [>0]
PASS    inward lo alpha[1] = [+/- 1.47e-3]  [>0]
PASS    inward hi alpha[1] = [+/- 1.96e-3]  [>0]
PASS    inward lo alpha[2] = [0.001 +/- 5.67e-4]  [>0]
PASS    inward hi alpha[2] = [0.001 +/- 8.55e-4]  [>0]
PASS    inward lo alpha[3] = [0.001 +/- 6.69e-4]  [>0]
PASS    inward hi alpha[3] = [0.001 +/- 7.53e-4]  [>0]
PASS    inward lo alpha[4] = [0.001 +/- 7.72e-4]  [>0]
PASS    inward hi alpha[4] = [0.001 +/- 6.52e-4]  [>0]
PASS    inward lo alpha[5] = [0.001 +/- 8.74e-4]  [>0]
PASS    inward hi alpha[5] = [0.001 +/- 5.50e-4]  [>0]
PASS    inward lo alpha[6] = [+/- 1.98e-3]  [>0]
PASS    inward hi alpha[6] = [+/- 1.45e-3]  [>0]
PASS    inward lo alpha[7] = [+/- 2.08e-3]  [>0]
PASS    inward hi alpha[7] = [+/- 1.35e-3]  [>0]
PASS    1 - contraction (located, alb, k[0]) = [0.18692665007910505353560 +/- 2.13e-24]  [>0]
PASS    1 - contraction (located, aub, k[0]) = [0.18044371703762542648503 +/- 4.68e-24]  [>0]
PASS    G(alpha_lb) k[0] = [0.0026 +/- 9.08e-5]  [>0]
PASS    G(alpha_ub) k[0] = [-0.0021 +/- 9.26e-5]  [<0]
PASS    1 - contraction (located, alb, k[1]) = [0.18693810762472988249314 +/- 2.43e-24]  [>0]
PASS    1 - contraction (located, aub, k[1]) = [0.18247776429108733409328 +/- 2.27e-24]  [>0]
PASS    G(alpha_lb) k[1] = [0.0025 +/- 6.32e-5]  [>0]
PASS    G(alpha_ub) k[1] = [-0.0021 +/- 9.24e-5]  [<0]
PASS    1 - contraction (located, alb, k[2]) = [0.18694958714130653405549 +/- 1.00e-24]  [>0]
PASS    1 - contraction (located, aub, k[2]) = [0.18248947530804493830380 +/- 3.83e-24]  [>0]
PASS    G(alpha_lb) k[2] = [0.0024 +/- 7.39e-5]  [>0]
PASS    G(alpha_ub) k[2] = [-0.0022 +/- 6.57e-5]  [<0]
PASS    1 - contraction (located, alb, k[3]) = [0.18930711760141104270783 +/- 4.44e-24]  [>0]
PASS    1 - contraction (located, aub, k[3]) = [0.18491423181323734590576 +/- 3.14e-24]  [>0]
PASS    G(alpha_lb) k[3] = [0.002 +/- 4.01e-4]  [>0]
PASS    G(alpha_ub) k[3] = [-0.0023 +/- 7.12e-5]  [<0]
PASS    1 - contraction (located, alb, k[4]) = [0.18923322663748155471611 +/- 3.85e-24]  [>0]
PASS    1 - contraction (located, aub, k[4]) = [0.18483992634068311002494 +/- 4.87e-24]  [>0]
PASS    G(alpha_lb) k[4] = [0.0023 +/- 7.97e-5]  [>0]
PASS    G(alpha_ub) k[4] = [-0.002 +/- 4.12e-4]  [<0]
PASS    1 - contraction (located, alb, k[5]) = [0.18652241900769829087063 +/- 3.52e-24]  [>0]
PASS    1 - contraction (located, aub, k[5]) = [0.18205939613265963586315 +/- 1.45e-24]  [>0]
PASS    G(alpha_lb) k[5] = [0.0022 +/- 5.66e-5]  [>0]
PASS    G(alpha_ub) k[5] = [-0.0024 +/- 8.56e-5]  [<0]
PASS    1 - contraction (located, alb, k[6]) = [0.18653392252986462486671 +/- 4.46e-24]  [>0]
PASS    1 - contraction (located, aub, k[6]) = [0.18207113257482597348572 +/- 3.00e-24]  [>0]
PASS    G(alpha_lb) k[6] = [0.0021 +/- 8.41e-5]  [>0]
PASS    G(alpha_ub) k[6] = [-0.0025 +/- 5.89e-5]  [<0]
PASS    1 - contraction (located, alb, k[7]) = [0.18445554447286315335841 +/- 3.62e-24]  [>0]
PASS    1 - contraction (located, aub, k[7]) = [0.17993770204469778607631 +/- 2.27e-24]  [>0]
PASS    G(alpha_lb) k[7] = [0.002 +/- 1.13e-4]  [>0]
PASS    G(alpha_ub) k[7] = [-0.0026 +/- 7.97e-5]  [<0]
PASS    1 - amp-works = [+/- 0.554]  [>0]
PASS    lambda(z_hat) = [-0.2 +/- 0.0792]  [<0]
  -> PASS
slab 7: kappa [0.143500, 0.144000]
PASS    alpha_c - alpha_ub (Nakajima premise) = [0.322 +/- 6.48e-4]  [>0]
PASS    inward lo alpha[0] = [+/- 1.37e-3]  [>0]
PASS    inward hi alpha[0] = [+/- 2.06e-3]  [>0]
PASS    inward lo alpha[1] = [+/- 1.47e-3]  [>0]
PASS    inward hi alpha[1] = [+/- 1.96e-3]  [>0]
PASS    inward lo alpha[2] = [0.001 +/- 5.67e-4]  [>0]
PASS    inward hi alpha[2] = [0.001 +/- 8.55e-4]  [>0]
PASS    inward lo alpha[3] = [0.001 +/- 6.69e-4]  [>0]
PASS    inward hi alpha[3] = [0.001 +/- 7.53e-4]  [>0]
PASS    inward lo alpha[4] = [0.001 +/- 7.72e-4]  [>0]
PASS    inward hi alpha[4] = [0.001 +/- 6.51e-4]  [>0]
PASS    inward lo alpha[5] = [0.001 +/- 8.74e-4]  [>0]
PASS    inward hi alpha[5] = [0.001 +/- 5.50e-4]  [>0]
PASS    inward lo alpha[6] = [+/- 1.98e-3]  [>0]
PASS    inward hi alpha[6] = [+/- 1.45e-3]  [>0]
PASS    inward lo alpha[7] = [+/- 2.08e-3]  [>0]
PASS    inward hi alpha[7] = [+/- 1.35e-3]  [>0]
PASS    1 - contraction (located, alb, k[0]) = [0.18682568298118169080810 +/- 5.33e-24]  [>0]
PASS    1 - contraction (located, aub, k[0]) = [0.18034103210322922424799 +/- 3.53e-24]  [>0]
PASS    G(alpha_lb) k[0] = [0.0026 +/- 8.93e-5]  [>0]
PASS    G(alpha_ub) k[0] = [-0.0021 +/- 9.11e-5]  [<0]
PASS    1 - contraction (located, alb, k[1]) = [0.18683714296678255286172 +/- 2.50e-24]  [>0]
PASS    1 - contraction (located, aub, k[1]) = [0.18237647421591673665637 +/- 1.26e-24]  [>0]
PASS    G(alpha_lb) k[1] = [0.0025 +/- 6.17e-5]  [>0]
PASS    G(alpha_ub) k[1] = [-0.0021 +/- 9.39e-5]  [<0]
PASS    1 - contraction (located, alb, k[2]) = [0.18684861668013334607148 +/- 2.17e-24]  [>0]
PASS    1 - contraction (located, aub, k[2]) = [0.18238819224532586695914 +/- 4.66e-24]  [>0]
PASS    G(alpha_lb) k[2] = [0.0024 +/- 7.54e-5]  [>0]
PASS    G(alpha_ub) k[2] = [-0.0022 +/- 6.72e-5]  [<0]
PASS    1 - contraction (located, alb, k[3]) = [0.18920781291013848879129 +/- 2.12e-24]  [>0]
PASS    1 - contraction (located, aub, k[3]) = [0.18481460907294483388260 +/- 5.15e-24]  [>0]
PASS    G(alpha_lb) k[3] = [0.002 +/- 4.03e-4]  [>0]
PASS    G(alpha_ub) k[3] = [-0.0023 +/- 6.97e-5]  [<0]
PASS    1 - contraction (located, alb, k[4]) = [0.18913390010961878256891 +/- 4.33e-24]  [>0]
PASS    1 - contraction (located, aub, k[4]) = [0.18474033114465558486360 +/- 2.45e-24]  [>0]
PASS    G(alpha_lb) k[4] = [0.0023 +/- 7.82e-5]  [>0]
PASS    G(alpha_ub) k[4] = [-0.002 +/- 4.13e-4]  [<0]
PASS    1 - contraction (located, alb, k[5]) = [0.18642139244323211769457 +/- 5.25e-24]  [>0]
PASS    1 - contraction (located, aub, k[5]) = [0.18195801602842423885240 +/- 1.51e-24]  [>0]
PASS    G(alpha_lb) k[5] = [0.0022 +/- 5.81e-5]  [>0]
PASS    G(alpha_ub) k[5] = [-0.0024 +/- 8.71e-5]  [<0]
PASS    1 - contraction (located, alb, k[6]) = [0.18643289350882920400862 +/- 5.71e-24]  [>0]
PASS    1 - contraction (located, aub, k[6]) = [0.18196974930966796021684 +/- 2.22e-24]  [>0]
PASS    G(alpha_lb) k[6] = [0.0021 +/- 8.56e-5]  [>0]
PASS    G(alpha_ub) k[6] = [-0.0025 +/- 6.04e-5]  [<0]
PASS    1 - contraction (located, alb, k[7]) = [0.18644437740899555913682 +/- 5.14e-24]  [>0]
PASS    1 - contraction (located, aub, k[7]) = [0.17983490928368869288228 +/- 3.67e-24]  [>0]
PASS    G(alpha_lb) k[7] = [0.002 +/- 1.14e-4]  [>0]
PASS    G(alpha_ub) k[7] = [-0.0026 +/- 7.82e-5]  [<0]
PASS    1 - amp-works = [+/- 0.554]  [>0]
PASS    lambda(z_hat) = [-0.2 +/- 0.0793]  [<0]
  -> PASS
slab 8: kappa [0.144000, 0.144500]
PASS    alpha_c - alpha_ub (Nakajima premise) = [0.322 +/- 4.80e-4]  [>0]
PASS    inward lo alpha[0] = [+/- 1.37e-3]  [>0]
PASS    inward hi alpha[0] = [+/- 2.06e-3]  [>0]
PASS    inward lo alpha[1] = [+/- 1.47e-3]  [>0]
PASS    inward hi alpha[1] = [+/- 1.96e-3]  [>0]
PASS    inward lo alpha[2] = [0.001 +/- 5.66e-4]  [>0]
PASS    inward hi alpha[2] = [0.001 +/- 8.55e-4]  [>0]
PASS    inward lo alpha[3] = [0.001 +/- 6.69e-4]  [>0]
PASS    inward hi alpha[3] = [0.001 +/- 7.53e-4]  [>0]
PASS    inward lo alpha[4] = [0.001 +/- 7.72e-4]  [>0]
PASS    inward hi alpha[4] = [0.001 +/- 6.51e-4]  [>0]
PASS    inward lo alpha[5] = [0.001 +/- 8.74e-4]  [>0]
PASS    inward hi alpha[5] = [0.001 +/- 5.49e-4]  [>0]
PASS    inward lo alpha[6] = [+/- 1.98e-3]  [>0]
PASS    inward hi alpha[6] = [+/- 1.45e-3]  [>0]
PASS    inward lo alpha[7] = [+/- 2.08e-3]  [>0]
PASS    inward hi alpha[7] = [+/- 1.35e-3]  [>0]
PASS    1 - contraction (located, alb, k[0]) = [0.18672469697514378487333 +/- 5.21e-24]  [>0]
PASS    1 - contraction (located, aub, k[0]) = [0.18023833817661988278882 +/- 2.28e-24]  [>0]
PASS    G(alpha_lb) k[0] = [0.0026 +/- 8.78e-5]  [>0]
PASS    G(alpha_ub) k[0] = [-0.0021 +/- 8.95e-5]  [<0]
PASS    1 - contraction (located, alb, k[1]) = [0.18673615507330908590288 +/- 3.33e-24]  [>0]
PASS    1 - contraction (located, aub, k[1]) = [0.18227511401232997799882 +/- 3.28e-24]  [>0]
PASS    G(alpha_lb) k[1] = [0.0025 +/- 6.02e-5]  [>0]
PASS    G(alpha_ub) k[1] = [-0.0021 +/- 9.54e-5]  [<0]
PASS    1 - contraction (located, alb, k[2]) = [0.18674765431110985554739 +/- 3.44e-24]  [>0]
PASS    1 - contraction (located, aub, k[2]) = [0.18228683451565356334026 +/- 3.83e-24]  [>0]
PASS    G(alpha_lb) k[2] = [0.0024 +/- 7.69e-5]  [>0]
PASS    G(alpha_ub) k[2] = [-0.0022 +/- 6.87e-5]  [<0]
PASS    1 - contraction (located, alb, k[3]) = [0.18910848548248524558857 +/- 3.40e-24]  [>0]
PASS    1 - contraction (located, aub, k[3]) = [0.18471499644959266163592 +/- 2.62e-24]  [>0]
PASS    G(alpha_lb) k[3] = [0.002 +/- 4.04e-4]  [>0]
PASS    G(alpha_ub) k[3] = [-0.0023 +/- 6.82e-5]  [<0]
PASS    1 - contraction (located, alb, k[4]) = [0.18903454503803087855309 +/- 4.77e-24]  [>0]
PASS    1 - contraction (located, aub, k[4]) = [0.18464067900726607997452 +/- 2.49e-24]  [>0]
PASS    G(alpha_lb) k[4] = [0.0023 +/- 7.67e-5]  [>0]
PASS    G(alpha_ub) k[4] = [-0.002 +/- 4.15e-4]  [<0]
PASS    1 - contraction (located, alb, k[5]) = [0.18632033182971392078748 +/- 2.74e-24]  [>0]
PASS    1 - contraction (located, aub, k[5]) = [0.18185662236672503290790 +/- 4.04e-24]  [>0]
PASS    G(alpha_lb) k[5] = [0.0022 +/- 5.96e-5]  [>0]
PASS    G(alpha_ub) k[5] = [-0.0024 +/- 8.86e-5]  [<0]
PASS    1 - contraction (located, alb, k[6]) = [0.18633182548454701303200 +/- 1.98e-24]  [>0]
PASS    1 - contraction (located, aub, k[6]) = [0.18186836097892744590171 +/- 5.77e-24]  [>0]
PASS    G(alpha_lb) k[6] = [0.0021 +/- 8.71e-5]  [>0]
PASS    G(alpha_ub) k[6] = [-0.0025 +/- 6.19e-5]  [<0]
PASS    1 - contraction (located, alb, k[7]) = [0.18634331866561625314719 +/- 1.10e-24]  [>0]
PASS    1 - contraction (located, aub, k[7]) = [0.17973211573676963009772 +/- 1.52e-24]  [>0]
PASS    G(alpha_lb) k[7] = [0.002 +/- 1.15e-4]  [>0]
PASS    G(alpha_ub) k[7] = [-0.0026 +/- 7.67e-5]  [<0]
PASS    1 - amp-works = [+/- 0.554]  [>0]
PASS    lambda(z_hat) = [-0.2 +/- 0.0794]  [<0]
  -> PASS
slab 9: kappa [0.144500, 0.145000]
PASS    alpha_c - alpha_ub (Nakajima premise) = [0.322 +/- 8.20e-4]  [>0]
PASS    inward lo alpha[0] = [+/- 1.36e-3]  [>0]
PASS    inward hi alpha[0] = [+/- 2.06e-3]  [>0]
PASS    inward lo alpha[1] = [+/- 1.47e-3]  [>0]
PASS    inward hi alpha[1] = [+/- 1.96e-3]  [>0]
PASS    inward lo alpha[2] = [0.001 +/- 5.66e-4]  [>0]
PASS    inward hi alpha[2] = [0.001 +/- 8.55e-4]  [>0]
PASS    inward lo alpha[3] = [0.001 +/- 6.69e-4]  [>0]
PASS    inward hi alpha[3] = [0.001 +/- 7.53e-4]  [>0]
PASS    inward lo alpha[4] = [0.001 +/- 7.72e-4]  [>0]
PASS    inward hi alpha[4] = [0.001 +/- 6.51e-4]  [>0]
PASS    inward lo alpha[5] = [0.001 +/- 8.74e-4]  [>0]
PASS    inward hi alpha[5] = [0.001 +/- 5.49e-4]  [>0]
PASS    inward lo alpha[6] = [+/- 1.98e-3]  [>0]
PASS    inward hi alpha[6] = [+/- 1.45e-3]  [>0]
PASS    inward lo alpha[7] = [+/- 2.08e-3]  [>0]
PASS    inward hi alpha[7] = [+/- 1.35e-3]  [>0]
PASS    1 - contraction (located, alb, k[0]) = [0.18662371302466757411973 +/- 2.94e-24]  [>0]
PASS    1 - contraction (located, aub, k[0]) = [0.18216208340293543682580 +/- 5.66e-24]  [>0]
PASS    G(alpha_lb) k[0] = [0.0026 +/- 8.64e-5]  [>0]
PASS    G(alpha_ub) k[0] = [-0.0021 +/- 8.73e-5]  [<0]
PASS    1 - contraction (located, alb, k[1]) = [0.18663517974964946492840 +/- 5.29e-24]  [>0]
PASS    1 - contraction (located, aub, k[1]) = [0.18217381290554551389540 +/- 4.21e-24]  [>0]
PASS    G(alpha_lb) k[1] = [0.0025 +/- 5.87e-5]  [>0]
PASS    G(alpha_ub) k[1] = [-0.002 +/- 1.97e-4]  [<0]
PASS    1 - contraction (located, alb, k[2]) = [0.18664666562665330508163 +/- 1.73e-24]  [>0]
PASS    1 - contraction (located, aub, k[2]) = [0.18004135606574142602342 +/- 3.84e-24]  [>0]
PASS    G(alpha_lb) k[2] = [0.0024 +/- 7.84e-5]  [>0]
PASS    G(alpha_ub) k[2] = [-0.0022 +/- 7.10e-5]  [<0]
PASS    1 - contraction (located, alb, k[3]) = [0.18900913620103382173777 +/- 2.29e-24]  [>0]
PASS    1 - contraction (located, aub, k[3]) = [0.18461536519828969322848 +/- 3.30e-24]  [>0]
PASS    G(alpha_lb) k[3] = [0.002 +/- 4.06e-4]  [>0]
PASS    G(alpha_ub) k[3] = [-0.0023 +/- 6.67e-5]  [<0]
PASS    1 - contraction (located, alb, k[4]) = [0.18893519202370321296663 +/- 2.64e-24]  [>0]
PASS    1 - contraction (located, aub, k[4]) = [0.18454102485004663495730 +/- 1.67e-24]  [>0]
PASS    G(alpha_lb) k[4] = [0.0023 +/- 7.52e-5]  [>0]
PASS    G(alpha_ub) k[4] = [-0.0024 +/- 9.34e-5]  [<0]
PASS    1 - contraction (located, alb, k[5]) = [0.18621926218325972420009 +/- 4.85e-24]  [>0]
PASS    1 - contraction (located, aub, k[5]) = [0.18175518131896712562242 +/- 3.42e-24]  [>0]
PASS    G(alpha_lb) k[5] = [0.0022 +/- 6.11e-5]  [>0]
PASS    G(alpha_ub) k[5] = [-0.0024 +/- 9.01e-5]  [<0]
PASS    1 - contraction (located, alb, k[6]) = [0.18623075035802777160566 +/- 5.76e-24]  [>0]
PASS    1 - contraction (located, aub, k[6]) = [0.18176692299343441669798 +/- 1.34e-24]  [>0]
PASS    G(alpha_lb) k[6] = [0.0021 +/- 8.86e-5]  [>0]
PASS    G(alpha_ub) k[6] = [-0.0025 +/- 6.34e-5]  [<0]
PASS    1 - contraction (located, alb, k[7]) = [0.18624225615925904178492 +/- 2.29e-24]  [>0]
PASS    1 - contraction (located, aub, k[7]) = [0.17962931858516523594596 +/- 4.30e-24]  [>0]
PASS    G(alpha_lb) k[7] = [0.0021 +/- 9.35e-5]  [>0]
PASS    G(alpha_ub) k[7] = [-0.0026 +/- 7.52e-5]  [<0]
PASS    1 - amp-works = [+/- 0.554]  [>0]
PASS    lambda(z_hat) = [-0.2 +/- 0.0795]  [<0]
  -> PASS
slab 10: kappa [0.145000, 0.145500]
PASS    alpha_c - alpha_ub (Nakajima premise) = [0.321 +/- 6.25e-4]  [>0]
PASS    inward lo alpha[0] = [+/- 1.36e-3]  [>0]
PASS    inward hi alpha[0] = [+/- 2.06e-3]  [>0]
PASS    inward lo alpha[1] = [+/- 1.47e-3]  [>0]
PASS    inward hi alpha[1] = [+/- 1.96e-3]  [>0]
PASS    inward lo alpha[2] = [0.001 +/- 5.66e-4]  [>0]
PASS    inward hi alpha[2] = [0.001 +/- 8.55e-4]  [>0]
PASS    inward lo alpha[3] = [0.001 +/- 6.69e-4]  [>0]
PASS    inward hi alpha[3] = [0.001 +/- 7.53e-4]  [>0]
PASS    inward lo alpha[4] = [0.001 +/- 7.71e-4]  [>0]
PASS    inward hi alpha[4] = [0.001 +/- 6.51e-4]  [>0]
PASS    inward lo alpha[5] = [0.001 +/- 8.74e-4]  [>0]
PASS    inward hi alpha[5] = [0.001 +/- 5.49e-4]  [>0]
PASS    inward lo alpha[6] = [+/- 1.98e-3]  [>0]
PASS    inward hi alpha[6] = [+/- 1.45e-3]  [>0]
PASS    inward lo alpha[7] = [+/- 2.08e-3]  [>0]
PASS    inward hi alpha[7] = [+/- 1.35e-3]  [>0]
PASS    1 - contraction (located, alb, k[0]) = [0.18652269209258682211707 +/- 1.67e-24]  [>0]
PASS    1 - contraction (located, aub, k[0]) = [0.18206073042353559153870 +/- 3.61e-24]  [>0]
PASS    G(alpha_lb) k[0] = [0.0026 +/- 8.49e-5]  [>0]
PASS    G(alpha_ub) k[0] = [-0.0021 +/- 8.58e-5]  [<0]
PASS    1 - contraction (located, alb, k[1]) = [0.18653415372329762566867 +/- 3.88e-24]  [>0]
PASS    1 - contraction (located, aub, k[1]) = [0.18207245802922524671211 +/- 5.61e-24]  [>0]
PASS    G(alpha_lb) k[1] = [0.0025 +/- 5.72e-5]  [>0]
PASS    G(alpha_ub) k[1] = [-0.002 +/- 1.99e-4]  [<0]
PASS    1 - contraction (located, alb, k[2]) = [0.18654566171931776318737 +/- 4.22e-24]  [>0]
PASS    1 - contraction (located, aub, k[2]) = [0.17993860155960002692377 +/- 5.72e-24]  [>0]
PASS    G(alpha_lb) k[2] = [0.0024 +/- 7.99e-5]  [>0]
PASS    G(alpha_ub) k[2] = [-0.0022 +/- 7.25e-5]  [<0]
PASS    1 - contraction (located, alb, k[3]) = [0.18890979410207715140961 +/- 3.24e-24]  [>0]
PASS    1 - contraction (located, aub, k[3]) = [0.18451574441900187115524 +/- 5.64e-24]  [>0]
PASS    G(alpha_lb) k[3] = [0.002 +/- 4.07e-4]  [>0]
PASS    G(alpha_ub) k[3] = [-0.0023 +/- 6.52e-5]  [<0]
PASS    1 - contraction (located, alb, k[4]) = [0.18883583867948365727692 +/- 2.94e-24]  [>0]
PASS    1 - contraction (located, aub, k[4]) = [0.18444139164656227344206 +/- 1.26e-24]  [>0]
PASS    G(alpha_lb) k[4] = [0.0023 +/- 7.37e-5]  [>0]
PASS    G(alpha_ub) k[4] = [-0.0024 +/- 9.19e-5]  [<0]
PASS    1 - contraction (located, alb, k[5]) = [0.18611820908809865932479 +/- 1.39e-24]  [>0]
PASS    1 - contraction (located, aub, k[5]) = [0.18165377754737545976428 +/- 2.82e-24]  [>0]
PASS    G(alpha_lb) k[5] = [0.0022 +/- 6.26e-5]  [>0]
PASS    G(alpha_ub) k[5] = [-0.0024 +/- 9.16e-5]  [<0]
PASS    1 - contraction (located, alb, k[6]) = [0.18612969286257544461214 +/- 1.04e-24]  [>0]
PASS    1 - contraction (located, aub, k[6]) = [0.18166552854694976936644 +/- 4.62e-24]  [>0]
PASS    G(alpha_lb) k[6] = [0.0021 +/- 9.01e-5]  [>0]
PASS    G(alpha_ub) k[6] = [-0.0025 +/- 6.49e-5]  [<0]
PASS    1 - contraction (located, alb, k[7]) = [0.18614118960400434728137 +/- 5.52e-24]  [>0]
PASS    1 - contraction (located, aub, k[7]) = [0.17952648453703214133519 +/- 2.04e-24]  [>0]
PASS    G(alpha_lb) k[7] = [0.0021 +/- 9.20e-5]  [>0]
PASS    G(alpha_ub) k[7] = [-0.0026 +/- 7.37e-5]  [<0]
PASS    1 - amp-works = [+/- 0.554]  [>0]
PASS    lambda(z_hat) = [-0.2 +/- 0.0796]  [<0]
  -> PASS
slab 11: kappa [0.145500, 0.146000]
PASS    alpha_c - alpha_ub (Nakajima premise) = [0.321 +/- 5.00e-4]  [>0]
PASS    inward lo alpha[0] = [+/- 1.36e-3]  [>0]
PASS    inward hi alpha[0] = [+/- 2.06e-3]  [>0]
PASS    inward lo alpha[1] = [+/- 1.47e-3]  [>0]
PASS    inward hi alpha[1] = [+/- 1.96e-3]  [>0]
PASS    inward lo alpha[2] = [0.001 +/- 5.66e-4]  [>0]
PASS    inward hi alpha[2] = [0.001 +/- 8.55e-4]  [>0]
PASS    inward lo alpha[3] = [0.001 +/- 6.69e-4]  [>0]
PASS    inward hi alpha[3] = [0.001 +/- 7.53e-4]  [>0]
PASS    inward lo alpha[4] = [0.001 +/- 7.71e-4]  [>0]
PASS    inward hi alpha[4] = [0.001 +/- 6.51e-4]  [>0]
PASS    inward lo alpha[5] = [0.001 +/- 8.74e-4]  [>0]
PASS    inward hi alpha[5] = [0.001 +/- 5.49e-4]  [>0]
PASS    inward lo alpha[6] = [+/- 1.98e-3]  [>0]
PASS    inward hi alpha[6] = [+/- 1.45e-3]  [>0]
PASS    inward lo alpha[7] = [+/- 2.08e-3]  [>0]
PASS    inward hi alpha[7] = [+/- 1.35e-3]  [>0]
PASS    1 - contraction (located, alb, k[0]) = [0.18642168759722293262430 +/- 5.47e-24]  [>0]
PASS    1 - contraction (located, aub, k[0]) = [0.18195937521863402936237 +/- 3.61e-24]  [>0]
PASS    G(alpha_lb) k[0] = [0.0026 +/- 8.34e-5]  [>0]
PASS    G(alpha_ub) k[0] = [-0.0021 +/- 8.43e-5]  [<0]
PASS    1 - contraction (located, alb, k[1]) = [0.18643317093932719049472 +/- 1.25e-24]  [>0]
PASS    1 - contraction (located, aub, k[1]) = [0.18197110029232623417496 +/- 4.61e-24]  [>0]
PASS    G(alpha_lb) k[1] = [0.0025 +/- 5.58e-5]  [>0]
PASS    G(alpha_ub) k[1] = [-0.002 +/- 2.00e-4]  [<0]
PASS    1 - contraction (located, alb, k[2]) = [0.18644465635444090071823 +/- 1.25e-24]  [>0]
PASS    1 - contraction (located, aub, k[2]) = [0.17983585653415476197281 +/- 9.89e-25]  [>0]
PASS    G(alpha_lb) k[2] = [0.0024 +/- 8.14e-5]  [>0]
PASS    G(alpha_ub) k[2] = [-0.0022 +/- 7.40e-5]  [<0]
PASS    1 - contraction (located, alb, k[3]) = [0.18881046682355130914266 +/- 2.98e-24]  [>0]
PASS    1 - contraction (located, aub, k[3]) = [0.18441610324946597934929 +/- 4.73e-24]  [>0]
PASS    G(alpha_lb) k[3] = [0.002 +/- 4.09e-4]  [>0]
PASS    G(alpha_ub) k[3] = [-0.0023 +/- 6.37e-5]  [<0]
PASS    1 - contraction (located, alb, k[4]) = [0.18873649347121567533817 +/- 2.38e-24]  [>0]
PASS    1 - contraction (located, aub, k[4]) = [0.18434172812019282517236 +/- 2.88e-24]  [>0]
PASS    G(alpha_lb) k[4] = [0.0023 +/- 7.22e-5]  [>0]
PASS    G(alpha_ub) k[4] = [-0.0024 +/- 9.04e-5]  [<0]
PASS    1 - contraction (located, alb, k[5]) = [0.18601712403245471197031 +/- 4.03e-24]  [>0]
PASS    1 - contraction (located, aub, k[5]) = [0.18155234599283840328957 +/- 5.72e-24]  [>0]
PASS    G(alpha_lb) k[5] = [0.0022 +/- 6.41e-5]  [>0]
PASS    G(alpha_ub) k[5] = [-0.0024 +/- 9.31e-5]  [<0]
PASS    1 - contraction (located, alb, k[6]) = [0.18602863253601480984112 +/- 2.06e-24]  [>0]
PASS    1 - contraction (located, aub, k[6]) = [0.18156408559581798509069 +/- 1.91e-24]  [>0]
PASS    G(alpha_lb) k[6] = [0.0021 +/- 9.16e-5]  [>0]
PASS    G(alpha_ub) k[6] = [-0.0025 +/- 6.64e-5]  [<0]
PASS    1 - contraction (located, alb, k[7]) = [0.18604012090704275104190 +/- 2.44e-24]  [>0]
PASS    1 - contraction (located, aub, k[7]) = [0.17942361836621592707972 +/- 8.63e-25]  [>0]
PASS    G(alpha_lb) k[7] = [0.0021 +/- 9.05e-5]  [>0]
PASS    G(alpha_ub) k[7] = [-0.0026 +/- 7.22e-5]  [<0]
PASS    1 - amp-works = [+/- 0.554]  [>0]
PASS    lambda(z_hat) = [-0.2 +/- 0.0796]  [<0]
  -> PASS
slab 12: kappa [0.146000, 0.146500]
PASS    alpha_c - alpha_ub (Nakajima premise) = [0.321 +/- 8.39e-4]  [>0]
PASS    inward lo alpha[0] = [+/- 1.36e-3]  [>0]
PASS    inward hi alpha[0] = [+/- 2.06e-3]  [>0]
PASS    inward lo alpha[1] = [+/- 1.47e-3]  [>0]
PASS    inward hi alpha[1] = [+/- 1.96e-3]  [>0]
PASS    inward lo alpha[2] = [0.001 +/- 5.66e-4]  [>0]
PASS    inward hi alpha[2] = [0.001 +/- 8.55e-4]  [>0]
PASS    inward lo alpha[3] = [0.001 +/- 6.68e-4]  [>0]
PASS    inward hi alpha[3] = [0.001 +/- 7.53e-4]  [>0]
PASS    inward lo alpha[4] = [0.001 +/- 7.71e-4]  [>0]
PASS    inward hi alpha[4] = [0.001 +/- 6.51e-4]  [>0]
PASS    inward lo alpha[5] = [0.001 +/- 8.74e-4]  [>0]
PASS    inward hi alpha[5] = [0.001 +/- 5.49e-4]  [>0]
PASS    inward lo alpha[6] = [+/- 1.98e-3]  [>0]
PASS    inward hi alpha[6] = [+/- 1.45e-3]  [>0]
PASS    inward lo alpha[7] = [+/- 2.08e-3]  [>0]
PASS    inward hi alpha[7] = [+/- 1.35e-3]  [>0]
PASS    1 - contraction (located, alb, k[0]) = [0.18434452180793585092312 +/- 1.64e-24]  [>0]
PASS    1 - contraction (located, aub, k[0]) = [0.18185799882092263178951 +/- 3.96e-24]  [>0]
PASS    G(alpha_lb) k[0] = [0.0026 +/- 8.26e-5]  [>0]
PASS    G(alpha_ub) k[0] = [-0.0021 +/- 8.28e-5]  [<0]
PASS    1 - contraction (located, alb, k[1]) = [0.18633214448490289920646 +/- 2.55e-24]  [>0]
PASS    1 - contraction (located, aub, k[1]) = [0.18186973235455946254305 +/- 3.69e-24]  [>0]
PASS    G(alpha_lb) k[1] = [0.0025 +/- 5.52e-5]  [>0]
PASS    G(alpha_ub) k[1] = [-0.002 +/- 2.02e-4]  [<0]
PASS    1 - contraction (located, alb, k[2]) = [0.18634364523357355005258 +/- 2.10e-24]  [>0]
PASS    1 - contraction (located, aub, k[2]) = [0.17973312005514117969307 +/- 5.21e-24]  [>0]
PASS    G(alpha_lb) k[2] = [0.0024 +/- 8.29e-5]  [>0]
PASS    G(alpha_ub) k[2] = [-0.0022 +/- 7.55e-5]  [<0]
PASS    1 - contraction (located, alb, k[3]) = [0.18871108556418364356081 +/- 3.37e-24]  [>0]
PASS    1 - contraction (located, aub, k[3]) = [0.18431646080776323135347 +/- 4.92e-24]  [>0]
PASS    G(alpha_lb) k[3] = [0.002 +/- 4.10e-4]  [>0]
PASS    G(alpha_ub) k[3] = [-0.0023 +/- 6.22e-5]  [<0]
PASS    1 - contraction (located, alb, k[4]) = [0.18863711406306353008135 +/- 2.25e-24]  [>0]
PASS    1 - contraction (located, aub, k[4]) = [0.18424206459698095569945 +/- 3.88e-24]  [>0]
PASS    G(alpha_lb) k[4] = [0.0023 +/- 7.07e-5]  [>0]
PASS    G(alpha_ub) k[4] = [-0.0024 +/- 8.89e-5]  [<0]
PASS    1 - contraction (located, alb, k[5]) = [0.18591602361025807798263 +/- 3.89e-24]  [>0]
PASS    1 - contraction (located, aub, k[5]) = [0.18145088914799688539093 +/- 4.42e-24]  [>0]
PASS    G(alpha_lb) k[5] = [0.0022 +/- 6.56e-5]  [>0]
PASS    G(alpha_ub) k[5] = [-0.0024 +/- 9.46e-5]  [<0]
PASS    1 - contraction (located, alb, k[6]) = [0.18592752880019883095796 +/- 4.41e-24]  [>0]
PASS    1 - contraction (located, aub, k[6]) = [0.18146263947046247448052 +/- 4.93e-24]  [>0]
PASS    G(alpha_lb) k[6] = [0.0021 +/- 9.31e-5]  [>0]
PASS    G(alpha_ub) k[6] = [-0.0025 +/- 6.79e-5]  [<0]
PASS    1 - contraction (located, alb, k[7]) = [0.18593904832065563559863 +/- 2.75e-24]  [>0]
PASS    1 - contraction (located, aub, k[7]) = [0.17932078880719179195785 +/- 5.13e-24]  [>0]
PASS    G(alpha_lb) k[7] = [0.0021 +/- 8.90e-5]  [>0]
PASS    G(alpha_ub) k[7] = [-0.0026 +/- 7.07e-5]  [<0]
PASS    1 - amp-works = [+/- 0.554]  [>0]
PASS    lambda(z_hat) = [-0.2 +/- 0.0797]  [<0]
  -> PASS
slab 13: kappa [0.146500, 0.147000]
PASS    alpha_c - alpha_ub (Nakajima premise) = [0.320 +/- 6.06e-4]  [>0]
PASS    inward lo alpha[0] = [+/- 1.36e-3]  [>0]
PASS    inward hi alpha[0] = [+/- 2.06e-3]  [>0]
PASS    inward lo alpha[1] = [+/- 1.47e-3]  [>0]
PASS    inward hi alpha[1] = [+/- 1.96e-3]  [>0]
PASS    inward lo alpha[2] = [0.001 +/- 5.65e-4]  [>0]
PASS    inward hi alpha[2] = [0.001 +/- 8.55e-4]  [>0]
PASS    inward lo alpha[3] = [0.001 +/- 6.68e-4]  [>0]
PASS    inward hi alpha[3] = [0.001 +/- 7.53e-4]  [>0]
PASS    inward lo alpha[4] = [0.001 +/- 7.71e-4]  [>0]
PASS    inward hi alpha[4] = [0.001 +/- 6.50e-4]  [>0]
PASS    inward lo alpha[5] = [0.001 +/- 8.74e-4]  [>0]
PASS    inward hi alpha[5] = [0.001 +/- 5.49e-4]  [>0]
PASS    inward lo alpha[6] = [+/- 1.98e-3]  [>0]
PASS    inward hi alpha[6] = [+/- 1.45e-3]  [>0]
PASS    inward lo alpha[7] = [+/- 2.08e-3]  [>0]
PASS    inward hi alpha[7] = [+/- 1.35e-3]  [>0]
PASS    1 - contraction (located, alb, k[0]) = [0.18424215600369402770260 +/- 1.34e-24]  [>0]
PASS    1 - contraction (located, aub, k[0]) = [0.18175666501019790576499 +/- 4.81e-24]  [>0]
PASS    G(alpha_lb) k[0] = [0.0026 +/- 8.11e-5]  [>0]
PASS    G(alpha_ub) k[0] = [-0.0021 +/- 8.13e-5]  [<0]
PASS    1 - contraction (located, alb, k[1]) = [0.18623115310234950801313 +/- 1.80e-24]  [>0]
PASS    1 - contraction (located, aub, k[1]) = [0.18176839693391471063423 +/- 4.87e-24]  [>0]
PASS    G(alpha_lb) k[1] = [0.0025 +/- 5.67e-5]  [>0]
PASS    G(alpha_ub) k[1] = [-0.002 +/- 2.03e-4]  [<0]
PASS    1 - contraction (located, alb, k[2]) = [0.18624263799004465752695 +/- 1.83e-24]  [>0]
PASS    1 - contraction (located, aub, k[2]) = [0.17963030829135067241860 +/- 1.28e-24]  [>0]
PASS    G(alpha_lb) k[2] = [0.0024 +/- 8.44e-5]  [>0]
PASS    G(alpha_ub) k[2] = [-0.0022 +/- 7.71e-5]  [<0]
PASS    1 - contraction (located, alb, k[3]) = [0.18861173504885755301667 +/- 8.70e-25]  [>0]
PASS    1 - contraction (located, aub, k[3]) = [0.18421679247842399294908 +/- 5.47e-24]  [>0]
PASS    G(alpha_lb) k[3] = [0.002 +/- 4.12e-4]  [>0]
PASS    G(alpha_ub) k[3] = [-0.0023 +/- 6.07e-5]  [<0]
PASS    1 - contraction (located, alb, k[4]) = [0.18853775099286312047019 +/- 4.07e-24]  [>0]
PASS    1 - contraction (located, aub, k[4]) = [0.18414241976568450048002 +/- 1.69e-24]  [>0]
PASS    G(alpha_lb) k[4] = [0.0023 +/- 6.92e-5]  [>0]
PASS    G(alpha_ub) k[4] = [-0.0024 +/- 8.74e-5]  [<0]
PASS    1 - contraction (located, alb, k[5]) = [0.18581492329851845140980 +/- 1.63e-24]  [>0]
PASS    1 - contraction (located, aub, k[5]) = [0.18134944020336928220081 +/- 4.78e-24]  [>0]
PASS    G(alpha_lb) k[5] = [0.0022 +/- 6.71e-5]  [>0]
PASS    G(alpha_ub) k[5] = [-0.002 +/- 4.97e-4]  [<0]
PASS    1 - contraction (located, alb, k[6]) = [0.18582642395356622352704 +/- 5.56e-24]  [>0]
PASS    1 - contraction (located, aub, k[6]) = [0.18136119391119749247197 +/- 5.57e-24]  [>0]
PASS    G(alpha_lb) k[6] = [0.0021 +/- 9.46e-5]  [>0]
PASS    G(alpha_ub) k[6] = [-0.0025 +/- 6.94e-5]  [<0]
PASS    1 - contraction (located, alb, k[7]) = [0.18583791461964832922521 +/- 3.41e-24]  [>0]
PASS    1 - contraction (located, aub, k[7]) = [0.17921792308483467658505 +/- 5.33e-24]  [>0]
PASS    G(alpha_lb) k[7] = [0.0021 +/- 8.75e-5]  [>0]
PASS    G(alpha_ub) k[7] = [-0.0026 +/- 6.92e-5]  [<0]
PASS    1 - amp-works = [+/- 0.554]  [>0]
PASS    lambda(z_hat) = [-0.2 +/- 0.0798]  [<0]
  -> PASS
slab 14: kappa [0.147000, 0.147500]
PASS    alpha_c - alpha_ub (Nakajima premise) = [0.320 +/- 5.16e-4]  [>0]
PASS    inward lo alpha[0] = [+/- 1.36e-3]  [>0]
PASS    inward hi alpha[0] = [+/- 2.06e-3]  [>0]
PASS    inward lo alpha[1] = [+/- 1.47e-3]  [>0]
PASS    inward hi alpha[1] = [+/- 1.96e-3]  [>0]
PASS    inward lo alpha[2] = [0.001 +/- 5.65e-4]  [>0]
PASS    inward hi alpha[2] = [0.001 +/- 8.55e-4]  [>0]
PASS    inward lo alpha[3] = [0.001 +/- 6.68e-4]  [>0]
PASS    inward hi alpha[3] = [0.001 +/- 7.52e-4]  [>0]
PASS    inward lo alpha[4] = [0.001 +/- 7.71e-4]  [>0]
PASS    inward hi alpha[4] = [0.001 +/- 6.50e-4]  [>0]
PASS    inward lo alpha[5] = [0.001 +/- 8.74e-4]  [>0]
PASS    inward hi alpha[5] = [0.001 +/- 5.48e-4]  [>0]
PASS    inward lo alpha[6] = [+/- 1.98e-3]  [>0]
PASS    inward hi alpha[6] = [+/- 1.45e-3]  [>0]
PASS    inward lo alpha[7] = [+/- 2.08e-3]  [>0]
PASS    inward hi alpha[7] = [+/- 1.35e-3]  [>0]
PASS    1 - contraction (located, alb, k[0]) = [0.18413981530830889334677 +/- 1.78e-24]  [>0]
PASS    1 - contraction (located, aub, k[0]) = [0.18165525950646008527798 +/- 5.47e-24]  [>0]
PASS    G(alpha_lb) k[0] = [0.0026 +/- 7.97e-5]  [>0]
PASS    G(alpha_ub) k[0] = [-0.0021 +/- 7.97e-5]  [<0]
PASS    1 - contraction (located, alb, k[1]) = [0.18613010461796792236236 +/- 4.72e-24]  [>0]
PASS    1 - contraction (located, aub, k[1]) = [0.18166699615845211480473 +/- 5.21e-24]  [>0]
PASS    G(alpha_lb) k[1] = [0.0025 +/- 5.82e-5]  [>0]
PASS    G(alpha_ub) k[1] = [-0.002 +/- 2.05e-4]  [<0]
PASS    1 - contraction (located, alb, k[2]) = [0.18614158853131921268601 +/- 4.01e-24]  [>0]
PASS    1 - contraction (located, aub, k[2]) = [0.17952754079558935113024 +/- 2.81e-24]  [>0]
PASS    G(alpha_lb) k[2] = [0.0024 +/- 8.59e-5]  [>0]
PASS    G(alpha_ub) k[2] = [-0.0022 +/- 7.86e-5]  [<0]
PASS    1 - contraction (located, alb, k[3]) = [0.18851236915562942491843 +/- 1.24e-24]  [>0]
PASS    1 - contraction (located, aub, k[3]) = [0.18411713287762203021524 +/- 5.74e-24]  [>0]
PASS    G(alpha_lb) k[3] = [0.002 +/- 4.13e-4]  [>0]
PASS    G(alpha_ub) k[3] = [-0.0023 +/- 5.91e-5]  [<0]
PASS    1 - contraction (located, alb, k[4]) = [0.18843838328125971877555 +/- 5.13e-24]  [>0]
PASS    1 - contraction (located, aub, k[4]) = [0.18404275819528969212840 +/- 4.94e-24]  [>0]
PASS    G(alpha_lb) k[4] = [0.0023 +/- 6.78e-5]  [>0]
PASS    G(alpha_ub) k[4] = [-0.0024 +/- 8.59e-5]  [<0]
PASS    1 - contraction (located, alb, k[5]) = [0.18571380003840070415010 +/- 3.01e-24]  [>0]
PASS    1 - contraction (located, aub, k[5]) = [0.18124797891414834328141 +/- 9.25e-25]  [>0]
PASS    G(alpha_lb) k[5] = [0.0022 +/- 6.86e-5]  [>0]
PASS    G(alpha_ub) k[5] = [-0.002 +/- 4.98e-4]  [<0]
PASS    1 - contraction (located, alb, k[6]) = [0.18572531302477827974102 +/- 1.34e-24]  [>0]
PASS    1 - contraction (located, aub, k[6]) = [0.18125973432354226090973 +/- 3.70e-24]  [>0]
PASS    G(alpha_lb) k[6] = [0.002 +/- 1.97e-4]  [>0]
PASS    G(alpha_ub) k[6] = [-0.0025 +/- 7.09e-5]  [<0]
PASS    1 - contraction (located, alb, k[7]) = [0.18573680888774332250750 +/- 1.65e-24]  [>0]
PASS    1 - contraction (located, aub, k[7]) = [0.17911506652783616929515 +/- 2.17e-24]  [>0]
PASS    G(alpha_lb) k[7] = [0.0021 +/- 8.60e-5]  [>0]
PASS    G(alpha_ub) k[7] = [-0.0026 +/- 6.77e-5]  [<0]
PASS    1 - amp-works = [+/- 0.554]  [>0]
PASS    lambda(z_hat) = [-0.2 +/- 0.0799]  [<0]
  -> PASS
slab 15: kappa [0.147500, 0.148000]
PASS    alpha_c - alpha_ub (Nakajima premise) = [0.320 +/- 8.53e-4]  [>0]
PASS    inward lo alpha[0] = [+/- 1.36e-3]  [>0]
PASS    inward hi alpha[0] = [+/- 2.06e-3]  [>0]
PASS    inward lo alpha[1] = [+/- 1.47e-3]  [>0]
PASS    inward hi alpha[1] = [+/- 1.96e-3]  [>0]
PASS    inward lo alpha[2] = [0.001 +/- 5.65e-4]  [>0]
PASS    inward hi alpha[2] = [0.001 +/- 8.55e-4]  [>0]
PASS    inward lo alpha[3] = [0.001 +/- 6.68e-4]  [>0]
PASS    inward hi alpha[3] = [0.001 +/- 7.52e-4]  [>0]
PASS    inward lo alpha[4] = [0.001 +/- 7.71e-4]  [>0]
PASS    inward hi alpha[4] = [0.001 +/- 6.50e-4]  [>0]
PASS    inward lo alpha[5] = [0.001 +/- 8.74e-4]  [>0]
PASS    inward hi alpha[5] = [0.001 +/- 5.48e-4]  [>0]
PASS    inward lo alpha[6] = [+/- 1.98e-3]  [>0]
PASS    inward hi alpha[6] = [+/- 1.45e-3]  [>0]
PASS    inward lo alpha[7] = [+/- 2.08e-3]  [>0]
PASS    inward hi alpha[7] = [+/- 1.35e-3]  [>0]
PASS    1 - contraction (located, alb, k[0]) = [0.18403739172153686913423 +/- 5.18e-24]  [>0]
PASS    1 - contraction (located, aub, k[0]) = [0.18155387212064886614251 +/- 1.91e-24]  [>0]
PASS    G(alpha_lb) k[0] = [0.0026 +/- 7.82e-5]  [>0]
PASS    G(alpha_ub) k[0] = [-0.0021 +/- 7.82e-5]  [<0]
PASS    1 - contraction (located, alb, k[1]) = [0.18602910180085053954132 +/- 1.77e-24]  [>0]
PASS    1 - contraction (located, aub, k[1]) = [0.18156559830164518538942 +/- 4.69e-24]  [>0]
PASS    G(alpha_lb) k[1] = [0.0025 +/- 5.97e-5]  [>0]
PASS    G(alpha_ub) k[1] = [-0.002 +/- 2.07e-4]  [<0]
PASS    1 - contraction (located, alb, k[2]) = [0.18604057684233533557514 +/- 2.86e-24]  [>0]
PASS    1 - contraction (located, aub, k[2]) = [0.17942475602048585025274 +/- 3.53e-24]  [>0]
PASS    G(alpha_lb) k[2] = [0.0024 +/- 8.74e-5]  [>0]
PASS    G(alpha_ub) k[2] = [-0.0022 +/- 8.01e-5]  [<0]
PASS    1 - contraction (located, alb, k[3]) = [0.18841296933110281014397 +/- 3.97e-24]  [>0]
PASS    1 - contraction (located, aub, k[3]) = [0.18401748497681380668125 +/- 3.35e-24]  [>0]
PASS    G(alpha_lb) k[3] = [0.0024 +/- 9.38e-5]  [>0]
PASS    G(alpha_ub) k[3] = [-0.0023 +/- 5.76e-5]  [<0]
PASS    1 - contraction (located, alb, k[4]) = [0.18833895700905286185871 +/- 3.34e-24]  [>0]
PASS    1 - contraction (located, aub, k[4]) = [0.18394305891298445645512 +/- 3.37e-24]  [>0]
PASS    G(alpha_lb) k[4] = [0.0023 +/- 6.63e-5]  [>0]
PASS    G(alpha_ub) k[4] = [-0.0024 +/- 8.44e-5]  [<0]
PASS    1 - contraction (located, alb, k[5]) = [0.18362753287122081493887 +/- 3.73e-24]  [>0]
PASS    1 - contraction (located, aub, k[5]) = [0.18114653818582599096447 +/- 5.40e-24]  [>0]
PASS    G(alpha_lb) k[5] = [0.0022 +/- 7.08e-5]  [>0]
PASS    G(alpha_ub) k[5] = [-0.002 +/- 5.00e-4]  [<0]
PASS    1 - contraction (located, alb, k[6]) = [0.18562420460142879747308 +/- 2.56e-24]  [>0]
PASS    1 - contraction (located, aub, k[6]) = [0.18115829178623128755553 +/- 2.96e-24]  [>0]
PASS    G(alpha_lb) k[6] = [0.002 +/- 1.98e-4]  [>0]
PASS    G(alpha_ub) k[6] = [-0.0025 +/- 7.25e-5]  [<0]
PASS    1 - contraction (located, alb, k[7]) = [0.18563573083500445506941 +/- 5.63e-24]  [>0]
PASS    1 - contraction (located, aub, k[7]) = [0.17901218280073055862658 +/- 3.41e-24]  [>0]
PASS    G(alpha_lb) k[7] = [0.0021 +/- 8.45e-5]  [>0]
PASS    G(alpha_ub) k[7] = [-0.0026 +/- 6.62e-5]  [<0]
PASS    1 - amp-works = [+/- 0.554]  [>0]
PASS    lambda(z_hat) = [-0.2 +/- 0.0800]  [<0]
  -> PASS
slab 16: kappa [0.148000, 0.148500]
PASS    alpha_c - alpha_ub (Nakajima premise) = [0.319 +/- 5.91e-4]  [>0]
PASS    inward lo alpha[0] = [+/- 1.36e-3]  [>0]
PASS    inward hi alpha[0] = [+/- 2.06e-3]  [>0]
PASS    inward lo alpha[1] = [+/- 1.47e-3]  [>0]
PASS    inward hi alpha[1] = [+/- 1.96e-3]  [>0]
PASS    inward lo alpha[2] = [0.001 +/- 5.65e-4]  [>0]
PASS    inward hi alpha[2] = [0.001 +/- 8.54e-4]  [>0]
PASS    inward lo alpha[3] = [0.001 +/- 6.68e-4]  [>0]
PASS    inward hi alpha[3] = [0.001 +/- 7.52e-4]  [>0]
PASS    inward lo alpha[4] = [0.001 +/- 7.71e-4]  [>0]
PASS    inward hi alpha[4] = [0.001 +/- 6.50e-4]  [>0]
PASS    inward lo alpha[5] = [0.001 +/- 8.74e-4]  [>0]
PASS    inward hi alpha[5] = [0.001 +/- 5.48e-4]  [>0]
PASS    inward lo alpha[6] = [+/- 1.98e-3]  [>0]
PASS    inward hi alpha[6] = [+/- 1.45e-3]  [>0]
PASS    inward lo alpha[7] = [+/- 2.08e-3]  [>0]
PASS    inward hi alpha[7] = [+/- 1.35e-3]  [>0]
PASS    1 - contraction (located, alb, k[0]) = [0.18393504220298658299312 +/- 1.36e-24]  [>0]
PASS    1 - contraction (located, aub, k[0]) = [0.18145246994900963347141 +/- 1.54e-24]  [>0]
PASS    G(alpha_lb) k[0] = [0.0026 +/- 7.67e-5]  [>0]
PASS    G(alpha_ub) k[0] = [-0.0021 +/- 7.67e-5]  [<0]
PASS    1 - contraction (located, alb, k[1]) = [0.18592804329124890910531 +/- 4.20e-24]  [>0]
PASS    1 - contraction (located, aub, k[1]) = [0.18146421446151229842157 +/- 3.11e-24]  [>0]
PASS    G(alpha_lb) k[1] = [0.0025 +/- 6.12e-5]  [>0]
PASS    G(alpha_ub) k[1] = [-0.002 +/- 2.08e-4]  [<0]
PASS    1 - contraction (located, alb, k[2]) = [0.18593953081694893991132 +/- 5.15e-24]  [>0]
PASS    1 - contraction (located, aub, k[2]) = [0.17932195912482940845103 +/- 4.56e-24]  [>0]
PASS    G(alpha_lb) k[2] = [0.0024 +/- 8.89e-5]  [>0]
PASS    G(alpha_ub) k[2] = [-0.0022 +/- 8.16e-5]  [<0]
PASS    1 - contraction (located, alb, k[3]) = [0.18831360660685808335063 +/- 2.23e-24]  [>0]
PASS    1 - contraction (located, aub, k[3]) = [0.18391778387835363392215 +/- 2.73e-24]  [>0]
PASS    G(alpha_lb) k[3] = [0.0024 +/- 9.23e-5]  [>0]
PASS    G(alpha_ub) k[3] = [-0.0023 +/- 5.61e-5]  [<0]
PASS    1 - contraction (located, alb, k[4]) = [0.18823956954716777921325 +/- 5.78e-24]  [>0]
PASS    1 - contraction (located, aub, k[4]) = [0.17899207475827430408434 +/- 4.91e-24]  [>0]
PASS    G(alpha_lb) k[4] = [0.0023 +/- 6.48e-5]  [>0]
PASS    G(alpha_ub) k[4] = [-0.0024 +/- 8.46e-5]  [<0]
PASS    1 - contraction (located, alb, k[5]) = [0.18352507598261520067837 +/- 2.35e-24]  [>0]
PASS    1 - contraction (located, aub, k[5]) = [0.18104502158477826271755 +/- 1.15e-24]  [>0]
PASS    G(alpha_lb) k[5] = [0.0022 +/- 7.23e-5]  [>0]
PASS    G(alpha_ub) k[5] = [-0.002 +/- 5.01e-4]  [<0]
PASS    1 - contraction (located, alb, k[6]) = [0.18552309594185536784829 +/- 2.05e-24]  [>0]
PASS    1 - contraction (located, aub, k[6]) = [0.18105678596442932750806 +/- 3.82e-24]  [>0]
PASS    G(alpha_lb) k[6] = [0.002 +/- 2.00e-4]  [>0]
PASS    G(alpha_ub) k[6] = [-0.0025 +/- 7.40e-5]  [<0]
PASS    1 - contraction (located, alb, k[7]) = [0.18553460715658073596810 +/- 4.84e-24]  [>0]
PASS    1 - contraction (located, aub, k[7]) = [0.17890932186935194404416 +/- 1.40e-24]  [>0]
PASS    G(alpha_lb) k[7] = [0.0021 +/- 8.30e-5]  [>0]
PASS    G(alpha_ub) k[7] = [-0.0026 +/- 6.47e-5]  [<0]
PASS    1 - amp-works = [+/- 0.554]  [>0]
PASS    lambda(z_hat) = [-0.2 +/- 0.0801]  [<0]
  -> PASS
slab 17: kappa [0.148500, 0.149000]
PASS    alpha_c - alpha_ub (Nakajima premise) = [0.319 +/- 5.28e-4]  [>0]
PASS    inward lo alpha[0] = [+/- 1.36e-3]  [>0]
PASS    inward hi alpha[0] = [+/- 2.06e-3]  [>0]
PASS    inward lo alpha[1] = [+/- 1.47e-3]  [>0]
PASS    inward hi alpha[1] = [+/- 1.96e-3]  [>0]
PASS    inward lo alpha[2] = [0.001 +/- 5.65e-4]  [>0]
PASS    inward hi alpha[2] = [0.001 +/- 8.54e-4]  [>0]
PASS    inward lo alpha[3] = [0.001 +/- 6.68e-4]  [>0]
PASS    inward hi alpha[3] = [0.001 +/- 7.52e-4]  [>0]
PASS    inward lo alpha[4] = [0.001 +/- 7.71e-4]  [>0]
PASS    inward hi alpha[4] = [0.001 +/- 6.50e-4]  [>0]
PASS    inward lo alpha[5] = [0.001 +/- 8.74e-4]  [>0]
PASS    inward hi alpha[5] = [0.001 +/- 5.48e-4]  [>0]
PASS    inward lo alpha[6] = [+/- 1.98e-3]  [>0]
PASS    inward hi alpha[6] = [+/- 1.45e-3]  [>0]
PASS    inward lo alpha[7] = [+/- 2.08e-3]  [>0]
PASS    inward hi alpha[7] = [+/- 1.35e-3]  [>0]
PASS    1 - contraction (located, alb, k[0]) = [0.18383267441936740539709 +/- 2.50e-24]  [>0]
PASS    1 - contraction (located, aub, k[0]) = [0.18135109287035014989997 +/- 2.81e-24]  [>0]
PASS    G(alpha_lb) k[0] = [0.0026 +/- 7.52e-5]  [>0]
PASS    G(alpha_ub) k[0] = [-0.0021 +/- 7.52e-5]  [<0]
PASS    1 - contraction (located, alb, k[1]) = [0.18582701055062534940966 +/- 2.57e-24]  [>0]
PASS    1 - contraction (located, aub, k[1]) = [0.18136283275827149478893 +/- 3.26e-24]  [>0]
PASS    G(alpha_lb) k[1] = [0.0025 +/- 6.27e-5]  [>0]
PASS    G(alpha_ub) k[1] = [-0.002 +/- 2.10e-4]  [<0]
PASS    1 - contraction (located, alb, k[2]) = [0.18583850649739641475141 +/- 1.58e-24]  [>0]
PASS    1 - contraction (located, aub, k[2]) = [0.17921917015881793444482 +/- 5.23e-24]  [>0]
PASS    G(alpha_lb) k[2] = [0.0024 +/- 9.04e-5]  [>0]
PASS    G(alpha_ub) k[2] = [-0.0022 +/- 8.31e-5]  [<0]
PASS    1 - contraction (located, alb, k[3]) = [0.18821420607785908425178 +/- 5.13e-24]  [>0]
PASS    1 - contraction (located, aub, k[3]) = [0.18381811309014972310883 +/- 5.62e-24]  [>0]
PASS    G(alpha_lb) k[3] = [0.0024 +/- 9.08e-5]  [>0]
PASS    G(alpha_ub) k[3] = [-0.0023 +/- 5.48e-5]  [<0]
PASS    1 - contraction (located, alb, k[4]) = [0.18814015378006112088378 +/- 1.87e-24]  [>0]
PASS    1 - contraction (located, aub, k[4]) = [0.17888921997501123293034 +/- 1.84e-24]  [>0]
PASS    G(alpha_lb) k[4] = [0.0023 +/- 6.33e-5]  [>0]
PASS    G(alpha_ub) k[4] = [-0.0024 +/- 8.31e-5]  [<0]
PASS    1 - contraction (located, alb, k[5]) = [0.18342260938768502203829 +/- 4.90e-24]  [>0]
PASS    1 - contraction (located, aub, k[5]) = [0.18094355157058675877752 +/- 2.54e-24]  [>0]
PASS    G(alpha_lb) k[5] = [0.0022 +/- 7.39e-5]  [>0]
PASS    G(alpha_ub) k[5] = [-0.002 +/- 5.03e-4]  [<0]
PASS    1 - contraction (located, alb, k[6]) = [0.18542196511086145145172 +/- 2.88e-24]  [>0]
PASS    1 - contraction (located, aub, k[6]) = [0.18095531589700578768768 +/- 3.06e-24]  [>0]
PASS    G(alpha_lb) k[6] = [0.002 +/- 2.01e-4]  [>0]
PASS    G(alpha_ub) k[6] = [-0.0025 +/- 7.55e-5]  [<0]
PASS    1 - contraction (located, alb, k[7]) = [0.18543348105116240674482 +/- 3.38e-24]  [>0]
PASS    1 - contraction (located, aub, k[7]) = [0.17880641449858634047598 +/- 3.71e-24]  [>0]
PASS    G(alpha_lb) k[7] = [0.0021 +/- 8.15e-5]  [>0]
PASS    G(alpha_ub) k[7] = [-0.0026 +/- 6.32e-5]  [<0]
PASS    1 - amp-works = [+/- 0.555]  [>0]
PASS    lambda(z_hat) = [-0.2 +/- 0.0802]  [<0]
  -> PASS
slab 18: kappa [0.149000, 0.149500]
PASS    alpha_c - alpha_ub (Nakajima premise) = [0.319 +/- 8.65e-4]  [>0]
PASS    inward lo alpha[0] = [+/- 1.36e-3]  [>0]
PASS    inward hi alpha[0] = [+/- 2.06e-3]  [>0]
PASS    inward lo alpha[1] = [+/- 1.47e-3]  [>0]
PASS    inward hi alpha[1] = [+/- 1.96e-3]  [>0]
PASS    inward lo alpha[2] = [0.001 +/- 5.64e-4]  [>0]
PASS    inward hi alpha[2] = [0.001 +/- 8.54e-4]  [>0]
PASS    inward lo alpha[3] = [0.001 +/- 6.67e-4]  [>0]
PASS    inward hi alpha[3] = [0.001 +/- 7.52e-4]  [>0]
PASS    inward lo alpha[4] = [0.001 +/- 7.71e-4]  [>0]
PASS    inward hi alpha[4] = [0.001 +/- 6.50e-4]  [>0]
PASS    inward lo alpha[5] = [0.001 +/- 8.74e-4]  [>0]
PASS    inward hi alpha[5] = [0.001 +/- 5.48e-4]  [>0]
PASS    inward lo alpha[6] = [+/- 1.98e-3]  [>0]
PASS    inward hi alpha[6] = [+/- 1.45e-3]  [>0]
PASS    inward lo alpha[7] = [+/- 2.08e-3]  [>0]
PASS    inward hi alpha[7] = [+/- 1.35e-3]  [>0]
PASS    1 - contraction (located, alb, k[0]) = [0.18373026017997896812516 +/- 5.31e-24]  [>0]
PASS    1 - contraction (located, aub, k[0]) = [0.18124965145543823242452 +/- 4.35e-24]  [>0]
PASS    G(alpha_lb) k[0] = [0.0026 +/- 7.37e-5]  [>0]
PASS    G(alpha_ub) k[0] = [-0.0021 +/- 7.37e-5]  [<0]
PASS    1 - contraction (located, alb, k[1]) = [0.18572592675677732471323 +/- 1.87e-24]  [>0]
PASS    1 - contraction (located, aub, k[1]) = [0.18126139310803415363631 +/- 4.69e-24]  [>0]
PASS    G(alpha_lb) k[1] = [0.0025 +/- 6.42e-5]  [>0]
PASS    G(alpha_ub) k[1] = [-0.002 +/- 2.11e-4]  [<0]
PASS    1 - contraction (located, alb, k[2]) = [0.18573742521689149863009 +/- 3.28e-24]  [>0]
PASS    1 - contraction (located, aub, k[2]) = [0.17911634720186840682393 +/- 8.44e-25]  [>0]
PASS    G(alpha_lb) k[2] = [0.0024 +/- 9.19e-5]  [>0]
PASS    G(alpha_ub) k[2] = [-0.0022 +/- 8.47e-5]  [<0]
PASS    1 - contraction (located, alb, k[3]) = [0.18811479404618086327076 +/- 3.29e-24]  [>0]
PASS    1 - contraction (located, aub, k[3]) = [0.18371843355054190317089 +/- 5.05e-24]  [>0]
PASS    G(alpha_lb) k[3] = [0.0024 +/- 8.93e-5]  [>0]
PASS    G(alpha_ub) k[3] = [-0.0023 +/- 5.63e-5]  [<0]
PASS    1 - contraction (located, alb, k[4]) = [0.18804072869248973497228 +/- 5.42e-24]  [>0]
PASS    1 - contraction (located, aub, k[4]) = [0.17878632097773606514711 +/- 1.90e-24]  [>0]
PASS    G(alpha_lb) k[4] = [0.0023 +/- 6.18e-5]  [>0]
PASS    G(alpha_ub) k[4] = [-0.0024 +/- 8.15e-5]  [<0]
PASS    1 - contraction (located, alb, k[5]) = [0.18332014068431906736481 +/- 4.31e-24]  [>0]
PASS    1 - contraction (located, aub, k[5]) = [0.18084205329458942608296 +/- 9.73e-25]  [>0]
PASS    G(alpha_lb) k[5] = [0.0022 +/- 7.54e-5]  [>0]
PASS    G(alpha_ub) k[5] = [-0.002 +/- 5.04e-4]  [<0]
PASS    1 - contraction (located, alb, k[6]) = [0.18532081425650973416440 +/- 5.25e-24]  [>0]
PASS    1 - contraction (located, aub, k[6]) = [0.18085382160802818808615 +/- 1.06e-24]  [>0]
PASS    G(alpha_lb) k[6] = [0.002 +/- 2.03e-4]  [>0]
PASS    G(alpha_ub) k[6] = [-0.0025 +/- 7.70e-5]  [<0]
PASS    1 - contraction (located, alb, k[7]) = [0.18533233220425453360777 +/- 4.82e-24]  [>0]
PASS    1 - contraction (located, aub, k[7]) = [0.17870352875543314352321 +/- 2.11e-24]  [>0]
PASS    G(alpha_lb) k[7] = [0.0021 +/- 8.00e-5]  [>0]
PASS    G(alpha_ub) k[7] = [-0.0026 +/- 6.17e-5]  [<0]
PASS    1 - amp-works = [+/- 0.555]  [>0]
PASS    lambda(z_hat) = [-0.2 +/- 0.0803]  [<0]
  -> PASS
slab 19: kappa [0.149500, 0.150000]
PASS    alpha_c - alpha_ub (Nakajima premise) = [0.318 +/- 5.79e-4]  [>0]
PASS    inward lo alpha[0] = [+/- 1.36e-3]  [>0]
PASS    inward hi alpha[0] = [+/- 2.06e-3]  [>0]
PASS    inward lo alpha[1] = [+/- 1.47e-3]  [>0]
PASS    inward hi alpha[1] = [+/- 1.96e-3]  [>0]
PASS    inward lo alpha[2] = [0.001 +/- 5.64e-4]  [>0]
PASS    inward hi alpha[2] = [0.001 +/- 8.54e-4]  [>0]
PASS    inward lo alpha[3] = [0.001 +/- 6.67e-4]  [>0]
PASS    inward hi alpha[3] = [0.001 +/- 7.52e-4]  [>0]
PASS    inward lo alpha[4] = [0.001 +/- 7.70e-4]  [>0]
PASS    inward hi alpha[4] = [0.001 +/- 6.50e-4]  [>0]
PASS    inward lo alpha[5] = [0.001 +/- 8.74e-4]  [>0]
PASS    inward hi alpha[5] = [0.001 +/- 5.47e-4]  [>0]
PASS    inward lo alpha[6] = [+/- 1.98e-3]  [>0]
PASS    inward hi alpha[6] = [+/- 1.45e-3]  [>0]
PASS    inward lo alpha[7] = [+/- 2.08e-3]  [>0]
PASS    inward hi alpha[7] = [+/- 1.35e-3]  [>0]
PASS    1 - contraction (located, alb, k[0]) = [0.18362784236308034959553 +/- 5.20e-24]  [>0]
PASS    1 - contraction (located, aub, k[0]) = [0.18114824805909435481027 +/- 5.74e-24]  [>0]
PASS    G(alpha_lb) k[0] = [0.0026 +/- 7.22e-5]  [>0]
PASS    G(alpha_ub) k[0] = [-0.0021 +/- 7.22e-5]  [<0]
PASS    1 - contraction (located, alb, k[1]) = [0.18562484434976561251137 +/- 3.68e-24]  [>0]
PASS    1 - contraction (located, aub, k[1]) = [0.18115999655107064839850 +/- 2.57e-24]  [>0]
PASS    G(alpha_lb) k[1] = [0.0025 +/- 6.57e-5]  [>0]
PASS    G(alpha_ub) k[1] = [-0.002 +/- 2.13e-4]  [<0]
PASS    1 - contraction (located, alb, k[2]) = [0.18563637275693564567929 +/- 3.41e-24]  [>0]
PASS    1 - contraction (located, aub, k[2]) = [0.17901351324842839599797 +/- 4.26e-24]  [>0]
PASS    G(alpha_lb) k[2] = [0.0024 +/- 9.34e-5]  [>0]
PASS    G(alpha_ub) k[2] = [-0.0022 +/- 8.62e-5]  [<0]
PASS    1 - contraction (located, alb, k[3]) = [0.18801541310165422725063 +/- 1.23e-24]  [>0]
PASS    1 - contraction (located, aub, k[3]) = [0.17253781509403319199673 +/- 2.92e-24]  [>0]
PASS    G(alpha_lb) k[3] = [0.0024 +/- 8.78e-5]  [>0]
PASS    G(alpha_ub) k[3] = [-0.0023 +/- 6.21e-5]  [<0]
PASS    1 - contraction (located, alb, k[4]) = [0.18794135143252623891387 +/- 3.27e-24]  [>0]
PASS    1 - contraction (located, aub, k[4]) = [0.17868340993325588803123 +/- 5.32e-24]  [>0]
PASS    G(alpha_lb) k[4] = [0.0023 +/- 6.03e-5]  [>0]
PASS    G(alpha_ub) k[4] = [-0.0024 +/- 8.00e-5]  [<0]
PASS    1 - contraction (located, alb, k[5]) = [0.18321764315126631145982 +/- 1.29e-24]  [>0]
PASS    1 - contraction (located, aub, k[5]) = [0.18074054303181335785247 +/- 3.24e-24]  [>0]
PASS    G(alpha_lb) k[5] = [0.0022 +/- 7.69e-5]  [>0]
PASS    G(alpha_ub) k[5] = [-0.002 +/- 5.06e-4]  [<0]
PASS    1 - contraction (located, alb, k[6]) = [0.18521969354868672116996 +/- 5.23e-24]  [>0]
PASS    1 - contraction (located, aub, k[6]) = [0.18075230970808027689223 +/- 1.19e-24]  [>0]
PASS    G(alpha_lb) k[6] = [0.002 +/- 2.04e-4]  [>0]
PASS    G(alpha_ub) k[6] = [-0.0025 +/- 7.85e-5]  [<0]
PASS    1 - contraction (located, alb, k[7]) = [0.18523120822219554656045 +/- 2.93e-24]  [>0]
PASS    1 - contraction (located, aub, k[7]) = [0.17860062118770123381918 +/- 4.85e-24]  [>0]
PASS    G(alpha_lb) k[7] = [0.0021 +/- 7.85e-5]  [>0]
PASS    G(alpha_ub) k[7] = [-0.0026 +/- 6.02e-5]  [<0]
PASS    1 - amp-works = [+/- 0.555]  [>0]
PASS    lambda(z_hat) = [-0.2 +/- 0.0803]  [<0]
  -> PASS
20/20 slabs verified (nakajima lane) -> results/box/result_pos2_4.json
