slab 0: kappa [0.140000, 0.140500]
PASS    alpha_c - alpha_ub (Nakajima premise) = [0.325 +/- 7.45e-4]  [>0]
PASS    inward lo alpha[0] = [+/- 1.37e-3]  [>0]
PASS    inward hi alpha[0] = [+/- 2.06e-3]  [>0]
PASS    inward lo alpha[1] = [+/- 1.47e-3]  [>0]
PASS    inward hi alpha[1] = [+/- 1.96e-3]  [>0]
PASS    inward lo alpha[2] = [0.001 +/- 5.68e-4]  [>0]
PASS    inward hi alpha[2] = [0.001 +/- 8.56e-4]  [>0]
PASS    inward lo alpha[3] = [0.001 +/- 6.70e-4]  [>0]
PASS    inward hi alpha[3] = [0.001 +/- 7.54e-4]  [>0]
PASS    inward lo alpha[4] = [0.001 +/- 7.73e-4]  [>0]
PASS    inward hi alpha[4] = [0.001 +/- 6.52e-4]  [>0]
PASS    inward lo alpha[5] = [0.001 +/- 8.75e-4]  [>0]
PASS    inward hi alpha[5] = [0.001 +/- 5.51e-4]  [>0]
PASS    inward lo alpha[6] = [+/- 1.98e-3]  [>0]
PASS    inward hi alpha[6] = [+/- 1.45e-3]  [>0]
PASS    inward lo alpha[7] = [+/- 2.08e-3]  [>0]
PASS    inward hi alpha[7] = [+/- 1.35e-3]  [>0]
PASS    1 - contraction (located, alb, k[0]) = [0.18753230544546739035214 +/- 5.54e-24]  [>0]
PASS    1 - contraction (located, aub, k[0]) = [0.18105969641815708785524 +/- 4.45e-24]  [>0]
PASS    G(alpha_lb) k[0] = [0.003 +/- 5.00e-4]  [>0]
PASS    G(alpha_ub) k[0] = [-0.002 +/- 1.11e-4]  [<0]
PASS    1 - contraction (located, alb, k[1]) = [0.18754376292435643439239 +/- 5.61e-24]  [>0]
PASS    1 - contraction (located, aub, k[1]) = [0.18308548838138261696060 +/- 8.43e-25]  [>0]
PASS    G(alpha_lb) k[1] = [0.0025 +/- 7.21e-5]  [>0]
PASS    G(alpha_ub) k[1] = [-0.0021 +/- 8.34e-5]  [<0]
PASS    1 - contraction (located, alb, k[2]) = [0.18547846938455903363490 +/- 1.89e-24]  [>0]
PASS    1 - contraction (located, aub, k[2]) = [0.18309718249918813596047 +/- 2.19e-24]  [>0]
PASS    G(alpha_lb) k[2] = [0.0024 +/- 6.57e-5]  [>0]
PASS    G(alpha_ub) k[2] = [-0.0022 +/- 5.66e-5]  [<0]
PASS    1 - contraction (located, alb, k[3]) = [0.18990290946139695906543 +/- 3.72e-24]  [>0]
PASS    1 - contraction (located, aub, k[3]) = [0.18551177635728917217621 +/- 4.16e-24]  [>0]
PASS    G(alpha_lb) k[3] = [0.0023 +/- 9.17e-5]  [>0]
PASS    G(alpha_ub) k[3] = [-0.0023 +/- 8.02e-5]  [<0]
PASS    1 - contraction (located, alb, k[4]) = [0.18982910655021615047856 +/- 2.07e-24]  [>0]
PASS    1 - contraction (located, aub, k[4]) = [0.18543755360888800194663 +/- 1.14e-24]  [>0]
PASS    G(alpha_lb) k[4] = [0.0023 +/- 8.86e-5]  [>0]
PASS    G(alpha_ub) k[4] = [-0.002 +/- 4.03e-4]  [<0]
PASS    1 - contraction (located, alb, k[5]) = [0.18712857894152911526984 +/- 3.54e-24]  [>0]
PASS    1 - contraction (located, aub, k[5]) = [0.18064844284438102429490 +/- 5.46e-24]  [>0]
PASS    G(alpha_lb) k[5] = [0.0022 +/- 6.20e-5]  [>0]
PASS    G(alpha_ub) k[5] = [-0.0024 +/- 7.73e-5]  [<0]
PASS    1 - contraction (located, alb, k[6]) = [0.18714004054613589586784 +/- 8.34e-25]  [>0]
PASS    1 - contraction (located, aub, k[6]) = [0.18267936137419923290614 +/- 3.65e-24]  [>0]
PASS    G(alpha_lb) k[6] = [0.0021 +/- 7.51e-5]  [>0]
PASS    G(alpha_ub) k[6] = [-0.0025 +/- 6.12e-5]  [<0]
PASS    1 - contraction (located, alb, k[7]) = [0.18506979437271078078421 +/- 4.59e-24]  [>0]
PASS    1 - contraction (located, aub, k[7]) = [0.18269108044218182692310 +/- 5.18e-24]  [>0]
PASS    G(alpha_lb) k[7] = [0.002 +/- 1.04e-4]  [>0]
PASS    G(alpha_ub) k[7] = [-0.0026 +/- 8.79e-5]  [<0]
PASS    1 - amp-works = [+/- 0.553]  [>0]
PASS    lambda(z_hat) = [-0.2 +/- 0.0787]  [<0]
  -> PASS
slab 1: kappa [0.140500, 0.141000]
PASS    alpha_c - alpha_ub (Nakajima premise) = [0.324 +/- 7.03e-4]  [>0]
PASS    inward lo alpha[0] = [+/- 1.37e-3]  [>0]
PASS    inward hi alpha[0] = [+/- 2.06e-3]  [>0]
PASS    inward lo alpha[1] = [+/- 1.47e-3]  [>0]
PASS    inward hi alpha[1] = [+/- 1.96e-3]  [>0]
PASS    inward lo alpha[2] = [0.001 +/- 5.68e-4]  [>0]
PASS    inward hi alpha[2] = [0.001 +/- 8.56e-4]  [>0]
PASS    inward lo alpha[3] = [0.001 +/- 6.70e-4]  [>0]
PASS    inward hi alpha[3] = [0.001 +/- 7.54e-4]  [>0]
PASS    inward lo alpha[4] = [0.001 +/- 7.73e-4]  [>0]
PASS    inward hi alpha[4] = [0.001 +/- 6.52e-4]  [>0]
PASS    inward lo alpha[5] = [0.001 +/- 8.75e-4]  [>0]
PASS    inward hi alpha[5] = [0.001 +/- 5.51e-4]  [>0]
PASS    inward lo alpha[6] = [+/- 1.98e-3]  [>0]
PASS    inward hi alpha[6] = [+/- 1.45e-3]  [>0]
PASS    inward lo alpha[7] = [+/- 2.08e-3]  [>0]
PASS    inward hi alpha[7] = [+/- 1.35e-3]  [>0]
PASS    1 - contraction (located, alb, k[0]) = [0.18743137277243139554259 +/- 1.41e-24]  [>0]
PASS    1 - contraction (located, aub, k[0]) = [0.18095706900254710761537 +/- 4.46e-24]  [>0]
PASS    G(alpha_lb) k[0] = [0.003 +/- 4.99e-4]  [>0]
PASS    G(alpha_ub) k[0] = [-0.002 +/- 1.13e-4]  [<0]
PASS    1 - contraction (located, alb, k[1]) = [0.18744285314056773908489 +/- 2.44e-24]  [>0]
PASS    1 - contraction (located, aub, k[1]) = [0.18298423545994614151311 +/- 4.71e-24]  [>0]
PASS    G(alpha_lb) k[1] = [0.0025 +/- 7.06e-5]  [>0]
PASS    G(alpha_ub) k[1] = [-0.0021 +/- 8.49e-5]  [<0]
PASS    1 - contraction (located, alb, k[2]) = [0.18537623647082365025545 +/- 3.08e-24]  [>0]
PASS    1 - contraction (located, aub, k[2]) = [0.18299594508792518516009 +/- 4.64e-24]  [>0]
PASS    G(alpha_lb) k[2] = [0.0024 +/- 6.72e-5]  [>0]
PASS    G(alpha_ub) k[2] = [-0.0022 +/- 5.81e-5]  [<0]
PASS    1 - contraction (located, alb, k[3]) = [0.18980362476907580296747 +/- 3.37e-24]  [>0]
PASS    1 - contraction (located, aub, k[3]) = [0.18541219143375523215451 +/- 5.49e-24]  [>0]
PASS    G(alpha_lb) k[3] = [0.0023 +/- 9.31e-5]  [>0]
PASS    G(alpha_ub) k[3] = [-0.0023 +/- 7.87e-5]  [<0]
PASS    1 - contraction (located, alb, k[4]) = [0.18972980652693245284060 +/- 5.11e-24]  [>0]
PASS    1 - contraction (located, aub, k[4]) = [0.18533796601113773866323 +/- 1.51e-24]  [>0]
PASS    G(alpha_lb) k[4] = [0.0023 +/- 8.71e-5]  [>0]
PASS    G(alpha_ub) k[4] = [-0.002 +/- 4.04e-4]  [<0]
PASS    1 - contraction (located, alb, k[5]) = [0.18702759158775646549052 +/- 1.97e-24]  [>0]
PASS    1 - contraction (located, aub, k[5]) = [0.18054572175785212665950 +/- 1.91e-24]  [>0]
PASS    G(alpha_lb) k[5] = [0.0022 +/- 6.05e-5]  [>0]
PASS    G(alpha_ub) k[5] = [-0.0024 +/- 7.88e-5]  [<0]
PASS    1 - contraction (located, alb, k[6]) = [0.18703905992715446466361 +/- 1.48e-24]  [>0]
PASS    1 - contraction (located, aub, k[6]) = [0.18257799782837291239153 +/- 1.25e-24]  [>0]
PASS    G(alpha_lb) k[6] = [0.0021 +/- 7.66e-5]  [>0]
PASS    G(alpha_ub) k[6] = [-0.0025 +/- 5.97e-5]  [<0]
PASS    1 - contraction (located, alb, k[7]) = [0.18496741700007790334463 +/- 5.51e-24]  [>0]
PASS    1 - contraction (located, aub, k[7]) = [0.18258972602365999322210 +/- 1.15e-24]  [>0]
PASS    G(alpha_lb) k[7] = [0.002 +/- 1.05e-4]  [>0]
PASS    G(alpha_ub) k[7] = [-0.0026 +/- 8.64e-5]  [<0]
PASS    1 - amp-works = [+/- 0.553]  [>0]
PASS    lambda(z_hat) = [-0.2 +/- 0.0788]  [<0]
  -> PASS
slab 2: kappa [0.141000, 0.141500]
PASS    alpha_c - alpha_ub (Nakajima premise) = [0.324 +/- 4.31e-4]  [>0]
PASS    inward lo alpha[0] = [+/- 1.37e-3]  [>0]
PASS    inward hi alpha[0] = [+/- 2.06e-3]  [>0]
PASS    inward lo alpha[1] = [+/- 1.47e-3]  [>0]
PASS    inward hi alpha[1] = [+/- 1.96e-3]  [>0]
PASS    inward lo alpha[2] = [0.001 +/- 5.68e-4]  [>0]
PASS    inward hi alpha[2] = [0.001 +/- 8.55e-4]  [>0]
PASS    inward lo alpha[3] = [0.001 +/- 6.70e-4]  [>0]
PASS    inward hi alpha[3] = [0.001 +/- 7.54e-4]  [>0]
PASS    inward lo alpha[4] = [0.001 +/- 7.72e-4]  [>0]
PASS    inward hi alpha[4] = [0.001 +/- 6.52e-4]  [>0]
PASS    inward lo alpha[5] = [0.001 +/- 8.75e-4]  [>0]
PASS    inward hi alpha[5] = [0.001 +/- 5.51e-4]  [>0]
PASS    inward lo alpha[6] = [+/- 1.98e-3]  [>0]
PASS    inward hi alpha[6] = [+/- 1.45e-3]  [>0]
PASS    inward lo alpha[7] = [+/- 2.08e-3]  [>0]
PASS    inward hi alpha[7] = [+/- 1.35e-3]  [>0]
PASS    1 - contraction (located, alb, k[0]) = [0.18733044425805766557384 +/- 4.90e-24]  [>0]
PASS    1 - contraction (located, aub, k[0]) = [0.18085441073106632921905 +/- 1.06e-24]  [>0]
PASS    G(alpha_lb) k[0] = [0.003 +/- 4.97e-4]  [>0]
PASS    G(alpha_ub) k[0] = [-0.002 +/- 1.14e-4]  [<0]
PASS    1 - contraction (located, alb, k[1]) = [0.18734191312771652439466 +/- 4.43e-24]  [>0]
PASS    1 - contraction (located, aub, k[1]) = [0.18288298737172688068772 +/- 3.57e-24]  [>0]
PASS    G(alpha_lb) k[1] = [0.0025 +/- 6.91e-5]  [>0]
PASS    G(alpha_ub) k[1] = [-0.0021 +/- 8.64e-5]  [<0]
PASS    1 - contraction (located, alb, k[2]) = [0.18527393687429755569272 +/- 4.38e-24]  [>0]
PASS    1 - contraction (located, aub, k[2]) = [0.18289468584261985862730 +/- 3.85e-24]  [>0]
PASS    G(alpha_lb) k[2] = [0.0024 +/- 6.87e-5]  [>0]
PASS    G(alpha_ub) k[2] = [-0.0022 +/- 5.97e-5]  [<0]
PASS    1 - contraction (located, alb, k[3]) = [0.18970435383458917184828 +/- 5.32e-24]  [>0]
PASS    1 - contraction (located, aub, k[3]) = [0.18531262244802209120954 +/- 1.79e-24]  [>0]
PASS    G(alpha_lb) k[3] = [0.002 +/- 3.95e-4]  [>0]
PASS    G(alpha_ub) k[3] = [-0.0023 +/- 7.72e-5]  [<0]
PASS    1 - contraction (located, alb, k[4]) = [0.18963051254725791819438 +/- 1.55e-24]  [>0]
PASS    1 - contraction (located, aub, k[4]) = [0.18523839286132480440340 +/- 2.17e-24]  [>0]
PASS    G(alpha_lb) k[4] = [0.0023 +/- 8.57e-5]  [>0]
PASS    G(alpha_ub) k[4] = [-0.002 +/- 4.06e-4]  [<0]
PASS    1 - contraction (located, alb, k[5]) = [0.18692656776897481542808 +/- 2.06e-24]  [>0]
PASS    1 - contraction (located, aub, k[5]) = [0.18044296788971726700189 +/- 4.54e-24]  [>0]
PASS    G(alpha_lb) k[5] = [0.0022 +/- 5.90e-5]  [>0]
PASS    G(alpha_ub) k[5] = [-0.0024 +/- 8.03e-5]  [<0]
PASS    1 - contraction (located, alb, k[6]) = [0.18693803568963757033376 +/- 5.36e-24]  [>0]
PASS    1 - contraction (located, aub, k[6]) = [0.18247665436370630920060 +/- 2.92e-24]  [>0]
PASS    G(alpha_lb) k[6] = [0.0021 +/- 7.81e-5]  [>0]
PASS    G(alpha_ub) k[6] = [-0.0025 +/- 5.82e-5]  [<0]
PASS    1 - contraction (located, alb, k[7]) = [0.18486506705686712250773 +/- 5.01e-24]  [>0]
PASS    1 - contraction (located, aub, k[7]) = [0.18248838406309901159838 +/- 4.36e-24]  [>0]
PASS    G(alpha_lb) k[7] = [0.002 +/- 1.07e-4]  [>0]
PASS    G(alpha_ub) k[7] = [-0.0026 +/- 8.49e-5]  [<0]
PASS    1 - amp-works = [+/- 0.553]  [>0]
PASS    lambda(z_hat) = [-0.2 +/- 0.0789]  [<0]
  -> PASS
slab 3: kappa [0.141500, 0.142000]
