global checks over the batch hull:
PASS    R(rect) finite and positive = [3e+0 +/- 0.641]  [>0]
  -> PASS
slab 0: kappa [0.000000, 0.000500]
PASS    1 - contraction (slab) = [0.04922204588150984465539 +/- 5.01e-24]  [>0]
PASS    inward lo alpha[0] = [+/- 1.06e-3]  [>0]
PASS    inward hi alpha[0] = [0.001 +/- 6.81e-4]  [>0]
PASS    inward lo alpha[1] = [+/- 1.15e-3]  [>0]
PASS    inward hi alpha[1] = [0.001 +/- 5.90e-4]  [>0]
PASS    inward lo alpha[2] = [+/- 1.24e-3]  [>0]
PASS    inward hi alpha[2] = [0.001 +/- 5.00e-4]  [>0]
PASS    inward lo alpha[3] = [+/- 1.33e-3]  [>0]
PASS    inward hi alpha[3] = [+/- 1.41e-3]  [>0]
PASS    inward lo alpha[4] = [+/- 1.42e-3]  [>0]
PASS    inward hi alpha[4] = [+/- 1.32e-3]  [>0]
PASS    inward lo alpha[5] = [0.001 +/- 5.08e-4]  [>0]
PASS    inward hi alpha[5] = [+/- 1.23e-3]  [>0]
PASS    inward lo alpha[6] = [0.001 +/- 5.98e-4]  [>0]
PASS    inward hi alpha[6] = [+/- 1.14e-3]  [>0]
PASS    inward lo alpha[7] = [0.001 +/- 6.89e-4]  [>0]
PASS    inward hi alpha[7] = [+/- 1.05e-3]  [>0]
PASS    G(alpha_lb) = [0.002 +/- 6.08e-4]  [>0]
PASS    G(alpha_ub) = [-0.002 +/- 6.06e-4]  [<0]
PASS    1 - amp-works = [+/- 0.538]  [>0]
PASS    lambda(z_hat) = [+/- 0.290]  [<0]
  -> PASS
slab 1: kappa [0.002000, 0.002500]
PASS    1 - contraction (slab) = [0.04842671931925628300080 +/- 5.00e-24]  [>0]
PASS    inward lo alpha[0] = [+/- 1.06e-3]  [>0]
PASS    inward hi alpha[0] = [0.001 +/- 6.81e-4]  [>0]
PASS    inward lo alpha[1] = [+/- 1.15e-3]  [>0]
PASS    inward hi alpha[1] = [0.001 +/- 5.91e-4]  [>0]
PASS    inward lo alpha[2] = [+/- 1.24e-3]  [>0]
PASS    inward hi alpha[2] = [0.001 +/- 5.00e-4]  [>0]
PASS    inward lo alpha[3] = [+/- 1.33e-3]  [>0]
PASS    inward hi alpha[3] = [+/- 1.41e-3]  [>0]
PASS    inward lo alpha[4] = [+/- 1.42e-3]  [>0]
PASS    inward hi alpha[4] = [+/- 1.32e-3]  [>0]
PASS    inward lo alpha[5] = [0.001 +/- 5.08e-4]  [>0]
PASS    inward hi alpha[5] = [+/- 1.23e-3]  [>0]
PASS    inward lo alpha[6] = [0.001 +/- 5.98e-4]  [>0]
PASS    inward hi alpha[6] = [+/- 1.14e-3]  [>0]
PASS    inward lo alpha[7] = [0.001 +/- 6.89e-4]  [>0]
PASS    inward hi alpha[7] = [+/- 1.05e-3]  [>0]
PASS    G(alpha_lb) = [0.002 +/- 6.04e-4]  [>0]
PASS    G(alpha_ub) = [-0.002 +/- 6.02e-4]  [<0]
PASS    1 - amp-works = [+/- 0.538]  [>0]
PASS    lambda(z_hat) = [+/- 0.290]  [<0]
  -> PASS
slab 2: kappa [0.004000, 0.004500]
PASS    1 - contraction (slab) = [0.04763029417437335135307 +/- 4.46e-24]  [>0]
PASS    inward lo alpha[0] = [+/- 1.06e-3]  [>0]
PASS    inward hi alpha[0] = [0.001 +/- 6.81e-4]  [>0]
PASS    inward lo alpha[1] = [+/- 1.15e-3]  [>0]
PASS    inward hi alpha[1] = [0.001 +/- 5.91e-4]  [>0]
PASS    inward lo alpha[2] = [+/- 1.24e-3]  [>0]
PASS    inward hi alpha[2] = [0.001 +/- 5.00e-4]  [>0]
PASS    inward lo alpha[3] = [+/- 1.33e-3]  [>0]
PASS    inward hi alpha[3] = [+/- 1.41e-3]  [>0]
PASS    inward lo alpha[4] = [+/- 1.42e-3]  [>0]
PASS    inward hi alpha[4] = [+/- 1.32e-3]  [>0]
PASS    inward lo alpha[5] = [0.001 +/- 5.08e-4]  [>0]
PASS    inward hi alpha[5] = [+/- 1.23e-3]  [>0]
PASS    inward lo alpha[6] = [0.001 +/- 5.99e-4]  [>0]
PASS    inward hi alpha[6] = [+/- 1.14e-3]  [>0]
PASS    inward lo alpha[7] = [0.001 +/- 6.89e-4]  [>0]
PASS    inward hi alpha[7] = [+/- 1.05e-3]  [>0]
PASS    G(alpha_lb) = [0.002 +/- 6.00e-4]  [>0]
PASS    G(alpha_ub) = [-0.002 +/- 5.98e-4]  [<0]
PASS    1 - amp-works = [+/- 0.538]  [>0]
PASS    lambda(z_hat) = [+/- 0.290]  [<0]
  -> PASS
slab 3: kappa [0.006000, 0.006500]
PASS    1 - contraction (slab) = [0.04683278508947859212818 +/- 4.23e-24]  [>0]
PASS    inward lo alpha[0] = [+/- 1.06e-3]  [>0]
PASS    inward hi alpha[0] = [0.001 +/- 6.82e-4]  [>0]
PASS    inward lo alpha[1] = [+/- 1.15e-3]  [>0]
PASS    inward hi alpha[1] = [0.001 +/- 5.91e-4]  [>0]
PASS    inward lo alpha[2] = [+/- 1.24e-3]  [>0]
PASS    inward hi alpha[2] = [0.001 +/- 5.00e-4]  [>0]
PASS    inward lo alpha[3] = [+/- 1.33e-3]  [>0]
PASS    inward hi alpha[3] = [+/- 1.41e-3]  [>0]
PASS    inward lo alpha[4] = [+/- 1.42e-3]  [>0]
PASS    inward hi alpha[4] = [+/- 1.32e-3]  [>0]
PASS    inward lo alpha[5] = [0.001 +/- 5.08e-4]  [>0]
PASS    inward hi alpha[5] = [+/- 1.23e-3]  [>0]
PASS    inward lo alpha[6] = [0.001 +/- 5.99e-4]  [>0]
PASS    inward hi alpha[6] = [+/- 1.14e-3]  [>0]
PASS    inward lo alpha[7] = [0.001 +/- 6.90e-4]  [>0]
PASS    inward hi alpha[7] = [+/- 1.05e-3]  [>0]
PASS    G(alpha_lb) = [0.002 +/- 5.95e-4]  [>0]
PASS    G(alpha_ub) = [-0.002 +/- 5.93e-4]  [<0]
PASS    1 - amp-works = [+/- 0.538]  [>0]
PASS    lambda(z_hat) = [+/- 0.290]  [<0]
  -> PASS
slab 4: kappa [0.008000, 0.008500]
PASS    1 - contraction (slab) = [0.04603421642976500033716 +/- 1.15e-24]  [>0]
PASS    inward lo alpha[0] = [+/- 1.06e-3]  [>0]
PASS    inward hi alpha[0] = [0.001 +/- 6.82e-4]  [>0]
PASS    inward lo alpha[1] = [+/- 1.15e-3]  [>0]
PASS    inward hi alpha[1] = [0.001 +/- 5.91e-4]  [>0]
PASS    inward lo alpha[2] = [+/- 1.24e-3]  [>0]
PASS    inward hi alpha[2] = [0.001 +/- 5.00e-4]  [>0]
PASS    inward lo alpha[3] = [+/- 1.33e-3]  [>0]
PASS    inward hi alpha[3] = [+/- 1.41e-3]  [>0]
PASS    inward lo alpha[4] = [+/- 1.42e-3]  [>0]
PASS    inward hi alpha[4] = [+/- 1.32e-3]  [>0]
PASS    inward lo alpha[5] = [0.001 +/- 5.08e-4]  [>0]
PASS    inward hi alpha[5] = [+/- 1.23e-3]  [>0]
PASS    inward lo alpha[6] = [0.001 +/- 5.99e-4]  [>0]
PASS    inward hi alpha[6] = [+/- 1.14e-3]  [>0]
PASS    inward lo alpha[7] = [0.001 +/- 6.90e-4]  [>0]
PASS    inward hi alpha[7] = [+/- 1.05e-3]  [>0]
PASS    G(alpha_lb) = [0.002 +/- 5.91e-4]  [>0]
PASS    G(alpha_ub) = [-0.002 +/- 5.89e-4]  [<0]
PASS    1 - amp-works = [+/- 0.538]  [>0]
PASS    lambda(z_hat) = [+/- 0.290]  [<0]
  -> PASS
slab 5: kappa [0.010000, 0.010500]
PASS    1 - contraction (slab) = [0.04523460978820082199302 +/- 1.41e-24]  [>0]
PASS    inward lo alpha[0] = [+/- 1.06e-3]  [>0]
PASS    inward hi alpha[0] = [0.001 +/- 6.82e-4]  [>0]
PASS    inward lo alpha[1] = [+/- 1.15e-3]  [>0]
PASS    inward hi alpha[1] = [0.001 +/- 5.91e-4]  [>0]
PASS    inward lo alpha[2] = [+/- 1.24e-3]  [>0]
PASS    inward hi alpha[2] = [0.001 +/- 5.00e-4]  [>0]
PASS    inward lo alpha[3] = [+/- 1.33e-3]  [>0]
PASS    inward hi alpha[3] = [+/- 1.41e-3]  [>0]
PASS    inward lo alpha[4] = [+/- 1.42e-3]  [>0]
PASS    inward hi alpha[4] = [+/- 1.32e-3]  [>0]
PASS    inward lo alpha[5] = [0.001 +/- 5.08e-4]  [>0]
PASS    inward hi alpha[5] = [+/- 1.23e-3]  [>0]
PASS    inward lo alpha[6] = [0.001 +/- 5.99e-4]  [>0]
PASS    inward hi alpha[6] = [+/- 1.14e-3]  [>0]
PASS    inward lo alpha[7] = [0.001 +/- 6.90e-4]  [>0]
PASS    inward hi alpha[7] = [+/- 1.05e-3]  [>0]
PASS    G(alpha_lb) = [0.002 +/- 5.86e-4]  [>0]
PASS    G(alpha_ub) = [-0.002 +/- 5.84e-4]  [<0]
PASS    1 - amp-works = [+/- 0.538]  [>0]
PASS    lambda(z_hat) = [+/- 0.290]  [<0]
  -> PASS
slab 6: kappa [0.012000, 0.012500]
PASS    1 - contraction (slab) = [0.04443390442967096346869 +/- 1.58e-24]  [>0]
PASS    inward lo alpha[0] = [+/- 1.05e-3]  [>0]
PASS    inward hi alpha[0] = [0.001 +/- 6.83e-4]  [>0]
PASS    inward lo alpha[1] = [+/- 1.15e-3]  [>0]
PASS    inward hi alpha[1] = [0.001 +/- 5.92e-4]  [>0]
PASS    inward lo alpha[2] = [+/- 1.24e-3]  [>0]
PASS    inward hi alpha[2] = [0.001 +/- 5.00e-4]  [>0]
PASS    inward lo alpha[3] = [+/- 1.33e-3]  [>0]
PASS    inward hi alpha[3] = [+/- 1.41e-3]  [>0]
PASS    inward lo alpha[4] = [+/- 1.42e-3]  [>0]
PASS    inward hi alpha[4] = [+/- 1.32e-3]  [>0]
PASS    inward lo alpha[5] = [0.001 +/- 5.08e-4]  [>0]
PASS    inward hi alpha[5] = [+/- 1.23e-3]  [>0]
PASS    inward lo alpha[6] = [0.001 +/- 5.99e-4]  [>0]
PASS    inward hi alpha[6] = [+/- 1.14e-3]  [>0]
PASS    inward lo alpha[7] = [0.001 +/- 6.91e-4]  [>0]
PASS    inward hi alpha[7] = [+/- 1.05e-3]  [>0]
PASS    G(alpha_lb) = [0.002 +/- 5.82e-4]  [>0]
PASS    G(alpha_ub) = [-0.002 +/- 5.80e-4]  [<0]
PASS    1 - amp-works = [+/- 0.537]  [>0]
PASS    lambda(z_hat) = [+/- 0.289]  [<0]
  -> PASS
slab 7: kappa [0.014000, 0.014500]
PASS    1 - contraction (slab) = [0.04363211172342434012012 +/- 5.46e-24]  [>0]
PASS    inward lo alpha[0] = [+/- 1.05e-3]  [>0]
PASS    inward hi alpha[0] = [0.001 +/- 6.83e-4]  [>0]
PASS    inward lo alpha[1] = [+/- 1.15e-3]  [>0]
PASS    inward hi alpha[1] = [0.001 +/- 5.92e-4]  [>0]
PASS    inward lo alpha[2] = [+/- 1.24e-3]  [>0]
PASS    inward hi alpha[2] = [0.001 +/- 5.00e-4]  [>0]
PASS    inward lo alpha[3] = [+/- 1.33e-3]  [>0]
PASS    inward hi alpha[3] = [+/- 1.41e-3]  [>0]
PASS    inward lo alpha[4] = [+/- 1.42e-3]  [>0]
PASS    inward hi alpha[4] = [+/- 1.32e-3]  [>0]
PASS    inward lo alpha[5] = [0.001 +/- 5.08e-4]  [>0]
PASS    inward hi alpha[5] = [+/- 1.23e-3]  [>0]
PASS    inward lo alpha[6] = [0.001 +/- 6.00e-4]  [>0]
PASS    inward hi alpha[6] = [+/- 1.14e-3]  [>0]
PASS    inward lo alpha[7] = [0.001 +/- 6.91e-4]  [>0]
PASS    inward hi alpha[7] = [+/- 1.05e-3]  [>0]
PASS    G(alpha_lb) = [0.002 +/- 5.77e-4]  [>0]
PASS    G(alpha_ub) = [-0.002 +/- 5.75e-4]  [<0]
PASS    1 - amp-works = [+/- 0.537]  [>0]
PASS    lambda(z_hat) = [+/- 0.289]  [<0]
  -> PASS
slab 8: kappa [0.016000, 0.016500]
PASS    1 - contraction (slab) = [0.042829273433544228569330 +/- 9.05e-25]  [>0]
PASS    inward lo alpha[0] = [+/- 1.05e-3]  [>0]
PASS    inward hi alpha[0] = [0.001 +/- 6.84e-4]  [>0]
PASS    inward lo alpha[1] = [+/- 1.15e-3]  [>0]
PASS    inward hi alpha[1] = [0.001 +/- 5.92e-4]  [>0]
PASS    inward lo alpha[2] = [+/- 1.24e-3]  [>0]
PASS    inward hi alpha[2] = [0.001 +/- 5.00e-4]  [>0]
PASS    inward lo alpha[3] = [+/- 1.33e-3]  [>0]
PASS    inward hi alpha[3] = [+/- 1.41e-3]  [>0]
PASS    inward lo alpha[4] = [+/- 1.42e-3]  [>0]
PASS    inward hi alpha[4] = [+/- 1.32e-3]  [>0]
PASS    inward lo alpha[5] = [0.001 +/- 5.08e-4]  [>0]
PASS    inward hi alpha[5] = [+/- 1.23e-3]  [>0]
PASS    inward lo alpha[6] = [0.001 +/- 6.00e-4]  [>0]
PASS    inward hi alpha[6] = [+/- 1.14e-3]  [>0]
PASS    inward lo alpha[7] = [0.001 +/- 6.91e-4]  [>0]
PASS    inward hi alpha[7] = [+/- 1.05e-3]  [>0]
PASS    G(alpha_lb) = [0.002 +/- 5.73e-4]  [>0]
PASS    G(alpha_ub) = [-0.002 +/- 5.71e-4]  [<0]
PASS    1 - amp-works = [+/- 0.537]  [>0]
PASS    lambda(z_hat) = [+/- 0.289]  [<0]
  -> PASS
slab 9: kappa [0.018000, 0.018500]
PASS    1 - contraction (slab) = [0.04202536591839296803606 +/- 4.62e-24]  [>0]
PASS    inward lo alpha[0] = [+/- 1.05e-3]  [>0]
PASS    inward hi alpha[0] = [0.001 +/- 6.84e-4]  [>0]
PASS    inward lo alpha[1] = [+/- 1.14e-3]  [>0]
PASS    inward hi alpha[1] = [0.001 +/- 5.92e-4]  [>0]
PASS    inward lo alpha[2] = [+/- 1.24e-3]  [>0]
PASS    inward hi alpha[2] = [0.001 +/- 5.01e-4]  [>0]
PASS    inward lo alpha[3] = [+/- 1.33e-3]  [>0]
PASS    inward hi alpha[3] = [+/- 1.41e-3]  [>0]
PASS    inward lo alpha[4] = [+/- 1.42e-3]  [>0]
PASS    inward hi alpha[4] = [+/- 1.32e-3]  [>0]
PASS    inward lo alpha[5] = [0.001 +/- 5.08e-4]  [>0]
PASS    inward hi alpha[5] = [+/- 1.23e-3]  [>0]
PASS    inward lo alpha[6] = [0.001 +/- 6.00e-4]  [>0]
PASS    inward hi alpha[6] = [+/- 1.14e-3]  [>0]
PASS    inward lo alpha[7] = [0.001 +/- 6.92e-4]  [>0]
PASS    inward hi alpha[7] = [+/- 1.05e-3]  [>0]
PASS    G(alpha_lb) = [0.002 +/- 5.68e-4]  [>0]
PASS    G(alpha_ub) = [-0.002 +/- 5.66e-4]  [<0]
PASS    1 - amp-works = [+/- 0.537]  [>0]
PASS    lambda(z_hat) = [+/- 0.289]  [<0]
  -> PASS
slab 10: kappa [0.020000, 0.020500]
PASS    1 - contraction (slab) = [0.041220346523660032314049 +/- 9.03e-25]  [>0]
PASS    inward lo alpha[0] = [+/- 1.05e-3]  [>0]
PASS    inward hi alpha[0] = [0.001 +/- 6.84e-4]  [>0]
PASS    inward lo alpha[1] = [+/- 1.14e-3]  [>0]
PASS    inward hi alpha[1] = [0.001 +/- 5.92e-4]  [>0]
PASS    inward lo alpha[2] = [+/- 1.24e-3]  [>0]
PASS    inward hi alpha[2] = [0.001 +/- 5.01e-4]  [>0]
PASS    inward lo alpha[3] = [+/- 1.33e-3]  [>0]
PASS    inward hi alpha[3] = [+/- 1.41e-3]  [>0]
PASS    inward lo alpha[4] = [+/- 1.42e-3]  [>0]
PASS    inward hi alpha[4] = [+/- 1.32e-3]  [>0]
PASS    inward lo alpha[5] = [0.001 +/- 5.08e-4]  [>0]
PASS    inward hi alpha[5] = [+/- 1.23e-3]  [>0]
PASS    inward lo alpha[6] = [0.001 +/- 6.00e-4]  [>0]
PASS    inward hi alpha[6] = [+/- 1.14e-3]  [>0]
PASS    inward lo alpha[7] = [0.001 +/- 6.92e-4]  [>0]
PASS    inward hi alpha[7] = [+/- 1.05e-3]  [>0]
PASS    G(alpha_lb) = [0.002 +/- 5.64e-4]  [>0]
PASS    G(alpha_ub) = [-0.002 +/- 5.62e-4]  [<0]
PASS    1 - amp-works = [+/- 0.537]  [>0]
PASS    lambda(z_hat) = [+/- 0.289]  [<0]
  -> PASS
slab 11: kappa [0.022000, 0.022500]
PASS    1 - contraction (slab) = [0.04041425722353869316074 +/- 2.48e-24]  [>0]
PASS    inward lo alpha[0] = [+/- 1.05e-3]  [>0]
PASS    inward hi alpha[0] = [0.001 +/- 6.85e-4]  [>0]
PASS    inward lo alpha[1] = [+/- 1.14e-3]  [>0]
PASS    inward hi alpha[1] = [0.001 +/- 5.93e-4]  [>0]
PASS    inward lo alpha[2] = [+/- 1.24e-3]  [>0]
PASS    inward hi alpha[2] = [0.001 +/- 5.01e-4]  [>0]
PASS    inward lo alpha[3] = [+/- 1.33e-3]  [>0]
PASS    inward hi alpha[3] = [+/- 1.41e-3]  [>0]
PASS    inward lo alpha[4] = [+/- 1.42e-3]  [>0]
PASS    inward hi alpha[4] = [+/- 1.32e-3]  [>0]
PASS    inward lo alpha[5] = [0.001 +/- 5.08e-4]  [>0]
PASS    inward hi alpha[5] = [+/- 1.23e-3]  [>0]
PASS    inward lo alpha[6] = [0.001 +/- 6.00e-4]  [>0]
PASS    inward hi alpha[6] = [+/- 1.14e-3]  [>0]
PASS    inward lo alpha[7] = [0.001 +/- 6.93e-4]  [>0]
PASS    inward hi alpha[7] = [+/- 1.05e-3]  [>0]
PASS    G(alpha_lb) = [0.002 +/- 5.59e-4]  [>0]
PASS    G(alpha_ub) = [-0.002 +/- 5.57e-4]  [<0]
PASS    1 - amp-works = [+/- 0.537]  [>0]
PASS    lambda(z_hat) = [+/- 0.289]  [<0]
  -> PASS
slab 12: kappa [0.024000, 0.024500]
PASS    1 - contraction (slab) = [0.03960708943556981080028 +/- 2.06e-24]  [>0]
PASS    inward lo alpha[0] = [+/- 1.05e-3]  [>0]
PASS    inward hi alpha[0] = [0.001 +/- 6.85e-4]  [>0]
PASS    inward lo alpha[1] = [+/- 1.14e-3]  [>0]
PASS    inward hi alpha[1] = [0.001 +/- 5.93e-4]  [>0]
PASS    inward lo alpha[2] = [+/- 1.24e-3]  [>0]
PASS    inward hi alpha[2] = [0.001 +/- 5.01e-4]  [>0]
PASS    inward lo alpha[3] = [+/- 1.33e-3]  [>0]
PASS    inward hi alpha[3] = [+/- 1.41e-3]  [>0]
PASS    inward lo alpha[4] = [+/- 1.42e-3]  [>0]
PASS    inward hi alpha[4] = [+/- 1.32e-3]  [>0]
PASS    inward lo alpha[5] = [0.001 +/- 5.08e-4]  [>0]
PASS    inward hi alpha[5] = [+/- 1.23e-3]  [>0]
PASS    inward lo alpha[6] = [0.001 +/- 6.01e-4]  [>0]
PASS    inward hi alpha[6] = [+/- 1.14e-3]  [>0]
PASS    inward lo alpha[7] = [0.001 +/- 6.93e-4]  [>0]
PASS    inward hi alpha[7] = [+/- 1.05e-3]  [>0]
PASS    G(alpha_lb) = [0.002 +/- 5.55e-4]  [>0]
PASS    G(alpha_ub) = [-0.002 +/- 5.53e-4]  [<0]
PASS    1 - amp-works = [+/- 0.537]  [>0]
PASS    lambda(z_hat) = [+/- 0.289]  [<0]
  -> PASS
slab 13: kappa [0.026000, 0.026500]
PASS    1 - contraction (slab) = [0.03879885398874009307411 +/- 1.17e-24]  [>0]
PASS    inward lo alpha[0] = [+/- 1.05e-3]  [>0]
PASS    inward hi alpha[0] = [0.001 +/- 6.85e-4]  [>0]
PASS    inward lo alpha[1] = [+/- 1.14e-3]  [>0]
PASS    inward hi alpha[1] = [0.001 +/- 5.93e-4]  [>0]
PASS    inward lo alpha[2] = [+/- 1.24e-3]  [>0]
PASS    inward hi alpha[2] = [0.001 +/- 5.01e-4]  [>0]
PASS    inward lo alpha[3] = [+/- 1.33e-3]  [>0]
PASS    inward hi alpha[3] = [+/- 1.41e-3]  [>0]
PASS    inward lo alpha[4] = [+/- 1.42e-3]  [>0]
PASS    inward hi alpha[4] = [+/- 1.32e-3]  [>0]
PASS    inward lo alpha[5] = [0.001 +/- 5.08e-4]  [>0]
PASS    inward hi alpha[5] = [+/- 1.23e-3]  [>0]
PASS    inward lo alpha[6] = [0.001 +/- 6.01e-4]  [>0]
PASS    inward hi alpha[6] = [+/- 1.14e-3]  [>0]
PASS    inward lo alpha[7] = [0.001 +/- 6.93e-4]  [>0]
PASS    inward hi alpha[7] = [+/- 1.04e-3]  [>0]
PASS    G(alpha_lb) = [0.002 +/- 5.50e-4]  [>0]
PASS    G(alpha_ub) = [-0.002 +/- 5.48e-4]  [<0]
PASS    1 - amp-works = [+/- 0.537]  [>0]
PASS    lambda(z_hat) = [+/- 0.288]  [<0]
  -> PASS
slab 14: kappa [0.028000, 0.028500]
PASS    1 - contraction (slab) = [0.03798949714449167428562 +/- 2.44e-24]  [>0]
PASS    inward lo alpha[0] = [+/- 1.05e-3]  [>0]
PASS    inward hi alpha[0] = [0.001 +/- 6.86e-4]  [>0]
PASS    inward lo alpha[1] = [+/- 1.14e-3]  [>0]
PASS    inward hi alpha[1] = [0.001 +/- 5.93e-4]  [>0]
PASS    inward lo alpha[2] = [+/- 1.23e-3]  [>0]
PASS    inward hi alpha[2] = [0.001 +/- 5.01e-4]  [>0]
PASS    inward lo alpha[3] = [+/- 1.33e-3]  [>0]
PASS    inward hi alpha[3] = [+/- 1.41e-3]  [>0]
PASS    inward lo alpha[4] = [+/- 1.42e-3]  [>0]
PASS    inward hi alpha[4] = [+/- 1.32e-3]  [>0]
PASS    inward lo alpha[5] = [0.001 +/- 5.08e-4]  [>0]
PASS    inward hi alpha[5] = [+/- 1.23e-3]  [>0]
PASS    inward lo alpha[6] = [0.001 +/- 6.01e-4]  [>0]
PASS    inward hi alpha[6] = [+/- 1.14e-3]  [>0]
PASS    inward lo alpha[7] = [0.001 +/- 6.94e-4]  [>0]
PASS    inward hi alpha[7] = [+/- 1.04e-3]  [>0]
PASS    G(alpha_lb) = [0.002 +/- 5.46e-4]  [>0]
PASS    G(alpha_ub) = [-0.002 +/- 5.43e-4]  [<0]
PASS    1 - amp-works = [+/- 0.537]  [>0]
PASS    lambda(z_hat) = [+/- 0.288]  [<0]
  -> PASS
slab 15: kappa [0.030000, 0.030500]
PASS    1 - contraction (slab) = [0.03717906265584166987859 +/- 2.30e-24]  [>0]
PASS    inward lo alpha[0] = [+/- 1.05e-3]  [>0]
PASS    inward hi alpha[0] = [0.001 +/- 6.86e-4]  [>0]
PASS    inward lo alpha[1] = [+/- 1.14e-3]  [>0]
PASS    inward hi alpha[1] = [0.001 +/- 5.93e-4]  [>0]
PASS    inward lo alpha[2] = [+/- 1.23e-3]  [>0]
PASS    inward hi alpha[2] = [0.001 +/- 5.01e-4]  [>0]
PASS    inward lo alpha[3] = [+/- 1.33e-3]  [>0]
PASS    inward hi alpha[3] = [+/- 1.41e-3]  [>0]
PASS    inward lo alpha[4] = [+/- 1.42e-3]  [>0]
PASS    inward hi alpha[4] = [+/- 1.32e-3]  [>0]
PASS    inward lo alpha[5] = [0.001 +/- 5.08e-4]  [>0]
PASS    inward hi alpha[5] = [+/- 1.23e-3]  [>0]
PASS    inward lo alpha[6] = [0.001 +/- 6.01e-4]  [>0]
PASS    inward hi alpha[6] = [+/- 1.14e-3]  [>0]
PASS    inward lo alpha[7] = [0.001 +/- 6.94e-4]  [>0]
PASS    inward hi alpha[7] = [+/- 1.04e-3]  [>0]
PASS    G(alpha_lb) = [0.002 +/- 5.41e-4]  [>0]
PASS    G(alpha_ub) = [-0.002 +/- 5.45e-4]  [<0]
PASS    1 - amp-works = [+/- 0.536]  [>0]
PASS    lambda(z_hat) = [+/- 0.288]  [<0]
  -> PASS
slab 16: kappa [0.032000, 0.032500]
PASS    1 - contraction (slab) = [0.03636753896251536927627 +/- 4.69e-24]  [>0]
PASS    inward lo alpha[0] = [+/- 1.05e-3]  [>0]
PASS    inward hi alpha[0] = [0.001 +/- 6.87e-4]  [>0]
PASS    inward lo alpha[1] = [+/- 1.14e-3]  [>0]
PASS    inward hi alpha[1] = [0.001 +/- 5.94e-4]  [>0]
PASS    inward lo alpha[2] = [+/- 1.23e-3]  [>0]
PASS    inward hi alpha[2] = [0.001 +/- 5.01e-4]  [>0]
PASS    inward lo alpha[3] = [+/- 1.33e-3]  [>0]
PASS    inward hi alpha[3] = [+/- 1.41e-3]  [>0]
PASS    inward lo alpha[4] = [+/- 1.42e-3]  [>0]
PASS    inward hi alpha[4] = [+/- 1.32e-3]  [>0]
PASS    inward lo alpha[5] = [0.001 +/- 5.09e-4]  [>0]
PASS    inward hi alpha[5] = [+/- 1.23e-3]  [>0]
PASS    inward lo alpha[6] = [0.001 +/- 6.02e-4]  [>0]
PASS    inward hi alpha[6] = [+/- 1.13e-3]  [>0]
PASS    inward lo alpha[7] = [0.001 +/- 6.94e-4]  [>0]
PASS    inward hi alpha[7] = [+/- 1.04e-3]  [>0]
PASS    G(alpha_lb) = [0.002 +/- 5.43e-4]  [>0]
PASS    G(alpha_ub) = [-0.002 +/- 5.51e-4]  [<0]
PASS    1 - amp-works = [+/- 0.536]  [>0]
PASS    lambda(z_hat) = [+/- 0.288]  [<0]
  -> PASS
slab 17: kappa [0.034000, 0.034500]
PASS    1 - contraction (slab) = [0.035554895375701419667385 +/- 8.97e-25]  [>0]
PASS    inward lo alpha[0] = [+/- 1.05e-3]  [>0]
PASS    inward hi alpha[0] = [0.001 +/- 6.87e-4]  [>0]
PASS    inward lo alpha[1] = [+/- 1.14e-3]  [>0]
PASS    inward hi alpha[1] = [0.001 +/- 5.94e-4]  [>0]
PASS    inward lo alpha[2] = [+/- 1.23e-3]  [>0]
PASS    inward hi alpha[2] = [0.001 +/- 5.01e-4]  [>0]
PASS    inward lo alpha[3] = [+/- 1.33e-3]  [>0]
PASS    inward hi alpha[3] = [+/- 1.41e-3]  [>0]
PASS    inward lo alpha[4] = [+/- 1.42e-3]  [>0]
PASS    inward hi alpha[4] = [+/- 1.32e-3]  [>0]
PASS    inward lo alpha[5] = [0.001 +/- 5.09e-4]  [>0]
PASS    inward hi alpha[5] = [+/- 1.23e-3]  [>0]
PASS    inward lo alpha[6] = [0.001 +/- 6.02e-4]  [>0]
PASS    inward hi alpha[6] = [+/- 1.13e-3]  [>0]
PASS    inward lo alpha[7] = [0.001 +/- 6.95e-4]  [>0]
PASS    inward hi alpha[7] = [+/- 1.04e-3]  [>0]
PASS    G(alpha_lb) = [0.002 +/- 5.49e-4]  [>0]
PASS    G(alpha_ub) = [-0.002 +/- 5.57e-4]  [<0]
PASS    1 - amp-works = [+/- 0.536]  [>0]
PASS    lambda(z_hat) = [+/- 0.288]  [<0]
  -> PASS
slab 18: kappa [0.036000, 0.036500]
PASS    1 - contraction (slab) = [0.03474123456932614122639 +/- 5.62e-24]  [>0]
PASS    inward lo alpha[0] = [+/- 1.05e-3]  [>0]
PASS    inward hi alpha[0] = [0.001 +/- 6.87e-4]  [>0]
PASS    inward lo alpha[1] = [+/- 1.14e-3]  [>0]
PASS    inward hi alpha[1] = [0.001 +/- 5.94e-4]  [>0]
PASS    inward lo alpha[2] = [+/- 1.23e-3]  [>0]
PASS    inward hi alpha[2] = [0.001 +/- 5.01e-4]  [>0]
PASS    inward lo alpha[3] = [+/- 1.33e-3]  [>0]
PASS    inward hi alpha[3] = [+/- 1.41e-3]  [>0]
PASS    inward lo alpha[4] = [+/- 1.42e-3]  [>0]
PASS    inward hi alpha[4] = [+/- 1.32e-3]  [>0]
PASS    inward lo alpha[5] = [0.001 +/- 5.09e-4]  [>0]
PASS    inward hi alpha[5] = [+/- 1.23e-3]  [>0]
PASS    inward lo alpha[6] = [0.001 +/- 6.02e-4]  [>0]
PASS    inward hi alpha[6] = [+/- 1.13e-3]  [>0]
PASS    inward lo alpha[7] = [0.001 +/- 6.95e-4]  [>0]
PASS    inward hi alpha[7] = [+/- 1.04e-3]  [>0]
PASS    G(alpha_lb) = [0.002 +/- 5.55e-4]  [>0]
PASS    G(alpha_ub) = [-0.002 +/- 5.62e-4]  [<0]
PASS    1 - amp-works = [+/- 0.536]  [>0]
PASS    lambda(z_hat) = [+/- 0.288]  [<0]
  -> PASS
slab 19: kappa [0.038000, 0.038500]
PASS    1 - contraction (slab) = [0.03392639022158050975977 +/- 5.67e-24]  [>0]
PASS    inward lo alpha[0] = [+/- 1.05e-3]  [>0]
PASS    inward hi alpha[0] = [0.001 +/- 6.88e-4]  [>0]
PASS    inward lo alpha[1] = [+/- 1.14e-3]  [>0]
PASS    inward hi alpha[1] = [0.001 +/- 5.94e-4]  [>0]
PASS    inward lo alpha[2] = [+/- 1.23e-3]  [>0]
PASS    inward hi alpha[2] = [0.001 +/- 5.01e-4]  [>0]
PASS    inward lo alpha[3] = [+/- 1.33e-3]  [>0]
PASS    inward hi alpha[3] = [+/- 1.41e-3]  [>0]
PASS    inward lo alpha[4] = [+/- 1.42e-3]  [>0]
PASS    inward hi alpha[4] = [+/- 1.32e-3]  [>0]
PASS    inward lo alpha[5] = [0.001 +/- 5.09e-4]  [>0]
PASS    inward hi alpha[5] = [+/- 1.23e-3]  [>0]
PASS    inward lo alpha[6] = [0.001 +/- 6.02e-4]  [>0]
PASS    inward hi alpha[6] = [+/- 1.13e-3]  [>0]
PASS    inward lo alpha[7] = [0.001 +/- 6.96e-4]  [>0]
PASS    inward hi alpha[7] = [+/- 1.04e-3]  [>0]
PASS    G(alpha_lb) = [0.002 +/- 5.61e-4]  [>0]
PASS    G(alpha_ub) = [-0.002 +/- 5.68e-4]  [<0]
PASS    1 - amp-works = [+/- 0.536]  [>0]
PASS    lambda(z_hat) = [+/- 0.288]  [<0]
  -> PASS
slab 20: kappa [0.040000, 0.040500]
PASS    1 - contraction (slab) = [0.033110470611898399102510 +/- 8.49e-25]  [>0]
PASS    inward lo alpha[0] = [+/- 1.04e-3]  [>0]
PASS    inward hi alpha[0] = [0.001 +/- 6.88e-4]  [>0]
PASS    inward lo alpha[1] = [+/- 1.14e-3]  [>0]
PASS    inward hi alpha[1] = [0.001 +/- 5.95e-4]  [>0]
PASS    inward lo alpha[2] = [+/- 1.23e-3]  [>0]
PASS    inward hi alpha[2] = [0.001 +/- 5.01e-4]  [>0]
PASS    inward lo alpha[3] = [+/- 1.33e-3]  [>0]
PASS    inward hi alpha[3] = [+/- 1.41e-3]  [>0]
PASS    inward lo alpha[4] = [+/- 1.42e-3]  [>0]
PASS    inward hi alpha[4] = [+/- 1.32e-3]  [>0]
PASS    inward lo alpha[5] = [0.001 +/- 5.09e-4]  [>0]
PASS    inward hi alpha[5] = [+/- 1.23e-3]  [>0]
PASS    inward lo alpha[6] = [0.001 +/- 6.02e-4]  [>0]
PASS    inward hi alpha[6] = [+/- 1.13e-3]  [>0]
PASS    inward lo alpha[7] = [0.001 +/- 6.96e-4]  [>0]
PASS    inward hi alpha[7] = [+/- 1.04e-3]  [>0]
PASS    G(alpha_lb) = [0.002 +/- 5.66e-4]  [>0]
PASS    G(alpha_ub) = [-0.002 +/- 5.74e-4]  [<0]
PASS    1 - amp-works = [+/- 0.536]  [>0]
PASS    lambda(z_hat) = [+/- 0.288]  [<0]
  -> PASS
slab 21: kappa [0.042000, 0.042500]
PASS    1 - contraction (slab) = [0.032293477858593752119868 +/- 8.72e-25]  [>0]
PASS    inward lo alpha[0] = [+/- 1.04e-3]  [>0]
PASS    inward hi alpha[0] = [0.001 +/- 6.88e-4]  [>0]
PASS    inward lo alpha[1] = [+/- 1.14e-3]  [>0]
PASS    inward hi alpha[1] = [0.001 +/- 5.95e-4]  [>0]
PASS    inward lo alpha[2] = [+/- 1.23e-3]  [>0]
PASS    inward hi alpha[2] = [0.001 +/- 5.01e-4]  [>0]
PASS    inward lo alpha[3] = [+/- 1.33e-3]  [>0]
PASS    inward hi alpha[3] = [+/- 1.41e-3]  [>0]
PASS    inward lo alpha[4] = [+/- 1.42e-3]  [>0]
PASS    inward hi alpha[4] = [+/- 1.32e-3]  [>0]
PASS    inward lo alpha[5] = [0.001 +/- 5.09e-4]  [>0]
PASS    inward hi alpha[5] = [+/- 1.23e-3]  [>0]
PASS    inward lo alpha[6] = [0.001 +/- 6.03e-4]  [>0]
PASS    inward hi alpha[6] = [+/- 1.13e-3]  [>0]
PASS    inward lo alpha[7] = [0.001 +/- 6.96e-4]  [>0]
PASS    inward hi alpha[7] = [+/- 1.04e-3]  [>0]
PASS    G(alpha_lb) = [0.002 +/- 5.72e-4]  [>0]
PASS    G(alpha_ub) = [-0.002 +/- 5.80e-4]  [<0]
PASS    1 - amp-works = [+/- 0.536]  [>0]
PASS    lambda(z_hat) = [+/- 0.287]  [<0]
  -> PASS
slab 22: kappa [0.044000, 0.044500]
PASS    1 - contraction (slab) = [0.03147533844949054914349 +/- 5.51e-24]  [>0]
PASS    inward lo alpha[0] = [+/- 1.04e-3]  [>0]
PASS    inward hi alpha[0] = [0.001 +/- 6.89e-4]  [>0]
PASS    inward lo alpha[1] = [+/- 1.14e-3]  [>0]
PASS    inward hi alpha[1] = [0.001 +/- 5.95e-4]  [>0]
PASS    inward lo alpha[2] = [+/- 1.23e-3]  [>0]
PASS    inward hi alpha[2] = [0.001 +/- 5.01e-4]  [>0]
PASS    inward lo alpha[3] = [+/- 1.33e-3]  [>0]
PASS    inward hi alpha[3] = [+/- 1.41e-3]  [>0]
PASS    inward lo alpha[4] = [+/- 1.42e-3]  [>0]
PASS    inward hi alpha[4] = [+/- 1.32e-3]  [>0]
PASS    inward lo alpha[5] = [0.001 +/- 5.09e-4]  [>0]
PASS    inward hi alpha[5] = [+/- 1.22e-3]  [>0]
PASS    inward lo alpha[6] = [0.001 +/- 6.03e-4]  [>0]
PASS    inward hi alpha[6] = [+/- 1.13e-3]  [>0]
PASS    inward lo alpha[7] = [0.001 +/- 6.97e-4]  [>0]
PASS    inward hi alpha[7] = [+/- 1.04e-3]  [>0]
PASS    G(alpha_lb) = [0.002 +/- 5.78e-4]  [>0]
PASS    G(alpha_ub) = [-0.002 +/- 5.86e-4]  [<0]
PASS    1 - amp-works = [+/- 0.536]  [>0]
PASS    lambda(z_hat) = [+/- 0.287]  [<0]
  -> PASS
slab 23: kappa [0.046000, 0.046500]
PASS    1 - contraction (slab) = [0.03065611760250351881294 +/- 1.34e-24]  [>0]
PASS    inward lo alpha[0] = [+/- 1.04e-3]  [>0]
PASS    inward hi alpha[0] = [0.001 +/- 6.89e-4]  [>0]
PASS    inward lo alpha[1] = [+/- 1.14e-3]  [>0]
PASS    inward hi alpha[1] = [0.001 +/- 5.95e-4]  [>0]
PASS    inward lo alpha[2] = [+/- 1.23e-3]  [>0]
PASS    inward hi alpha[2] = [0.001 +/- 5.01e-4]  [>0]
PASS    inward lo alpha[3] = [+/- 1.33e-3]  [>0]
PASS    inward hi alpha[3] = [+/- 1.41e-3]  [>0]
PASS    inward lo alpha[4] = [+/- 1.42e-3]  [>0]
PASS    inward hi alpha[4] = [+/- 1.32e-3]  [>0]
PASS    inward lo alpha[5] = [0.001 +/- 5.09e-4]  [>0]
PASS    inward hi alpha[5] = [+/- 1.22e-3]  [>0]
PASS    inward lo alpha[6] = [0.001 +/- 6.03e-4]  [>0]
PASS    inward hi alpha[6] = [+/- 1.13e-3]  [>0]
PASS    inward lo alpha[7] = [0.001 +/- 6.97e-4]  [>0]
PASS    inward hi alpha[7] = [+/- 1.04e-3]  [>0]
PASS    G(alpha_lb) = [0.002 +/- 5.84e-4]  [>0]
PASS    G(alpha_ub) = [-0.002 +/- 5.91e-4]  [<0]
PASS    1 - amp-works = [+/- 0.536]  [>0]
PASS    lambda(z_hat) = [+/- 0.287]  [<0]
  -> PASS
slab 24: kappa [0.048000, 0.048500]
PASS    1 - contraction (slab) = [0.029835762855978595116029 +/- 8.80e-25]  [>0]
PASS    inward lo alpha[0] = [+/- 1.04e-3]  [>0]
PASS    inward hi alpha[0] = [0.001 +/- 6.90e-4]  [>0]
PASS    inward lo alpha[1] = [+/- 1.14e-3]  [>0]
PASS    inward hi alpha[1] = [0.001 +/- 5.95e-4]  [>0]
PASS    inward lo alpha[2] = [+/- 1.23e-3]  [>0]
PASS    inward hi alpha[2] = [0.001 +/- 5.01e-4]  [>0]
PASS    inward lo alpha[3] = [+/- 1.32e-3]  [>0]
PASS    inward hi alpha[3] = [+/- 1.41e-3]  [>0]
PASS    inward lo alpha[4] = [+/- 1.42e-3]  [>0]
PASS    inward hi alpha[4] = [+/- 1.32e-3]  [>0]
PASS    inward lo alpha[5] = [0.001 +/- 5.09e-4]  [>0]
PASS    inward hi alpha[5] = [+/- 1.22e-3]  [>0]
PASS    inward lo alpha[6] = [0.001 +/- 6.03e-4]  [>0]
PASS    inward hi alpha[6] = [+/- 1.13e-3]  [>0]
PASS    inward lo alpha[7] = [0.001 +/- 6.97e-4]  [>0]
PASS    inward hi alpha[7] = [+/- 1.04e-3]  [>0]
PASS    G(alpha_lb) = [0.002 +/- 5.90e-4]  [>0]
PASS    G(alpha_ub) = [-0.002 +/- 5.97e-4]  [<0]
PASS    1 - amp-works = [+/- 0.535]  [>0]
PASS    lambda(z_hat) = [+/- 0.287]  [<0]
  -> PASS
global PASS; 25/25 slabs verified -> result_pos_0.json
