global checks over the batch hull:
PASS    R(rect) finite and positive = [3e+0 +/- 0.639]  [>0]
  -> PASS
slab 0: kappa [0.000500, 0.001000]
PASS    1 - contraction (slab) = [0.049023329347630399428387 +/- 8.41e-25]  [>0]
PASS    inward lo alpha[0] = [+/- 1.06e-3]  [>0]
PASS    inward hi alpha[0] = [0.001 +/- 6.81e-4]  [>0]
PASS    inward lo alpha[1] = [+/- 1.15e-3]  [>0]
PASS    inward hi alpha[1] = [0.001 +/- 5.90e-4]  [>0]
PASS    inward lo alpha[2] = [+/- 1.24e-3]  [>0]
PASS    inward hi alpha[2] = [0.001 +/- 5.00e-4]  [>0]
PASS    inward lo alpha[3] = [+/- 1.33e-3]  [>0]
PASS    inward hi alpha[3] = [+/- 1.41e-3]  [>0]
PASS    inward lo alpha[4] = [+/- 1.42e-3]  [>0]
PASS    inward hi alpha[4] = [+/- 1.32e-3]  [>0]
PASS    inward lo alpha[5] = [0.001 +/- 5.08e-4]  [>0]
PASS    inward hi alpha[5] = [+/- 1.23e-3]  [>0]
PASS    inward lo alpha[6] = [0.001 +/- 5.98e-4]  [>0]
PASS    inward hi alpha[6] = [+/- 1.14e-3]  [>0]
PASS    inward lo alpha[7] = [0.001 +/- 6.89e-4]  [>0]
PASS    inward hi alpha[7] = [+/- 1.05e-3]  [>0]
PASS    G(alpha_lb) = [0.002 +/- 6.07e-4]  [>0]
PASS    G(alpha_ub) = [-0.002 +/- 6.05e-4]  [<0]
PASS    1 - amp-works = [+/- 0.538]  [>0]
PASS    lambda(z_hat) = [+/- 0.290]  [<0]
  -> PASS
slab 1: kappa [0.002500, 0.003000]
PASS    1 - contraction (slab) = [0.04822771267697983575133 +/- 5.63e-24]  [>0]
PASS    inward lo alpha[0] = [+/- 1.06e-3]  [>0]
PASS    inward hi alpha[0] = [0.001 +/- 6.81e-4]  [>0]
PASS    inward lo alpha[1] = [+/- 1.15e-3]  [>0]
PASS    inward hi alpha[1] = [0.001 +/- 5.91e-4]  [>0]
PASS    inward lo alpha[2] = [+/- 1.24e-3]  [>0]
PASS    inward hi alpha[2] = [0.001 +/- 5.00e-4]  [>0]
PASS    inward lo alpha[3] = [+/- 1.33e-3]  [>0]
PASS    inward hi alpha[3] = [+/- 1.41e-3]  [>0]
PASS    inward lo alpha[4] = [+/- 1.42e-3]  [>0]
PASS    inward hi alpha[4] = [+/- 1.32e-3]  [>0]
PASS    inward lo alpha[5] = [0.001 +/- 5.08e-4]  [>0]
PASS    inward hi alpha[5] = [+/- 1.23e-3]  [>0]
PASS    inward lo alpha[6] = [0.001 +/- 5.99e-4]  [>0]
PASS    inward hi alpha[6] = [+/- 1.14e-3]  [>0]
PASS    inward lo alpha[7] = [0.001 +/- 6.89e-4]  [>0]
PASS    inward hi alpha[7] = [+/- 1.05e-3]  [>0]
PASS    G(alpha_lb) = [0.002 +/- 6.03e-4]  [>0]
PASS    G(alpha_ub) = [-0.002 +/- 6.01e-4]  [<0]
PASS    1 - amp-works = [+/- 0.538]  [>0]
PASS    lambda(z_hat) = [+/- 0.290]  [<0]
  -> PASS
slab 2: kappa [0.004500, 0.005000]
PASS    1 - contraction (slab) = [0.047431001362267592758222 +/- 8.61e-25]  [>0]
PASS    inward lo alpha[0] = [+/- 1.06e-3]  [>0]
PASS    inward hi alpha[0] = [0.001 +/- 6.82e-4]  [>0]
PASS    inward lo alpha[1] = [+/- 1.15e-3]  [>0]
PASS    inward hi alpha[1] = [0.001 +/- 5.91e-4]  [>0]
PASS    inward lo alpha[2] = [+/- 1.24e-3]  [>0]
PASS    inward hi alpha[2] = [0.001 +/- 5.00e-4]  [>0]
PASS    inward lo alpha[3] = [+/- 1.33e-3]  [>0]
PASS    inward hi alpha[3] = [+/- 1.41e-3]  [>0]
PASS    inward lo alpha[4] = [+/- 1.42e-3]  [>0]
PASS    inward hi alpha[4] = [+/- 1.32e-3]  [>0]
PASS    inward lo alpha[5] = [0.001 +/- 5.08e-4]  [>0]
PASS    inward hi alpha[5] = [+/- 1.23e-3]  [>0]
PASS    inward lo alpha[6] = [0.001 +/- 5.99e-4]  [>0]
PASS    inward hi alpha[6] = [+/- 1.14e-3]  [>0]
PASS    inward lo alpha[7] = [0.001 +/- 6.89e-4]  [>0]
PASS    inward hi alpha[7] = [+/- 1.05e-3]  [>0]
PASS    G(alpha_lb) = [0.002 +/- 5.98e-4]  [>0]
PASS    G(alpha_ub) = [-0.002 +/- 5.97e-4]  [<0]
PASS    1 - amp-works = [+/- 0.538]  [>0]
PASS    lambda(z_hat) = [+/- 0.290]  [<0]
  -> PASS
slab 3: kappa [0.006500, 0.007000]
PASS    1 - contraction (slab) = [0.04663326782368308776988 +/- 2.05e-24]  [>0]
PASS    inward lo alpha[0] = [+/- 1.06e-3]  [>0]
PASS    inward hi alpha[0] = [0.001 +/- 6.82e-4]  [>0]
PASS    inward lo alpha[1] = [+/- 1.15e-3]  [>0]
PASS    inward hi alpha[1] = [0.001 +/- 5.91e-4]  [>0]
PASS    inward lo alpha[2] = [+/- 1.24e-3]  [>0]
PASS    inward hi alpha[2] = [0.001 +/- 5.00e-4]  [>0]
PASS    inward lo alpha[3] = [+/- 1.33e-3]  [>0]
PASS    inward hi alpha[3] = [+/- 1.41e-3]  [>0]
PASS    inward lo alpha[4] = [+/- 1.42e-3]  [>0]
PASS    inward hi alpha[4] = [+/- 1.32e-3]  [>0]
PASS    inward lo alpha[5] = [0.001 +/- 5.08e-4]  [>0]
PASS    inward hi alpha[5] = [+/- 1.23e-3]  [>0]
PASS    inward lo alpha[6] = [0.001 +/- 5.99e-4]  [>0]
PASS    inward hi alpha[6] = [+/- 1.14e-3]  [>0]
PASS    inward lo alpha[7] = [0.001 +/- 6.90e-4]  [>0]
PASS    inward hi alpha[7] = [+/- 1.05e-3]  [>0]
PASS    G(alpha_lb) = [0.002 +/- 5.94e-4]  [>0]
PASS    G(alpha_ub) = [-0.002 +/- 5.92e-4]  [<0]
PASS    1 - amp-works = [+/- 0.538]  [>0]
PASS    lambda(z_hat) = [+/- 0.290]  [<0]
  -> PASS
slab 4: kappa [0.008500, 0.009000]
PASS    1 - contraction (slab) = [0.04583444058665449162456 +/- 5.34e-24]  [>0]
PASS    inward lo alpha[0] = [+/- 1.06e-3]  [>0]
PASS    inward hi alpha[0] = [0.001 +/- 6.82e-4]  [>0]
PASS    inward lo alpha[1] = [+/- 1.15e-3]  [>0]
PASS    inward hi alpha[1] = [0.001 +/- 5.91e-4]  [>0]
PASS    inward lo alpha[2] = [+/- 1.24e-3]  [>0]
PASS    inward hi alpha[2] = [0.001 +/- 5.00e-4]  [>0]
PASS    inward lo alpha[3] = [+/- 1.33e-3]  [>0]
PASS    inward hi alpha[3] = [+/- 1.41e-3]  [>0]
PASS    inward lo alpha[4] = [+/- 1.42e-3]  [>0]
PASS    inward hi alpha[4] = [+/- 1.32e-3]  [>0]
PASS    inward lo alpha[5] = [0.001 +/- 5.08e-4]  [>0]
PASS    inward hi alpha[5] = [+/- 1.23e-3]  [>0]
PASS    inward lo alpha[6] = [0.001 +/- 5.99e-4]  [>0]
PASS    inward hi alpha[6] = [+/- 1.14e-3]  [>0]
PASS    inward lo alpha[7] = [0.001 +/- 6.90e-4]  [>0]
PASS    inward hi alpha[7] = [+/- 1.05e-3]  [>0]
PASS    G(alpha_lb) = [0.002 +/- 5.90e-4]  [>0]
PASS    G(alpha_ub) = [-0.002 +/- 5.88e-4]  [<0]
PASS    1 - amp-works = [+/- 0.538]  [>0]
PASS    lambda(z_hat) = [+/- 0.290]  [<0]
  -> PASS
slab 5: kappa [0.010500, 0.011000]
PASS    1 - contraction (slab) = [0.04503452416064702744587 +/- 3.06e-24]  [>0]
PASS    inward lo alpha[0] = [+/- 1.06e-3]  [>0]
PASS    inward hi alpha[0] = [0.001 +/- 6.83e-4]  [>0]
PASS    inward lo alpha[1] = [+/- 1.15e-3]  [>0]
PASS    inward hi alpha[1] = [0.001 +/- 5.91e-4]  [>0]
PASS    inward lo alpha[2] = [+/- 1.24e-3]  [>0]
PASS    inward hi alpha[2] = [0.001 +/- 5.00e-4]  [>0]
PASS    inward lo alpha[3] = [+/- 1.33e-3]  [>0]
PASS    inward hi alpha[3] = [+/- 1.41e-3]  [>0]
PASS    inward lo alpha[4] = [+/- 1.42e-3]  [>0]
PASS    inward hi alpha[4] = [+/- 1.32e-3]  [>0]
PASS    inward lo alpha[5] = [0.001 +/- 5.08e-4]  [>0]
PASS    inward hi alpha[5] = [+/- 1.23e-3]  [>0]
PASS    inward lo alpha[6] = [0.001 +/- 5.99e-4]  [>0]
PASS    inward hi alpha[6] = [+/- 1.14e-3]  [>0]
PASS    inward lo alpha[7] = [0.001 +/- 6.90e-4]  [>0]
PASS    inward hi alpha[7] = [+/- 1.05e-3]  [>0]
PASS    G(alpha_lb) = [0.002 +/- 5.85e-4]  [>0]
PASS    G(alpha_ub) = [-0.002 +/- 5.83e-4]  [<0]
PASS    1 - amp-works = [+/- 0.538]  [>0]
PASS    lambda(z_hat) = [+/- 0.290]  [<0]
  -> PASS
slab 6: kappa [0.012500, 0.013000]
PASS    1 - contraction (slab) = [0.04423353739802485071017 +/- 3.49e-24]  [>0]
PASS    inward lo alpha[0] = [+/- 1.05e-3]  [>0]
PASS    inward hi alpha[0] = [0.001 +/- 6.83e-4]  [>0]
PASS    inward lo alpha[1] = [+/- 1.15e-3]  [>0]
PASS    inward hi alpha[1] = [0.001 +/- 5.92e-4]  [>0]
PASS    inward lo alpha[2] = [+/- 1.24e-3]  [>0]
PASS    inward hi alpha[2] = [0.001 +/- 5.00e-4]  [>0]
PASS    inward lo alpha[3] = [+/- 1.33e-3]  [>0]
PASS    inward hi alpha[3] = [+/- 1.41e-3]  [>0]
PASS    inward lo alpha[4] = [+/- 1.42e-3]  [>0]
PASS    inward hi alpha[4] = [+/- 1.32e-3]  [>0]
PASS    inward lo alpha[5] = [0.001 +/- 5.08e-4]  [>0]
PASS    inward hi alpha[5] = [+/- 1.23e-3]  [>0]
PASS    inward lo alpha[6] = [0.001 +/- 5.99e-4]  [>0]
PASS    inward hi alpha[6] = [+/- 1.14e-3]  [>0]
PASS    inward lo alpha[7] = [0.001 +/- 6.91e-4]  [>0]
PASS    inward hi alpha[7] = [+/- 1.05e-3]  [>0]
PASS    G(alpha_lb) = [0.002 +/- 5.81e-4]  [>0]
PASS    G(alpha_ub) = [-0.002 +/- 5.79e-4]  [<0]
PASS    1 - amp-works = [+/- 0.538]  [>0]
PASS    lambda(z_hat) = [+/- 0.289]  [<0]
  -> PASS
slab 7: kappa [0.014500, 0.015000]
PASS    1 - contraction (slab) = [0.04343151949827219569710 +/- 4.04e-24]  [>0]
PASS    inward lo alpha[0] = [+/- 1.05e-3]  [>0]
PASS    inward hi alpha[0] = [0.001 +/- 6.83e-4]  [>0]
PASS    inward lo alpha[1] = [+/- 1.15e-3]  [>0]
PASS    inward hi alpha[1] = [0.001 +/- 5.92e-4]  [>0]
PASS    inward lo alpha[2] = [+/- 1.24e-3]  [>0]
PASS    inward hi alpha[2] = [0.001 +/- 5.00e-4]  [>0]
PASS    inward lo alpha[3] = [+/- 1.33e-3]  [>0]
PASS    inward hi alpha[3] = [+/- 1.41e-3]  [>0]
PASS    inward lo alpha[4] = [+/- 1.42e-3]  [>0]
PASS    inward hi alpha[4] = [+/- 1.32e-3]  [>0]
PASS    inward lo alpha[5] = [0.001 +/- 5.08e-4]  [>0]
PASS    inward hi alpha[5] = [+/- 1.23e-3]  [>0]
PASS    inward lo alpha[6] = [0.001 +/- 6.00e-4]  [>0]
PASS    inward hi alpha[6] = [+/- 1.14e-3]  [>0]
PASS    inward lo alpha[7] = [0.001 +/- 6.91e-4]  [>0]
PASS    inward hi alpha[7] = [+/- 1.05e-3]  [>0]
PASS    G(alpha_lb) = [0.002 +/- 5.76e-4]  [>0]
PASS    G(alpha_ub) = [-0.002 +/- 5.74e-4]  [<0]
PASS    1 - amp-works = [+/- 0.537]  [>0]
PASS    lambda(z_hat) = [+/- 0.289]  [<0]
  -> PASS
slab 8: kappa [0.016500, 0.017000]
PASS    1 - contraction (slab) = [0.042628408260367631125435 +/- 9.04e-25]  [>0]
PASS    inward lo alpha[0] = [+/- 1.05e-3]  [>0]
PASS    inward hi alpha[0] = [0.001 +/- 6.84e-4]  [>0]
PASS    inward lo alpha[1] = [+/- 1.15e-3]  [>0]
PASS    inward hi alpha[1] = [0.001 +/- 5.92e-4]  [>0]
PASS    inward lo alpha[2] = [+/- 1.24e-3]  [>0]
PASS    inward hi alpha[2] = [0.001 +/- 5.00e-4]  [>0]
PASS    inward lo alpha[3] = [+/- 1.33e-3]  [>0]
PASS    inward hi alpha[3] = [+/- 1.41e-3]  [>0]
PASS    inward lo alpha[4] = [+/- 1.42e-3]  [>0]
PASS    inward hi alpha[4] = [+/- 1.32e-3]  [>0]
PASS    inward lo alpha[5] = [0.001 +/- 5.08e-4]  [>0]
PASS    inward hi alpha[5] = [+/- 1.23e-3]  [>0]
PASS    inward lo alpha[6] = [0.001 +/- 6.00e-4]  [>0]
PASS    inward hi alpha[6] = [+/- 1.14e-3]  [>0]
PASS    inward lo alpha[7] = [0.001 +/- 6.92e-4]  [>0]
PASS    inward hi alpha[7] = [+/- 1.05e-3]  [>0]
PASS    G(alpha_lb) = [0.002 +/- 5.72e-4]  [>0]
PASS    G(alpha_ub) = [-0.002 +/- 5.70e-4]  [<0]
PASS    1 - amp-works = [+/- 0.537]  [>0]
PASS    lambda(z_hat) = [+/- 0.289]  [<0]
  -> PASS
slab 9: kappa [0.018500, 0.019000]
PASS    1 - contraction (slab) = [0.04182419123004374491200 +/- 4.34e-24]  [>0]
PASS    inward lo alpha[0] = [+/- 1.05e-3]  [>0]
PASS    inward hi alpha[0] = [0.001 +/- 6.84e-4]  [>0]
PASS    inward lo alpha[1] = [+/- 1.14e-3]  [>0]
PASS    inward hi alpha[1] = [0.001 +/- 5.92e-4]  [>0]
PASS    inward lo alpha[2] = [+/- 1.24e-3]  [>0]
PASS    inward hi alpha[2] = [0.001 +/- 5.01e-4]  [>0]
PASS    inward lo alpha[3] = [+/- 1.33e-3]  [>0]
PASS    inward hi alpha[3] = [+/- 1.41e-3]  [>0]
PASS    inward lo alpha[4] = [+/- 1.42e-3]  [>0]
PASS    inward hi alpha[4] = [+/- 1.32e-3]  [>0]
PASS    inward lo alpha[5] = [0.001 +/- 5.08e-4]  [>0]
PASS    inward hi alpha[5] = [+/- 1.23e-3]  [>0]
PASS    inward lo alpha[6] = [0.001 +/- 6.00e-4]  [>0]
PASS    inward hi alpha[6] = [+/- 1.14e-3]  [>0]
PASS    inward lo alpha[7] = [0.001 +/- 6.92e-4]  [>0]
PASS    inward hi alpha[7] = [+/- 1.05e-3]  [>0]
PASS    G(alpha_lb) = [0.002 +/- 5.67e-4]  [>0]
PASS    G(alpha_ub) = [-0.002 +/- 5.65e-4]  [<0]
PASS    1 - amp-works = [+/- 0.537]  [>0]
PASS    lambda(z_hat) = [+/- 0.289]  [<0]
  -> PASS
slab 10: kappa [0.020500, 0.021000]
PASS    1 - contraction (slab) = [0.04101889681662253945718 +/- 5.50e-24]  [>0]
PASS    inward lo alpha[0] = [+/- 1.05e-3]  [>0]
PASS    inward hi alpha[0] = [0.001 +/- 6.84e-4]  [>0]
PASS    inward lo alpha[1] = [+/- 1.14e-3]  [>0]
PASS    inward hi alpha[1] = [0.001 +/- 5.92e-4]  [>0]
PASS    inward lo alpha[2] = [+/- 1.24e-3]  [>0]
PASS    inward hi alpha[2] = [0.001 +/- 5.01e-4]  [>0]
PASS    inward lo alpha[3] = [+/- 1.33e-3]  [>0]
PASS    inward hi alpha[3] = [+/- 1.41e-3]  [>0]
PASS    inward lo alpha[4] = [+/- 1.42e-3]  [>0]
PASS    inward hi alpha[4] = [+/- 1.32e-3]  [>0]
PASS    inward lo alpha[5] = [0.001 +/- 5.08e-4]  [>0]
PASS    inward hi alpha[5] = [+/- 1.23e-3]  [>0]
PASS    inward lo alpha[6] = [0.001 +/- 6.00e-4]  [>0]
PASS    inward hi alpha[6] = [+/- 1.14e-3]  [>0]
PASS    inward lo alpha[7] = [0.001 +/- 6.92e-4]  [>0]
PASS    inward hi alpha[7] = [+/- 1.05e-3]  [>0]
PASS    G(alpha_lb) = [0.002 +/- 5.63e-4]  [>0]
PASS    G(alpha_ub) = [-0.002 +/- 5.61e-4]  [<0]
PASS    1 - amp-works = [+/- 0.537]  [>0]
PASS    lambda(z_hat) = [+/- 0.289]  [<0]
  -> PASS
slab 11: kappa [0.022500, 0.023000]
PASS    1 - contraction (slab) = [0.040212573539124749637953 +/- 8.77e-25]  [>0]
PASS    inward lo alpha[0] = [+/- 1.05e-3]  [>0]
PASS    inward hi alpha[0] = [0.001 +/- 6.85e-4]  [>0]
PASS    inward lo alpha[1] = [+/- 1.14e-3]  [>0]
PASS    inward hi alpha[1] = [0.001 +/- 5.93e-4]  [>0]
PASS    inward lo alpha[2] = [+/- 1.24e-3]  [>0]
PASS    inward hi alpha[2] = [0.001 +/- 5.01e-4]  [>0]
PASS    inward lo alpha[3] = [+/- 1.33e-3]  [>0]
PASS    inward hi alpha[3] = [+/- 1.41e-3]  [>0]
PASS    inward lo alpha[4] = [+/- 1.42e-3]  [>0]
PASS    inward hi alpha[4] = [+/- 1.32e-3]  [>0]
PASS    inward lo alpha[5] = [0.001 +/- 5.08e-4]  [>0]
PASS    inward hi alpha[5] = [+/- 1.23e-3]  [>0]
PASS    inward lo alpha[6] = [0.001 +/- 6.01e-4]  [>0]
PASS    inward hi alpha[6] = [+/- 1.14e-3]  [>0]
PASS    inward lo alpha[7] = [0.001 +/- 6.93e-4]  [>0]
PASS    inward hi alpha[7] = [+/- 1.05e-3]  [>0]
PASS    G(alpha_lb) = [0.002 +/- 5.58e-4]  [>0]
PASS    G(alpha_ub) = [-0.002 +/- 5.56e-4]  [<0]
PASS    1 - amp-works = [+/- 0.537]  [>0]
PASS    lambda(z_hat) = [+/- 0.289]  [<0]
  -> PASS
slab 12: kappa [0.024500, 0.025000]
PASS    1 - contraction (slab) = [0.03940512394207389411404 +/- 2.93e-24]  [>0]
PASS    inward lo alpha[0] = [+/- 1.05e-3]  [>0]
PASS    inward hi alpha[0] = [0.001 +/- 6.85e-4]  [>0]
PASS    inward lo alpha[1] = [+/- 1.14e-3]  [>0]
PASS    inward hi alpha[1] = [0.001 +/- 5.93e-4]  [>0]
PASS    inward lo alpha[2] = [+/- 1.24e-3]  [>0]
PASS    inward hi alpha[2] = [0.001 +/- 5.01e-4]  [>0]
PASS    inward lo alpha[3] = [+/- 1.33e-3]  [>0]
PASS    inward hi alpha[3] = [+/- 1.41e-3]  [>0]
PASS    inward lo alpha[4] = [+/- 1.42e-3]  [>0]
PASS    inward hi alpha[4] = [+/- 1.32e-3]  [>0]
PASS    inward lo alpha[5] = [0.001 +/- 5.08e-4]  [>0]
PASS    inward hi alpha[5] = [+/- 1.23e-3]  [>0]
PASS    inward lo alpha[6] = [0.001 +/- 6.01e-4]  [>0]
PASS    inward hi alpha[6] = [+/- 1.14e-3]  [>0]
PASS    inward lo alpha[7] = [0.001 +/- 6.93e-4]  [>0]
PASS    inward hi alpha[7] = [+/- 1.05e-3]  [>0]
PASS    G(alpha_lb) = [0.002 +/- 5.54e-4]  [>0]
PASS    G(alpha_ub) = [-0.002 +/- 5.51e-4]  [<0]
PASS    1 - amp-works = [+/- 0.537]  [>0]
PASS    lambda(z_hat) = [+/- 0.289]  [<0]
  -> PASS
slab 13: kappa [0.026500, 0.027000]
PASS    1 - contraction (slab) = [0.03859660154447493477067 +/- 4.60e-24]  [>0]
PASS    inward lo alpha[0] = [+/- 1.05e-3]  [>0]
PASS    inward hi alpha[0] = [0.001 +/- 6.85e-4]  [>0]
PASS    inward lo alpha[1] = [+/- 1.14e-3]  [>0]
PASS    inward hi alpha[1] = [0.001 +/- 5.93e-4]  [>0]
PASS    inward lo alpha[2] = [+/- 1.23e-3]  [>0]
PASS    inward hi alpha[2] = [0.001 +/- 5.01e-4]  [>0]
PASS    inward lo alpha[3] = [+/- 1.33e-3]  [>0]
PASS    inward hi alpha[3] = [+/- 1.41e-3]  [>0]
PASS    inward lo alpha[4] = [+/- 1.42e-3]  [>0]
PASS    inward hi alpha[4] = [+/- 1.32e-3]  [>0]
PASS    inward lo alpha[5] = [0.001 +/- 5.08e-4]  [>0]
PASS    inward hi alpha[5] = [+/- 1.23e-3]  [>0]
PASS    inward lo alpha[6] = [0.001 +/- 6.01e-4]  [>0]
PASS    inward hi alpha[6] = [+/- 1.14e-3]  [>0]
PASS    inward lo alpha[7] = [0.001 +/- 6.93e-4]  [>0]
PASS    inward hi alpha[7] = [+/- 1.04e-3]  [>0]
PASS    G(alpha_lb) = [0.002 +/- 5.49e-4]  [>0]
PASS    G(alpha_ub) = [-0.002 +/- 5.47e-4]  [<0]
PASS    1 - amp-works = [+/- 0.537]  [>0]
PASS    lambda(z_hat) = [+/- 0.289]  [<0]
  -> PASS
slab 14: kappa [0.028500, 0.029000]
PASS    1 - contraction (slab) = [0.03778698891470277583071 +/- 3.05e-24]  [>0]
PASS    inward lo alpha[0] = [+/- 1.05e-3]  [>0]
PASS    inward hi alpha[0] = [0.001 +/- 6.86e-4]  [>0]
PASS    inward lo alpha[1] = [+/- 1.14e-3]  [>0]
PASS    inward hi alpha[1] = [0.001 +/- 5.93e-4]  [>0]
PASS    inward lo alpha[2] = [+/- 1.23e-3]  [>0]
PASS    inward hi alpha[2] = [0.001 +/- 5.01e-4]  [>0]
PASS    inward lo alpha[3] = [+/- 1.33e-3]  [>0]
PASS    inward hi alpha[3] = [+/- 1.41e-3]  [>0]
PASS    inward lo alpha[4] = [+/- 1.42e-3]  [>0]
PASS    inward hi alpha[4] = [+/- 1.32e-3]  [>0]
PASS    inward lo alpha[5] = [0.001 +/- 5.08e-4]  [>0]
PASS    inward hi alpha[5] = [+/- 1.23e-3]  [>0]
PASS    inward lo alpha[6] = [0.001 +/- 6.01e-4]  [>0]
PASS    inward hi alpha[6] = [+/- 1.14e-3]  [>0]
PASS    inward lo alpha[7] = [0.001 +/- 6.94e-4]  [>0]
PASS    inward hi alpha[7] = [+/- 1.04e-3]  [>0]
PASS    G(alpha_lb) = [0.002 +/- 5.44e-4]  [>0]
PASS    G(alpha_ub) = [-0.002 +/- 5.42e-4]  [<0]
PASS    1 - amp-works = [+/- 0.537]  [>0]
PASS    lambda(z_hat) = [+/- 0.288]  [<0]
  -> PASS
slab 15: kappa [0.030500, 0.031000]
PASS    1 - contraction (slab) = [0.036976291841026630322086 +/- 8.62e-25]  [>0]
PASS    inward lo alpha[0] = [+/- 1.05e-3]  [>0]
PASS    inward hi alpha[0] = [0.001 +/- 6.86e-4]  [>0]
PASS    inward lo alpha[1] = [+/- 1.14e-3]  [>0]
PASS    inward hi alpha[1] = [0.001 +/- 5.93e-4]  [>0]
PASS    inward lo alpha[2] = [+/- 1.23e-3]  [>0]
PASS    inward hi alpha[2] = [0.001 +/- 5.01e-4]  [>0]
PASS    inward lo alpha[3] = [+/- 1.33e-3]  [>0]
PASS    inward hi alpha[3] = [+/- 1.41e-3]  [>0]
PASS    inward lo alpha[4] = [+/- 1.42e-3]  [>0]
PASS    inward hi alpha[4] = [+/- 1.32e-3]  [>0]
PASS    inward lo alpha[5] = [0.001 +/- 5.08e-4]  [>0]
PASS    inward hi alpha[5] = [+/- 1.23e-3]  [>0]
PASS    inward lo alpha[6] = [0.001 +/- 6.01e-4]  [>0]
PASS    inward hi alpha[6] = [+/- 1.14e-3]  [>0]
PASS    inward lo alpha[7] = [0.001 +/- 6.94e-4]  [>0]
PASS    inward hi alpha[7] = [+/- 1.04e-3]  [>0]
PASS    G(alpha_lb) = [0.002 +/- 5.40e-4]  [>0]
PASS    G(alpha_ub) = [-0.002 +/- 5.46e-4]  [<0]
PASS    1 - amp-works = [+/- 0.536]  [>0]
PASS    lambda(z_hat) = [+/- 0.288]  [<0]
  -> PASS
slab 16: kappa [0.032500, 0.033000]
PASS    1 - contraction (slab) = [0.036164505642722233509386 +/- 8.89e-25]  [>0]
PASS    inward lo alpha[0] = [+/- 1.05e-3]  [>0]
PASS    inward hi alpha[0] = [0.001 +/- 6.87e-4]  [>0]
PASS    inward lo alpha[1] = [+/- 1.14e-3]  [>0]
PASS    inward hi alpha[1] = [0.001 +/- 5.94e-4]  [>0]
PASS    inward lo alpha[2] = [+/- 1.23e-3]  [>0]
PASS    inward hi alpha[2] = [0.001 +/- 5.01e-4]  [>0]
PASS    inward lo alpha[3] = [+/- 1.33e-3]  [>0]
PASS    inward hi alpha[3] = [+/- 1.41e-3]  [>0]
PASS    inward lo alpha[4] = [+/- 1.42e-3]  [>0]
PASS    inward hi alpha[4] = [+/- 1.32e-3]  [>0]
PASS    inward lo alpha[5] = [0.001 +/- 5.09e-4]  [>0]
PASS    inward hi alpha[5] = [+/- 1.23e-3]  [>0]
PASS    inward lo alpha[6] = [0.001 +/- 6.02e-4]  [>0]
PASS    inward hi alpha[6] = [+/- 1.13e-3]  [>0]
PASS    inward lo alpha[7] = [0.001 +/- 6.94e-4]  [>0]
PASS    inward hi alpha[7] = [+/- 1.04e-3]  [>0]
PASS    G(alpha_lb) = [0.002 +/- 5.45e-4]  [>0]
PASS    G(alpha_ub) = [-0.002 +/- 5.52e-4]  [<0]
PASS    1 - amp-works = [+/- 0.536]  [>0]
PASS    lambda(z_hat) = [+/- 0.288]  [<0]
  -> PASS
slab 17: kappa [0.034500, 0.035000]
PASS    1 - contraction (slab) = [0.035351585268123338467101 +/- 8.79e-25]  [>0]
PASS    inward lo alpha[0] = [+/- 1.05e-3]  [>0]
PASS    inward hi alpha[0] = [0.001 +/- 6.87e-4]  [>0]
PASS    inward lo alpha[1] = [+/- 1.14e-3]  [>0]
PASS    inward hi alpha[1] = [0.001 +/- 5.94e-4]  [>0]
PASS    inward lo alpha[2] = [+/- 1.23e-3]  [>0]
PASS    inward hi alpha[2] = [0.001 +/- 5.01e-4]  [>0]
PASS    inward lo alpha[3] = [+/- 1.33e-3]  [>0]
PASS    inward hi alpha[3] = [+/- 1.41e-3]  [>0]
PASS    inward lo alpha[4] = [+/- 1.42e-3]  [>0]
PASS    inward hi alpha[4] = [+/- 1.32e-3]  [>0]
PASS    inward lo alpha[5] = [0.001 +/- 5.09e-4]  [>0]
PASS    inward hi alpha[5] = [+/- 1.23e-3]  [>0]
PASS    inward lo alpha[6] = [0.001 +/- 6.02e-4]  [>0]
PASS    inward hi alpha[6] = [+/- 1.13e-3]  [>0]
PASS    inward lo alpha[7] = [0.001 +/- 6.95e-4]  [>0]
PASS    inward hi alpha[7] = [+/- 1.04e-3]  [>0]
PASS    G(alpha_lb) = [0.002 +/- 5.51e-4]  [>0]
PASS    G(alpha_ub) = [-0.002 +/- 5.58e-4]  [<0]
PASS    1 - amp-works = [+/- 0.536]  [>0]
PASS    lambda(z_hat) = [+/- 0.288]  [<0]
  -> PASS
slab 18: kappa [0.036500, 0.037000]
PASS    1 - contraction (slab) = [0.03453759227404665876887 +/- 5.47e-24]  [>0]
PASS    inward lo alpha[0] = [+/- 1.05e-3]  [>0]
PASS    inward hi alpha[0] = [0.001 +/- 6.87e-4]  [>0]
PASS    inward lo alpha[1] = [+/- 1.14e-3]  [>0]
PASS    inward hi alpha[1] = [0.001 +/- 5.94e-4]  [>0]
PASS    inward lo alpha[2] = [+/- 1.23e-3]  [>0]
PASS    inward hi alpha[2] = [0.001 +/- 5.01e-4]  [>0]
PASS    inward lo alpha[3] = [+/- 1.33e-3]  [>0]
PASS    inward hi alpha[3] = [+/- 1.41e-3]  [>0]
PASS    inward lo alpha[4] = [+/- 1.42e-3]  [>0]
PASS    inward hi alpha[4] = [+/- 1.32e-3]  [>0]
PASS    inward lo alpha[5] = [0.001 +/- 5.09e-4]  [>0]
PASS    inward hi alpha[5] = [+/- 1.23e-3]  [>0]
PASS    inward lo alpha[6] = [0.001 +/- 6.02e-4]  [>0]
PASS    inward hi alpha[6] = [+/- 1.13e-3]  [>0]
PASS    inward lo alpha[7] = [0.001 +/- 6.95e-4]  [>0]
PASS    inward hi alpha[7] = [+/- 1.04e-3]  [>0]
PASS    G(alpha_lb) = [0.002 +/- 5.56e-4]  [>0]
PASS    G(alpha_ub) = [-0.002 +/- 5.64e-4]  [<0]
PASS    1 - amp-works = [+/- 0.536]  [>0]
PASS    lambda(z_hat) = [+/- 0.288]  [<0]
  -> PASS
slab 19: kappa [0.038500, 0.039000]
PASS    1 - contraction (slab) = [0.033722530638158179537404 +/- 8.84e-25]  [>0]
PASS    inward lo alpha[0] = [+/- 1.04e-3]  [>0]
PASS    inward hi alpha[0] = [0.001 +/- 6.88e-4]  [>0]
PASS    inward lo alpha[1] = [+/- 1.14e-3]  [>0]
PASS    inward hi alpha[1] = [0.001 +/- 5.94e-4]  [>0]
PASS    inward lo alpha[2] = [+/- 1.23e-3]  [>0]
PASS    inward hi alpha[2] = [0.001 +/- 5.01e-4]  [>0]
PASS    inward lo alpha[3] = [+/- 1.33e-3]  [>0]
PASS    inward hi alpha[3] = [+/- 1.41e-3]  [>0]
PASS    inward lo alpha[4] = [+/- 1.42e-3]  [>0]
PASS    inward hi alpha[4] = [+/- 1.32e-3]  [>0]
PASS    inward lo alpha[5] = [0.001 +/- 5.09e-4]  [>0]
PASS    inward hi alpha[5] = [+/- 1.23e-3]  [>0]
PASS    inward lo alpha[6] = [0.001 +/- 6.02e-4]  [>0]
PASS    inward hi alpha[6] = [+/- 1.13e-3]  [>0]
PASS    inward lo alpha[7] = [0.001 +/- 6.96e-4]  [>0]
PASS    inward hi alpha[7] = [+/- 1.04e-3]  [>0]
PASS    G(alpha_lb) = [0.002 +/- 5.62e-4]  [>0]
PASS    G(alpha_ub) = [-0.002 +/- 5.70e-4]  [<0]
PASS    1 - amp-works = [+/- 0.536]  [>0]
PASS    lambda(z_hat) = [+/- 0.288]  [<0]
  -> PASS
slab 20: kappa [0.040500, 0.041000]
PASS    1 - contraction (slab) = [0.03290632885795832993213 +/- 5.32e-24]  [>0]
PASS    inward lo alpha[0] = [+/- 1.04e-3]  [>0]
PASS    inward hi alpha[0] = [0.001 +/- 6.88e-4]  [>0]
PASS    inward lo alpha[1] = [+/- 1.14e-3]  [>0]
PASS    inward hi alpha[1] = [0.001 +/- 5.95e-4]  [>0]
PASS    inward lo alpha[2] = [+/- 1.23e-3]  [>0]
PASS    inward hi alpha[2] = [0.001 +/- 5.01e-4]  [>0]
PASS    inward lo alpha[3] = [+/- 1.33e-3]  [>0]
PASS    inward hi alpha[3] = [+/- 1.41e-3]  [>0]
PASS    inward lo alpha[4] = [+/- 1.42e-3]  [>0]
PASS    inward hi alpha[4] = [+/- 1.32e-3]  [>0]
PASS    inward lo alpha[5] = [0.001 +/- 5.09e-4]  [>0]
PASS    inward hi alpha[5] = [+/- 1.23e-3]  [>0]
PASS    inward lo alpha[6] = [0.001 +/- 6.02e-4]  [>0]
PASS    inward hi alpha[6] = [+/- 1.13e-3]  [>0]
PASS    inward lo alpha[7] = [0.001 +/- 6.96e-4]  [>0]
PASS    inward hi alpha[7] = [+/- 1.04e-3]  [>0]
PASS    G(alpha_lb) = [0.002 +/- 5.68e-4]  [>0]
PASS    G(alpha_ub) = [-0.002 +/- 5.75e-4]  [<0]
PASS    1 - amp-works = [+/- 0.536]  [>0]
PASS    lambda(z_hat) = [+/- 0.288]  [<0]
  -> PASS
slab 21: kappa [0.042500, 0.043000]
PASS    1 - contraction (slab) = [0.03208903217903738163877 +/- 2.28e-24]  [>0]
PASS    inward lo alpha[0] = [+/- 1.04e-3]  [>0]
PASS    inward hi alpha[0] = [0.001 +/- 6.89e-4]  [>0]
PASS    inward lo alpha[1] = [+/- 1.14e-3]  [>0]
PASS    inward hi alpha[1] = [0.001 +/- 5.95e-4]  [>0]
PASS    inward lo alpha[2] = [+/- 1.23e-3]  [>0]
PASS    inward hi alpha[2] = [0.001 +/- 5.01e-4]  [>0]
PASS    inward lo alpha[3] = [+/- 1.33e-3]  [>0]
PASS    inward hi alpha[3] = [+/- 1.41e-3]  [>0]
PASS    inward lo alpha[4] = [+/- 1.42e-3]  [>0]
PASS    inward hi alpha[4] = [+/- 1.32e-3]  [>0]
PASS    inward lo alpha[5] = [0.001 +/- 5.09e-4]  [>0]
PASS    inward hi alpha[5] = [+/- 1.23e-3]  [>0]
PASS    inward lo alpha[6] = [0.001 +/- 6.03e-4]  [>0]
PASS    inward hi alpha[6] = [+/- 1.13e-3]  [>0]
PASS    inward lo alpha[7] = [0.001 +/- 6.96e-4]  [>0]
PASS    inward hi alpha[7] = [+/- 1.04e-3]  [>0]
PASS    G(alpha_lb) = [0.002 +/- 5.74e-4]  [>0]
PASS    G(alpha_ub) = [-0.002 +/- 5.81e-4]  [<0]
PASS    1 - amp-works = [+/- 0.536]  [>0]
PASS    lambda(z_hat) = [+/- 0.288]  [<0]
  -> PASS
slab 22: kappa [0.044500, 0.045000]
PASS    1 - contraction (slab) = [0.031270651162663316392803 +/- 8.53e-25]  [>0]
PASS    inward lo alpha[0] = [+/- 1.04e-3]  [>0]
PASS    inward hi alpha[0] = [0.001 +/- 6.89e-4]  [>0]
PASS    inward lo alpha[1] = [+/- 1.14e-3]  [>0]
PASS    inward hi alpha[1] = [0.001 +/- 5.95e-4]  [>0]
PASS    inward lo alpha[2] = [+/- 1.23e-3]  [>0]
PASS    inward hi alpha[2] = [0.001 +/- 5.01e-4]  [>0]
PASS    inward lo alpha[3] = [+/- 1.33e-3]  [>0]
PASS    inward hi alpha[3] = [+/- 1.41e-3]  [>0]
PASS    inward lo alpha[4] = [+/- 1.42e-3]  [>0]
PASS    inward hi alpha[4] = [+/- 1.32e-3]  [>0]
PASS    inward lo alpha[5] = [0.001 +/- 5.09e-4]  [>0]
PASS    inward hi alpha[5] = [+/- 1.22e-3]  [>0]
PASS    inward lo alpha[6] = [0.001 +/- 6.03e-4]  [>0]
PASS    inward hi alpha[6] = [+/- 1.13e-3]  [>0]
PASS    inward lo alpha[7] = [0.001 +/- 6.97e-4]  [>0]
PASS    inward hi alpha[7] = [+/- 1.04e-3]  [>0]
PASS    G(alpha_lb) = [0.002 +/- 5.80e-4]  [>0]
PASS    G(alpha_ub) = [-0.002 +/- 5.87e-4]  [<0]
PASS    1 - amp-works = [+/- 0.536]  [>0]
PASS    lambda(z_hat) = [+/- 0.287]  [<0]
  -> PASS
slab 23: kappa [0.046500, 0.047000]
PASS    1 - contraction (slab) = [0.03045114569244906506822 +/- 4.68e-24]  [>0]
PASS    inward lo alpha[0] = [+/- 1.04e-3]  [>0]
PASS    inward hi alpha[0] = [0.001 +/- 6.89e-4]  [>0]
PASS    inward lo alpha[1] = [+/- 1.14e-3]  [>0]
PASS    inward hi alpha[1] = [0.001 +/- 5.95e-4]  [>0]
PASS    inward lo alpha[2] = [+/- 1.23e-3]  [>0]
PASS    inward hi alpha[2] = [0.001 +/- 5.01e-4]  [>0]
PASS    inward lo alpha[3] = [+/- 1.32e-3]  [>0]
PASS    inward hi alpha[3] = [+/- 1.41e-3]  [>0]
PASS    inward lo alpha[4] = [+/- 1.42e-3]  [>0]
PASS    inward hi alpha[4] = [+/- 1.32e-3]  [>0]
PASS    inward lo alpha[5] = [0.001 +/- 5.09e-4]  [>0]
PASS    inward hi alpha[5] = [+/- 1.22e-3]  [>0]
PASS    inward lo alpha[6] = [0.001 +/- 6.03e-4]  [>0]
PASS    inward hi alpha[6] = [+/- 1.13e-3]  [>0]
PASS    inward lo alpha[7] = [0.001 +/- 6.97e-4]  [>0]
PASS    inward hi alpha[7] = [+/- 1.04e-3]  [>0]
PASS    G(alpha_lb) = [0.002 +/- 5.85e-4]  [>0]
PASS    G(alpha_ub) = [-0.002 +/- 5.93e-4]  [<0]
PASS    1 - amp-works = [+/- 0.536]  [>0]
PASS    lambda(z_hat) = [+/- 0.287]  [<0]
  -> PASS
slab 24: kappa [0.048500, 0.049000]
PASS    1 - contraction (slab) = [0.029630527963575216005067 +/- 8.57e-25]  [>0]
PASS    inward lo alpha[0] = [+/- 1.04e-3]  [>0]
PASS    inward hi alpha[0] = [0.001 +/- 6.90e-4]  [>0]
PASS    inward lo alpha[1] = [+/- 1.14e-3]  [>0]
PASS    inward hi alpha[1] = [0.001 +/- 5.95e-4]  [>0]
PASS    inward lo alpha[2] = [+/- 1.23e-3]  [>0]
PASS    inward hi alpha[2] = [0.001 +/- 5.01e-4]  [>0]
PASS    inward lo alpha[3] = [+/- 1.32e-3]  [>0]
PASS    inward hi alpha[3] = [+/- 1.41e-3]  [>0]
PASS    inward lo alpha[4] = [+/- 1.42e-3]  [>0]
PASS    inward hi alpha[4] = [+/- 1.32e-3]  [>0]
PASS    inward lo alpha[5] = [0.001 +/- 5.09e-4]  [>0]
PASS    inward hi alpha[5] = [+/- 1.22e-3]  [>0]
PASS    inward lo alpha[6] = [0.001 +/- 6.03e-4]  [>0]
PASS    inward hi alpha[6] = [+/- 1.13e-3]  [>0]
PASS    inward lo alpha[7] = [0.001 +/- 6.98e-4]  [>0]
PASS    inward hi alpha[7] = [+/- 1.04e-3]  [>0]
PASS    G(alpha_lb) = [0.002 +/- 5.91e-4]  [>0]
PASS    G(alpha_ub) = [-0.002 +/- 5.99e-4]  [<0]
PASS    1 - amp-works = [+/- 0.535]  [>0]
PASS    lambda(z_hat) = [+/- 0.287]  [<0]
  -> PASS
global PASS; 25/25 slabs verified -> result_pos_1.json
