global checks over the batch hull:
PASS    R(rect) finite and positive = [3e+0 +/- 0.638]  [>0]
  -> PASS
slab 0: kappa [0.001000, 0.001500]
PASS    1 - contraction (slab) = [0.04882452285595062195022 +/- 3.19e-24]  [>0]
PASS    inward lo alpha[0] = [+/- 1.06e-3]  [>0]
PASS    inward hi alpha[0] = [0.001 +/- 6.81e-4]  [>0]
PASS    inward lo alpha[1] = [+/- 1.15e-3]  [>0]
PASS    inward hi alpha[1] = [0.001 +/- 5.91e-4]  [>0]
PASS    inward lo alpha[2] = [+/- 1.24e-3]  [>0]
PASS    inward hi alpha[2] = [0.001 +/- 5.00e-4]  [>0]
PASS    inward lo alpha[3] = [+/- 1.33e-3]  [>0]
PASS    inward hi alpha[3] = [+/- 1.41e-3]  [>0]
PASS    inward lo alpha[4] = [+/- 1.42e-3]  [>0]
PASS    inward hi alpha[4] = [+/- 1.32e-3]  [>0]
PASS    inward lo alpha[5] = [0.001 +/- 5.08e-4]  [>0]
PASS    inward hi alpha[5] = [+/- 1.23e-3]  [>0]
PASS    inward lo alpha[6] = [0.001 +/- 5.98e-4]  [>0]
PASS    inward hi alpha[6] = [+/- 1.14e-3]  [>0]
PASS    inward lo alpha[7] = [0.001 +/- 6.89e-4]  [>0]
PASS    inward hi alpha[7] = [+/- 1.05e-3]  [>0]
PASS    G(alpha_lb) = [0.002 +/- 6.06e-4]  [>0]
PASS    G(alpha_ub) = [-0.002 +/- 6.04e-4]  [<0]
PASS    1 - amp-works = [+/- 0.538]  [>0]
PASS    lambda(z_hat) = [+/- 0.290]  [<0]
  -> PASS
slab 1: kappa [0.003000, 0.003500]
PASS    1 - contraction (slab) = [0.048028600175518608350517 +/- 9.06e-25]  [>0]
PASS    inward lo alpha[0] = [+/- 1.06e-3]  [>0]
PASS    inward hi alpha[0] = [0.001 +/- 6.81e-4]  [>0]
PASS    inward lo alpha[1] = [+/- 1.15e-3]  [>0]
PASS    inward hi alpha[1] = [0.001 +/- 5.91e-4]  [>0]
PASS    inward lo alpha[2] = [+/- 1.24e-3]  [>0]
PASS    inward hi alpha[2] = [0.001 +/- 5.00e-4]  [>0]
PASS    inward lo alpha[3] = [+/- 1.33e-3]  [>0]
PASS    inward hi alpha[3] = [+/- 1.41e-3]  [>0]
PASS    inward lo alpha[4] = [+/- 1.42e-3]  [>0]
PASS    inward hi alpha[4] = [+/- 1.32e-3]  [>0]
PASS    inward lo alpha[5] = [0.001 +/- 5.08e-4]  [>0]
PASS    inward hi alpha[5] = [+/- 1.23e-3]  [>0]
PASS    inward lo alpha[6] = [0.001 +/- 5.99e-4]  [>0]
PASS    inward hi alpha[6] = [+/- 1.14e-3]  [>0]
PASS    inward lo alpha[7] = [0.001 +/- 6.89e-4]  [>0]
PASS    inward hi alpha[7] = [+/- 1.05e-3]  [>0]
PASS    G(alpha_lb) = [0.002 +/- 6.02e-4]  [>0]
PASS    G(alpha_ub) = [-0.002 +/- 6.00e-4]  [<0]
PASS    1 - amp-works = [+/- 0.538]  [>0]
PASS    lambda(z_hat) = [+/- 0.290]  [<0]
  -> PASS
slab 2: kappa [0.005000, 0.005500]
PASS    1 - contraction (slab) = [0.047231680573795376076776 +/- 8.36e-25]  [>0]
PASS    inward lo alpha[0] = [+/- 1.06e-3]  [>0]
PASS    inward hi alpha[0] = [0.001 +/- 6.82e-4]  [>0]
PASS    inward lo alpha[1] = [+/- 1.15e-3]  [>0]
PASS    inward hi alpha[1] = [0.001 +/- 5.91e-4]  [>0]
PASS    inward lo alpha[2] = [+/- 1.24e-3]  [>0]
PASS    inward hi alpha[2] = [0.001 +/- 5.00e-4]  [>0]
PASS    inward lo alpha[3] = [+/- 1.33e-3]  [>0]
PASS    inward hi alpha[3] = [+/- 1.41e-3]  [>0]
PASS    inward lo alpha[4] = [+/- 1.42e-3]  [>0]
PASS    inward hi alpha[4] = [+/- 1.32e-3]  [>0]
PASS    inward lo alpha[5] = [0.001 +/- 5.08e-4]  [>0]
PASS    inward hi alpha[5] = [+/- 1.23e-3]  [>0]
PASS    inward lo alpha[6] = [0.001 +/- 5.99e-4]  [>0]
PASS    inward hi alpha[6] = [+/- 1.14e-3]  [>0]
PASS    inward lo alpha[7] = [0.001 +/- 6.90e-4]  [>0]
PASS    inward hi alpha[7] = [+/- 1.05e-3]  [>0]
PASS    G(alpha_lb) = [0.002 +/- 5.97e-4]  [>0]
PASS    G(alpha_ub) = [-0.002 +/- 5.95e-4]  [<0]
PASS    1 - amp-works = [+/- 0.538]  [>0]
PASS    lambda(z_hat) = [+/- 0.290]  [<0]
  -> PASS
slab 3: kappa [0.007000, 0.007500]
PASS    1 - contraction (slab) = [0.046433652839544375247143 +/- 8.91e-25]  [>0]
PASS    inward lo alpha[0] = [+/- 1.06e-3]  [>0]
PASS    inward hi alpha[0] = [0.001 +/- 6.82e-4]  [>0]
PASS    inward lo alpha[1] = [+/- 1.15e-3]  [>0]
PASS    inward hi alpha[1] = [0.001 +/- 5.91e-4]  [>0]
PASS    inward lo alpha[2] = [+/- 1.24e-3]  [>0]
PASS    inward hi alpha[2] = [0.001 +/- 5.00e-4]  [>0]
PASS    inward lo alpha[3] = [+/- 1.33e-3]  [>0]
PASS    inward hi alpha[3] = [+/- 1.41e-3]  [>0]
PASS    inward lo alpha[4] = [+/- 1.42e-3]  [>0]
PASS    inward hi alpha[4] = [+/- 1.32e-3]  [>0]
PASS    inward lo alpha[5] = [0.001 +/- 5.08e-4]  [>0]
PASS    inward hi alpha[5] = [+/- 1.23e-3]  [>0]
PASS    inward lo alpha[6] = [0.001 +/- 5.99e-4]  [>0]
PASS    inward hi alpha[6] = [+/- 1.14e-3]  [>0]
PASS    inward lo alpha[7] = [0.001 +/- 6.90e-4]  [>0]
PASS    inward hi alpha[7] = [+/- 1.05e-3]  [>0]
PASS    G(alpha_lb) = [0.002 +/- 5.93e-4]  [>0]
PASS    G(alpha_ub) = [-0.002 +/- 5.91e-4]  [<0]
PASS    1 - amp-works = [+/- 0.538]  [>0]
PASS    lambda(z_hat) = [+/- 0.290]  [<0]
  -> PASS
slab 4: kappa [0.009000, 0.009500]
PASS    1 - contraction (slab) = [0.04563454483692026432395 +/- 3.33e-24]  [>0]
PASS    inward lo alpha[0] = [+/- 1.06e-3]  [>0]
PASS    inward hi alpha[0] = [0.001 +/- 6.82e-4]  [>0]
PASS    inward lo alpha[1] = [+/- 1.15e-3]  [>0]
PASS    inward hi alpha[1] = [0.001 +/- 5.91e-4]  [>0]
PASS    inward lo alpha[2] = [+/- 1.24e-3]  [>0]
PASS    inward hi alpha[2] = [0.001 +/- 5.00e-4]  [>0]
PASS    inward lo alpha[3] = [+/- 1.33e-3]  [>0]
PASS    inward hi alpha[3] = [+/- 1.41e-3]  [>0]
PASS    inward lo alpha[4] = [+/- 1.42e-3]  [>0]
PASS    inward hi alpha[4] = [+/- 1.32e-3]  [>0]
PASS    inward lo alpha[5] = [0.001 +/- 5.08e-4]  [>0]
PASS    inward hi alpha[5] = [+/- 1.23e-3]  [>0]
PASS    inward lo alpha[6] = [0.001 +/- 5.99e-4]  [>0]
PASS    inward hi alpha[6] = [+/- 1.14e-3]  [>0]
PASS    inward lo alpha[7] = [0.001 +/- 6.90e-4]  [>0]
PASS    inward hi alpha[7] = [+/- 1.05e-3]  [>0]
PASS    G(alpha_lb) = [0.002 +/- 5.88e-4]  [>0]
PASS    G(alpha_ub) = [-0.002 +/- 5.86e-4]  [<0]
PASS    1 - amp-works = [+/- 0.538]  [>0]
PASS    lambda(z_hat) = [+/- 0.290]  [<0]
  -> PASS
slab 5: kappa [0.011000, 0.011500]
PASS    1 - contraction (slab) = [0.04483438314811365425968 +/- 2.54e-24]  [>0]
PASS    inward lo alpha[0] = [+/- 1.06e-3]  [>0]
PASS    inward hi alpha[0] = [0.001 +/- 6.83e-4]  [>0]
PASS    inward lo alpha[1] = [+/- 1.15e-3]  [>0]
PASS    inward hi alpha[1] = [0.001 +/- 5.91e-4]  [>0]
PASS    inward lo alpha[2] = [+/- 1.24e-3]  [>0]
PASS    inward hi alpha[2] = [0.001 +/- 5.00e-4]  [>0]
PASS    inward lo alpha[3] = [+/- 1.33e-3]  [>0]
PASS    inward hi alpha[3] = [+/- 1.41e-3]  [>0]
PASS    inward lo alpha[4] = [+/- 1.42e-3]  [>0]
PASS    inward hi alpha[4] = [+/- 1.32e-3]  [>0]
PASS    inward lo alpha[5] = [0.001 +/- 5.08e-4]  [>0]
PASS    inward hi alpha[5] = [+/- 1.23e-3]  [>0]
PASS    inward lo alpha[6] = [0.001 +/- 5.99e-4]  [>0]
PASS    inward hi alpha[6] = [+/- 1.14e-3]  [>0]
PASS    inward lo alpha[7] = [0.001 +/- 6.91e-4]  [>0]
PASS    inward hi alpha[7] = [+/- 1.05e-3]  [>0]
PASS    G(alpha_lb) = [0.002 +/- 5.84e-4]  [>0]
PASS    G(alpha_ub) = [-0.002 +/- 5.82e-4]  [<0]
PASS    1 - amp-works = [+/- 0.538]  [>0]
PASS    lambda(z_hat) = [+/- 0.290]  [<0]
  -> PASS
slab 6: kappa [0.013000, 0.013500]
PASS    1 - contraction (slab) = [0.04403315881383800061725 +/- 4.40e-24]  [>0]
PASS    inward lo alpha[0] = [+/- 1.05e-3]  [>0]
PASS    inward hi alpha[0] = [0.001 +/- 6.83e-4]  [>0]
PASS    inward lo alpha[1] = [+/- 1.15e-3]  [>0]
PASS    inward hi alpha[1] = [0.001 +/- 5.92e-4]  [>0]
PASS    inward lo alpha[2] = [+/- 1.24e-3]  [>0]
PASS    inward hi alpha[2] = [0.001 +/- 5.00e-4]  [>0]
PASS    inward lo alpha[3] = [+/- 1.33e-3]  [>0]
PASS    inward hi alpha[3] = [+/- 1.41e-3]  [>0]
PASS    inward lo alpha[4] = [+/- 1.42e-3]  [>0]
PASS    inward hi alpha[4] = [+/- 1.32e-3]  [>0]
PASS    inward lo alpha[5] = [0.001 +/- 5.08e-4]  [>0]
PASS    inward hi alpha[5] = [+/- 1.23e-3]  [>0]
PASS    inward lo alpha[6] = [0.001 +/- 6.00e-4]  [>0]
PASS    inward hi alpha[6] = [+/- 1.14e-3]  [>0]
PASS    inward lo alpha[7] = [0.001 +/- 6.91e-4]  [>0]
PASS    inward hi alpha[7] = [+/- 1.05e-3]  [>0]
PASS    G(alpha_lb) = [0.002 +/- 5.80e-4]  [>0]
PASS    G(alpha_ub) = [-0.002 +/- 5.78e-4]  [<0]
PASS    1 - amp-works = [+/- 0.538]  [>0]
PASS    lambda(z_hat) = [+/- 0.290]  [<0]
  -> PASS
slab 7: kappa [0.015000, 0.015500]
PASS    1 - contraction (slab) = [0.043230837260429226510939 +/- 8.78e-25]  [>0]
PASS    inward lo alpha[0] = [+/- 1.05e-3]  [>0]
PASS    inward hi alpha[0] = [0.001 +/- 6.83e-4]  [>0]
PASS    inward lo alpha[1] = [+/- 1.15e-3]  [>0]
PASS    inward hi alpha[1] = [0.001 +/- 5.92e-4]  [>0]
PASS    inward lo alpha[2] = [+/- 1.24e-3]  [>0]
PASS    inward hi alpha[2] = [0.001 +/- 5.00e-4]  [>0]
PASS    inward lo alpha[3] = [+/- 1.33e-3]  [>0]
PASS    inward hi alpha[3] = [+/- 1.41e-3]  [>0]
PASS    inward lo alpha[4] = [+/- 1.42e-3]  [>0]
PASS    inward hi alpha[4] = [+/- 1.32e-3]  [>0]
PASS    inward lo alpha[5] = [0.001 +/- 5.08e-4]  [>0]
PASS    inward hi alpha[5] = [+/- 1.23e-3]  [>0]
PASS    inward lo alpha[6] = [0.001 +/- 6.00e-4]  [>0]
PASS    inward hi alpha[6] = [+/- 1.14e-3]  [>0]
PASS    inward lo alpha[7] = [0.001 +/- 6.91e-4]  [>0]
PASS    inward hi alpha[7] = [+/- 1.05e-3]  [>0]
PASS    G(alpha_lb) = [0.002 +/- 5.75e-4]  [>0]
PASS    G(alpha_ub) = [-0.002 +/- 5.73e-4]  [<0]
PASS    1 - amp-works = [+/- 0.537]  [>0]
PASS    lambda(z_hat) = [+/- 0.289]  [<0]
  -> PASS
slab 8: kappa [0.017000, 0.017500]
PASS    1 - contraction (slab) = [0.04242744012881220226374 +/- 2.55e-24]  [>0]
PASS    inward lo alpha[0] = [+/- 1.05e-3]  [>0]
PASS    inward hi alpha[0] = [0.001 +/- 6.84e-4]  [>0]
PASS    inward lo alpha[1] = [+/- 1.15e-3]  [>0]
PASS    inward hi alpha[1] = [0.001 +/- 5.92e-4]  [>0]
PASS    inward lo alpha[2] = [+/- 1.24e-3]  [>0]
PASS    inward hi alpha[2] = [0.001 +/- 5.00e-4]  [>0]
PASS    inward lo alpha[3] = [+/- 1.33e-3]  [>0]
PASS    inward hi alpha[3] = [+/- 1.41e-3]  [>0]
PASS    inward lo alpha[4] = [+/- 1.42e-3]  [>0]
PASS    inward hi alpha[4] = [+/- 1.32e-3]  [>0]
PASS    inward lo alpha[5] = [0.001 +/- 5.08e-4]  [>0]
PASS    inward hi alpha[5] = [+/- 1.23e-3]  [>0]
PASS    inward lo alpha[6] = [0.001 +/- 6.00e-4]  [>0]
PASS    inward hi alpha[6] = [+/- 1.14e-3]  [>0]
PASS    inward lo alpha[7] = [0.001 +/- 6.92e-4]  [>0]
PASS    inward hi alpha[7] = [+/- 1.05e-3]  [>0]
PASS    G(alpha_lb) = [0.002 +/- 5.71e-4]  [>0]
PASS    G(alpha_ub) = [-0.002 +/- 5.69e-4]  [<0]
PASS    1 - amp-works = [+/- 0.537]  [>0]
PASS    lambda(z_hat) = [+/- 0.289]  [<0]
  -> PASS
slab 9: kappa [0.019000, 0.019500]
PASS    1 - contraction (slab) = [0.04162300049166047300713 +/- 2.54e-24]  [>0]
PASS    inward lo alpha[0] = [+/- 1.05e-3]  [>0]
PASS    inward hi alpha[0] = [0.001 +/- 6.84e-4]  [>0]
PASS    inward lo alpha[1] = [+/- 1.14e-3]  [>0]
PASS    inward hi alpha[1] = [0.001 +/- 5.92e-4]  [>0]
PASS    inward lo alpha[2] = [+/- 1.24e-3]  [>0]
PASS    inward hi alpha[2] = [0.001 +/- 5.01e-4]  [>0]
PASS    inward lo alpha[3] = [+/- 1.33e-3]  [>0]
PASS    inward hi alpha[3] = [+/- 1.41e-3]  [>0]
PASS    inward lo alpha[4] = [+/- 1.42e-3]  [>0]
PASS    inward hi alpha[4] = [+/- 1.32e-3]  [>0]
PASS    inward lo alpha[5] = [0.001 +/- 5.08e-4]  [>0]
PASS    inward hi alpha[5] = [+/- 1.23e-3]  [>0]
PASS    inward lo alpha[6] = [0.001 +/- 6.00e-4]  [>0]
PASS    inward hi alpha[6] = [+/- 1.14e-3]  [>0]
PASS    inward lo alpha[7] = [0.001 +/- 6.92e-4]  [>0]
PASS    inward hi alpha[7] = [+/- 1.05e-3]  [>0]
PASS    G(alpha_lb) = [0.002 +/- 5.66e-4]  [>0]
PASS    G(alpha_ub) = [-0.002 +/- 5.64e-4]  [<0]
PASS    1 - amp-works = [+/- 0.537]  [>0]
PASS    lambda(z_hat) = [+/- 0.289]  [<0]
  -> PASS
slab 10: kappa [0.021000, 0.021500]
PASS    1 - contraction (slab) = [0.04081742838905431628548 +/- 4.01e-24]  [>0]
PASS    inward lo alpha[0] = [+/- 1.05e-3]  [>0]
PASS    inward hi alpha[0] = [0.001 +/- 6.84e-4]  [>0]
PASS    inward lo alpha[1] = [+/- 1.14e-3]  [>0]
PASS    inward hi alpha[1] = [0.001 +/- 5.92e-4]  [>0]
PASS    inward lo alpha[2] = [+/- 1.24e-3]  [>0]
PASS    inward hi alpha[2] = [0.001 +/- 5.01e-4]  [>0]
PASS    inward lo alpha[3] = [+/- 1.33e-3]  [>0]
PASS    inward hi alpha[3] = [+/- 1.41e-3]  [>0]
PASS    inward lo alpha[4] = [+/- 1.42e-3]  [>0]
PASS    inward hi alpha[4] = [+/- 1.32e-3]  [>0]
PASS    inward lo alpha[5] = [0.001 +/- 5.08e-4]  [>0]
PASS    inward hi alpha[5] = [+/- 1.23e-3]  [>0]
PASS    inward lo alpha[6] = [0.001 +/- 6.00e-4]  [>0]
PASS    inward hi alpha[6] = [+/- 1.14e-3]  [>0]
PASS    inward lo alpha[7] = [0.001 +/- 6.92e-4]  [>0]
PASS    inward hi alpha[7] = [+/- 1.05e-3]  [>0]
PASS    G(alpha_lb) = [0.002 +/- 5.61e-4]  [>0]
PASS    G(alpha_ub) = [-0.002 +/- 5.59e-4]  [<0]
PASS    1 - amp-works = [+/- 0.537]  [>0]
PASS    lambda(z_hat) = [+/- 0.289]  [<0]
  -> PASS
slab 11: kappa [0.023000, 0.023500]
PASS    1 - contraction (slab) = [0.04001080710024397699738 +/- 3.10e-24]  [>0]
PASS    inward lo alpha[0] = [+/- 1.05e-3]  [>0]
PASS    inward hi alpha[0] = [0.001 +/- 6.85e-4]  [>0]
PASS    inward lo alpha[1] = [+/- 1.14e-3]  [>0]
PASS    inward hi alpha[1] = [0.001 +/- 5.93e-4]  [>0]
PASS    inward lo alpha[2] = [+/- 1.24e-3]  [>0]
PASS    inward hi alpha[2] = [0.001 +/- 5.01e-4]  [>0]
PASS    inward lo alpha[3] = [+/- 1.33e-3]  [>0]
PASS    inward hi alpha[3] = [+/- 1.41e-3]  [>0]
PASS    inward lo alpha[4] = [+/- 1.42e-3]  [>0]
PASS    inward hi alpha[4] = [+/- 1.32e-3]  [>0]
PASS    inward lo alpha[5] = [0.001 +/- 5.08e-4]  [>0]
PASS    inward hi alpha[5] = [+/- 1.23e-3]  [>0]
PASS    inward lo alpha[6] = [0.001 +/- 6.01e-4]  [>0]
PASS    inward hi alpha[6] = [+/- 1.14e-3]  [>0]
PASS    inward lo alpha[7] = [0.001 +/- 6.93e-4]  [>0]
PASS    inward hi alpha[7] = [+/- 1.05e-3]  [>0]
PASS    G(alpha_lb) = [0.002 +/- 5.57e-4]  [>0]
PASS    G(alpha_ub) = [-0.002 +/- 5.55e-4]  [<0]
PASS    1 - amp-works = [+/- 0.537]  [>0]
PASS    lambda(z_hat) = [+/- 0.289]  [<0]
  -> PASS
slab 12: kappa [0.025000, 0.025500]
PASS    1 - contraction (slab) = [0.039203107619530030628502 +/- 8.34e-25]  [>0]
PASS    inward lo alpha[0] = [+/- 1.05e-3]  [>0]
PASS    inward hi alpha[0] = [0.001 +/- 6.85e-4]  [>0]
PASS    inward lo alpha[1] = [+/- 1.14e-3]  [>0]
PASS    inward hi alpha[1] = [0.001 +/- 5.93e-4]  [>0]
PASS    inward lo alpha[2] = [+/- 1.24e-3]  [>0]
PASS    inward hi alpha[2] = [0.001 +/- 5.01e-4]  [>0]
PASS    inward lo alpha[3] = [+/- 1.33e-3]  [>0]
PASS    inward hi alpha[3] = [+/- 1.41e-3]  [>0]
PASS    inward lo alpha[4] = [+/- 1.42e-3]  [>0]
PASS    inward hi alpha[4] = [+/- 1.32e-3]  [>0]
PASS    inward lo alpha[5] = [0.001 +/- 5.08e-4]  [>0]
PASS    inward hi alpha[5] = [+/- 1.23e-3]  [>0]
PASS    inward lo alpha[6] = [0.001 +/- 6.01e-4]  [>0]
PASS    inward hi alpha[6] = [+/- 1.14e-3]  [>0]
PASS    inward lo alpha[7] = [0.001 +/- 6.93e-4]  [>0]
PASS    inward hi alpha[7] = [+/- 1.04e-3]  [>0]
PASS    G(alpha_lb) = [0.002 +/- 5.52e-4]  [>0]
PASS    G(alpha_ub) = [-0.002 +/- 5.50e-4]  [<0]
PASS    1 - amp-works = [+/- 0.537]  [>0]
PASS    lambda(z_hat) = [+/- 0.289]  [<0]
  -> PASS
slab 13: kappa [0.027000, 0.027500]
PASS    1 - contraction (slab) = [0.03839430598492413721396 +/- 2.25e-24]  [>0]
PASS    inward lo alpha[0] = [+/- 1.05e-3]  [>0]
PASS    inward hi alpha[0] = [0.001 +/- 6.86e-4]  [>0]
PASS    inward lo alpha[1] = [+/- 1.14e-3]  [>0]
PASS    inward hi alpha[1] = [0.001 +/- 5.93e-4]  [>0]
PASS    inward lo alpha[2] = [+/- 1.23e-3]  [>0]
PASS    inward hi alpha[2] = [0.001 +/- 5.01e-4]  [>0]
PASS    inward lo alpha[3] = [+/- 1.33e-3]  [>0]
PASS    inward hi alpha[3] = [+/- 1.41e-3]  [>0]
PASS    inward lo alpha[4] = [+/- 1.42e-3]  [>0]
PASS    inward hi alpha[4] = [+/- 1.32e-3]  [>0]
PASS    inward lo alpha[5] = [0.001 +/- 5.08e-4]  [>0]
PASS    inward hi alpha[5] = [+/- 1.23e-3]  [>0]
PASS    inward lo alpha[6] = [0.001 +/- 6.01e-4]  [>0]
PASS    inward hi alpha[6] = [+/- 1.14e-3]  [>0]
PASS    inward lo alpha[7] = [0.001 +/- 6.93e-4]  [>0]
PASS    inward hi alpha[7] = [+/- 1.04e-3]  [>0]
PASS    G(alpha_lb) = [0.002 +/- 5.48e-4]  [>0]
PASS    G(alpha_ub) = [-0.002 +/- 5.46e-4]  [<0]
PASS    1 - amp-works = [+/- 0.537]  [>0]
PASS    lambda(z_hat) = [+/- 0.289]  [<0]
  -> PASS
slab 14: kappa [0.029000, 0.029500]
PASS    1 - contraction (slab) = [0.03758443691941565264104 +/- 2.02e-24]  [>0]
PASS    inward lo alpha[0] = [+/- 1.05e-3]  [>0]
PASS    inward hi alpha[0] = [0.001 +/- 6.86e-4]  [>0]
PASS    inward lo alpha[1] = [+/- 1.14e-3]  [>0]
PASS    inward hi alpha[1] = [0.001 +/- 5.93e-4]  [>0]
PASS    inward lo alpha[2] = [+/- 1.23e-3]  [>0]
PASS    inward hi alpha[2] = [0.001 +/- 5.01e-4]  [>0]
PASS    inward lo alpha[3] = [+/- 1.33e-3]  [>0]
PASS    inward hi alpha[3] = [+/- 1.41e-3]  [>0]
PASS    inward lo alpha[4] = [+/- 1.42e-3]  [>0]
PASS    inward hi alpha[4] = [+/- 1.32e-3]  [>0]
PASS    inward lo alpha[5] = [0.001 +/- 5.08e-4]  [>0]
PASS    inward hi alpha[5] = [+/- 1.23e-3]  [>0]
PASS    inward lo alpha[6] = [0.001 +/- 6.01e-4]  [>0]
PASS    inward hi alpha[6] = [+/- 1.14e-3]  [>0]
PASS    inward lo alpha[7] = [0.001 +/- 6.94e-4]  [>0]
PASS    inward hi alpha[7] = [+/- 1.04e-3]  [>0]
PASS    G(alpha_lb) = [0.002 +/- 5.43e-4]  [>0]
PASS    G(alpha_ub) = [-0.002 +/- 5.42e-4]  [<0]
PASS    1 - amp-works = [+/- 0.537]  [>0]
PASS    lambda(z_hat) = [+/- 0.288]  [<0]
  -> PASS
slab 15: kappa [0.031000, 0.031500]
PASS    1 - contraction (slab) = [0.03677341526028422612784 +/- 4.01e-24]  [>0]
PASS    inward lo alpha[0] = [+/- 1.05e-3]  [>0]
PASS    inward hi alpha[0] = [0.001 +/- 6.86e-4]  [>0]
PASS    inward lo alpha[1] = [+/- 1.14e-3]  [>0]
PASS    inward hi alpha[1] = [0.001 +/- 5.94e-4]  [>0]
PASS    inward lo alpha[2] = [+/- 1.23e-3]  [>0]
PASS    inward hi alpha[2] = [0.001 +/- 5.01e-4]  [>0]
PASS    inward lo alpha[3] = [+/- 1.33e-3]  [>0]
PASS    inward hi alpha[3] = [+/- 1.41e-3]  [>0]
PASS    inward lo alpha[4] = [+/- 1.42e-3]  [>0]
PASS    inward hi alpha[4] = [+/- 1.32e-3]  [>0]
PASS    inward lo alpha[5] = [0.001 +/- 5.09e-4]  [>0]
PASS    inward hi alpha[5] = [+/- 1.23e-3]  [>0]
PASS    inward lo alpha[6] = [0.001 +/- 6.01e-4]  [>0]
PASS    inward hi alpha[6] = [+/- 1.14e-3]  [>0]
PASS    inward lo alpha[7] = [0.001 +/- 6.94e-4]  [>0]
PASS    inward hi alpha[7] = [+/- 1.04e-3]  [>0]
PASS    G(alpha_lb) = [0.002 +/- 5.41e-4]  [>0]
PASS    G(alpha_ub) = [-0.002 +/- 5.48e-4]  [<0]
PASS    1 - amp-works = [+/- 0.537]  [>0]
PASS    lambda(z_hat) = [+/- 0.288]  [<0]
  -> PASS
slab 16: kappa [0.033000, 0.033500]
PASS    1 - contraction (slab) = [0.03596137388833877161848 +/- 3.96e-24]  [>0]
PASS    inward lo alpha[0] = [+/- 1.05e-3]  [>0]
PASS    inward hi alpha[0] = [0.001 +/- 6.87e-4]  [>0]
PASS    inward lo alpha[1] = [+/- 1.14e-3]  [>0]
PASS    inward hi alpha[1] = [0.001 +/- 5.94e-4]  [>0]
PASS    inward lo alpha[2] = [+/- 1.23e-3]  [>0]
PASS    inward hi alpha[2] = [0.001 +/- 5.01e-4]  [>0]
PASS    inward lo alpha[3] = [+/- 1.33e-3]  [>0]
PASS    inward hi alpha[3] = [+/- 1.41e-3]  [>0]
PASS    inward lo alpha[4] = [+/- 1.42e-3]  [>0]
PASS    inward hi alpha[4] = [+/- 1.32e-3]  [>0]
PASS    inward lo alpha[5] = [0.001 +/- 5.09e-4]  [>0]
PASS    inward hi alpha[5] = [+/- 1.23e-3]  [>0]
PASS    inward lo alpha[6] = [0.001 +/- 6.02e-4]  [>0]
PASS    inward hi alpha[6] = [+/- 1.13e-3]  [>0]
PASS    inward lo alpha[7] = [0.001 +/- 6.95e-4]  [>0]
PASS    inward hi alpha[7] = [+/- 1.04e-3]  [>0]
PASS    G(alpha_lb) = [0.002 +/- 5.46e-4]  [>0]
PASS    G(alpha_ub) = [-0.002 +/- 5.54e-4]  [<0]
PASS    1 - amp-works = [+/- 0.536]  [>0]
PASS    lambda(z_hat) = [+/- 0.288]  [<0]
  -> PASS
slab 17: kappa [0.035000, 0.035500]
PASS    1 - contraction (slab) = [0.035148175992313310853151 +/- 9.27e-25]  [>0]
PASS    inward lo alpha[0] = [+/- 1.05e-3]  [>0]
PASS    inward hi alpha[0] = [0.001 +/- 6.87e-4]  [>0]
PASS    inward lo alpha[1] = [+/- 1.14e-3]  [>0]
PASS    inward hi alpha[1] = [0.001 +/- 5.94e-4]  [>0]
PASS    inward lo alpha[2] = [+/- 1.23e-3]  [>0]
PASS    inward hi alpha[2] = [0.001 +/- 5.01e-4]  [>0]
PASS    inward lo alpha[3] = [+/- 1.33e-3]  [>0]
PASS    inward hi alpha[3] = [+/- 1.41e-3]  [>0]
PASS    inward lo alpha[4] = [+/- 1.42e-3]  [>0]
PASS    inward hi alpha[4] = [+/- 1.32e-3]  [>0]
PASS    inward lo alpha[5] = [0.001 +/- 5.09e-4]  [>0]
PASS    inward hi alpha[5] = [+/- 1.23e-3]  [>0]
PASS    inward lo alpha[6] = [0.001 +/- 6.02e-4]  [>0]
PASS    inward hi alpha[6] = [+/- 1.13e-3]  [>0]
PASS    inward lo alpha[7] = [0.001 +/- 6.95e-4]  [>0]
PASS    inward hi alpha[7] = [+/- 1.04e-3]  [>0]
PASS    G(alpha_lb) = [0.002 +/- 5.52e-4]  [>0]
PASS    G(alpha_ub) = [-0.002 +/- 5.59e-4]  [<0]
PASS    1 - amp-works = [+/- 0.536]  [>0]
PASS    lambda(z_hat) = [+/- 0.288]  [<0]
  -> PASS
slab 18: kappa [0.037000, 0.037500]
PASS    1 - contraction (slab) = [0.03433393578703784349369 +/- 1.59e-24]  [>0]
PASS    inward lo alpha[0] = [+/- 1.05e-3]  [>0]
PASS    inward hi alpha[0] = [0.001 +/- 6.87e-4]  [>0]
PASS    inward lo alpha[1] = [+/- 1.14e-3]  [>0]
PASS    inward hi alpha[1] = [0.001 +/- 5.94e-4]  [>0]
PASS    inward lo alpha[2] = [+/- 1.23e-3]  [>0]
PASS    inward hi alpha[2] = [0.001 +/- 5.01e-4]  [>0]
PASS    inward lo alpha[3] = [+/- 1.33e-3]  [>0]
PASS    inward hi alpha[3] = [+/- 1.41e-3]  [>0]
PASS    inward lo alpha[4] = [+/- 1.42e-3]  [>0]
PASS    inward hi alpha[4] = [+/- 1.32e-3]  [>0]
PASS    inward lo alpha[5] = [0.001 +/- 5.09e-4]  [>0]
PASS    inward hi alpha[5] = [+/- 1.23e-3]  [>0]
PASS    inward lo alpha[6] = [0.001 +/- 6.02e-4]  [>0]
PASS    inward hi alpha[6] = [+/- 1.13e-3]  [>0]
PASS    inward lo alpha[7] = [0.001 +/- 6.95e-4]  [>0]
PASS    inward hi alpha[7] = [+/- 1.04e-3]  [>0]
PASS    G(alpha_lb) = [0.002 +/- 5.58e-4]  [>0]
PASS    G(alpha_ub) = [-0.002 +/- 5.65e-4]  [<0]
PASS    1 - amp-works = [+/- 0.536]  [>0]
PASS    lambda(z_hat) = [+/- 0.288]  [<0]
  -> PASS
slab 19: kappa [0.039000, 0.039500]
PASS    1 - contraction (slab) = [0.03351855991638614444252 +/- 5.56e-24]  [>0]
PASS    inward lo alpha[0] = [+/- 1.04e-3]  [>0]
PASS    inward hi alpha[0] = [0.001 +/- 6.88e-4]  [>0]
PASS    inward lo alpha[1] = [+/- 1.14e-3]  [>0]
PASS    inward hi alpha[1] = [0.001 +/- 5.94e-4]  [>0]
PASS    inward lo alpha[2] = [+/- 1.23e-3]  [>0]
PASS    inward hi alpha[2] = [0.001 +/- 5.01e-4]  [>0]
PASS    inward lo alpha[3] = [+/- 1.33e-3]  [>0]
PASS    inward hi alpha[3] = [+/- 1.41e-3]  [>0]
PASS    inward lo alpha[4] = [+/- 1.42e-3]  [>0]
PASS    inward hi alpha[4] = [+/- 1.32e-3]  [>0]
PASS    inward lo alpha[5] = [0.001 +/- 5.09e-4]  [>0]
PASS    inward hi alpha[5] = [+/- 1.23e-3]  [>0]
PASS    inward lo alpha[6] = [0.001 +/- 6.02e-4]  [>0]
PASS    inward hi alpha[6] = [+/- 1.13e-3]  [>0]
PASS    inward lo alpha[7] = [0.001 +/- 6.96e-4]  [>0]
PASS    inward hi alpha[7] = [+/- 1.04e-3]  [>0]
PASS    G(alpha_lb) = [0.002 +/- 5.64e-4]  [>0]
PASS    G(alpha_ub) = [-0.002 +/- 5.71e-4]  [<0]
PASS    1 - amp-works = [+/- 0.536]  [>0]
PASS    lambda(z_hat) = [+/- 0.288]  [<0]
  -> PASS
slab 20: kappa [0.041000, 0.041500]
PASS    1 - contraction (slab) = [0.032702115704728549779790 +/- 8.95e-25]  [>0]
PASS    inward lo alpha[0] = [+/- 1.04e-3]  [>0]
PASS    inward hi alpha[0] = [0.001 +/- 6.88e-4]  [>0]
PASS    inward lo alpha[1] = [+/- 1.14e-3]  [>0]
PASS    inward hi alpha[1] = [0.001 +/- 5.95e-4]  [>0]
PASS    inward lo alpha[2] = [+/- 1.23e-3]  [>0]
PASS    inward hi alpha[2] = [0.001 +/- 5.01e-4]  [>0]
PASS    inward lo alpha[3] = [+/- 1.33e-3]  [>0]
PASS    inward hi alpha[3] = [+/- 1.41e-3]  [>0]
PASS    inward lo alpha[4] = [+/- 1.42e-3]  [>0]
PASS    inward hi alpha[4] = [+/- 1.32e-3]  [>0]
PASS    inward lo alpha[5] = [0.001 +/- 5.09e-4]  [>0]
PASS    inward hi alpha[5] = [+/- 1.23e-3]  [>0]
PASS    inward lo alpha[6] = [0.001 +/- 6.02e-4]  [>0]
PASS    inward hi alpha[6] = [+/- 1.13e-3]  [>0]
PASS    inward lo alpha[7] = [0.001 +/- 6.96e-4]  [>0]
PASS    inward hi alpha[7] = [+/- 1.04e-3]  [>0]
PASS    G(alpha_lb) = [0.002 +/- 5.69e-4]  [>0]
PASS    G(alpha_ub) = [-0.002 +/- 5.77e-4]  [<0]
PASS    1 - amp-works = [+/- 0.536]  [>0]
PASS    lambda(z_hat) = [+/- 0.288]  [<0]
  -> PASS
slab 21: kappa [0.043000, 0.043500]
PASS    1 - contraction (slab) = [0.03188453569459982243960 +/- 5.38e-24]  [>0]
PASS    inward lo alpha[0] = [+/- 1.04e-3]  [>0]
PASS    inward hi alpha[0] = [0.001 +/- 6.89e-4]  [>0]
PASS    inward lo alpha[1] = [+/- 1.14e-3]  [>0]
PASS    inward hi alpha[1] = [0.001 +/- 5.95e-4]  [>0]
PASS    inward lo alpha[2] = [+/- 1.23e-3]  [>0]
PASS    inward hi alpha[2] = [0.001 +/- 5.01e-4]  [>0]
PASS    inward lo alpha[3] = [+/- 1.33e-3]  [>0]
PASS    inward hi alpha[3] = [+/- 1.41e-3]  [>0]
PASS    inward lo alpha[4] = [+/- 1.42e-3]  [>0]
PASS    inward hi alpha[4] = [+/- 1.32e-3]  [>0]
PASS    inward lo alpha[5] = [0.001 +/- 5.09e-4]  [>0]
PASS    inward hi alpha[5] = [+/- 1.22e-3]  [>0]
PASS    inward lo alpha[6] = [0.001 +/- 6.03e-4]  [>0]
PASS    inward hi alpha[6] = [+/- 1.13e-3]  [>0]
PASS    inward lo alpha[7] = [0.001 +/- 6.96e-4]  [>0]
PASS    inward hi alpha[7] = [+/- 1.04e-3]  [>0]
PASS    G(alpha_lb) = [0.002 +/- 5.75e-4]  [>0]
PASS    G(alpha_ub) = [-0.002 +/- 5.83e-4]  [<0]
PASS    1 - amp-works = [+/- 0.536]  [>0]
PASS    lambda(z_hat) = [+/- 0.288]  [<0]
  -> PASS
slab 22: kappa [0.045000, 0.045500]
PASS    1 - contraction (slab) = [0.03106586397076769141017 +/- 1.41e-24]  [>0]
PASS    inward lo alpha[0] = [+/- 1.04e-3]  [>0]
PASS    inward hi alpha[0] = [0.001 +/- 6.89e-4]  [>0]
PASS    inward lo alpha[1] = [+/- 1.14e-3]  [>0]
PASS    inward hi alpha[1] = [0.001 +/- 5.95e-4]  [>0]
PASS    inward lo alpha[2] = [+/- 1.23e-3]  [>0]
PASS    inward hi alpha[2] = [0.001 +/- 5.01e-4]  [>0]
PASS    inward lo alpha[3] = [+/- 1.33e-3]  [>0]
PASS    inward hi alpha[3] = [+/- 1.41e-3]  [>0]
PASS    inward lo alpha[4] = [+/- 1.42e-3]  [>0]
PASS    inward hi alpha[4] = [+/- 1.32e-3]  [>0]
PASS    inward lo alpha[5] = [0.001 +/- 5.09e-4]  [>0]
PASS    inward hi alpha[5] = [+/- 1.22e-3]  [>0]
PASS    inward lo alpha[6] = [0.001 +/- 6.03e-4]  [>0]
PASS    inward hi alpha[6] = [+/- 1.13e-3]  [>0]
PASS    inward lo alpha[7] = [0.001 +/- 6.97e-4]  [>0]
PASS    inward hi alpha[7] = [+/- 1.04e-3]  [>0]
PASS    G(alpha_lb) = [0.002 +/- 5.81e-4]  [>0]
PASS    G(alpha_ub) = [-0.002 +/- 5.89e-4]  [<0]
PASS    1 - amp-works = [+/- 0.536]  [>0]
PASS    lambda(z_hat) = [+/- 0.287]  [<0]
  -> PASS
slab 23: kappa [0.047000, 0.047500]
PASS    1 - contraction (slab) = [0.03024607482727061163009 +/- 2.54e-24]  [>0]
PASS    inward lo alpha[0] = [+/- 1.04e-3]  [>0]
PASS    inward hi alpha[0] = [0.001 +/- 6.89e-4]  [>0]
PASS    inward lo alpha[1] = [+/- 1.14e-3]  [>0]
PASS    inward hi alpha[1] = [0.001 +/- 5.95e-4]  [>0]
PASS    inward lo alpha[2] = [+/- 1.23e-3]  [>0]
PASS    inward hi alpha[2] = [0.001 +/- 5.01e-4]  [>0]
PASS    inward lo alpha[3] = [+/- 1.32e-3]  [>0]
PASS    inward hi alpha[3] = [+/- 1.41e-3]  [>0]
PASS    inward lo alpha[4] = [+/- 1.42e-3]  [>0]
PASS    inward hi alpha[4] = [+/- 1.32e-3]  [>0]
PASS    inward lo alpha[5] = [0.001 +/- 5.09e-4]  [>0]
PASS    inward hi alpha[5] = [+/- 1.22e-3]  [>0]
PASS    inward lo alpha[6] = [0.001 +/- 6.03e-4]  [>0]
PASS    inward hi alpha[6] = [+/- 1.13e-3]  [>0]
PASS    inward lo alpha[7] = [0.001 +/- 6.97e-4]  [>0]
PASS    inward hi alpha[7] = [+/- 1.04e-3]  [>0]
PASS    G(alpha_lb) = [0.002 +/- 5.87e-4]  [>0]
PASS    G(alpha_ub) = [-0.002 +/- 5.94e-4]  [<0]
PASS    1 - amp-works = [+/- 0.536]  [>0]
PASS    lambda(z_hat) = [+/- 0.287]  [<0]
  -> PASS
slab 24: kappa [0.049000, 0.049500]
PASS    1 - contraction (slab) = [0.029425190300536031722917 +/- 8.70e-25]  [>0]
PASS    inward lo alpha[0] = [+/- 1.04e-3]  [>0]
PASS    inward hi alpha[0] = [0.001 +/- 6.90e-4]  [>0]
PASS    inward lo alpha[1] = [+/- 1.14e-3]  [>0]
PASS    inward hi alpha[1] = [0.001 +/- 5.96e-4]  [>0]
PASS    inward lo alpha[2] = [+/- 1.23e-3]  [>0]
PASS    inward hi alpha[2] = [0.001 +/- 5.01e-4]  [>0]
PASS    inward lo alpha[3] = [+/- 1.32e-3]  [>0]
PASS    inward hi alpha[3] = [+/- 1.41e-3]  [>0]
PASS    inward lo alpha[4] = [+/- 1.42e-3]  [>0]
PASS    inward hi alpha[4] = [+/- 1.32e-3]  [>0]
PASS    inward lo alpha[5] = [0.001 +/- 5.09e-4]  [>0]
PASS    inward hi alpha[5] = [+/- 1.22e-3]  [>0]
PASS    inward lo alpha[6] = [0.001 +/- 6.03e-4]  [>0]
PASS    inward hi alpha[6] = [+/- 1.13e-3]  [>0]
PASS    inward lo alpha[7] = [0.001 +/- 6.98e-4]  [>0]
PASS    inward hi alpha[7] = [+/- 1.04e-3]  [>0]
PASS    G(alpha_lb) = [0.002 +/- 5.93e-4]  [>0]
PASS    G(alpha_ub) = [-0.002 +/- 6.00e-4]  [<0]
PASS    1 - amp-works = [+/- 0.536]  [>0]
PASS    lambda(z_hat) = [+/- 0.287]  [<0]
  -> PASS
global PASS; 25/25 slabs verified -> result_pos_2.json
