global checks over the batch hull:
PASS    R(rect) finite and positive = [3e+0 +/- 0.750]  [>0]
  -> PASS
slab 0: kappa [-0.001000, -0.000500]
PASS    1 - contraction (slab) = [0.049619354794404217473918 +/- 8.53e-25]  [>0]
PASS    inward lo alpha[0] = [+/- 1.06e-3]  [>0]
PASS    inward hi alpha[0] = [0.001 +/- 6.81e-4]  [>0]
PASS    inward lo alpha[1] = [+/- 1.15e-3]  [>0]
PASS    inward hi alpha[1] = [0.001 +/- 5.90e-4]  [>0]
PASS    inward lo alpha[2] = [+/- 1.24e-3]  [>0]
PASS    inward hi alpha[2] = [0.001 +/- 5.00e-4]  [>0]
PASS    inward lo alpha[3] = [+/- 1.33e-3]  [>0]
PASS    inward hi alpha[3] = [+/- 1.41e-3]  [>0]
PASS    inward lo alpha[4] = [+/- 1.42e-3]  [>0]
PASS    inward hi alpha[4] = [+/- 1.32e-3]  [>0]
PASS    inward lo alpha[5] = [0.001 +/- 5.08e-4]  [>0]
PASS    inward hi alpha[5] = [+/- 1.23e-3]  [>0]
PASS    inward lo alpha[6] = [0.001 +/- 5.98e-4]  [>0]
PASS    inward hi alpha[6] = [+/- 1.14e-3]  [>0]
PASS    inward lo alpha[7] = [0.001 +/- 6.88e-4]  [>0]
PASS    inward hi alpha[7] = [+/- 1.05e-3]  [>0]
PASS    G(alpha_lb) = [0.002 +/- 6.11e-4]  [>0]
PASS    G(alpha_ub) = [-0.002 +/- 6.09e-4]  [<0]
PASS    1 - amp-works = [+/- 0.528]  [>0]
PASS    lambda(z_hat) = [+/- 0.279]  [<0]
  -> PASS
slab 1: kappa [-0.003000, -0.002500]
PASS    1 - contraction (slab) = [0.050413115140369491683454 +/- 8.63e-25]  [>0]
PASS    inward lo alpha[0] = [+/- 1.06e-3]  [>0]
PASS    inward hi alpha[0] = [0.001 +/- 6.80e-4]  [>0]
PASS    inward lo alpha[1] = [+/- 1.15e-3]  [>0]
PASS    inward hi alpha[1] = [0.001 +/- 5.90e-4]  [>0]
PASS    inward lo alpha[2] = [+/- 1.24e-3]  [>0]
PASS    inward hi alpha[2] = [0.001 +/- 5.00e-4]  [>0]
PASS    inward lo alpha[3] = [+/- 1.33e-3]  [>0]
PASS    inward hi alpha[3] = [+/- 1.41e-3]  [>0]
PASS    inward lo alpha[4] = [+/- 1.42e-3]  [>0]
PASS    inward hi alpha[4] = [+/- 1.32e-3]  [>0]
PASS    inward lo alpha[5] = [0.001 +/- 5.08e-4]  [>0]
PASS    inward hi alpha[5] = [+/- 1.23e-3]  [>0]
PASS    inward lo alpha[6] = [0.001 +/- 5.98e-4]  [>0]
PASS    inward hi alpha[6] = [+/- 1.15e-3]  [>0]
PASS    inward lo alpha[7] = [0.001 +/- 6.88e-4]  [>0]
PASS    inward hi alpha[7] = [+/- 1.06e-3]  [>0]
PASS    G(alpha_lb) = [0.002 +/- 6.15e-4]  [>0]
PASS    G(alpha_ub) = [-0.002 +/- 6.13e-4]  [<0]
PASS    1 - amp-works = [+/- 0.528]  [>0]
PASS    lambda(z_hat) = [+/- 0.279]  [<0]
  -> PASS
slab 2: kappa [-0.005000, -0.004500]
PASS    1 - contraction (slab) = [0.05120582856558075734166 +/- 3.65e-24]  [>0]
PASS    inward lo alpha[0] = [+/- 1.06e-3]  [>0]
PASS    inward hi alpha[0] = [0.001 +/- 6.80e-4]  [>0]
PASS    inward lo alpha[1] = [+/- 1.15e-3]  [>0]
PASS    inward hi alpha[1] = [0.001 +/- 5.90e-4]  [>0]
PASS    inward lo alpha[2] = [+/- 1.24e-3]  [>0]
PASS    inward hi alpha[2] = [0.001 +/- 5.00e-4]  [>0]
PASS    inward lo alpha[3] = [+/- 1.33e-3]  [>0]
PASS    inward hi alpha[3] = [+/- 1.41e-3]  [>0]
PASS    inward lo alpha[4] = [+/- 1.42e-3]  [>0]
PASS    inward hi alpha[4] = [+/- 1.33e-3]  [>0]
PASS    inward lo alpha[5] = [0.001 +/- 5.08e-4]  [>0]
PASS    inward hi alpha[5] = [+/- 1.24e-3]  [>0]
PASS    inward lo alpha[6] = [0.001 +/- 5.98e-4]  [>0]
PASS    inward hi alpha[6] = [+/- 1.15e-3]  [>0]
PASS    inward lo alpha[7] = [0.001 +/- 6.88e-4]  [>0]
PASS    inward hi alpha[7] = [+/- 1.06e-3]  [>0]
PASS    G(alpha_lb) = [0.002 +/- 6.19e-4]  [>0]
PASS    G(alpha_ub) = [-0.002 +/- 6.17e-4]  [<0]
PASS    1 - amp-works = [+/- 0.529]  [>0]
PASS    lambda(z_hat) = [+/- 0.279]  [<0]
  -> PASS
slab 3: kappa [-0.007000, -0.006500]
PASS    1 - contraction (slab) = [0.051997494519530382623907 +/- 8.34e-25]  [>0]
PASS    inward lo alpha[0] = [+/- 1.06e-3]  [>0]
PASS    inward hi alpha[0] = [0.001 +/- 6.80e-4]  [>0]
PASS    inward lo alpha[1] = [+/- 1.15e-3]  [>0]
PASS    inward hi alpha[1] = [0.001 +/- 5.90e-4]  [>0]
PASS    inward lo alpha[2] = [+/- 1.24e-3]  [>0]
PASS    inward hi alpha[2] = [0.001 +/- 5.00e-4]  [>0]
PASS    inward lo alpha[3] = [+/- 1.33e-3]  [>0]
PASS    inward hi alpha[3] = [+/- 1.41e-3]  [>0]
PASS    inward lo alpha[4] = [+/- 1.42e-3]  [>0]
PASS    inward hi alpha[4] = [+/- 1.33e-3]  [>0]
PASS    inward lo alpha[5] = [0.001 +/- 5.08e-4]  [>0]
PASS    inward hi alpha[5] = [+/- 1.24e-3]  [>0]
PASS    inward lo alpha[6] = [0.001 +/- 5.98e-4]  [>0]
PASS    inward hi alpha[6] = [+/- 1.15e-3]  [>0]
PASS    inward lo alpha[7] = [0.001 +/- 6.87e-4]  [>0]
PASS    inward hi alpha[7] = [+/- 1.06e-3]  [>0]
PASS    G(alpha_lb) = [0.002 +/- 6.24e-4]  [>0]
PASS    G(alpha_ub) = [-0.002 +/- 6.22e-4]  [<0]
PASS    1 - amp-works = [+/- 0.529]  [>0]
PASS    lambda(z_hat) = [+/- 0.280]  [<0]
  -> PASS
slab 4: kappa [-0.009000, -0.008500]
PASS    1 - contraction (slab) = [0.05278811690665793793840 +/- 1.08e-24]  [>0]
PASS    inward lo alpha[0] = [+/- 1.06e-3]  [>0]
PASS    inward hi alpha[0] = [0.001 +/- 6.79e-4]  [>0]
PASS    inward lo alpha[1] = [+/- 1.15e-3]  [>0]
PASS    inward hi alpha[1] = [0.001 +/- 5.90e-4]  [>0]
PASS    inward lo alpha[2] = [+/- 1.24e-3]  [>0]
PASS    inward hi alpha[2] = [0.001 +/- 5.00e-4]  [>0]
PASS    inward lo alpha[3] = [+/- 1.33e-3]  [>0]
PASS    inward hi alpha[3] = [+/- 1.42e-3]  [>0]
PASS    inward lo alpha[4] = [+/- 1.42e-3]  [>0]
PASS    inward hi alpha[4] = [+/- 1.33e-3]  [>0]
PASS    inward lo alpha[5] = [0.001 +/- 5.08e-4]  [>0]
PASS    inward hi alpha[5] = [+/- 1.24e-3]  [>0]
PASS    inward lo alpha[6] = [0.001 +/- 5.97e-4]  [>0]
PASS    inward hi alpha[6] = [+/- 1.15e-3]  [>0]
PASS    inward lo alpha[7] = [0.001 +/- 6.87e-4]  [>0]
PASS    inward hi alpha[7] = [+/- 1.06e-3]  [>0]
PASS    G(alpha_lb) = [0.002 +/- 6.28e-4]  [>0]
PASS    G(alpha_ub) = [-0.002 +/- 6.26e-4]  [<0]
PASS    1 - amp-works = [+/- 0.529]  [>0]
PASS    lambda(z_hat) = [+/- 0.280]  [<0]
  -> PASS
slab 5: kappa [-0.011000, -0.010500]
PASS    1 - contraction (slab) = [0.05357764768575905849100 +/- 2.96e-24]  [>0]
PASS    inward lo alpha[0] = [+/- 1.06e-3]  [>0]
PASS    inward hi alpha[0] = [0.001 +/- 6.79e-4]  [>0]
PASS    inward lo alpha[1] = [+/- 1.15e-3]  [>0]
PASS    inward hi alpha[1] = [0.001 +/- 5.89e-4]  [>0]
PASS    inward lo alpha[2] = [+/- 1.24e-3]  [>0]
PASS    inward hi alpha[2] = [0.001 +/- 5.00e-4]  [>0]
PASS    inward lo alpha[3] = [+/- 1.33e-3]  [>0]
PASS    inward hi alpha[3] = [+/- 1.42e-3]  [>0]
PASS    inward lo alpha[4] = [+/- 1.42e-3]  [>0]
PASS    inward hi alpha[4] = [+/- 1.33e-3]  [>0]
PASS    inward lo alpha[5] = [0.001 +/- 5.08e-4]  [>0]
PASS    inward hi alpha[5] = [+/- 1.24e-3]  [>0]
PASS    inward lo alpha[6] = [0.001 +/- 5.97e-4]  [>0]
PASS    inward hi alpha[6] = [+/- 1.15e-3]  [>0]
PASS    inward lo alpha[7] = [0.001 +/- 6.87e-4]  [>0]
PASS    inward hi alpha[7] = [+/- 1.06e-3]  [>0]
PASS    G(alpha_lb) = [0.002 +/- 6.32e-4]  [>0]
PASS    G(alpha_ub) = [-0.002 +/- 6.31e-4]  [<0]
PASS    1 - amp-works = [+/- 0.529]  [>0]
PASS    lambda(z_hat) = [+/- 0.280]  [<0]
  -> PASS
slab 6: kappa [-0.013000, -0.012500]
PASS    1 - contraction (slab) = [0.05436614643417476576152 +/- 5.24e-24]  [>0]
PASS    inward lo alpha[0] = [+/- 1.06e-3]  [>0]
PASS    inward hi alpha[0] = [0.001 +/- 6.79e-4]  [>0]
PASS    inward lo alpha[1] = [+/- 1.15e-3]  [>0]
PASS    inward hi alpha[1] = [0.001 +/- 5.89e-4]  [>0]
PASS    inward lo alpha[2] = [+/- 1.24e-3]  [>0]
PASS    inward hi alpha[2] = [0.001 +/- 5.00e-4]  [>0]
PASS    inward lo alpha[3] = [+/- 1.33e-3]  [>0]
PASS    inward hi alpha[3] = [+/- 1.42e-3]  [>0]
PASS    inward lo alpha[4] = [+/- 1.42e-3]  [>0]
PASS    inward hi alpha[4] = [+/- 1.33e-3]  [>0]
PASS    inward lo alpha[5] = [0.001 +/- 5.08e-4]  [>0]
PASS    inward hi alpha[5] = [+/- 1.24e-3]  [>0]
PASS    inward lo alpha[6] = [0.001 +/- 5.97e-4]  [>0]
PASS    inward hi alpha[6] = [+/- 1.15e-3]  [>0]
PASS    inward lo alpha[7] = [0.001 +/- 6.86e-4]  [>0]
PASS    inward hi alpha[7] = [+/- 1.06e-3]  [>0]
PASS    G(alpha_lb) = [0.002 +/- 6.37e-4]  [>0]
PASS    G(alpha_ub) = [-0.002 +/- 6.35e-4]  [<0]
PASS    1 - amp-works = [+/- 0.529]  [>0]
PASS    lambda(z_hat) = [+/- 0.280]  [<0]
  -> PASS
slab 7: kappa [-0.015000, -0.014500]
PASS    1 - contraction (slab) = [0.05515359625918846812570 +/- 1.59e-24]  [>0]
PASS    inward lo alpha[0] = [+/- 1.07e-3]  [>0]
PASS    inward hi alpha[0] = [0.001 +/- 6.78e-4]  [>0]
PASS    inward lo alpha[1] = [+/- 1.15e-3]  [>0]
PASS    inward hi alpha[1] = [0.001 +/- 5.89e-4]  [>0]
PASS    inward lo alpha[2] = [+/- 1.24e-3]  [>0]
PASS    inward hi alpha[2] = [0.001 +/- 5.00e-4]  [>0]
PASS    inward lo alpha[3] = [+/- 1.33e-3]  [>0]
PASS    inward hi alpha[3] = [+/- 1.42e-3]  [>0]
PASS    inward lo alpha[4] = [+/- 1.42e-3]  [>0]
PASS    inward hi alpha[4] = [+/- 1.33e-3]  [>0]
PASS    inward lo alpha[5] = [0.001 +/- 5.08e-4]  [>0]
PASS    inward hi alpha[5] = [+/- 1.24e-3]  [>0]
PASS    inward lo alpha[6] = [0.001 +/- 5.97e-4]  [>0]
PASS    inward hi alpha[6] = [+/- 1.15e-3]  [>0]
PASS    inward lo alpha[7] = [0.001 +/- 6.86e-4]  [>0]
PASS    inward hi alpha[7] = [+/- 1.06e-3]  [>0]
PASS    G(alpha_lb) = [0.002 +/- 6.41e-4]  [>0]
PASS    G(alpha_ub) = [-0.002 +/- 6.39e-4]  [<0]
PASS    1 - amp-works = [+/- 0.529]  [>0]
PASS    lambda(z_hat) = [+/- 0.280]  [<0]
  -> PASS
slab 8: kappa [-0.017000, -0.016500]
PASS    1 - contraction (slab) = [0.055940005394304836009648 +/- 8.40e-25]  [>0]
PASS    inward lo alpha[0] = [+/- 1.07e-3]  [>0]
PASS    inward hi alpha[0] = [0.001 +/- 6.78e-4]  [>0]
PASS    inward lo alpha[1] = [+/- 1.16e-3]  [>0]
PASS    inward hi alpha[1] = [0.001 +/- 5.89e-4]  [>0]
PASS    inward lo alpha[2] = [+/- 1.24e-3]  [>0]
PASS    inward hi alpha[2] = [0.001 +/- 5.00e-4]  [>0]
PASS    inward lo alpha[3] = [+/- 1.33e-3]  [>0]
PASS    inward hi alpha[3] = [+/- 1.42e-3]  [>0]
PASS    inward lo alpha[4] = [+/- 1.42e-3]  [>0]
PASS    inward hi alpha[4] = [+/- 1.33e-3]  [>0]
PASS    inward lo alpha[5] = [0.001 +/- 5.08e-4]  [>0]
PASS    inward hi alpha[5] = [+/- 1.24e-3]  [>0]
PASS    inward lo alpha[6] = [0.001 +/- 5.97e-4]  [>0]
PASS    inward hi alpha[6] = [+/- 1.15e-3]  [>0]
PASS    inward lo alpha[7] = [0.001 +/- 6.86e-4]  [>0]
PASS    inward hi alpha[7] = [+/- 1.06e-3]  [>0]
PASS    G(alpha_lb) = [0.002 +/- 6.45e-4]  [>0]
PASS    G(alpha_ub) = [-0.002 +/- 6.44e-4]  [<0]
PASS    1 - amp-works = [+/- 0.529]  [>0]
PASS    lambda(z_hat) = [+/- 0.280]  [<0]
  -> PASS
slab 9: kappa [-0.019000, -0.018500]
PASS    1 - contraction (slab) = [0.05672537198742192372756 +/- 3.30e-24]  [>0]
PASS    inward lo alpha[0] = [+/- 1.07e-3]  [>0]
PASS    inward hi alpha[0] = [0.001 +/- 6.78e-4]  [>0]
PASS    inward lo alpha[1] = [+/- 1.16e-3]  [>0]
PASS    inward hi alpha[1] = [0.001 +/- 5.89e-4]  [>0]
PASS    inward lo alpha[2] = [+/- 1.25e-3]  [>0]
PASS    inward hi alpha[2] = [0.001 +/- 5.00e-4]  [>0]
PASS    inward lo alpha[3] = [+/- 1.33e-3]  [>0]
PASS    inward hi alpha[3] = [+/- 1.42e-3]  [>0]
PASS    inward lo alpha[4] = [+/- 1.42e-3]  [>0]
PASS    inward hi alpha[4] = [+/- 1.33e-3]  [>0]
PASS    inward lo alpha[5] = [0.001 +/- 5.08e-4]  [>0]
PASS    inward hi alpha[5] = [+/- 1.24e-3]  [>0]
PASS    inward lo alpha[6] = [0.001 +/- 5.97e-4]  [>0]
PASS    inward hi alpha[6] = [+/- 1.15e-3]  [>0]
PASS    inward lo alpha[7] = [0.001 +/- 6.85e-4]  [>0]
PASS    inward hi alpha[7] = [+/- 1.06e-3]  [>0]
PASS    G(alpha_lb) = [0.002 +/- 6.50e-4]  [>0]
PASS    G(alpha_ub) = [-0.002 +/- 6.48e-4]  [<0]
PASS    1 - amp-works = [+/- 0.529]  [>0]
PASS    lambda(z_hat) = [+/- 0.280]  [<0]
  -> PASS
slab 10: kappa [-0.021000, -0.020500]
PASS    1 - contraction (slab) = [0.05750968091502223120526 +/- 1.71e-24]  [>0]
PASS    inward lo alpha[0] = [+/- 1.07e-3]  [>0]
PASS    inward hi alpha[0] = [0.001 +/- 6.77e-4]  [>0]
PASS    inward lo alpha[1] = [+/- 1.16e-3]  [>0]
PASS    inward hi alpha[1] = [0.001 +/- 5.89e-4]  [>0]
PASS    inward lo alpha[2] = [+/- 1.25e-3]  [>0]
PASS    inward hi alpha[2] = [0.001 +/- 5.00e-4]  [>0]
PASS    inward lo alpha[3] = [+/- 1.33e-3]  [>0]
PASS    inward hi alpha[3] = [+/- 1.42e-3]  [>0]
PASS    inward lo alpha[4] = [+/- 1.42e-3]  [>0]
PASS    inward hi alpha[4] = [+/- 1.33e-3]  [>0]
PASS    inward lo alpha[5] = [0.001 +/- 5.08e-4]  [>0]
PASS    inward hi alpha[5] = [+/- 1.24e-3]  [>0]
PASS    inward lo alpha[6] = [0.001 +/- 5.96e-4]  [>0]
PASS    inward hi alpha[6] = [+/- 1.15e-3]  [>0]
PASS    inward lo alpha[7] = [0.001 +/- 6.85e-4]  [>0]
PASS    inward hi alpha[7] = [+/- 1.06e-3]  [>0]
PASS    G(alpha_lb) = [0.002 +/- 6.54e-4]  [>0]
PASS    G(alpha_ub) = [-0.002 +/- 6.52e-4]  [<0]
PASS    1 - amp-works = [+/- 0.530]  [>0]
PASS    lambda(z_hat) = [+/- 0.280]  [<0]
  -> PASS
slab 11: kappa [-0.023000, -0.022500]
PASS    1 - contraction (slab) = [0.05829295646024775255913 +/- 5.55e-24]  [>0]
PASS    inward lo alpha[0] = [+/- 1.07e-3]  [>0]
PASS    inward hi alpha[0] = [0.001 +/- 6.77e-4]  [>0]
PASS    inward lo alpha[1] = [+/- 1.16e-3]  [>0]
PASS    inward hi alpha[1] = [0.001 +/- 5.88e-4]  [>0]
PASS    inward lo alpha[2] = [+/- 1.25e-3]  [>0]
PASS    inward hi alpha[2] = [0.001 +/- 5.00e-4]  [>0]
PASS    inward lo alpha[3] = [+/- 1.33e-3]  [>0]
PASS    inward hi alpha[3] = [+/- 1.42e-3]  [>0]
PASS    inward lo alpha[4] = [+/- 1.42e-3]  [>0]
PASS    inward hi alpha[4] = [+/- 1.33e-3]  [>0]
PASS    inward lo alpha[5] = [0.001 +/- 5.08e-4]  [>0]
PASS    inward hi alpha[5] = [+/- 1.24e-3]  [>0]
PASS    inward lo alpha[6] = [0.001 +/- 5.96e-4]  [>0]
PASS    inward hi alpha[6] = [+/- 1.15e-3]  [>0]
PASS    inward lo alpha[7] = [0.001 +/- 6.85e-4]  [>0]
PASS    inward hi alpha[7] = [+/- 1.06e-3]  [>0]
PASS    G(alpha_lb) = [0.002 +/- 6.58e-4]  [>0]
PASS    G(alpha_ub) = [-0.002 +/- 6.57e-4]  [<0]
PASS    1 - amp-works = [+/- 0.530]  [>0]
PASS    lambda(z_hat) = [+/- 0.281]  [<0]
  -> PASS
slab 12: kappa [-0.025000, -0.024500]
PASS    1 - contraction (slab) = [0.059075208279448651253199 +/- 8.63e-25]  [>0]
PASS    inward lo alpha[0] = [+/- 1.07e-3]  [>0]
PASS    inward hi alpha[0] = [0.001 +/- 6.77e-4]  [>0]
PASS    inward lo alpha[1] = [+/- 1.16e-3]  [>0]
PASS    inward hi alpha[1] = [0.001 +/- 5.88e-4]  [>0]
PASS    inward lo alpha[2] = [+/- 1.25e-3]  [>0]
PASS    inward hi alpha[2] = [0.001 +/- 5.00e-4]  [>0]
PASS    inward lo alpha[3] = [+/- 1.34e-3]  [>0]
PASS    inward hi alpha[3] = [+/- 1.42e-3]  [>0]
PASS    inward lo alpha[4] = [+/- 1.42e-3]  [>0]
PASS    inward hi alpha[4] = [+/- 1.33e-3]  [>0]
PASS    inward lo alpha[5] = [0.001 +/- 5.08e-4]  [>0]
PASS    inward hi alpha[5] = [+/- 1.24e-3]  [>0]
PASS    inward lo alpha[6] = [0.001 +/- 5.96e-4]  [>0]
PASS    inward hi alpha[6] = [+/- 1.15e-3]  [>0]
PASS    inward lo alpha[7] = [0.001 +/- 6.85e-4]  [>0]
PASS    inward hi alpha[7] = [+/- 1.06e-3]  [>0]
PASS    G(alpha_lb) = [0.002 +/- 6.63e-4]  [>0]
PASS    G(alpha_ub) = [-0.002 +/- 6.61e-4]  [<0]
PASS    1 - amp-works = [+/- 0.530]  [>0]
PASS    lambda(z_hat) = [+/- 0.281]  [<0]
  -> PASS
slab 13: kappa [-0.027000, -0.026500]
PASS    1 - contraction (slab) = [0.05985641436301818829251 +/- 4.66e-24]  [>0]
PASS    inward lo alpha[0] = [+/- 1.07e-3]  [>0]
PASS    inward hi alpha[0] = [0.001 +/- 6.76e-4]  [>0]
PASS    inward lo alpha[1] = [+/- 1.16e-3]  [>0]
PASS    inward hi alpha[1] = [0.001 +/- 5.88e-4]  [>0]
PASS    inward lo alpha[2] = [+/- 1.25e-3]  [>0]
PASS    inward hi alpha[2] = [0.001 +/- 5.00e-4]  [>0]
PASS    inward lo alpha[3] = [+/- 1.34e-3]  [>0]
PASS    inward hi alpha[3] = [+/- 1.42e-3]  [>0]
PASS    inward lo alpha[4] = [+/- 1.42e-3]  [>0]
PASS    inward hi alpha[4] = [+/- 1.33e-3]  [>0]
PASS    inward lo alpha[5] = [0.001 +/- 5.08e-4]  [>0]
PASS    inward hi alpha[5] = [+/- 1.24e-3]  [>0]
PASS    inward lo alpha[6] = [0.001 +/- 5.96e-4]  [>0]
PASS    inward hi alpha[6] = [+/- 1.15e-3]  [>0]
PASS    inward lo alpha[7] = [0.001 +/- 6.84e-4]  [>0]
PASS    inward hi alpha[7] = [+/- 1.06e-3]  [>0]
PASS    G(alpha_lb) = [0.002 +/- 6.67e-4]  [>0]
PASS    G(alpha_ub) = [-0.002 +/- 6.65e-4]  [<0]
PASS    1 - amp-works = [+/- 0.530]  [>0]
PASS    lambda(z_hat) = [+/- 0.281]  [<0]
  -> PASS
slab 14: kappa [-0.029000, -0.028500]
PASS    1 - contraction (slab) = [0.06063657544962088907534 +/- 5.65e-24]  [>0]
PASS    inward lo alpha[0] = [+/- 1.07e-3]  [>0]
PASS    inward hi alpha[0] = [0.001 +/- 6.76e-4]  [>0]
PASS    inward lo alpha[1] = [+/- 1.16e-3]  [>0]
PASS    inward hi alpha[1] = [0.001 +/- 5.88e-4]  [>0]
PASS    inward lo alpha[2] = [+/- 1.25e-3]  [>0]
PASS    inward hi alpha[2] = [0.001 +/- 5.00e-4]  [>0]
PASS    inward lo alpha[3] = [+/- 1.34e-3]  [>0]
PASS    inward hi alpha[3] = [+/- 1.42e-3]  [>0]
PASS    inward lo alpha[4] = [+/- 1.42e-3]  [>0]
PASS    inward hi alpha[4] = [+/- 1.33e-3]  [>0]
PASS    inward lo alpha[5] = [0.001 +/- 5.08e-4]  [>0]
PASS    inward hi alpha[5] = [+/- 1.24e-3]  [>0]
PASS    inward lo alpha[6] = [0.001 +/- 5.96e-4]  [>0]
PASS    inward hi alpha[6] = [+/- 1.15e-3]  [>0]
PASS    inward lo alpha[7] = [0.001 +/- 6.84e-4]  [>0]
PASS    inward hi alpha[7] = [+/- 1.07e-3]  [>0]
PASS    G(alpha_lb) = [0.002 +/- 6.71e-4]  [>0]
PASS    G(alpha_ub) = [-0.002 +/- 6.69e-4]  [<0]
PASS    1 - amp-works = [+/- 0.530]  [>0]
PASS    lambda(z_hat) = [+/- 0.281]  [<0]
  -> PASS
slab 15: kappa [-0.031000, -0.030500]
PASS    1 - contraction (slab) = [0.06141572462236804947285 +/- 4.51e-24]  [>0]
PASS    inward lo alpha[0] = [+/- 1.07e-3]  [>0]
PASS    inward hi alpha[0] = [0.001 +/- 6.76e-4]  [>0]
PASS    inward lo alpha[1] = [+/- 1.16e-3]  [>0]
PASS    inward hi alpha[1] = [0.001 +/- 5.88e-4]  [>0]
PASS    inward lo alpha[2] = [+/- 1.25e-3]  [>0]
PASS    inward hi alpha[2] = [0.001 +/- 5.00e-4]  [>0]
PASS    inward lo alpha[3] = [+/- 1.34e-3]  [>0]
PASS    inward hi alpha[3] = [+/- 1.42e-3]  [>0]
PASS    inward lo alpha[4] = [+/- 1.42e-3]  [>0]
PASS    inward hi alpha[4] = [+/- 1.33e-3]  [>0]
PASS    inward lo alpha[5] = [0.001 +/- 5.08e-4]  [>0]
PASS    inward hi alpha[5] = [+/- 1.24e-3]  [>0]
PASS    inward lo alpha[6] = [0.001 +/- 5.96e-4]  [>0]
PASS    inward hi alpha[6] = [+/- 1.15e-3]  [>0]
PASS    inward lo alpha[7] = [0.001 +/- 6.84e-4]  [>0]
PASS    inward hi alpha[7] = [+/- 1.07e-3]  [>0]
PASS    G(alpha_lb) = [0.002 +/- 6.75e-4]  [>0]
PASS    G(alpha_ub) = [-0.002 +/- 6.74e-4]  [<0]
PASS    1 - amp-works = [+/- 0.530]  [>0]
PASS    lambda(z_hat) = [+/- 0.281]  [<0]
  -> PASS
slab 16: kappa [-0.033000, -0.032500]
PASS    1 - contraction (slab) = [0.062193798732379736612546 +/- 8.54e-25]  [>0]
PASS    inward lo alpha[0] = [+/- 1.07e-3]  [>0]
PASS    inward hi alpha[0] = [0.001 +/- 6.75e-4]  [>0]
PASS    inward lo alpha[1] = [+/- 1.16e-3]  [>0]
PASS    inward hi alpha[1] = [0.001 +/- 5.88e-4]  [>0]
PASS    inward lo alpha[2] = [+/- 1.25e-3]  [>0]
PASS    inward hi alpha[2] = [0.001 +/- 5.00e-4]  [>0]
PASS    inward lo alpha[3] = [+/- 1.34e-3]  [>0]
PASS    inward hi alpha[3] = [+/- 1.42e-3]  [>0]
PASS    inward lo alpha[4] = [+/- 1.42e-3]  [>0]
PASS    inward hi alpha[4] = [+/- 1.33e-3]  [>0]
PASS    inward lo alpha[5] = [0.001 +/- 5.08e-4]  [>0]
PASS    inward hi alpha[5] = [+/- 1.24e-3]  [>0]
PASS    inward lo alpha[6] = [0.001 +/- 5.95e-4]  [>0]
PASS    inward hi alpha[6] = [+/- 1.15e-3]  [>0]
PASS    inward lo alpha[7] = [0.001 +/- 6.83e-4]  [>0]
PASS    inward hi alpha[7] = [+/- 1.07e-3]  [>0]
PASS    G(alpha_lb) = [0.002 +/- 6.80e-4]  [>0]
PASS    G(alpha_ub) = [-0.002 +/- 6.78e-4]  [<0]
PASS    1 - amp-works = [+/- 0.530]  [>0]
PASS    lambda(z_hat) = [+/- 0.281]  [<0]
  -> PASS
slab 17: kappa [-0.035000, -0.034500]
PASS    1 - contraction (slab) = [0.06297088352242985370884 +/- 4.46e-24]  [>0]
PASS    inward lo alpha[0] = [+/- 1.07e-3]  [>0]
PASS    inward hi alpha[0] = [0.001 +/- 6.75e-4]  [>0]
PASS    inward lo alpha[1] = [+/- 1.16e-3]  [>0]
PASS    inward hi alpha[1] = [0.001 +/- 5.87e-4]  [>0]
PASS    inward lo alpha[2] = [+/- 1.25e-3]  [>0]
PASS    inward hi alpha[2] = [0.001 +/- 5.00e-4]  [>0]
PASS    inward lo alpha[3] = [+/- 1.34e-3]  [>0]
PASS    inward hi alpha[3] = [+/- 1.42e-3]  [>0]
PASS    inward lo alpha[4] = [+/- 1.42e-3]  [>0]
PASS    inward hi alpha[4] = [+/- 1.33e-3]  [>0]
PASS    inward lo alpha[5] = [0.001 +/- 5.08e-4]  [>0]
PASS    inward hi alpha[5] = [+/- 1.24e-3]  [>0]
PASS    inward lo alpha[6] = [0.001 +/- 5.95e-4]  [>0]
PASS    inward hi alpha[6] = [+/- 1.15e-3]  [>0]
PASS    inward lo alpha[7] = [0.001 +/- 6.83e-4]  [>0]
PASS    inward hi alpha[7] = [+/- 1.07e-3]  [>0]
PASS    G(alpha_lb) = [0.002 +/- 6.84e-4]  [>0]
PASS    G(alpha_ub) = [-0.002 +/- 6.82e-4]  [<0]
PASS    1 - amp-works = [+/- 0.531]  [>0]
PASS    lambda(z_hat) = [+/- 0.281]  [<0]
  -> PASS
slab 18: kappa [-0.037000, -0.036500]
PASS    1 - contraction (slab) = [0.06374694871101200839170 +/- 2.52e-24]  [>0]
PASS    inward lo alpha[0] = [+/- 1.07e-3]  [>0]
PASS    inward hi alpha[0] = [0.001 +/- 6.75e-4]  [>0]
PASS    inward lo alpha[1] = [+/- 1.16e-3]  [>0]
PASS    inward hi alpha[1] = [0.001 +/- 5.87e-4]  [>0]
PASS    inward lo alpha[2] = [+/- 1.25e-3]  [>0]
PASS    inward hi alpha[2] = [0.001 +/- 5.00e-4]  [>0]
PASS    inward lo alpha[3] = [+/- 1.34e-3]  [>0]
PASS    inward hi alpha[3] = [+/- 1.42e-3]  [>0]
PASS    inward lo alpha[4] = [+/- 1.42e-3]  [>0]
PASS    inward hi alpha[4] = [+/- 1.33e-3]  [>0]
PASS    inward lo alpha[5] = [0.001 +/- 5.08e-4]  [>0]
PASS    inward hi alpha[5] = [+/- 1.24e-3]  [>0]
PASS    inward lo alpha[6] = [0.001 +/- 5.95e-4]  [>0]
PASS    inward hi alpha[6] = [+/- 1.16e-3]  [>0]
PASS    inward lo alpha[7] = [0.001 +/- 6.83e-4]  [>0]
PASS    inward hi alpha[7] = [+/- 1.07e-3]  [>0]
PASS    G(alpha_lb) = [0.002 +/- 6.88e-4]  [>0]
PASS    G(alpha_ub) = [-0.002 +/- 6.86e-4]  [<0]
PASS    1 - amp-works = [+/- 0.531]  [>0]
PASS    lambda(z_hat) = [+/- 0.282]  [<0]
  -> PASS
slab 19: kappa [-0.039000, -0.038500]
PASS    1 - contraction (slab) = [0.06452198062670010730676 +/- 2.25e-24]  [>0]
PASS    inward lo alpha[0] = [+/- 1.07e-3]  [>0]
PASS    inward hi alpha[0] = [0.001 +/- 6.74e-4]  [>0]
PASS    inward lo alpha[1] = [+/- 1.16e-3]  [>0]
PASS    inward hi alpha[1] = [0.001 +/- 5.87e-4]  [>0]
PASS    inward lo alpha[2] = [+/- 1.25e-3]  [>0]
PASS    inward hi alpha[2] = [0.001 +/- 5.00e-4]  [>0]
PASS    inward lo alpha[3] = [+/- 1.34e-3]  [>0]
PASS    inward hi alpha[3] = [+/- 1.42e-3]  [>0]
PASS    inward lo alpha[4] = [+/- 1.42e-3]  [>0]
PASS    inward hi alpha[4] = [+/- 1.33e-3]  [>0]
PASS    inward lo alpha[5] = [0.001 +/- 5.08e-4]  [>0]
PASS    inward hi alpha[5] = [+/- 1.24e-3]  [>0]
PASS    inward lo alpha[6] = [0.001 +/- 5.95e-4]  [>0]
PASS    inward hi alpha[6] = [+/- 1.16e-3]  [>0]
PASS    inward lo alpha[7] = [0.001 +/- 6.82e-4]  [>0]
PASS    inward hi alpha[7] = [+/- 1.07e-3]  [>0]
PASS    G(alpha_lb) = [0.002 +/- 6.92e-4]  [>0]
PASS    G(alpha_ub) = [-0.002 +/- 6.90e-4]  [<0]
PASS    1 - amp-works = [+/- 0.531]  [>0]
PASS    lambda(z_hat) = [+/- 0.282]  [<0]
  -> PASS
slab 20: kappa [-0.041000, -0.040500]
PASS    1 - contraction (slab) = [0.06529592491977080313436 +/- 3.39e-24]  [>0]
PASS    inward lo alpha[0] = [+/- 1.08e-3]  [>0]
PASS    inward hi alpha[0] = [0.001 +/- 6.74e-4]  [>0]
PASS    inward lo alpha[1] = [+/- 1.16e-3]  [>0]
PASS    inward hi alpha[1] = [0.001 +/- 5.87e-4]  [>0]
PASS    inward lo alpha[2] = [+/- 1.25e-3]  [>0]
PASS    inward hi alpha[2] = [0.001 +/- 5.00e-4]  [>0]
PASS    inward lo alpha[3] = [+/- 1.34e-3]  [>0]
PASS    inward hi alpha[3] = [+/- 1.42e-3]  [>0]
PASS    inward lo alpha[4] = [+/- 1.42e-3]  [>0]
PASS    inward hi alpha[4] = [+/- 1.33e-3]  [>0]
PASS    inward lo alpha[5] = [0.001 +/- 5.08e-4]  [>0]
PASS    inward hi alpha[5] = [+/- 1.24e-3]  [>0]
PASS    inward lo alpha[6] = [0.001 +/- 5.95e-4]  [>0]
PASS    inward hi alpha[6] = [+/- 1.16e-3]  [>0]
PASS    inward lo alpha[7] = [0.001 +/- 6.82e-4]  [>0]
PASS    inward hi alpha[7] = [+/- 1.07e-3]  [>0]
PASS    G(alpha_lb) = [0.002 +/- 6.96e-4]  [>0]
PASS    G(alpha_ub) = [-0.002 +/- 6.95e-4]  [<0]
PASS    1 - amp-works = [+/- 0.531]  [>0]
PASS    lambda(z_hat) = [+/- 0.282]  [<0]
  -> PASS
slab 21: kappa [-0.043000, -0.042500]
PASS    1 - contraction (slab) = [0.066068932606422993605564 +/- 8.71e-25]  [>0]
PASS    inward lo alpha[0] = [+/- 1.08e-3]  [>0]
PASS    inward hi alpha[0] = [0.001 +/- 6.74e-4]  [>0]
PASS    inward lo alpha[1] = [+/- 1.16e-3]  [>0]
PASS    inward hi alpha[1] = [0.001 +/- 5.87e-4]  [>0]
PASS    inward lo alpha[2] = [+/- 1.25e-3]  [>0]
PASS    inward hi alpha[2] = [0.001 +/- 5.00e-4]  [>0]
PASS    inward lo alpha[3] = [+/- 1.34e-3]  [>0]
PASS    inward hi alpha[3] = [+/- 1.42e-3]  [>0]
PASS    inward lo alpha[4] = [+/- 1.43e-3]  [>0]
PASS    inward hi alpha[4] = [+/- 1.33e-3]  [>0]
PASS    inward lo alpha[5] = [0.001 +/- 5.08e-4]  [>0]
PASS    inward hi alpha[5] = [+/- 1.24e-3]  [>0]
PASS    inward lo alpha[6] = [0.001 +/- 5.95e-4]  [>0]
PASS    inward hi alpha[6] = [+/- 1.16e-3]  [>0]
PASS    inward lo alpha[7] = [0.001 +/- 6.82e-4]  [>0]
PASS    inward hi alpha[7] = [+/- 1.07e-3]  [>0]
PASS    G(alpha_lb) = [0.002 +/- 7.01e-4]  [>0]
PASS    G(alpha_ub) = [-0.002 +/- 6.99e-4]  [<0]
PASS    1 - amp-works = [+/- 0.531]  [>0]
PASS    lambda(z_hat) = [+/- 0.282]  [<0]
  -> PASS
slab 22: kappa [-0.045000, -0.044500]
PASS    1 - contraction (slab) = [0.06684088416271955749238 +/- 4.55e-24]  [>0]
PASS    inward lo alpha[0] = [+/- 1.08e-3]  [>0]
PASS    inward hi alpha[0] = [0.001 +/- 6.73e-4]  [>0]
PASS    inward lo alpha[1] = [+/- 1.16e-3]  [>0]
PASS    inward hi alpha[1] = [0.001 +/- 5.87e-4]  [>0]
PASS    inward lo alpha[2] = [+/- 1.25e-3]  [>0]
PASS    inward hi alpha[2] = [0.001 +/- 5.00e-4]  [>0]
PASS    inward lo alpha[3] = [+/- 1.34e-3]  [>0]
PASS    inward hi alpha[3] = [+/- 1.42e-3]  [>0]
PASS    inward lo alpha[4] = [+/- 1.43e-3]  [>0]
PASS    inward hi alpha[4] = [+/- 1.33e-3]  [>0]
PASS    inward lo alpha[5] = [0.001 +/- 5.08e-4]  [>0]
PASS    inward hi alpha[5] = [+/- 1.24e-3]  [>0]
PASS    inward lo alpha[6] = [0.001 +/- 5.95e-4]  [>0]
PASS    inward hi alpha[6] = [+/- 1.16e-3]  [>0]
PASS    inward lo alpha[7] = [0.001 +/- 6.81e-4]  [>0]
PASS    inward hi alpha[7] = [+/- 1.07e-3]  [>0]
PASS    G(alpha_lb) = [0.002 +/- 7.05e-4]  [>0]
PASS    G(alpha_ub) = [-0.002 +/- 7.03e-4]  [<0]
PASS    1 - amp-works = [+/- 0.531]  [>0]
PASS    lambda(z_hat) = [+/- 0.282]  [<0]
  -> PASS
slab 23: kappa [-0.047000, -0.046500]
PASS    1 - contraction (slab) = [0.06761182960913987903052 +/- 2.12e-24]  [>0]
PASS    inward lo alpha[0] = [+/- 1.08e-3]  [>0]
PASS    inward hi alpha[0] = [0.001 +/- 6.73e-4]  [>0]
PASS    inward lo alpha[1] = [+/- 1.16e-3]  [>0]
PASS    inward hi alpha[1] = [0.001 +/- 5.87e-4]  [>0]
PASS    inward lo alpha[2] = [+/- 1.25e-3]  [>0]
PASS    inward hi alpha[2] = [0.001 +/- 5.00e-4]  [>0]
PASS    inward lo alpha[3] = [+/- 1.34e-3]  [>0]
PASS    inward hi alpha[3] = [+/- 1.42e-3]  [>0]
PASS    inward lo alpha[4] = [+/- 1.43e-3]  [>0]
PASS    inward hi alpha[4] = [+/- 1.33e-3]  [>0]
PASS    inward lo alpha[5] = [0.001 +/- 5.08e-4]  [>0]
PASS    inward hi alpha[5] = [+/- 1.24e-3]  [>0]
PASS    inward lo alpha[6] = [0.001 +/- 5.94e-4]  [>0]
PASS    inward hi alpha[6] = [+/- 1.16e-3]  [>0]
PASS    inward lo alpha[7] = [0.001 +/- 6.81e-4]  [>0]
PASS    inward hi alpha[7] = [+/- 1.07e-3]  [>0]
PASS    G(alpha_lb) = [0.002 +/- 7.09e-4]  [>0]
PASS    G(alpha_ub) = [-0.002 +/- 7.07e-4]  [<0]
PASS    1 - amp-works = [+/- 0.531]  [>0]
PASS    lambda(z_hat) = [+/- 0.282]  [<0]
  -> PASS
slab 24: kappa [-0.049000, -0.048500]
PASS    1 - contraction (slab) = [0.06838173339954744171183 +/- 2.95e-24]  [>0]
PASS    inward lo alpha[0] = [+/- 1.08e-3]  [>0]
PASS    inward hi alpha[0] = [0.001 +/- 6.73e-4]  [>0]
PASS    inward lo alpha[1] = [+/- 1.17e-3]  [>0]
PASS    inward hi alpha[1] = [0.001 +/- 5.86e-4]  [>0]
PASS    inward lo alpha[2] = [+/- 1.25e-3]  [>0]
PASS    inward hi alpha[2] = [0.001 +/- 5.00e-4]  [>0]
PASS    inward lo alpha[3] = [+/- 1.34e-3]  [>0]
PASS    inward hi alpha[3] = [+/- 1.42e-3]  [>0]
PASS    inward lo alpha[4] = [+/- 1.43e-3]  [>0]
PASS    inward hi alpha[4] = [+/- 1.33e-3]  [>0]
PASS    inward lo alpha[5] = [0.001 +/- 5.08e-4]  [>0]
PASS    inward hi alpha[5] = [+/- 1.25e-3]  [>0]
PASS    inward lo alpha[6] = [0.001 +/- 5.94e-4]  [>0]
PASS    inward hi alpha[6] = [+/- 1.16e-3]  [>0]
PASS    inward lo alpha[7] = [0.001 +/- 6.81e-4]  [>0]
PASS    inward hi alpha[7] = [+/- 1.07e-3]  [>0]
PASS    G(alpha_lb) = [0.002 +/- 7.13e-4]  [>0]
PASS    G(alpha_ub) = [-0.002 +/- 7.11e-4]  [<0]
PASS    1 - amp-works = [+/- 0.532]  [>0]
PASS    lambda(z_hat) = [+/- 0.283]  [<0]
  -> PASS
global PASS; 25/25 slabs verified -> result_neg_1.json
