global checks over the batch hull:
PASS    R(rect) finite and positive = [3e+0 +/- 0.565]  [>0]
  -> PASS
slab 0: kappa [-0.000500, 0.000000]
PASS    1 - contraction (slab) = [0.04942074840671779317109 +/- 2.40e-24]  [>0]
PASS    inward lo alpha[0] = [+/- 1.06e-3]  [>0]
PASS    inward hi alpha[0] = [0.001 +/- 6.81e-4]  [>0]
PASS    inward lo alpha[1] = [+/- 1.15e-3]  [>0]
PASS    inward hi alpha[1] = [0.001 +/- 5.90e-4]  [>0]
PASS    inward lo alpha[2] = [+/- 1.24e-3]  [>0]
PASS    inward hi alpha[2] = [0.001 +/- 5.00e-4]  [>0]
PASS    inward lo alpha[3] = [+/- 1.33e-3]  [>0]
PASS    inward hi alpha[3] = [+/- 1.41e-3]  [>0]
PASS    inward lo alpha[4] = [+/- 1.42e-3]  [>0]
PASS    inward hi alpha[4] = [+/- 1.32e-3]  [>0]
PASS    inward lo alpha[5] = [0.001 +/- 5.08e-4]  [>0]
PASS    inward hi alpha[5] = [+/- 1.23e-3]  [>0]
PASS    inward lo alpha[6] = [0.001 +/- 5.98e-4]  [>0]
PASS    inward hi alpha[6] = [+/- 1.14e-3]  [>0]
PASS    inward lo alpha[7] = [0.001 +/- 6.89e-4]  [>0]
PASS    inward hi alpha[7] = [+/- 1.05e-3]  [>0]
PASS    G(alpha_lb) = [0.002 +/- 6.10e-4]  [>0]
PASS    G(alpha_ub) = [-0.002 +/- 6.08e-4]  [<0]
PASS    1 - amp-works = [+/- 0.527]  [>0]
PASS    lambda(z_hat) = [-0.2 +/- 0.0882]  [<0]
  -> PASS
slab 1: kappa [-0.002500, -0.002000]
PASS    1 - contraction (slab) = [0.05021477297271389924016 +/- 4.93e-24]  [>0]
PASS    inward lo alpha[0] = [+/- 1.06e-3]  [>0]
PASS    inward hi alpha[0] = [0.001 +/- 6.80e-4]  [>0]
PASS    inward lo alpha[1] = [+/- 1.15e-3]  [>0]
PASS    inward hi alpha[1] = [0.001 +/- 5.90e-4]  [>0]
PASS    inward lo alpha[2] = [+/- 1.24e-3]  [>0]
PASS    inward hi alpha[2] = [0.001 +/- 5.00e-4]  [>0]
PASS    inward lo alpha[3] = [+/- 1.33e-3]  [>0]
PASS    inward hi alpha[3] = [+/- 1.41e-3]  [>0]
PASS    inward lo alpha[4] = [+/- 1.42e-3]  [>0]
PASS    inward hi alpha[4] = [+/- 1.32e-3]  [>0]
PASS    inward lo alpha[5] = [0.001 +/- 5.08e-4]  [>0]
PASS    inward hi alpha[5] = [+/- 1.23e-3]  [>0]
PASS    inward lo alpha[6] = [0.001 +/- 5.98e-4]  [>0]
PASS    inward hi alpha[6] = [+/- 1.14e-3]  [>0]
PASS    inward lo alpha[7] = [0.001 +/- 6.88e-4]  [>0]
PASS    inward hi alpha[7] = [+/- 1.06e-3]  [>0]
PASS    G(alpha_lb) = [0.002 +/- 6.14e-4]  [>0]
PASS    G(alpha_ub) = [-0.002 +/- 6.12e-4]  [<0]
PASS    1 - amp-works = [+/- 0.527]  [>0]
PASS    lambda(z_hat) = [-0.2 +/- 0.0880]  [<0]
  -> PASS
slab 2: kappa [-0.004500, -0.004000]
PASS    1 - contraction (slab) = [0.05100776789574569777664 +/- 3.03e-24]  [>0]
PASS    inward lo alpha[0] = [+/- 1.06e-3]  [>0]
PASS    inward hi alpha[0] = [0.001 +/- 6.80e-4]  [>0]
PASS    inward lo alpha[1] = [+/- 1.15e-3]  [>0]
PASS    inward hi alpha[1] = [0.001 +/- 5.90e-4]  [>0]
PASS    inward lo alpha[2] = [+/- 1.24e-3]  [>0]
PASS    inward hi alpha[2] = [0.001 +/- 5.00e-4]  [>0]
PASS    inward lo alpha[3] = [+/- 1.33e-3]  [>0]
PASS    inward hi alpha[3] = [+/- 1.41e-3]  [>0]
PASS    inward lo alpha[4] = [+/- 1.42e-3]  [>0]
PASS    inward hi alpha[4] = [+/- 1.32e-3]  [>0]
PASS    inward lo alpha[5] = [0.001 +/- 5.08e-4]  [>0]
PASS    inward hi alpha[5] = [+/- 1.24e-3]  [>0]
PASS    inward lo alpha[6] = [0.001 +/- 5.98e-4]  [>0]
PASS    inward hi alpha[6] = [+/- 1.15e-3]  [>0]
PASS    inward lo alpha[7] = [0.001 +/- 6.88e-4]  [>0]
PASS    inward hi alpha[7] = [+/- 1.06e-3]  [>0]
PASS    G(alpha_lb) = [0.002 +/- 6.18e-4]  [>0]
PASS    G(alpha_ub) = [-0.002 +/- 6.16e-4]  [<0]
PASS    1 - amp-works = [+/- 0.527]  [>0]
PASS    lambda(z_hat) = [-0.2 +/- 0.0879]  [<0]
  -> PASS
slab 3: kappa [-0.006500, -0.006000]
PASS    1 - contraction (slab) = [0.05179968082286126348051 +/- 3.40e-24]  [>0]
PASS    inward lo alpha[0] = [+/- 1.06e-3]  [>0]
PASS    inward hi alpha[0] = [0.001 +/- 6.80e-4]  [>0]
PASS    inward lo alpha[1] = [+/- 1.15e-3]  [>0]
PASS    inward hi alpha[1] = [0.001 +/- 5.90e-4]  [>0]
PASS    inward lo alpha[2] = [+/- 1.24e-3]  [>0]
PASS    inward hi alpha[2] = [0.001 +/- 5.00e-4]  [>0]
PASS    inward lo alpha[3] = [+/- 1.33e-3]  [>0]
PASS    inward hi alpha[3] = [+/- 1.41e-3]  [>0]
PASS    inward lo alpha[4] = [+/- 1.42e-3]  [>0]
PASS    inward hi alpha[4] = [+/- 1.33e-3]  [>0]
PASS    inward lo alpha[5] = [0.001 +/- 5.08e-4]  [>0]
PASS    inward hi alpha[5] = [+/- 1.24e-3]  [>0]
PASS    inward lo alpha[6] = [0.001 +/- 5.98e-4]  [>0]
PASS    inward hi alpha[6] = [+/- 1.15e-3]  [>0]
PASS    inward lo alpha[7] = [0.001 +/- 6.88e-4]  [>0]
PASS    inward hi alpha[7] = [+/- 1.06e-3]  [>0]
PASS    G(alpha_lb) = [0.002 +/- 6.23e-4]  [>0]
PASS    G(alpha_ub) = [-0.002 +/- 6.21e-4]  [<0]
PASS    1 - amp-works = [+/- 0.528]  [>0]
PASS    lambda(z_hat) = [-0.2 +/- 0.0878]  [<0]
  -> PASS
slab 4: kappa [-0.008500, -0.008000]
PASS    1 - contraction (slab) = [0.05259054403737569373887 +/- 4.65e-24]  [>0]
PASS    inward lo alpha[0] = [+/- 1.06e-3]  [>0]
PASS    inward hi alpha[0] = [0.001 +/- 6.79e-4]  [>0]
PASS    inward lo alpha[1] = [+/- 1.15e-3]  [>0]
PASS    inward hi alpha[1] = [0.001 +/- 5.90e-4]  [>0]
PASS    inward lo alpha[2] = [+/- 1.24e-3]  [>0]
PASS    inward hi alpha[2] = [0.001 +/- 5.00e-4]  [>0]
PASS    inward lo alpha[3] = [+/- 1.33e-3]  [>0]
PASS    inward hi alpha[3] = [+/- 1.42e-3]  [>0]
PASS    inward lo alpha[4] = [+/- 1.42e-3]  [>0]
PASS    inward hi alpha[4] = [+/- 1.33e-3]  [>0]
PASS    inward lo alpha[5] = [0.001 +/- 5.08e-4]  [>0]
PASS    inward hi alpha[5] = [+/- 1.24e-3]  [>0]
PASS    inward lo alpha[6] = [0.001 +/- 5.98e-4]  [>0]
PASS    inward hi alpha[6] = [+/- 1.15e-3]  [>0]
PASS    inward lo alpha[7] = [0.001 +/- 6.87e-4]  [>0]
PASS    inward hi alpha[7] = [+/- 1.06e-3]  [>0]
PASS    G(alpha_lb) = [0.002 +/- 6.27e-4]  [>0]
PASS    G(alpha_ub) = [-0.002 +/- 6.25e-4]  [<0]
PASS    1 - amp-works = [+/- 0.528]  [>0]
PASS    lambda(z_hat) = [-0.2 +/- 0.0876]  [<0]
  -> PASS
slab 5: kappa [-0.010500, -0.010000]
PASS    1 - contraction (slab) = [0.05338034877780824528422 +/- 5.52e-24]  [>0]
PASS    inward lo alpha[0] = [+/- 1.06e-3]  [>0]
PASS    inward hi alpha[0] = [0.001 +/- 6.79e-4]  [>0]
PASS    inward lo alpha[1] = [+/- 1.15e-3]  [>0]
PASS    inward hi alpha[1] = [0.001 +/- 5.89e-4]  [>0]
PASS    inward lo alpha[2] = [+/- 1.24e-3]  [>0]
PASS    inward hi alpha[2] = [0.001 +/- 5.00e-4]  [>0]
PASS    inward lo alpha[3] = [+/- 1.33e-3]  [>0]
PASS    inward hi alpha[3] = [+/- 1.42e-3]  [>0]
PASS    inward lo alpha[4] = [+/- 1.42e-3]  [>0]
PASS    inward hi alpha[4] = [+/- 1.33e-3]  [>0]
PASS    inward lo alpha[5] = [0.001 +/- 5.08e-4]  [>0]
PASS    inward hi alpha[5] = [+/- 1.24e-3]  [>0]
PASS    inward lo alpha[6] = [0.001 +/- 5.97e-4]  [>0]
PASS    inward hi alpha[6] = [+/- 1.15e-3]  [>0]
PASS    inward lo alpha[7] = [0.001 +/- 6.87e-4]  [>0]
PASS    inward hi alpha[7] = [+/- 1.06e-3]  [>0]
PASS    G(alpha_lb) = [0.002 +/- 6.31e-4]  [>0]
PASS    G(alpha_ub) = [-0.002 +/- 6.30e-4]  [<0]
PASS    1 - amp-works = [+/- 0.528]  [>0]
PASS    lambda(z_hat) = [-0.2 +/- 0.0875]  [<0]
  -> PASS
slab 6: kappa [-0.012500, -0.012000]
PASS    1 - contraction (slab) = [0.05416910547414051419232 +/- 4.44e-24]  [>0]
PASS    inward lo alpha[0] = [+/- 1.06e-3]  [>0]
PASS    inward hi alpha[0] = [0.001 +/- 6.79e-4]  [>0]
PASS    inward lo alpha[1] = [+/- 1.15e-3]  [>0]
PASS    inward hi alpha[1] = [0.001 +/- 5.89e-4]  [>0]
PASS    inward lo alpha[2] = [+/- 1.24e-3]  [>0]
PASS    inward hi alpha[2] = [0.001 +/- 5.00e-4]  [>0]
PASS    inward lo alpha[3] = [+/- 1.33e-3]  [>0]
PASS    inward hi alpha[3] = [+/- 1.42e-3]  [>0]
PASS    inward lo alpha[4] = [+/- 1.42e-3]  [>0]
PASS    inward hi alpha[4] = [+/- 1.33e-3]  [>0]
PASS    inward lo alpha[5] = [0.001 +/- 5.08e-4]  [>0]
PASS    inward hi alpha[5] = [+/- 1.24e-3]  [>0]
PASS    inward lo alpha[6] = [0.001 +/- 5.97e-4]  [>0]
PASS    inward hi alpha[6] = [+/- 1.15e-3]  [>0]
PASS    inward lo alpha[7] = [0.001 +/- 6.87e-4]  [>0]
PASS    inward hi alpha[7] = [+/- 1.06e-3]  [>0]
PASS    G(alpha_lb) = [0.002 +/- 6.36e-4]  [>0]
PASS    G(alpha_ub) = [-0.002 +/- 6.34e-4]  [<0]
PASS    1 - amp-works = [+/- 0.528]  [>0]
PASS    lambda(z_hat) = [-0.2 +/- 0.0874]  [<0]
  -> PASS
slab 7: kappa [-0.014500, -0.014000]
PASS    1 - contraction (slab) = [0.05495682200693606188663 +/- 9.77e-25]  [>0]
PASS    inward lo alpha[0] = [+/- 1.07e-3]  [>0]
PASS    inward hi alpha[0] = [0.001 +/- 6.78e-4]  [>0]
PASS    inward lo alpha[1] = [+/- 1.15e-3]  [>0]
PASS    inward hi alpha[1] = [0.001 +/- 5.89e-4]  [>0]
PASS    inward lo alpha[2] = [+/- 1.24e-3]  [>0]
PASS    inward hi alpha[2] = [0.001 +/- 5.00e-4]  [>0]
PASS    inward lo alpha[3] = [+/- 1.33e-3]  [>0]
PASS    inward hi alpha[3] = [+/- 1.42e-3]  [>0]
PASS    inward lo alpha[4] = [+/- 1.42e-3]  [>0]
PASS    inward hi alpha[4] = [+/- 1.33e-3]  [>0]
PASS    inward lo alpha[5] = [0.001 +/- 5.08e-4]  [>0]
PASS    inward hi alpha[5] = [+/- 1.24e-3]  [>0]
PASS    inward lo alpha[6] = [0.001 +/- 5.97e-4]  [>0]
PASS    inward hi alpha[6] = [+/- 1.15e-3]  [>0]
PASS    inward lo alpha[7] = [0.001 +/- 6.86e-4]  [>0]
PASS    inward hi alpha[7] = [+/- 1.06e-3]  [>0]
PASS    G(alpha_lb) = [0.002 +/- 6.40e-4]  [>0]
PASS    G(alpha_ub) = [-0.002 +/- 6.38e-4]  [<0]
PASS    1 - amp-works = [+/- 0.528]  [>0]
PASS    lambda(z_hat) = [-0.2 +/- 0.0872]  [<0]
  -> PASS
slab 8: kappa [-0.016500, -0.016000]
PASS    1 - contraction (slab) = [0.05574350842363782142563 +/- 3.96e-24]  [>0]
PASS    inward lo alpha[0] = [+/- 1.07e-3]  [>0]
PASS    inward hi alpha[0] = [0.001 +/- 6.78e-4]  [>0]
PASS    inward lo alpha[1] = [+/- 1.16e-3]  [>0]
PASS    inward hi alpha[1] = [0.001 +/- 5.89e-4]  [>0]
PASS    inward lo alpha[2] = [+/- 1.24e-3]  [>0]
PASS    inward hi alpha[2] = [0.001 +/- 5.00e-4]  [>0]
PASS    inward lo alpha[3] = [+/- 1.33e-3]  [>0]
PASS    inward hi alpha[3] = [+/- 1.42e-3]  [>0]
PASS    inward lo alpha[4] = [+/- 1.42e-3]  [>0]
PASS    inward hi alpha[4] = [+/- 1.33e-3]  [>0]
PASS    inward lo alpha[5] = [0.001 +/- 5.08e-4]  [>0]
PASS    inward hi alpha[5] = [+/- 1.24e-3]  [>0]
PASS    inward lo alpha[6] = [0.001 +/- 5.97e-4]  [>0]
PASS    inward hi alpha[6] = [+/- 1.15e-3]  [>0]
PASS    inward lo alpha[7] = [0.001 +/- 6.86e-4]  [>0]
PASS    inward hi alpha[7] = [+/- 1.06e-3]  [>0]
PASS    G(alpha_lb) = [0.002 +/- 6.44e-4]  [>0]
PASS    G(alpha_ub) = [-0.002 +/- 6.43e-4]  [<0]
PASS    1 - amp-works = [+/- 0.528]  [>0]
PASS    lambda(z_hat) = [-0.2 +/- 0.0871]  [<0]
  -> PASS
slab 9: kappa [-0.018500, -0.018000]
PASS    1 - contraction (slab) = [0.05652912969370313030327 +/- 5.42e-24]  [>0]
PASS    inward lo alpha[0] = [+/- 1.07e-3]  [>0]
PASS    inward hi alpha[0] = [0.001 +/- 6.78e-4]  [>0]
PASS    inward lo alpha[1] = [+/- 1.16e-3]  [>0]
PASS    inward hi alpha[1] = [0.001 +/- 5.89e-4]  [>0]
PASS    inward lo alpha[2] = [+/- 1.25e-3]  [>0]
PASS    inward hi alpha[2] = [0.001 +/- 5.00e-4]  [>0]
PASS    inward lo alpha[3] = [+/- 1.33e-3]  [>0]
PASS    inward hi alpha[3] = [+/- 1.42e-3]  [>0]
PASS    inward lo alpha[4] = [+/- 1.42e-3]  [>0]
PASS    inward hi alpha[4] = [+/- 1.33e-3]  [>0]
PASS    inward lo alpha[5] = [0.001 +/- 5.08e-4]  [>0]
PASS    inward hi alpha[5] = [+/- 1.24e-3]  [>0]
PASS    inward lo alpha[6] = [0.001 +/- 5.97e-4]  [>0]
PASS    inward hi alpha[6] = [+/- 1.15e-3]  [>0]
PASS    inward lo alpha[7] = [0.001 +/- 6.86e-4]  [>0]
PASS    inward hi alpha[7] = [+/- 1.06e-3]  [>0]
PASS    G(alpha_lb) = [0.002 +/- 6.49e-4]  [>0]
PASS    G(alpha_ub) = [-0.002 +/- 6.47e-4]  [<0]
PASS    1 - amp-works = [+/- 0.528]  [>0]
PASS    lambda(z_hat) = [-0.2 +/- 0.0869]  [<0]
  -> PASS
slab 10: kappa [-0.020500, -0.020000]
PASS    1 - contraction (slab) = [0.057313695534040821548764 +/- 8.92e-25]  [>0]
PASS    inward lo alpha[0] = [+/- 1.07e-3]  [>0]
PASS    inward hi alpha[0] = [0.001 +/- 6.77e-4]  [>0]
PASS    inward lo alpha[1] = [+/- 1.16e-3]  [>0]
PASS    inward hi alpha[1] = [0.001 +/- 5.89e-4]  [>0]
PASS    inward lo alpha[2] = [+/- 1.25e-3]  [>0]
PASS    inward hi alpha[2] = [0.001 +/- 5.00e-4]  [>0]
PASS    inward lo alpha[3] = [+/- 1.33e-3]  [>0]
PASS    inward hi alpha[3] = [+/- 1.42e-3]  [>0]
PASS    inward lo alpha[4] = [+/- 1.42e-3]  [>0]
PASS    inward hi alpha[4] = [+/- 1.33e-3]  [>0]
PASS    inward lo alpha[5] = [0.001 +/- 5.08e-4]  [>0]
PASS    inward hi alpha[5] = [+/- 1.24e-3]  [>0]
PASS    inward lo alpha[6] = [0.001 +/- 5.96e-4]  [>0]
PASS    inward hi alpha[6] = [+/- 1.15e-3]  [>0]
PASS    inward lo alpha[7] = [0.001 +/- 6.85e-4]  [>0]
PASS    inward hi alpha[7] = [+/- 1.06e-3]  [>0]
PASS    G(alpha_lb) = [0.002 +/- 6.53e-4]  [>0]
PASS    G(alpha_ub) = [-0.002 +/- 6.51e-4]  [<0]
PASS    1 - amp-works = [+/- 0.529]  [>0]
PASS    lambda(z_hat) = [-0.2 +/- 0.0868]  [<0]
  -> PASS
slab 11: kappa [-0.022500, -0.022000]
PASS    1 - contraction (slab) = [0.05809726182458867808770 +/- 4.67e-24]  [>0]
PASS    inward lo alpha[0] = [+/- 1.07e-3]  [>0]
PASS    inward hi alpha[0] = [0.001 +/- 6.77e-4]  [>0]
PASS    inward lo alpha[1] = [+/- 1.16e-3]  [>0]
PASS    inward hi alpha[1] = [0.001 +/- 5.88e-4]  [>0]
PASS    inward lo alpha[2] = [+/- 1.25e-3]  [>0]
PASS    inward hi alpha[2] = [0.001 +/- 5.00e-4]  [>0]
PASS    inward lo alpha[3] = [+/- 1.33e-3]  [>0]
PASS    inward hi alpha[3] = [+/- 1.42e-3]  [>0]
PASS    inward lo alpha[4] = [+/- 1.42e-3]  [>0]
PASS    inward hi alpha[4] = [+/- 1.33e-3]  [>0]
PASS    inward lo alpha[5] = [0.001 +/- 5.08e-4]  [>0]
PASS    inward hi alpha[5] = [+/- 1.24e-3]  [>0]
PASS    inward lo alpha[6] = [0.001 +/- 5.96e-4]  [>0]
PASS    inward hi alpha[6] = [+/- 1.15e-3]  [>0]
PASS    inward lo alpha[7] = [0.001 +/- 6.85e-4]  [>0]
PASS    inward hi alpha[7] = [+/- 1.06e-3]  [>0]
PASS    G(alpha_lb) = [0.002 +/- 6.57e-4]  [>0]
PASS    G(alpha_ub) = [-0.002 +/- 6.55e-4]  [<0]
PASS    1 - amp-works = [+/- 0.529]  [>0]
PASS    lambda(z_hat) = [-0.2 +/- 0.0867]  [<0]
  -> PASS
slab 12: kappa [-0.024500, -0.024000]
PASS    1 - contraction (slab) = [0.05887973436662693651508 +/- 4.24e-24]  [>0]
PASS    inward lo alpha[0] = [+/- 1.07e-3]  [>0]
PASS    inward hi alpha[0] = [0.001 +/- 6.77e-4]  [>0]
PASS    inward lo alpha[1] = [+/- 1.16e-3]  [>0]
PASS    inward hi alpha[1] = [0.001 +/- 5.88e-4]  [>0]
PASS    inward lo alpha[2] = [+/- 1.25e-3]  [>0]
PASS    inward hi alpha[2] = [0.001 +/- 5.00e-4]  [>0]
PASS    inward lo alpha[3] = [+/- 1.34e-3]  [>0]
PASS    inward hi alpha[3] = [+/- 1.42e-3]  [>0]
PASS    inward lo alpha[4] = [+/- 1.42e-3]  [>0]
PASS    inward hi alpha[4] = [+/- 1.33e-3]  [>0]
PASS    inward lo alpha[5] = [0.001 +/- 5.08e-4]  [>0]
PASS    inward hi alpha[5] = [+/- 1.24e-3]  [>0]
PASS    inward lo alpha[6] = [0.001 +/- 5.96e-4]  [>0]
PASS    inward hi alpha[6] = [+/- 1.15e-3]  [>0]
PASS    inward lo alpha[7] = [0.001 +/- 6.85e-4]  [>0]
PASS    inward hi alpha[7] = [+/- 1.06e-3]  [>0]
PASS    G(alpha_lb) = [0.002 +/- 6.62e-4]  [>0]
PASS    G(alpha_ub) = [-0.002 +/- 6.60e-4]  [<0]
PASS    1 - amp-works = [+/- 0.529]  [>0]
PASS    lambda(z_hat) = [-0.2 +/- 0.0865]  [<0]
  -> PASS
slab 13: kappa [-0.026500, -0.026000]
PASS    1 - contraction (slab) = [0.05966120684246194545718 +/- 1.24e-24]  [>0]
PASS    inward lo alpha[0] = [+/- 1.07e-3]  [>0]
PASS    inward hi alpha[0] = [0.001 +/- 6.76e-4]  [>0]
PASS    inward lo alpha[1] = [+/- 1.16e-3]  [>0]
PASS    inward hi alpha[1] = [0.001 +/- 5.88e-4]  [>0]
PASS    inward lo alpha[2] = [+/- 1.25e-3]  [>0]
PASS    inward hi alpha[2] = [0.001 +/- 5.00e-4]  [>0]
PASS    inward lo alpha[3] = [+/- 1.34e-3]  [>0]
PASS    inward hi alpha[3] = [+/- 1.42e-3]  [>0]
PASS    inward lo alpha[4] = [+/- 1.42e-3]  [>0]
PASS    inward hi alpha[4] = [+/- 1.33e-3]  [>0]
PASS    inward lo alpha[5] = [0.001 +/- 5.08e-4]  [>0]
PASS    inward hi alpha[5] = [+/- 1.24e-3]  [>0]
PASS    inward lo alpha[6] = [0.001 +/- 5.96e-4]  [>0]
PASS    inward hi alpha[6] = [+/- 1.15e-3]  [>0]
PASS    inward lo alpha[7] = [0.001 +/- 6.84e-4]  [>0]
PASS    inward hi alpha[7] = [+/- 1.06e-3]  [>0]
PASS    G(alpha_lb) = [0.002 +/- 6.66e-4]  [>0]
PASS    G(alpha_ub) = [-0.002 +/- 6.64e-4]  [<0]
PASS    1 - amp-works = [+/- 0.529]  [>0]
PASS    lambda(z_hat) = [-0.2 +/- 0.0864]  [<0]
  -> PASS
slab 14: kappa [-0.028500, -0.028000]
PASS    1 - contraction (slab) = [0.06044161846717243953925 +/- 2.94e-24]  [>0]
PASS    inward lo alpha[0] = [+/- 1.07e-3]  [>0]
PASS    inward hi alpha[0] = [0.001 +/- 6.76e-4]  [>0]
PASS    inward lo alpha[1] = [+/- 1.16e-3]  [>0]
PASS    inward hi alpha[1] = [0.001 +/- 5.88e-4]  [>0]
PASS    inward lo alpha[2] = [+/- 1.25e-3]  [>0]
PASS    inward hi alpha[2] = [0.001 +/- 5.00e-4]  [>0]
PASS    inward lo alpha[3] = [+/- 1.34e-3]  [>0]
PASS    inward hi alpha[3] = [+/- 1.42e-3]  [>0]
PASS    inward lo alpha[4] = [+/- 1.42e-3]  [>0]
PASS    inward hi alpha[4] = [+/- 1.33e-3]  [>0]
PASS    inward lo alpha[5] = [0.001 +/- 5.08e-4]  [>0]
PASS    inward hi alpha[5] = [+/- 1.24e-3]  [>0]
PASS    inward lo alpha[6] = [0.001 +/- 5.96e-4]  [>0]
PASS    inward hi alpha[6] = [+/- 1.15e-3]  [>0]
PASS    inward lo alpha[7] = [0.001 +/- 6.84e-4]  [>0]
PASS    inward hi alpha[7] = [+/- 1.07e-3]  [>0]
PASS    G(alpha_lb) = [0.002 +/- 6.70e-4]  [>0]
PASS    G(alpha_ub) = [-0.002 +/- 6.68e-4]  [<0]
PASS    1 - amp-works = [+/- 0.529]  [>0]
PASS    lambda(z_hat) = [-0.2 +/- 0.0862]  [<0]
  -> PASS
slab 15: kappa [-0.030500, -0.030000]
PASS    1 - contraction (slab) = [0.06122103287951059470315 +/- 2.44e-24]  [>0]
PASS    inward lo alpha[0] = [+/- 1.07e-3]  [>0]
PASS    inward hi alpha[0] = [0.001 +/- 6.76e-4]  [>0]
PASS    inward lo alpha[1] = [+/- 1.16e-3]  [>0]
PASS    inward hi alpha[1] = [0.001 +/- 5.88e-4]  [>0]
PASS    inward lo alpha[2] = [+/- 1.25e-3]  [>0]
PASS    inward hi alpha[2] = [0.001 +/- 5.00e-4]  [>0]
PASS    inward lo alpha[3] = [+/- 1.34e-3]  [>0]
PASS    inward hi alpha[3] = [+/- 1.42e-3]  [>0]
PASS    inward lo alpha[4] = [+/- 1.42e-3]  [>0]
PASS    inward hi alpha[4] = [+/- 1.33e-3]  [>0]
PASS    inward lo alpha[5] = [0.001 +/- 5.08e-4]  [>0]
PASS    inward hi alpha[5] = [+/- 1.24e-3]  [>0]
PASS    inward lo alpha[6] = [0.001 +/- 5.96e-4]  [>0]
PASS    inward hi alpha[6] = [+/- 1.15e-3]  [>0]
PASS    inward lo alpha[7] = [0.001 +/- 6.84e-4]  [>0]
PASS    inward hi alpha[7] = [+/- 1.07e-3]  [>0]
PASS    G(alpha_lb) = [0.002 +/- 6.74e-4]  [>0]
PASS    G(alpha_ub) = [-0.002 +/- 6.73e-4]  [<0]
PASS    1 - amp-works = [+/- 0.529]  [>0]
PASS    lambda(z_hat) = [-0.2 +/- 0.0861]  [<0]
  -> PASS
slab 16: kappa [-0.032500, -0.032000]
PASS    1 - contraction (slab) = [0.06199939615728729929654 +/- 2.07e-24]  [>0]
PASS    inward lo alpha[0] = [+/- 1.07e-3]  [>0]
PASS    inward hi alpha[0] = [0.001 +/- 6.75e-4]  [>0]
PASS    inward lo alpha[1] = [+/- 1.16e-3]  [>0]
PASS    inward hi alpha[1] = [0.001 +/- 5.88e-4]  [>0]
PASS    inward lo alpha[2] = [+/- 1.25e-3]  [>0]
PASS    inward hi alpha[2] = [0.001 +/- 5.00e-4]  [>0]
PASS    inward lo alpha[3] = [+/- 1.34e-3]  [>0]
PASS    inward hi alpha[3] = [+/- 1.42e-3]  [>0]
PASS    inward lo alpha[4] = [+/- 1.42e-3]  [>0]
PASS    inward hi alpha[4] = [+/- 1.33e-3]  [>0]
PASS    inward lo alpha[5] = [0.001 +/- 5.08e-4]  [>0]
PASS    inward hi alpha[5] = [+/- 1.24e-3]  [>0]
PASS    inward lo alpha[6] = [0.001 +/- 5.96e-4]  [>0]
PASS    inward hi alpha[6] = [+/- 1.15e-3]  [>0]
PASS    inward lo alpha[7] = [0.001 +/- 6.83e-4]  [>0]
PASS    inward hi alpha[7] = [+/- 1.07e-3]  [>0]
PASS    G(alpha_lb) = [0.002 +/- 6.79e-4]  [>0]
PASS    G(alpha_ub) = [-0.002 +/- 6.77e-4]  [<0]
PASS    1 - amp-works = [+/- 0.529]  [>0]
PASS    lambda(z_hat) = [-0.2 +/- 0.0860]  [<0]
  -> PASS
slab 17: kappa [-0.034500, -0.034000]
PASS    1 - contraction (slab) = [0.062776719195531917599714 +/- 9.10e-25]  [>0]
PASS    inward lo alpha[0] = [+/- 1.07e-3]  [>0]
PASS    inward hi alpha[0] = [0.001 +/- 6.75e-4]  [>0]
PASS    inward lo alpha[1] = [+/- 1.16e-3]  [>0]
PASS    inward hi alpha[1] = [0.001 +/- 5.87e-4]  [>0]
PASS    inward lo alpha[2] = [+/- 1.25e-3]  [>0]
PASS    inward hi alpha[2] = [0.001 +/- 5.00e-4]  [>0]
PASS    inward lo alpha[3] = [+/- 1.34e-3]  [>0]
PASS    inward hi alpha[3] = [+/- 1.42e-3]  [>0]
PASS    inward lo alpha[4] = [+/- 1.42e-3]  [>0]
PASS    inward hi alpha[4] = [+/- 1.33e-3]  [>0]
PASS    inward lo alpha[5] = [0.001 +/- 5.08e-4]  [>0]
PASS    inward hi alpha[5] = [+/- 1.24e-3]  [>0]
PASS    inward lo alpha[6] = [0.001 +/- 5.95e-4]  [>0]
PASS    inward hi alpha[6] = [+/- 1.15e-3]  [>0]
PASS    inward lo alpha[7] = [0.001 +/- 6.83e-4]  [>0]
PASS    inward hi alpha[7] = [+/- 1.07e-3]  [>0]
PASS    G(alpha_lb) = [0.002 +/- 6.83e-4]  [>0]
PASS    G(alpha_ub) = [-0.002 +/- 6.81e-4]  [<0]
PASS    1 - amp-works = [+/- 0.529]  [>0]
PASS    lambda(z_hat) = [-0.2 +/- 0.0858]  [<0]
  -> PASS
slab 18: kappa [-0.036500, -0.036000]
PASS    1 - contraction (slab) = [0.06355301796201886021199 +/- 2.45e-24]  [>0]
PASS    inward lo alpha[0] = [+/- 1.07e-3]  [>0]
PASS    inward hi alpha[0] = [0.001 +/- 6.75e-4]  [>0]
PASS    inward lo alpha[1] = [+/- 1.16e-3]  [>0]
PASS    inward hi alpha[1] = [0.001 +/- 5.87e-4]  [>0]
PASS    inward lo alpha[2] = [+/- 1.25e-3]  [>0]
PASS    inward hi alpha[2] = [0.001 +/- 5.00e-4]  [>0]
PASS    inward lo alpha[3] = [+/- 1.34e-3]  [>0]
PASS    inward hi alpha[3] = [+/- 1.42e-3]  [>0]
PASS    inward lo alpha[4] = [+/- 1.42e-3]  [>0]
PASS    inward hi alpha[4] = [+/- 1.33e-3]  [>0]
PASS    inward lo alpha[5] = [0.001 +/- 5.08e-4]  [>0]
PASS    inward hi alpha[5] = [+/- 1.24e-3]  [>0]
PASS    inward lo alpha[6] = [0.001 +/- 5.95e-4]  [>0]
PASS    inward hi alpha[6] = [+/- 1.16e-3]  [>0]
PASS    inward lo alpha[7] = [0.001 +/- 6.83e-4]  [>0]
PASS    inward hi alpha[7] = [+/- 1.07e-3]  [>0]
PASS    G(alpha_lb) = [0.002 +/- 6.87e-4]  [>0]
PASS    G(alpha_ub) = [-0.002 +/- 6.85e-4]  [<0]
PASS    1 - amp-works = [+/- 0.530]  [>0]
PASS    lambda(z_hat) = [-0.2 +/- 0.0857]  [<0]
  -> PASS
slab 19: kappa [-0.038500, -0.038000]
PASS    1 - contraction (slab) = [0.06432831466542108506481 +/- 3.36e-24]  [>0]
PASS    inward lo alpha[0] = [+/- 1.07e-3]  [>0]
PASS    inward hi alpha[0] = [0.001 +/- 6.74e-4]  [>0]
PASS    inward lo alpha[1] = [+/- 1.16e-3]  [>0]
PASS    inward hi alpha[1] = [0.001 +/- 5.87e-4]  [>0]
PASS    inward lo alpha[2] = [+/- 1.25e-3]  [>0]
PASS    inward hi alpha[2] = [0.001 +/- 5.00e-4]  [>0]
PASS    inward lo alpha[3] = [+/- 1.34e-3]  [>0]
PASS    inward hi alpha[3] = [+/- 1.42e-3]  [>0]
PASS    inward lo alpha[4] = [+/- 1.42e-3]  [>0]
PASS    inward hi alpha[4] = [+/- 1.33e-3]  [>0]
PASS    inward lo alpha[5] = [0.001 +/- 5.08e-4]  [>0]
PASS    inward hi alpha[5] = [+/- 1.24e-3]  [>0]
PASS    inward lo alpha[6] = [0.001 +/- 5.95e-4]  [>0]
PASS    inward hi alpha[6] = [+/- 1.16e-3]  [>0]
PASS    inward lo alpha[7] = [0.001 +/- 6.82e-4]  [>0]
PASS    inward hi alpha[7] = [+/- 1.07e-3]  [>0]
PASS    G(alpha_lb) = [0.002 +/- 6.91e-4]  [>0]
PASS    G(alpha_ub) = [-0.002 +/- 6.89e-4]  [<0]
PASS    1 - amp-works = [+/- 0.530]  [>0]
PASS    lambda(z_hat) = [-0.2 +/- 0.0855]  [<0]
  -> PASS
slab 20: kappa [-0.040500, -0.040000]
PASS    1 - contraction (slab) = [0.065102541479092741383987 +/- 8.61e-25]  [>0]
PASS    inward lo alpha[0] = [+/- 1.08e-3]  [>0]
PASS    inward hi alpha[0] = [0.001 +/- 6.74e-4]  [>0]
PASS    inward lo alpha[1] = [+/- 1.16e-3]  [>0]
PASS    inward hi alpha[1] = [0.001 +/- 5.87e-4]  [>0]
PASS    inward lo alpha[2] = [+/- 1.25e-3]  [>0]
PASS    inward hi alpha[2] = [0.001 +/- 5.00e-4]  [>0]
PASS    inward lo alpha[3] = [+/- 1.34e-3]  [>0]
PASS    inward hi alpha[3] = [+/- 1.42e-3]  [>0]
PASS    inward lo alpha[4] = [+/- 1.42e-3]  [>0]
PASS    inward hi alpha[4] = [+/- 1.33e-3]  [>0]
PASS    inward lo alpha[5] = [0.001 +/- 5.08e-4]  [>0]
PASS    inward hi alpha[5] = [+/- 1.24e-3]  [>0]
PASS    inward lo alpha[6] = [0.001 +/- 5.95e-4]  [>0]
PASS    inward hi alpha[6] = [+/- 1.16e-3]  [>0]
PASS    inward lo alpha[7] = [0.001 +/- 6.82e-4]  [>0]
PASS    inward hi alpha[7] = [+/- 1.07e-3]  [>0]
PASS    G(alpha_lb) = [0.002 +/- 6.95e-4]  [>0]
PASS    G(alpha_ub) = [-0.002 +/- 6.94e-4]  [<0]
PASS    1 - amp-works = [+/- 0.530]  [>0]
PASS    lambda(z_hat) = [-0.2 +/- 0.0854]  [<0]
  -> PASS
slab 21: kappa [-0.042500, -0.042000]
PASS    1 - contraction (slab) = [0.06587578648624890791517 +/- 4.22e-24]  [>0]
PASS    inward lo alpha[0] = [+/- 1.08e-3]  [>0]
PASS    inward hi alpha[0] = [0.001 +/- 6.74e-4]  [>0]
PASS    inward lo alpha[1] = [+/- 1.16e-3]  [>0]
PASS    inward hi alpha[1] = [0.001 +/- 5.87e-4]  [>0]
PASS    inward lo alpha[2] = [+/- 1.25e-3]  [>0]
PASS    inward hi alpha[2] = [0.001 +/- 5.00e-4]  [>0]
PASS    inward lo alpha[3] = [+/- 1.34e-3]  [>0]
PASS    inward hi alpha[3] = [+/- 1.42e-3]  [>0]
PASS    inward lo alpha[4] = [+/- 1.43e-3]  [>0]
PASS    inward hi alpha[4] = [+/- 1.33e-3]  [>0]
PASS    inward lo alpha[5] = [0.001 +/- 5.08e-4]  [>0]
PASS    inward hi alpha[5] = [+/- 1.24e-3]  [>0]
PASS    inward lo alpha[6] = [0.001 +/- 5.95e-4]  [>0]
PASS    inward hi alpha[6] = [+/- 1.16e-3]  [>0]
PASS    inward lo alpha[7] = [0.001 +/- 6.82e-4]  [>0]
PASS    inward hi alpha[7] = [+/- 1.07e-3]  [>0]
PASS    G(alpha_lb) = [0.002 +/- 6.99e-4]  [>0]
PASS    G(alpha_ub) = [-0.002 +/- 6.98e-4]  [<0]
PASS    1 - amp-works = [+/- 0.530]  [>0]
PASS    lambda(z_hat) = [-0.2 +/- 0.0852]  [<0]
  -> PASS
slab 22: kappa [-0.044500, -0.044000]
PASS    1 - contraction (slab) = [0.066647961352802733549537 +/- 8.71e-25]  [>0]
PASS    inward lo alpha[0] = [+/- 1.08e-3]  [>0]
PASS    inward hi alpha[0] = [0.001 +/- 6.74e-4]  [>0]
PASS    inward lo alpha[1] = [+/- 1.16e-3]  [>0]
PASS    inward hi alpha[1] = [0.001 +/- 5.87e-4]  [>0]
PASS    inward lo alpha[2] = [+/- 1.25e-3]  [>0]
PASS    inward hi alpha[2] = [0.001 +/- 5.00e-4]  [>0]
PASS    inward lo alpha[3] = [+/- 1.34e-3]  [>0]
PASS    inward hi alpha[3] = [+/- 1.42e-3]  [>0]
PASS    inward lo alpha[4] = [+/- 1.43e-3]  [>0]
PASS    inward hi alpha[4] = [+/- 1.33e-3]  [>0]
PASS    inward lo alpha[5] = [0.001 +/- 5.08e-4]  [>0]
PASS    inward hi alpha[5] = [+/- 1.24e-3]  [>0]
PASS    inward lo alpha[6] = [0.001 +/- 5.95e-4]  [>0]
PASS    inward hi alpha[6] = [+/- 1.16e-3]  [>0]
PASS    inward lo alpha[7] = [0.001 +/- 6.82e-4]  [>0]
PASS    inward hi alpha[7] = [+/- 1.07e-3]  [>0]
PASS    G(alpha_lb) = [0.002 +/- 7.04e-4]  [>0]
PASS    G(alpha_ub) = [-0.002 +/- 7.02e-4]  [<0]
PASS    1 - amp-works = [+/- 0.530]  [>0]
PASS    lambda(z_hat) = [-0.2 +/- 0.0851]  [<0]
  -> PASS
slab 23: kappa [-0.046500, -0.046000]
PASS    1 - contraction (slab) = [0.06741918538948951811091 +/- 3.46e-24]  [>0]
PASS    inward lo alpha[0] = [+/- 1.08e-3]  [>0]
PASS    inward hi alpha[0] = [0.001 +/- 6.73e-4]  [>0]
PASS    inward lo alpha[1] = [+/- 1.16e-3]  [>0]
PASS    inward hi alpha[1] = [0.001 +/- 5.87e-4]  [>0]
PASS    inward lo alpha[2] = [+/- 1.25e-3]  [>0]
PASS    inward hi alpha[2] = [0.001 +/- 5.00e-4]  [>0]
PASS    inward lo alpha[3] = [+/- 1.34e-3]  [>0]
PASS    inward hi alpha[3] = [+/- 1.42e-3]  [>0]
PASS    inward lo alpha[4] = [+/- 1.43e-3]  [>0]
PASS    inward hi alpha[4] = [+/- 1.33e-3]  [>0]
PASS    inward lo alpha[5] = [0.001 +/- 5.08e-4]  [>0]
PASS    inward hi alpha[5] = [+/- 1.24e-3]  [>0]
PASS    inward lo alpha[6] = [0.001 +/- 5.94e-4]  [>0]
PASS    inward hi alpha[6] = [+/- 1.16e-3]  [>0]
PASS    inward lo alpha[7] = [0.001 +/- 6.81e-4]  [>0]
PASS    inward hi alpha[7] = [+/- 1.07e-3]  [>0]
PASS    G(alpha_lb) = [0.002 +/- 7.08e-4]  [>0]
PASS    G(alpha_ub) = [-0.002 +/- 7.06e-4]  [<0]
PASS    1 - amp-works = [+/- 0.530]  [>0]
PASS    lambda(z_hat) = [-0.2 +/- 0.0849]  [<0]
  -> PASS
slab 24: kappa [-0.048500, -0.048000]
PASS    1 - contraction (slab) = [0.06818934952370933372915 +/- 5.44e-24]  [>0]
PASS    inward lo alpha[0] = [+/- 1.08e-3]  [>0]
PASS    inward hi alpha[0] = [0.001 +/- 6.73e-4]  [>0]
PASS    inward lo alpha[1] = [+/- 1.17e-3]  [>0]
PASS    inward hi alpha[1] = [0.001 +/- 5.86e-4]  [>0]
PASS    inward lo alpha[2] = [+/- 1.25e-3]  [>0]
PASS    inward hi alpha[2] = [0.001 +/- 5.00e-4]  [>0]
PASS    inward lo alpha[3] = [+/- 1.34e-3]  [>0]
PASS    inward hi alpha[3] = [+/- 1.42e-3]  [>0]
PASS    inward lo alpha[4] = [+/- 1.43e-3]  [>0]
PASS    inward hi alpha[4] = [+/- 1.33e-3]  [>0]
PASS    inward lo alpha[5] = [0.001 +/- 5.08e-4]  [>0]
PASS    inward hi alpha[5] = [+/- 1.25e-3]  [>0]
PASS    inward lo alpha[6] = [0.001 +/- 5.94e-4]  [>0]
PASS    inward hi alpha[6] = [+/- 1.16e-3]  [>0]
PASS    inward lo alpha[7] = [0.001 +/- 6.81e-4]  [>0]
PASS    inward hi alpha[7] = [+/- 1.07e-3]  [>0]
PASS    G(alpha_lb) = [0.002 +/- 7.12e-4]  [>0]
PASS    G(alpha_ub) = [-0.002 +/- 7.10e-4]  [<0]
PASS    1 - amp-works = [+/- 0.530]  [>0]
PASS    lambda(z_hat) = [-0.2 +/- 0.0848]  [<0]
  -> PASS
global PASS; 25/25 slabs verified -> result_neg_0.json
