global checks over the batch hull:
PASS    R(rect) finite and positive = [3e+0 +/- 0.752]  [>0]
  -> PASS
slab 0: kappa [-0.002000, -0.001500]
PASS    1 - contraction (slab) = [0.05001637993926431856349 +/- 5.48e-24]  [>0]
PASS    inward lo alpha[0] = [+/- 1.06e-3]  [>0]
PASS    inward hi alpha[0] = [0.001 +/- 6.80e-4]  [>0]
PASS    inward lo alpha[1] = [+/- 1.15e-3]  [>0]
PASS    inward hi alpha[1] = [0.001 +/- 5.90e-4]  [>0]
PASS    inward lo alpha[2] = [+/- 1.24e-3]  [>0]
PASS    inward hi alpha[2] = [0.001 +/- 5.00e-4]  [>0]
PASS    inward lo alpha[3] = [+/- 1.33e-3]  [>0]
PASS    inward hi alpha[3] = [+/- 1.41e-3]  [>0]
PASS    inward lo alpha[4] = [+/- 1.42e-3]  [>0]
PASS    inward hi alpha[4] = [+/- 1.32e-3]  [>0]
PASS    inward lo alpha[5] = [0.001 +/- 5.08e-4]  [>0]
PASS    inward hi alpha[5] = [+/- 1.23e-3]  [>0]
PASS    inward lo alpha[6] = [0.001 +/- 5.98e-4]  [>0]
PASS    inward hi alpha[6] = [+/- 1.14e-3]  [>0]
PASS    inward lo alpha[7] = [0.001 +/- 6.88e-4]  [>0]
PASS    inward hi alpha[7] = [+/- 1.06e-3]  [>0]
PASS    G(alpha_lb) = [0.002 +/- 6.13e-4]  [>0]
PASS    G(alpha_ub) = [-0.002 +/- 6.11e-4]  [<0]
PASS    1 - amp-works = [+/- 0.528]  [>0]
PASS    lambda(z_hat) = [+/- 0.279]  [<0]
  -> PASS
slab 1: kappa [-0.004000, -0.003500]
PASS    1 - contraction (slab) = [0.050809618872919154592321 +/- 8.94e-25]  [>0]
PASS    inward lo alpha[0] = [+/- 1.06e-3]  [>0]
PASS    inward hi alpha[0] = [0.001 +/- 6.80e-4]  [>0]
PASS    inward lo alpha[1] = [+/- 1.15e-3]  [>0]
PASS    inward hi alpha[1] = [0.001 +/- 5.90e-4]  [>0]
PASS    inward lo alpha[2] = [+/- 1.24e-3]  [>0]
PASS    inward hi alpha[2] = [0.001 +/- 5.00e-4]  [>0]
PASS    inward lo alpha[3] = [+/- 1.33e-3]  [>0]
PASS    inward hi alpha[3] = [+/- 1.41e-3]  [>0]
PASS    inward lo alpha[4] = [+/- 1.42e-3]  [>0]
PASS    inward hi alpha[4] = [+/- 1.32e-3]  [>0]
PASS    inward lo alpha[5] = [0.001 +/- 5.08e-4]  [>0]
PASS    inward hi alpha[5] = [+/- 1.24e-3]  [>0]
PASS    inward lo alpha[6] = [0.001 +/- 5.98e-4]  [>0]
PASS    inward hi alpha[6] = [+/- 1.15e-3]  [>0]
PASS    inward lo alpha[7] = [0.001 +/- 6.88e-4]  [>0]
PASS    inward hi alpha[7] = [+/- 1.06e-3]  [>0]
PASS    G(alpha_lb) = [0.002 +/- 6.17e-4]  [>0]
PASS    G(alpha_ub) = [-0.002 +/- 6.15e-4]  [<0]
PASS    1 - amp-works = [+/- 0.528]  [>0]
PASS    lambda(z_hat) = [+/- 0.279]  [<0]
  -> PASS
slab 2: kappa [-0.006000, -0.005500]
PASS    1 - contraction (slab) = [0.05160179346378230798402 +/- 3.05e-24]  [>0]
PASS    inward lo alpha[0] = [+/- 1.06e-3]  [>0]
PASS    inward hi alpha[0] = [0.001 +/- 6.80e-4]  [>0]
PASS    inward lo alpha[1] = [+/- 1.15e-3]  [>0]
PASS    inward hi alpha[1] = [0.001 +/- 5.90e-4]  [>0]
PASS    inward lo alpha[2] = [+/- 1.24e-3]  [>0]
PASS    inward hi alpha[2] = [0.001 +/- 5.00e-4]  [>0]
PASS    inward lo alpha[3] = [+/- 1.33e-3]  [>0]
PASS    inward hi alpha[3] = [+/- 1.41e-3]  [>0]
PASS    inward lo alpha[4] = [+/- 1.42e-3]  [>0]
PASS    inward hi alpha[4] = [+/- 1.33e-3]  [>0]
PASS    inward lo alpha[5] = [0.001 +/- 5.08e-4]  [>0]
PASS    inward hi alpha[5] = [+/- 1.24e-3]  [>0]
PASS    inward lo alpha[6] = [0.001 +/- 5.98e-4]  [>0]
PASS    inward hi alpha[6] = [+/- 1.15e-3]  [>0]
PASS    inward lo alpha[7] = [0.001 +/- 6.88e-4]  [>0]
PASS    inward hi alpha[7] = [+/- 1.06e-3]  [>0]
PASS    G(alpha_lb) = [0.002 +/- 6.22e-4]  [>0]
PASS    G(alpha_ub) = [-0.002 +/- 6.20e-4]  [<0]
PASS    1 - amp-works = [+/- 0.528]  [>0]
PASS    lambda(z_hat) = [+/- 0.279]  [<0]
  -> PASS
slab 3: kappa [-0.008000, -0.007500]
PASS    1 - contraction (slab) = [0.05239291116761816844564 +/- 4.60e-24]  [>0]
PASS    inward lo alpha[0] = [+/- 1.06e-3]  [>0]
PASS    inward hi alpha[0] = [0.001 +/- 6.79e-4]  [>0]
PASS    inward lo alpha[1] = [+/- 1.15e-3]  [>0]
PASS    inward hi alpha[1] = [0.001 +/- 5.90e-4]  [>0]
PASS    inward lo alpha[2] = [+/- 1.24e-3]  [>0]
PASS    inward hi alpha[2] = [0.001 +/- 5.00e-4]  [>0]
PASS    inward lo alpha[3] = [+/- 1.33e-3]  [>0]
PASS    inward hi alpha[3] = [+/- 1.42e-3]  [>0]
PASS    inward lo alpha[4] = [+/- 1.42e-3]  [>0]
PASS    inward hi alpha[4] = [+/- 1.33e-3]  [>0]
PASS    inward lo alpha[5] = [0.001 +/- 5.08e-4]  [>0]
PASS    inward hi alpha[5] = [+/- 1.24e-3]  [>0]
PASS    inward lo alpha[6] = [0.001 +/- 5.98e-4]  [>0]
PASS    inward hi alpha[6] = [+/- 1.15e-3]  [>0]
PASS    inward lo alpha[7] = [0.001 +/- 6.87e-4]  [>0]
PASS    inward hi alpha[7] = [+/- 1.06e-3]  [>0]
PASS    G(alpha_lb) = [0.002 +/- 6.26e-4]  [>0]
PASS    G(alpha_ub) = [-0.002 +/- 6.24e-4]  [<0]
PASS    1 - amp-works = [+/- 0.529]  [>0]
PASS    lambda(z_hat) = [+/- 0.279]  [<0]
  -> PASS
slab 4: kappa [-0.010000, -0.009500]
PASS    1 - contraction (slab) = [0.05318300123904742140741 +/- 1.26e-24]  [>0]
PASS    inward lo alpha[0] = [+/- 1.06e-3]  [>0]
PASS    inward hi alpha[0] = [0.001 +/- 6.79e-4]  [>0]
PASS    inward lo alpha[1] = [+/- 1.15e-3]  [>0]
PASS    inward hi alpha[1] = [0.001 +/- 5.90e-4]  [>0]
PASS    inward lo alpha[2] = [+/- 1.24e-3]  [>0]
PASS    inward hi alpha[2] = [0.001 +/- 5.00e-4]  [>0]
PASS    inward lo alpha[3] = [+/- 1.33e-3]  [>0]
PASS    inward hi alpha[3] = [+/- 1.42e-3]  [>0]
PASS    inward lo alpha[4] = [+/- 1.42e-3]  [>0]
PASS    inward hi alpha[4] = [+/- 1.33e-3]  [>0]
PASS    inward lo alpha[5] = [0.001 +/- 5.08e-4]  [>0]
PASS    inward hi alpha[5] = [+/- 1.24e-3]  [>0]
PASS    inward lo alpha[6] = [0.001 +/- 5.97e-4]  [>0]
PASS    inward hi alpha[6] = [+/- 1.15e-3]  [>0]
PASS    inward lo alpha[7] = [0.001 +/- 6.87e-4]  [>0]
PASS    inward hi alpha[7] = [+/- 1.06e-3]  [>0]
PASS    G(alpha_lb) = [0.002 +/- 6.30e-4]  [>0]
PASS    G(alpha_ub) = [-0.002 +/- 6.28e-4]  [<0]
PASS    1 - amp-works = [+/- 0.529]  [>0]
PASS    lambda(z_hat) = [+/- 0.280]  [<0]
  -> PASS
slab 5: kappa [-0.012000, -0.011500]
PASS    1 - contraction (slab) = [0.053972021750161868681789 +/- 8.38e-25]  [>0]
PASS    inward lo alpha[0] = [+/- 1.06e-3]  [>0]
PASS    inward hi alpha[0] = [0.001 +/- 6.79e-4]  [>0]
PASS    inward lo alpha[1] = [+/- 1.15e-3]  [>0]
PASS    inward hi alpha[1] = [0.001 +/- 5.89e-4]  [>0]
PASS    inward lo alpha[2] = [+/- 1.24e-3]  [>0]
PASS    inward hi alpha[2] = [0.001 +/- 5.00e-4]  [>0]
PASS    inward lo alpha[3] = [+/- 1.33e-3]  [>0]
PASS    inward hi alpha[3] = [+/- 1.42e-3]  [>0]
PASS    inward lo alpha[4] = [+/- 1.42e-3]  [>0]
PASS    inward hi alpha[4] = [+/- 1.33e-3]  [>0]
PASS    inward lo alpha[5] = [0.001 +/- 5.08e-4]  [>0]
PASS    inward hi alpha[5] = [+/- 1.24e-3]  [>0]
PASS    inward lo alpha[6] = [0.001 +/- 5.97e-4]  [>0]
PASS    inward hi alpha[6] = [+/- 1.15e-3]  [>0]
PASS    inward lo alpha[7] = [0.001 +/- 6.87e-4]  [>0]
PASS    inward hi alpha[7] = [+/- 1.06e-3]  [>0]
PASS    G(alpha_lb) = [0.002 +/- 6.35e-4]  [>0]
PASS    G(alpha_ub) = [-0.002 +/- 6.33e-4]  [<0]
PASS    1 - amp-works = [+/- 0.529]  [>0]
PASS    lambda(z_hat) = [+/- 0.280]  [<0]
  -> PASS
slab 6: kappa [-0.014000, -0.013500]
PASS    1 - contraction (slab) = [0.05475999042864673231918 +/- 3.06e-24]  [>0]
PASS    inward lo alpha[0] = [+/- 1.06e-3]  [>0]
PASS    inward hi alpha[0] = [0.001 +/- 6.78e-4]  [>0]
PASS    inward lo alpha[1] = [+/- 1.15e-3]  [>0]
PASS    inward hi alpha[1] = [0.001 +/- 5.89e-4]  [>0]
PASS    inward lo alpha[2] = [+/- 1.24e-3]  [>0]
PASS    inward hi alpha[2] = [0.001 +/- 5.00e-4]  [>0]
PASS    inward lo alpha[3] = [+/- 1.33e-3]  [>0]
PASS    inward hi alpha[3] = [+/- 1.42e-3]  [>0]
PASS    inward lo alpha[4] = [+/- 1.42e-3]  [>0]
PASS    inward hi alpha[4] = [+/- 1.33e-3]  [>0]
PASS    inward lo alpha[5] = [0.001 +/- 5.08e-4]  [>0]
PASS    inward hi alpha[5] = [+/- 1.24e-3]  [>0]
PASS    inward lo alpha[6] = [0.001 +/- 5.97e-4]  [>0]
PASS    inward hi alpha[6] = [+/- 1.15e-3]  [>0]
PASS    inward lo alpha[7] = [0.001 +/- 6.86e-4]  [>0]
PASS    inward hi alpha[7] = [+/- 1.06e-3]  [>0]
PASS    G(alpha_lb) = [0.002 +/- 6.39e-4]  [>0]
PASS    G(alpha_ub) = [-0.002 +/- 6.37e-4]  [<0]
PASS    1 - amp-works = [+/- 0.529]  [>0]
PASS    lambda(z_hat) = [+/- 0.280]  [<0]
  -> PASS
slab 7: kappa [-0.016000, -0.015500]
PASS    1 - contraction (slab) = [0.055546921946399292734941 +/- 8.86e-25]  [>0]
PASS    inward lo alpha[0] = [+/- 1.07e-3]  [>0]
PASS    inward hi alpha[0] = [0.001 +/- 6.78e-4]  [>0]
PASS    inward lo alpha[1] = [+/- 1.16e-3]  [>0]
PASS    inward hi alpha[1] = [0.001 +/- 5.89e-4]  [>0]
PASS    inward lo alpha[2] = [+/- 1.24e-3]  [>0]
PASS    inward hi alpha[2] = [0.001 +/- 5.00e-4]  [>0]
PASS    inward lo alpha[3] = [+/- 1.33e-3]  [>0]
PASS    inward hi alpha[3] = [+/- 1.42e-3]  [>0]
PASS    inward lo alpha[4] = [+/- 1.42e-3]  [>0]
PASS    inward hi alpha[4] = [+/- 1.33e-3]  [>0]
PASS    inward lo alpha[5] = [0.001 +/- 5.08e-4]  [>0]
PASS    inward hi alpha[5] = [+/- 1.24e-3]  [>0]
PASS    inward lo alpha[6] = [0.001 +/- 5.97e-4]  [>0]
PASS    inward hi alpha[6] = [+/- 1.15e-3]  [>0]
PASS    inward lo alpha[7] = [0.001 +/- 6.86e-4]  [>0]
PASS    inward hi alpha[7] = [+/- 1.06e-3]  [>0]
PASS    G(alpha_lb) = [0.002 +/- 6.43e-4]  [>0]
PASS    G(alpha_ub) = [-0.002 +/- 6.41e-4]  [<0]
PASS    1 - amp-works = [+/- 0.529]  [>0]
PASS    lambda(z_hat) = [+/- 0.280]  [<0]
  -> PASS
slab 8: kappa [-0.018000, -0.017500]
PASS    1 - contraction (slab) = [0.05633280620341884293970 +/- 4.53e-24]  [>0]
PASS    inward lo alpha[0] = [+/- 1.07e-3]  [>0]
PASS    inward hi alpha[0] = [0.001 +/- 6.78e-4]  [>0]
PASS    inward lo alpha[1] = [+/- 1.16e-3]  [>0]
PASS    inward hi alpha[1] = [0.001 +/- 5.89e-4]  [>0]
PASS    inward lo alpha[2] = [+/- 1.24e-3]  [>0]
PASS    inward hi alpha[2] = [0.001 +/- 5.00e-4]  [>0]
PASS    inward lo alpha[3] = [+/- 1.33e-3]  [>0]
PASS    inward hi alpha[3] = [+/- 1.42e-3]  [>0]
PASS    inward lo alpha[4] = [+/- 1.42e-3]  [>0]
PASS    inward hi alpha[4] = [+/- 1.33e-3]  [>0]
PASS    inward lo alpha[5] = [0.001 +/- 5.08e-4]  [>0]
PASS    inward hi alpha[5] = [+/- 1.24e-3]  [>0]
PASS    inward lo alpha[6] = [0.001 +/- 5.97e-4]  [>0]
PASS    inward hi alpha[6] = [+/- 1.15e-3]  [>0]
PASS    inward lo alpha[7] = [0.001 +/- 6.86e-4]  [>0]
PASS    inward hi alpha[7] = [+/- 1.06e-3]  [>0]
PASS    G(alpha_lb) = [0.002 +/- 6.48e-4]  [>0]
PASS    G(alpha_ub) = [-0.002 +/- 6.46e-4]  [<0]
PASS    1 - amp-works = [+/- 0.529]  [>0]
PASS    lambda(z_hat) = [+/- 0.280]  [<0]
  -> PASS
slab 9: kappa [-0.020000, -0.019500]
PASS    1 - contraction (slab) = [0.05711764939427533112753 +/- 5.33e-24]  [>0]
PASS    inward lo alpha[0] = [+/- 1.07e-3]  [>0]
PASS    inward hi alpha[0] = [0.001 +/- 6.77e-4]  [>0]
PASS    inward lo alpha[1] = [+/- 1.16e-3]  [>0]
PASS    inward hi alpha[1] = [0.001 +/- 5.89e-4]  [>0]
PASS    inward lo alpha[2] = [+/- 1.25e-3]  [>0]
PASS    inward hi alpha[2] = [0.001 +/- 5.00e-4]  [>0]
PASS    inward lo alpha[3] = [+/- 1.33e-3]  [>0]
PASS    inward hi alpha[3] = [+/- 1.42e-3]  [>0]
PASS    inward lo alpha[4] = [+/- 1.42e-3]  [>0]
PASS    inward hi alpha[4] = [+/- 1.33e-3]  [>0]
PASS    inward lo alpha[5] = [0.001 +/- 5.08e-4]  [>0]
PASS    inward hi alpha[5] = [+/- 1.24e-3]  [>0]
PASS    inward lo alpha[6] = [0.001 +/- 5.97e-4]  [>0]
PASS    inward hi alpha[6] = [+/- 1.15e-3]  [>0]
PASS    inward lo alpha[7] = [0.001 +/- 6.85e-4]  [>0]
PASS    inward hi alpha[7] = [+/- 1.06e-3]  [>0]
PASS    G(alpha_lb) = [0.002 +/- 6.52e-4]  [>0]
PASS    G(alpha_ub) = [-0.002 +/- 6.50e-4]  [<0]
PASS    1 - amp-works = [+/- 0.529]  [>0]
PASS    lambda(z_hat) = [+/- 0.280]  [<0]
  -> PASS
slab 10: kappa [-0.022000, -0.021500]
PASS    1 - contraction (slab) = [0.05790145291958379151739 +/- 1.04e-24]  [>0]
PASS    inward lo alpha[0] = [+/- 1.07e-3]  [>0]
PASS    inward hi alpha[0] = [0.001 +/- 6.77e-4]  [>0]
PASS    inward lo alpha[1] = [+/- 1.16e-3]  [>0]
PASS    inward hi alpha[1] = [0.001 +/- 5.88e-4]  [>0]
PASS    inward lo alpha[2] = [+/- 1.25e-3]  [>0]
PASS    inward hi alpha[2] = [0.001 +/- 5.00e-4]  [>0]
PASS    inward lo alpha[3] = [+/- 1.33e-3]  [>0]
PASS    inward hi alpha[3] = [+/- 1.42e-3]  [>0]
PASS    inward lo alpha[4] = [+/- 1.42e-3]  [>0]
PASS    inward hi alpha[4] = [+/- 1.33e-3]  [>0]
PASS    inward lo alpha[5] = [0.001 +/- 5.08e-4]  [>0]
PASS    inward hi alpha[5] = [+/- 1.24e-3]  [>0]
PASS    inward lo alpha[6] = [0.001 +/- 5.96e-4]  [>0]
PASS    inward hi alpha[6] = [+/- 1.15e-3]  [>0]
PASS    inward lo alpha[7] = [0.001 +/- 6.85e-4]  [>0]
PASS    inward hi alpha[7] = [+/- 1.06e-3]  [>0]
PASS    G(alpha_lb) = [0.002 +/- 6.56e-4]  [>0]
PASS    G(alpha_ub) = [-0.002 +/- 6.54e-4]  [<0]
PASS    1 - amp-works = [+/- 0.529]  [>0]
PASS    lambda(z_hat) = [+/- 0.280]  [<0]
  -> PASS
slab 11: kappa [-0.024000, -0.023500]
PASS    1 - contraction (slab) = [0.05868422442947067702800 +/- 3.28e-24]  [>0]
PASS    inward lo alpha[0] = [+/- 1.07e-3]  [>0]
PASS    inward hi alpha[0] = [0.001 +/- 6.77e-4]  [>0]
PASS    inward lo alpha[1] = [+/- 1.16e-3]  [>0]
PASS    inward hi alpha[1] = [0.001 +/- 5.88e-4]  [>0]
PASS    inward lo alpha[2] = [+/- 1.25e-3]  [>0]
PASS    inward hi alpha[2] = [0.001 +/- 5.00e-4]  [>0]
PASS    inward lo alpha[3] = [+/- 1.33e-3]  [>0]
PASS    inward hi alpha[3] = [+/- 1.42e-3]  [>0]
PASS    inward lo alpha[4] = [+/- 1.42e-3]  [>0]
PASS    inward hi alpha[4] = [+/- 1.33e-3]  [>0]
PASS    inward lo alpha[5] = [0.001 +/- 5.08e-4]  [>0]
PASS    inward hi alpha[5] = [+/- 1.24e-3]  [>0]
PASS    inward lo alpha[6] = [0.001 +/- 5.96e-4]  [>0]
PASS    inward hi alpha[6] = [+/- 1.15e-3]  [>0]
PASS    inward lo alpha[7] = [0.001 +/- 6.85e-4]  [>0]
PASS    inward hi alpha[7] = [+/- 1.06e-3]  [>0]
PASS    G(alpha_lb) = [0.002 +/- 6.60e-4]  [>0]
PASS    G(alpha_ub) = [-0.002 +/- 6.59e-4]  [<0]
PASS    1 - amp-works = [+/- 0.530]  [>0]
PASS    lambda(z_hat) = [+/- 0.280]  [<0]
  -> PASS
slab 12: kappa [-0.026000, -0.025500]
PASS    1 - contraction (slab) = [0.05946593000899420634095 +/- 5.54e-24]  [>0]
PASS    inward lo alpha[0] = [+/- 1.07e-3]  [>0]
PASS    inward hi alpha[0] = [0.001 +/- 6.76e-4]  [>0]
PASS    inward lo alpha[1] = [+/- 1.16e-3]  [>0]
PASS    inward hi alpha[1] = [0.001 +/- 5.88e-4]  [>0]
PASS    inward lo alpha[2] = [+/- 1.25e-3]  [>0]
PASS    inward hi alpha[2] = [0.001 +/- 5.00e-4]  [>0]
PASS    inward lo alpha[3] = [+/- 1.34e-3]  [>0]
PASS    inward hi alpha[3] = [+/- 1.42e-3]  [>0]
PASS    inward lo alpha[4] = [+/- 1.42e-3]  [>0]
PASS    inward hi alpha[4] = [+/- 1.33e-3]  [>0]
PASS    inward lo alpha[5] = [0.001 +/- 5.08e-4]  [>0]
PASS    inward hi alpha[5] = [+/- 1.24e-3]  [>0]
PASS    inward lo alpha[6] = [0.001 +/- 5.96e-4]  [>0]
PASS    inward hi alpha[6] = [+/- 1.15e-3]  [>0]
PASS    inward lo alpha[7] = [0.001 +/- 6.84e-4]  [>0]
PASS    inward hi alpha[7] = [+/- 1.06e-3]  [>0]
PASS    G(alpha_lb) = [0.002 +/- 6.65e-4]  [>0]
PASS    G(alpha_ub) = [-0.002 +/- 6.63e-4]  [<0]
PASS    1 - amp-works = [+/- 0.530]  [>0]
PASS    lambda(z_hat) = [+/- 0.281]  [<0]
  -> PASS
slab 13: kappa [-0.028000, -0.027500]
PASS    1 - contraction (slab) = [0.06024662440907487215276 +/- 5.53e-24]  [>0]
PASS    inward lo alpha[0] = [+/- 1.07e-3]  [>0]
PASS    inward hi alpha[0] = [0.001 +/- 6.76e-4]  [>0]
PASS    inward lo alpha[1] = [+/- 1.16e-3]  [>0]
PASS    inward hi alpha[1] = [0.001 +/- 5.88e-4]  [>0]
PASS    inward lo alpha[2] = [+/- 1.25e-3]  [>0]
PASS    inward hi alpha[2] = [0.001 +/- 5.00e-4]  [>0]
PASS    inward lo alpha[3] = [+/- 1.34e-3]  [>0]
PASS    inward hi alpha[3] = [+/- 1.42e-3]  [>0]
PASS    inward lo alpha[4] = [+/- 1.42e-3]  [>0]
PASS    inward hi alpha[4] = [+/- 1.33e-3]  [>0]
PASS    inward lo alpha[5] = [0.001 +/- 5.08e-4]  [>0]
PASS    inward hi alpha[5] = [+/- 1.24e-3]  [>0]
PASS    inward lo alpha[6] = [0.001 +/- 5.96e-4]  [>0]
PASS    inward hi alpha[6] = [+/- 1.15e-3]  [>0]
PASS    inward lo alpha[7] = [0.001 +/- 6.84e-4]  [>0]
PASS    inward hi alpha[7] = [+/- 1.06e-3]  [>0]
PASS    G(alpha_lb) = [0.002 +/- 6.69e-4]  [>0]
PASS    G(alpha_ub) = [-0.002 +/- 6.67e-4]  [<0]
PASS    1 - amp-works = [+/- 0.530]  [>0]
PASS    lambda(z_hat) = [+/- 0.281]  [<0]
  -> PASS
slab 14: kappa [-0.030000, -0.029500]
PASS    1 - contraction (slab) = [0.06102625926269006392689 +/- 3.46e-24]  [>0]
PASS    inward lo alpha[0] = [+/- 1.07e-3]  [>0]
PASS    inward hi alpha[0] = [0.001 +/- 6.76e-4]  [>0]
PASS    inward lo alpha[1] = [+/- 1.16e-3]  [>0]
PASS    inward hi alpha[1] = [0.001 +/- 5.88e-4]  [>0]
PASS    inward lo alpha[2] = [+/- 1.25e-3]  [>0]
PASS    inward hi alpha[2] = [0.001 +/- 5.00e-4]  [>0]
PASS    inward lo alpha[3] = [+/- 1.34e-3]  [>0]
PASS    inward hi alpha[3] = [+/- 1.42e-3]  [>0]
PASS    inward lo alpha[4] = [+/- 1.42e-3]  [>0]
PASS    inward hi alpha[4] = [+/- 1.33e-3]  [>0]
PASS    inward lo alpha[5] = [0.001 +/- 5.08e-4]  [>0]
PASS    inward hi alpha[5] = [+/- 1.24e-3]  [>0]
PASS    inward lo alpha[6] = [0.001 +/- 5.96e-4]  [>0]
PASS    inward hi alpha[6] = [+/- 1.15e-3]  [>0]
PASS    inward lo alpha[7] = [0.001 +/- 6.84e-4]  [>0]
PASS    inward hi alpha[7] = [+/- 1.07e-3]  [>0]
PASS    G(alpha_lb) = [0.002 +/- 6.73e-4]  [>0]
PASS    G(alpha_ub) = [-0.002 +/- 6.71e-4]  [<0]
PASS    1 - amp-works = [+/- 0.530]  [>0]
PASS    lambda(z_hat) = [+/- 0.281]  [<0]
  -> PASS
slab 15: kappa [-0.032000, -0.031500]
PASS    1 - contraction (slab) = [0.06180488952634262166259 +/- 3.23e-24]  [>0]
PASS    inward lo alpha[0] = [+/- 1.07e-3]  [>0]
PASS    inward hi alpha[0] = [0.001 +/- 6.75e-4]  [>0]
PASS    inward lo alpha[1] = [+/- 1.16e-3]  [>0]
PASS    inward hi alpha[1] = [0.001 +/- 5.88e-4]  [>0]
PASS    inward lo alpha[2] = [+/- 1.25e-3]  [>0]
PASS    inward hi alpha[2] = [0.001 +/- 5.00e-4]  [>0]
PASS    inward lo alpha[3] = [+/- 1.34e-3]  [>0]
PASS    inward hi alpha[3] = [+/- 1.42e-3]  [>0]
PASS    inward lo alpha[4] = [+/- 1.42e-3]  [>0]
PASS    inward hi alpha[4] = [+/- 1.33e-3]  [>0]
PASS    inward lo alpha[5] = [0.001 +/- 5.08e-4]  [>0]
PASS    inward hi alpha[5] = [+/- 1.24e-3]  [>0]
PASS    inward lo alpha[6] = [0.001 +/- 5.96e-4]  [>0]
PASS    inward hi alpha[6] = [+/- 1.15e-3]  [>0]
PASS    inward lo alpha[7] = [0.001 +/- 6.83e-4]  [>0]
PASS    inward hi alpha[7] = [+/- 1.07e-3]  [>0]
PASS    G(alpha_lb) = [0.002 +/- 6.77e-4]  [>0]
PASS    G(alpha_ub) = [-0.002 +/- 6.76e-4]  [<0]
PASS    1 - amp-works = [+/- 0.530]  [>0]
PASS    lambda(z_hat) = [+/- 0.281]  [<0]
  -> PASS
slab 16: kappa [-0.034000, -0.033500]
PASS    1 - contraction (slab) = [0.062582461675719517734352 +/- 9.17e-25]  [>0]
PASS    inward lo alpha[0] = [+/- 1.07e-3]  [>0]
PASS    inward hi alpha[0] = [0.001 +/- 6.75e-4]  [>0]
PASS    inward lo alpha[1] = [+/- 1.16e-3]  [>0]
PASS    inward hi alpha[1] = [0.001 +/- 5.88e-4]  [>0]
PASS    inward lo alpha[2] = [+/- 1.25e-3]  [>0]
PASS    inward hi alpha[2] = [0.001 +/- 5.00e-4]  [>0]
PASS    inward lo alpha[3] = [+/- 1.34e-3]  [>0]
PASS    inward hi alpha[3] = [+/- 1.42e-3]  [>0]
PASS    inward lo alpha[4] = [+/- 1.42e-3]  [>0]
PASS    inward hi alpha[4] = [+/- 1.33e-3]  [>0]
PASS    inward lo alpha[5] = [0.001 +/- 5.08e-4]  [>0]
PASS    inward hi alpha[5] = [+/- 1.24e-3]  [>0]
PASS    inward lo alpha[6] = [0.001 +/- 5.95e-4]  [>0]
PASS    inward hi alpha[6] = [+/- 1.15e-3]  [>0]
PASS    inward lo alpha[7] = [0.001 +/- 6.83e-4]  [>0]
PASS    inward hi alpha[7] = [+/- 1.07e-3]  [>0]
PASS    G(alpha_lb) = [0.002 +/- 6.82e-4]  [>0]
PASS    G(alpha_ub) = [-0.002 +/- 6.80e-4]  [<0]
PASS    1 - amp-works = [+/- 0.530]  [>0]
PASS    lambda(z_hat) = [+/- 0.281]  [<0]
  -> PASS
slab 17: kappa [-0.036000, -0.035500]
PASS    1 - contraction (slab) = [0.06335904127853749284175 +/- 3.56e-24]  [>0]
PASS    inward lo alpha[0] = [+/- 1.07e-3]  [>0]
PASS    inward hi alpha[0] = [0.001 +/- 6.75e-4]  [>0]
PASS    inward lo alpha[1] = [+/- 1.16e-3]  [>0]
PASS    inward hi alpha[1] = [0.001 +/- 5.87e-4]  [>0]
PASS    inward lo alpha[2] = [+/- 1.25e-3]  [>0]
PASS    inward hi alpha[2] = [0.001 +/- 5.00e-4]  [>0]
PASS    inward lo alpha[3] = [+/- 1.34e-3]  [>0]
PASS    inward hi alpha[3] = [+/- 1.42e-3]  [>0]
PASS    inward lo alpha[4] = [+/- 1.42e-3]  [>0]
PASS    inward hi alpha[4] = [+/- 1.33e-3]  [>0]
PASS    inward lo alpha[5] = [0.001 +/- 5.08e-4]  [>0]
PASS    inward hi alpha[5] = [+/- 1.24e-3]  [>0]
PASS    inward lo alpha[6] = [0.001 +/- 5.95e-4]  [>0]
PASS    inward hi alpha[6] = [+/- 1.16e-3]  [>0]
PASS    inward lo alpha[7] = [0.001 +/- 6.83e-4]  [>0]
PASS    inward hi alpha[7] = [+/- 1.07e-3]  [>0]
PASS    G(alpha_lb) = [0.002 +/- 6.86e-4]  [>0]
PASS    G(alpha_ub) = [-0.002 +/- 6.84e-4]  [<0]
PASS    1 - amp-works = [+/- 0.530]  [>0]
PASS    lambda(z_hat) = [+/- 0.281]  [<0]
  -> PASS
slab 18: kappa [-0.038000, -0.037500]
PASS    1 - contraction (slab) = [0.06413456846092885902000 +/- 3.72e-24]  [>0]
PASS    inward lo alpha[0] = [+/- 1.07e-3]  [>0]
PASS    inward hi alpha[0] = [0.001 +/- 6.75e-4]  [>0]
PASS    inward lo alpha[1] = [+/- 1.16e-3]  [>0]
PASS    inward hi alpha[1] = [0.001 +/- 5.87e-4]  [>0]
PASS    inward lo alpha[2] = [+/- 1.25e-3]  [>0]
PASS    inward hi alpha[2] = [0.001 +/- 5.00e-4]  [>0]
PASS    inward lo alpha[3] = [+/- 1.34e-3]  [>0]
PASS    inward hi alpha[3] = [+/- 1.42e-3]  [>0]
PASS    inward lo alpha[4] = [+/- 1.42e-3]  [>0]
PASS    inward hi alpha[4] = [+/- 1.33e-3]  [>0]
PASS    inward lo alpha[5] = [0.001 +/- 5.08e-4]  [>0]
PASS    inward hi alpha[5] = [+/- 1.24e-3]  [>0]
PASS    inward lo alpha[6] = [0.001 +/- 5.95e-4]  [>0]
PASS    inward hi alpha[6] = [+/- 1.16e-3]  [>0]
PASS    inward lo alpha[7] = [0.001 +/- 6.82e-4]  [>0]
PASS    inward hi alpha[7] = [+/- 1.07e-3]  [>0]
PASS    G(alpha_lb) = [0.002 +/- 6.90e-4]  [>0]
PASS    G(alpha_ub) = [-0.002 +/- 6.88e-4]  [<0]
PASS    1 - amp-works = [+/- 0.531]  [>0]
PASS    lambda(z_hat) = [+/- 0.281]  [<0]
  -> PASS
slab 19: kappa [-0.040000, -0.039500]
PASS    1 - contraction (slab) = [0.06490906800646009557594 +/- 2.35e-24]  [>0]
PASS    inward lo alpha[0] = [+/- 1.07e-3]  [>0]
PASS    inward hi alpha[0] = [0.001 +/- 6.74e-4]  [>0]
PASS    inward lo alpha[1] = [+/- 1.16e-3]  [>0]
PASS    inward hi alpha[1] = [0.001 +/- 5.87e-4]  [>0]
PASS    inward lo alpha[2] = [+/- 1.25e-3]  [>0]
PASS    inward hi alpha[2] = [0.001 +/- 5.00e-4]  [>0]
PASS    inward lo alpha[3] = [+/- 1.34e-3]  [>0]
PASS    inward hi alpha[3] = [+/- 1.42e-3]  [>0]
PASS    inward lo alpha[4] = [+/- 1.42e-3]  [>0]
PASS    inward hi alpha[4] = [+/- 1.33e-3]  [>0]
PASS    inward lo alpha[5] = [0.001 +/- 5.08e-4]  [>0]
PASS    inward hi alpha[5] = [+/- 1.24e-3]  [>0]
PASS    inward lo alpha[6] = [0.001 +/- 5.95e-4]  [>0]
PASS    inward hi alpha[6] = [+/- 1.16e-3]  [>0]
PASS    inward lo alpha[7] = [0.001 +/- 6.82e-4]  [>0]
PASS    inward hi alpha[7] = [+/- 1.07e-3]  [>0]
PASS    G(alpha_lb) = [0.002 +/- 6.94e-4]  [>0]
PASS    G(alpha_ub) = [-0.002 +/- 6.93e-4]  [<0]
PASS    1 - amp-works = [+/- 0.531]  [>0]
PASS    lambda(z_hat) = [+/- 0.282]  [<0]
  -> PASS
slab 20: kappa [-0.042000, -0.041500]
PASS    1 - contraction (slab) = [0.06568256150714968444385 +/- 4.16e-24]  [>0]
PASS    inward lo alpha[0] = [+/- 1.08e-3]  [>0]
PASS    inward hi alpha[0] = [0.001 +/- 6.74e-4]  [>0]
PASS    inward lo alpha[1] = [+/- 1.16e-3]  [>0]
PASS    inward hi alpha[1] = [0.001 +/- 5.87e-4]  [>0]
PASS    inward lo alpha[2] = [+/- 1.25e-3]  [>0]
PASS    inward hi alpha[2] = [0.001 +/- 5.00e-4]  [>0]
PASS    inward lo alpha[3] = [+/- 1.34e-3]  [>0]
PASS    inward hi alpha[3] = [+/- 1.42e-3]  [>0]
PASS    inward lo alpha[4] = [+/- 1.42e-3]  [>0]
PASS    inward hi alpha[4] = [+/- 1.33e-3]  [>0]
PASS    inward lo alpha[5] = [0.001 +/- 5.08e-4]  [>0]
PASS    inward hi alpha[5] = [+/- 1.24e-3]  [>0]
PASS    inward lo alpha[6] = [0.001 +/- 5.95e-4]  [>0]
PASS    inward hi alpha[6] = [+/- 1.16e-3]  [>0]
PASS    inward lo alpha[7] = [0.001 +/- 6.82e-4]  [>0]
PASS    inward hi alpha[7] = [+/- 1.07e-3]  [>0]
PASS    G(alpha_lb) = [0.002 +/- 6.98e-4]  [>0]
PASS    G(alpha_ub) = [-0.002 +/- 6.97e-4]  [<0]
PASS    1 - amp-works = [+/- 0.531]  [>0]
PASS    lambda(z_hat) = [+/- 0.282]  [<0]
  -> PASS
slab 21: kappa [-0.044000, -0.043500]
PASS    1 - contraction (slab) = [0.06645503560848498830334 +/- 1.99e-24]  [>0]
PASS    inward lo alpha[0] = [+/- 1.08e-3]  [>0]
PASS    inward hi alpha[0] = [0.001 +/- 6.74e-4]  [>0]
PASS    inward lo alpha[1] = [+/- 1.16e-3]  [>0]
PASS    inward hi alpha[1] = [0.001 +/- 5.87e-4]  [>0]
PASS    inward lo alpha[2] = [+/- 1.25e-3]  [>0]
PASS    inward hi alpha[2] = [0.001 +/- 5.00e-4]  [>0]
PASS    inward lo alpha[3] = [+/- 1.34e-3]  [>0]
PASS    inward hi alpha[3] = [+/- 1.42e-3]  [>0]
PASS    inward lo alpha[4] = [+/- 1.43e-3]  [>0]
PASS    inward hi alpha[4] = [+/- 1.33e-3]  [>0]
PASS    inward lo alpha[5] = [0.001 +/- 5.08e-4]  [>0]
PASS    inward hi alpha[5] = [+/- 1.24e-3]  [>0]
PASS    inward lo alpha[6] = [0.001 +/- 5.95e-4]  [>0]
PASS    inward hi alpha[6] = [+/- 1.16e-3]  [>0]
PASS    inward lo alpha[7] = [0.001 +/- 6.82e-4]  [>0]
PASS    inward hi alpha[7] = [+/- 1.07e-3]  [>0]
PASS    G(alpha_lb) = [0.002 +/- 7.03e-4]  [>0]
PASS    G(alpha_ub) = [-0.002 +/- 7.01e-4]  [<0]
PASS    1 - amp-works = [+/- 0.531]  [>0]
PASS    lambda(z_hat) = [+/- 0.282]  [<0]
  -> PASS
slab 22: kappa [-0.046000, -0.045500]
PASS    1 - contraction (slab) = [0.067226445778793224586272 +/- 8.42e-25]  [>0]
PASS    inward lo alpha[0] = [+/- 1.08e-3]  [>0]
PASS    inward hi alpha[0] = [0.001 +/- 6.73e-4]  [>0]
PASS    inward lo alpha[1] = [+/- 1.16e-3]  [>0]
PASS    inward hi alpha[1] = [0.001 +/- 5.87e-4]  [>0]
PASS    inward lo alpha[2] = [+/- 1.25e-3]  [>0]
PASS    inward hi alpha[2] = [0.001 +/- 5.00e-4]  [>0]
PASS    inward lo alpha[3] = [+/- 1.34e-3]  [>0]
PASS    inward hi alpha[3] = [+/- 1.42e-3]  [>0]
PASS    inward lo alpha[4] = [+/- 1.43e-3]  [>0]
PASS    inward hi alpha[4] = [+/- 1.33e-3]  [>0]
PASS    inward lo alpha[5] = [0.001 +/- 5.08e-4]  [>0]
PASS    inward hi alpha[5] = [+/- 1.24e-3]  [>0]
PASS    inward lo alpha[6] = [0.001 +/- 5.95e-4]  [>0]
PASS    inward hi alpha[6] = [+/- 1.16e-3]  [>0]
PASS    inward lo alpha[7] = [0.001 +/- 6.81e-4]  [>0]
PASS    inward hi alpha[7] = [+/- 1.07e-3]  [>0]
PASS    G(alpha_lb) = [0.002 +/- 7.07e-4]  [>0]
PASS    G(alpha_ub) = [-0.002 +/- 7.05e-4]  [<0]
PASS    1 - amp-works = [+/- 0.531]  [>0]
PASS    lambda(z_hat) = [+/- 0.282]  [<0]
  -> PASS
slab 23: kappa [-0.048000, -0.047500]
PASS    1 - contraction (slab) = [0.06799688884813907832818 +/- 5.41e-24]  [>0]
PASS    inward lo alpha[0] = [+/- 1.08e-3]  [>0]
PASS    inward hi alpha[0] = [0.001 +/- 6.73e-4]  [>0]
PASS    inward lo alpha[1] = [+/- 1.17e-3]  [>0]
PASS    inward hi alpha[1] = [0.001 +/- 5.86e-4]  [>0]
PASS    inward lo alpha[2] = [+/- 1.25e-3]  [>0]
PASS    inward hi alpha[2] = [0.001 +/- 5.00e-4]  [>0]
PASS    inward lo alpha[3] = [+/- 1.34e-3]  [>0]
PASS    inward hi alpha[3] = [+/- 1.42e-3]  [>0]
PASS    inward lo alpha[4] = [+/- 1.43e-3]  [>0]
PASS    inward hi alpha[4] = [+/- 1.33e-3]  [>0]
PASS    inward lo alpha[5] = [0.001 +/- 5.08e-4]  [>0]
PASS    inward hi alpha[5] = [+/- 1.25e-3]  [>0]
PASS    inward lo alpha[6] = [0.001 +/- 5.94e-4]  [>0]
PASS    inward hi alpha[6] = [+/- 1.16e-3]  [>0]
PASS    inward lo alpha[7] = [0.001 +/- 6.81e-4]  [>0]
PASS    inward hi alpha[7] = [+/- 1.07e-3]  [>0]
PASS    G(alpha_lb) = [0.002 +/- 7.11e-4]  [>0]
PASS    G(alpha_ub) = [-0.002 +/- 7.09e-4]  [<0]
PASS    1 - amp-works = [+/- 0.531]  [>0]
PASS    lambda(z_hat) = [+/- 0.282]  [<0]
  -> PASS
slab 24: kappa [-0.050000, -0.049500]
PASS    1 - contraction (slab) = [0.06876632299777834781598 +/- 4.41e-24]  [>0]
PASS    inward lo alpha[0] = [+/- 1.08e-3]  [>0]
PASS    inward hi alpha[0] = [0.001 +/- 6.73e-4]  [>0]
PASS    inward lo alpha[1] = [+/- 1.17e-3]  [>0]
PASS    inward hi alpha[1] = [0.001 +/- 5.86e-4]  [>0]
PASS    inward lo alpha[2] = [+/- 1.25e-3]  [>0]
PASS    inward hi alpha[2] = [0.001 +/- 5.00e-4]  [>0]
PASS    inward lo alpha[3] = [+/- 1.34e-3]  [>0]
PASS    inward hi alpha[3] = [+/- 1.42e-3]  [>0]
PASS    inward lo alpha[4] = [+/- 1.43e-3]  [>0]
PASS    inward hi alpha[4] = [+/- 1.33e-3]  [>0]
PASS    inward lo alpha[5] = [0.001 +/- 5.08e-4]  [>0]
PASS    inward hi alpha[5] = [+/- 1.25e-3]  [>0]
PASS    inward lo alpha[6] = [0.001 +/- 5.94e-4]  [>0]
PASS    inward hi alpha[6] = [+/- 1.16e-3]  [>0]
PASS    inward lo alpha[7] = [0.001 +/- 6.81e-4]  [>0]
PASS    inward hi alpha[7] = [+/- 1.07e-3]  [>0]
PASS    G(alpha_lb) = [0.002 +/- 7.15e-4]  [>0]
PASS    G(alpha_ub) = [-0.002 +/- 7.13e-4]  [<0]
PASS    1 - amp-works = [+/- 0.531]  [>0]
PASS    lambda(z_hat) = [+/- 0.282]  [<0]
  -> PASS
global PASS; 25/25 slabs verified -> result_neg_3.json
