global checks over the batch hull:
PASS    R(rect) finite and positive = [3e+0 +/- 0.637]  [>0]
  -> PASS
slab 0: kappa [0.001500, 0.002000]
PASS    1 - contraction (slab) = [0.04862562587668450610719 +/- 5.01e-24]  [>0]
PASS    inward lo alpha[0] = [+/- 1.06e-3]  [>0]
PASS    inward hi alpha[0] = [0.001 +/- 6.81e-4]  [>0]
PASS    inward lo alpha[1] = [+/- 1.15e-3]  [>0]
PASS    inward hi alpha[1] = [0.001 +/- 5.91e-4]  [>0]
PASS    inward lo alpha[2] = [+/- 1.24e-3]  [>0]
PASS    inward hi alpha[2] = [0.001 +/- 5.00e-4]  [>0]
PASS    inward lo alpha[3] = [+/- 1.33e-3]  [>0]
PASS    inward hi alpha[3] = [+/- 1.41e-3]  [>0]
PASS    inward lo alpha[4] = [+/- 1.42e-3]  [>0]
PASS    inward hi alpha[4] = [+/- 1.32e-3]  [>0]
PASS    inward lo alpha[5] = [0.001 +/- 5.08e-4]  [>0]
PASS    inward hi alpha[5] = [+/- 1.23e-3]  [>0]
PASS    inward lo alpha[6] = [0.001 +/- 5.98e-4]  [>0]
PASS    inward hi alpha[6] = [+/- 1.14e-3]  [>0]
PASS    inward lo alpha[7] = [0.001 +/- 6.89e-4]  [>0]
PASS    inward hi alpha[7] = [+/- 1.05e-3]  [>0]
PASS    G(alpha_lb) = [0.002 +/- 6.05e-4]  [>0]
PASS    G(alpha_ub) = [-0.002 +/- 6.03e-4]  [<0]
PASS    1 - amp-works = [+/- 0.538]  [>0]
PASS    lambda(z_hat) = [+/- 0.290]  [<0]
  -> PASS
slab 1: kappa [0.003500, 0.004000]
PASS    1 - contraction (slab) = [0.04782946414224288613881 +/- 1.65e-24]  [>0]
PASS    inward lo alpha[0] = [+/- 1.06e-3]  [>0]
PASS    inward hi alpha[0] = [0.001 +/- 6.81e-4]  [>0]
PASS    inward lo alpha[1] = [+/- 1.15e-3]  [>0]
PASS    inward hi alpha[1] = [0.001 +/- 5.91e-4]  [>0]
PASS    inward lo alpha[2] = [+/- 1.24e-3]  [>0]
PASS    inward hi alpha[2] = [0.001 +/- 5.00e-4]  [>0]
PASS    inward lo alpha[3] = [+/- 1.33e-3]  [>0]
PASS    inward hi alpha[3] = [+/- 1.41e-3]  [>0]
PASS    inward lo alpha[4] = [+/- 1.42e-3]  [>0]
PASS    inward hi alpha[4] = [+/- 1.32e-3]  [>0]
PASS    inward lo alpha[5] = [0.001 +/- 5.08e-4]  [>0]
PASS    inward hi alpha[5] = [+/- 1.23e-3]  [>0]
PASS    inward lo alpha[6] = [0.001 +/- 5.99e-4]  [>0]
PASS    inward hi alpha[6] = [+/- 1.14e-3]  [>0]
PASS    inward lo alpha[7] = [0.001 +/- 6.89e-4]  [>0]
PASS    inward hi alpha[7] = [+/- 1.05e-3]  [>0]
PASS    G(alpha_lb) = [0.002 +/- 6.01e-4]  [>0]
PASS    G(alpha_ub) = [-0.002 +/- 5.99e-4]  [<0]
PASS    1 - amp-works = [+/- 0.538]  [>0]
PASS    lambda(z_hat) = [+/- 0.290]  [<0]
  -> PASS
slab 2: kappa [0.005500, 0.006000]
PASS    1 - contraction (slab) = [0.04703224829178596694845 +/- 3.14e-24]  [>0]
PASS    inward lo alpha[0] = [+/- 1.06e-3]  [>0]
PASS    inward hi alpha[0] = [0.001 +/- 6.82e-4]  [>0]
PASS    inward lo alpha[1] = [+/- 1.15e-3]  [>0]
PASS    inward hi alpha[1] = [0.001 +/- 5.91e-4]  [>0]
PASS    inward lo alpha[2] = [+/- 1.24e-3]  [>0]
PASS    inward hi alpha[2] = [0.001 +/- 5.00e-4]  [>0]
PASS    inward lo alpha[3] = [+/- 1.33e-3]  [>0]
PASS    inward hi alpha[3] = [+/- 1.41e-3]  [>0]
PASS    inward lo alpha[4] = [+/- 1.42e-3]  [>0]
PASS    inward hi alpha[4] = [+/- 1.32e-3]  [>0]
PASS    inward lo alpha[5] = [0.001 +/- 5.08e-4]  [>0]
PASS    inward hi alpha[5] = [+/- 1.23e-3]  [>0]
PASS    inward lo alpha[6] = [0.001 +/- 5.99e-4]  [>0]
PASS    inward hi alpha[6] = [+/- 1.14e-3]  [>0]
PASS    inward lo alpha[7] = [0.001 +/- 6.90e-4]  [>0]
PASS    inward hi alpha[7] = [+/- 1.05e-3]  [>0]
PASS    G(alpha_lb) = [0.002 +/- 5.96e-4]  [>0]
PASS    G(alpha_ub) = [-0.002 +/- 5.94e-4]  [<0]
PASS    1 - amp-works = [+/- 0.538]  [>0]
PASS    lambda(z_hat) = [+/- 0.290]  [<0]
  -> PASS
slab 3: kappa [0.007500, 0.008000]
PASS    1 - contraction (slab) = [0.04623399236649768967640 +/- 5.66e-24]  [>0]
PASS    inward lo alpha[0] = [+/- 1.06e-3]  [>0]
PASS    inward hi alpha[0] = [0.001 +/- 6.82e-4]  [>0]
PASS    inward lo alpha[1] = [+/- 1.15e-3]  [>0]
PASS    inward hi alpha[1] = [0.001 +/- 5.91e-4]  [>0]
PASS    inward lo alpha[2] = [+/- 1.24e-3]  [>0]
PASS    inward hi alpha[2] = [0.001 +/- 5.00e-4]  [>0]
PASS    inward lo alpha[3] = [+/- 1.33e-3]  [>0]
PASS    inward hi alpha[3] = [+/- 1.41e-3]  [>0]
PASS    inward lo alpha[4] = [+/- 1.42e-3]  [>0]
PASS    inward hi alpha[4] = [+/- 1.32e-3]  [>0]
PASS    inward lo alpha[5] = [0.001 +/- 5.08e-4]  [>0]
PASS    inward hi alpha[5] = [+/- 1.23e-3]  [>0]
PASS    inward lo alpha[6] = [0.001 +/- 5.99e-4]  [>0]
PASS    inward hi alpha[6] = [+/- 1.14e-3]  [>0]
PASS    inward lo alpha[7] = [0.001 +/- 6.90e-4]  [>0]
PASS    inward hi alpha[7] = [+/- 1.05e-3]  [>0]
PASS    G(alpha_lb) = [0.002 +/- 5.92e-4]  [>0]
PASS    G(alpha_ub) = [-0.002 +/- 5.90e-4]  [<0]
PASS    1 - amp-works = [+/- 0.538]  [>0]
PASS    lambda(z_hat) = [+/- 0.290]  [<0]
  -> PASS
slab 4: kappa [0.009500, 0.010000]
PASS    1 - contraction (slab) = [0.04543461558811811001357 +/- 3.64e-24]  [>0]
PASS    inward lo alpha[0] = [+/- 1.06e-3]  [>0]
PASS    inward hi alpha[0] = [0.001 +/- 6.82e-4]  [>0]
PASS    inward lo alpha[1] = [+/- 1.15e-3]  [>0]
PASS    inward hi alpha[1] = [0.001 +/- 5.91e-4]  [>0]
PASS    inward lo alpha[2] = [+/- 1.24e-3]  [>0]
PASS    inward hi alpha[2] = [0.001 +/- 5.00e-4]  [>0]
PASS    inward lo alpha[3] = [+/- 1.33e-3]  [>0]
PASS    inward hi alpha[3] = [+/- 1.41e-3]  [>0]
PASS    inward lo alpha[4] = [+/- 1.42e-3]  [>0]
PASS    inward hi alpha[4] = [+/- 1.32e-3]  [>0]
PASS    inward lo alpha[5] = [0.001 +/- 5.08e-4]  [>0]
PASS    inward hi alpha[5] = [+/- 1.23e-3]  [>0]
PASS    inward lo alpha[6] = [0.001 +/- 5.99e-4]  [>0]
PASS    inward hi alpha[6] = [+/- 1.14e-3]  [>0]
PASS    inward lo alpha[7] = [0.001 +/- 6.90e-4]  [>0]
PASS    inward hi alpha[7] = [+/- 1.05e-3]  [>0]
PASS    G(alpha_lb) = [0.002 +/- 5.87e-4]  [>0]
PASS    G(alpha_ub) = [-0.002 +/- 5.85e-4]  [<0]
PASS    1 - amp-works = [+/- 0.538]  [>0]
PASS    lambda(z_hat) = [+/- 0.290]  [<0]
  -> PASS
slab 5: kappa [0.011500, 0.012000]
PASS    1 - contraction (slab) = [0.04463416077005897216782 +/- 4.04e-24]  [>0]
PASS    inward lo alpha[0] = [+/- 1.06e-3]  [>0]
PASS    inward hi alpha[0] = [0.001 +/- 6.83e-4]  [>0]
PASS    inward lo alpha[1] = [+/- 1.15e-3]  [>0]
PASS    inward hi alpha[1] = [0.001 +/- 5.92e-4]  [>0]
PASS    inward lo alpha[2] = [+/- 1.24e-3]  [>0]
PASS    inward hi alpha[2] = [0.001 +/- 5.00e-4]  [>0]
PASS    inward lo alpha[3] = [+/- 1.33e-3]  [>0]
PASS    inward hi alpha[3] = [+/- 1.41e-3]  [>0]
PASS    inward lo alpha[4] = [+/- 1.42e-3]  [>0]
PASS    inward hi alpha[4] = [+/- 1.32e-3]  [>0]
PASS    inward lo alpha[5] = [0.001 +/- 5.08e-4]  [>0]
PASS    inward hi alpha[5] = [+/- 1.23e-3]  [>0]
PASS    inward lo alpha[6] = [0.001 +/- 5.99e-4]  [>0]
PASS    inward hi alpha[6] = [+/- 1.14e-3]  [>0]
PASS    inward lo alpha[7] = [0.001 +/- 6.91e-4]  [>0]
PASS    inward hi alpha[7] = [+/- 1.05e-3]  [>0]
PASS    G(alpha_lb) = [0.002 +/- 5.83e-4]  [>0]
PASS    G(alpha_ub) = [-0.002 +/- 5.81e-4]  [<0]
PASS    1 - amp-works = [+/- 0.538]  [>0]
PASS    lambda(z_hat) = [+/- 0.290]  [<0]
  -> PASS
slab 6: kappa [0.013500, 0.014000]
PASS    1 - contraction (slab) = [0.043832676562283041792840 +/- 9.06e-25]  [>0]
PASS    inward lo alpha[0] = [+/- 1.05e-3]  [>0]
PASS    inward hi alpha[0] = [0.001 +/- 6.83e-4]  [>0]
PASS    inward lo alpha[1] = [+/- 1.15e-3]  [>0]
PASS    inward hi alpha[1] = [0.001 +/- 5.92e-4]  [>0]
PASS    inward lo alpha[2] = [+/- 1.24e-3]  [>0]
PASS    inward hi alpha[2] = [0.001 +/- 5.00e-4]  [>0]
PASS    inward lo alpha[3] = [+/- 1.33e-3]  [>0]
PASS    inward hi alpha[3] = [+/- 1.41e-3]  [>0]
PASS    inward lo alpha[4] = [+/- 1.42e-3]  [>0]
PASS    inward hi alpha[4] = [+/- 1.32e-3]  [>0]
PASS    inward lo alpha[5] = [0.001 +/- 5.08e-4]  [>0]
PASS    inward hi alpha[5] = [+/- 1.23e-3]  [>0]
PASS    inward lo alpha[6] = [0.001 +/- 6.00e-4]  [>0]
PASS    inward hi alpha[6] = [+/- 1.14e-3]  [>0]
PASS    inward lo alpha[7] = [0.001 +/- 6.91e-4]  [>0]
PASS    inward hi alpha[7] = [+/- 1.05e-3]  [>0]
PASS    G(alpha_lb) = [0.002 +/- 5.78e-4]  [>0]
PASS    G(alpha_ub) = [-0.002 +/- 5.76e-4]  [<0]
PASS    1 - amp-works = [+/- 0.538]  [>0]
PASS    lambda(z_hat) = [+/- 0.290]  [<0]
  -> PASS
slab 7: kappa [0.015500, 0.016000]
PASS    1 - contraction (slab) = [0.04303010747931507170572 +/- 2.69e-24]  [>0]
PASS    inward lo alpha[0] = [+/- 1.05e-3]  [>0]
PASS    inward hi alpha[0] = [0.001 +/- 6.83e-4]  [>0]
PASS    inward lo alpha[1] = [+/- 1.15e-3]  [>0]
PASS    inward hi alpha[1] = [0.001 +/- 5.92e-4]  [>0]
PASS    inward lo alpha[2] = [+/- 1.24e-3]  [>0]
PASS    inward hi alpha[2] = [0.001 +/- 5.00e-4]  [>0]
PASS    inward lo alpha[3] = [+/- 1.33e-3]  [>0]
PASS    inward hi alpha[3] = [+/- 1.41e-3]  [>0]
PASS    inward lo alpha[4] = [+/- 1.42e-3]  [>0]
PASS    inward hi alpha[4] = [+/- 1.32e-3]  [>0]
PASS    inward lo alpha[5] = [0.001 +/- 5.08e-4]  [>0]
PASS    inward hi alpha[5] = [+/- 1.23e-3]  [>0]
PASS    inward lo alpha[6] = [0.001 +/- 6.00e-4]  [>0]
PASS    inward hi alpha[6] = [+/- 1.14e-3]  [>0]
PASS    inward lo alpha[7] = [0.001 +/- 6.91e-4]  [>0]
PASS    inward hi alpha[7] = [+/- 1.05e-3]  [>0]
PASS    G(alpha_lb) = [0.002 +/- 5.74e-4]  [>0]
PASS    G(alpha_ub) = [-0.002 +/- 5.72e-4]  [<0]
PASS    1 - amp-works = [+/- 0.538]  [>0]
PASS    lambda(z_hat) = [+/- 0.289]  [<0]
  -> PASS
slab 8: kappa [0.017500, 0.018000]
PASS    1 - contraction (slab) = [0.04222645353009285816300 +/- 3.54e-24]  [>0]
PASS    inward lo alpha[0] = [+/- 1.05e-3]  [>0]
PASS    inward hi alpha[0] = [0.001 +/- 6.84e-4]  [>0]
PASS    inward lo alpha[1] = [+/- 1.14e-3]  [>0]
PASS    inward hi alpha[1] = [0.001 +/- 5.92e-4]  [>0]
PASS    inward lo alpha[2] = [+/- 1.24e-3]  [>0]
PASS    inward hi alpha[2] = [0.001 +/- 5.00e-4]  [>0]
PASS    inward lo alpha[3] = [+/- 1.33e-3]  [>0]
PASS    inward hi alpha[3] = [+/- 1.41e-3]  [>0]
PASS    inward lo alpha[4] = [+/- 1.42e-3]  [>0]
PASS    inward hi alpha[4] = [+/- 1.32e-3]  [>0]
PASS    inward lo alpha[5] = [0.001 +/- 5.08e-4]  [>0]
PASS    inward hi alpha[5] = [+/- 1.23e-3]  [>0]
PASS    inward lo alpha[6] = [0.001 +/- 6.00e-4]  [>0]
PASS    inward hi alpha[6] = [+/- 1.14e-3]  [>0]
PASS    inward lo alpha[7] = [0.001 +/- 6.92e-4]  [>0]
PASS    inward hi alpha[7] = [+/- 1.05e-3]  [>0]
PASS    G(alpha_lb) = [0.002 +/- 5.69e-4]  [>0]
PASS    G(alpha_ub) = [-0.002 +/- 5.67e-4]  [<0]
PASS    1 - amp-works = [+/- 0.537]  [>0]
PASS    lambda(z_hat) = [+/- 0.289]  [<0]
  -> PASS
slab 9: kappa [0.019500, 0.020000]
PASS    1 - contraction (slab) = [0.04142172225279674796437 +/- 5.39e-24]  [>0]
PASS    inward lo alpha[0] = [+/- 1.05e-3]  [>0]
PASS    inward hi alpha[0] = [0.001 +/- 6.84e-4]  [>0]
PASS    inward lo alpha[1] = [+/- 1.14e-3]  [>0]
PASS    inward hi alpha[1] = [0.001 +/- 5.92e-4]  [>0]
PASS    inward lo alpha[2] = [+/- 1.24e-3]  [>0]
PASS    inward hi alpha[2] = [0.001 +/- 5.01e-4]  [>0]
PASS    inward lo alpha[3] = [+/- 1.33e-3]  [>0]
PASS    inward hi alpha[3] = [+/- 1.41e-3]  [>0]
PASS    inward lo alpha[4] = [+/- 1.42e-3]  [>0]
PASS    inward hi alpha[4] = [+/- 1.32e-3]  [>0]
PASS    inward lo alpha[5] = [0.001 +/- 5.08e-4]  [>0]
PASS    inward hi alpha[5] = [+/- 1.23e-3]  [>0]
PASS    inward lo alpha[6] = [0.001 +/- 6.00e-4]  [>0]
PASS    inward hi alpha[6] = [+/- 1.14e-3]  [>0]
PASS    inward lo alpha[7] = [0.001 +/- 6.92e-4]  [>0]
PASS    inward hi alpha[7] = [+/- 1.05e-3]  [>0]
PASS    G(alpha_lb) = [0.002 +/- 5.65e-4]  [>0]
PASS    G(alpha_ub) = [-0.002 +/- 5.63e-4]  [<0]
PASS    1 - amp-works = [+/- 0.537]  [>0]
PASS    lambda(z_hat) = [+/- 0.289]  [<0]
  -> PASS
slab 10: kappa [0.021500, 0.022000]
PASS    1 - contraction (slab) = [0.04061591020493659043260 +/- 3.44e-24]  [>0]
PASS    inward lo alpha[0] = [+/- 1.05e-3]  [>0]
PASS    inward hi alpha[0] = [0.001 +/- 6.85e-4]  [>0]
PASS    inward lo alpha[1] = [+/- 1.14e-3]  [>0]
PASS    inward hi alpha[1] = [0.001 +/- 5.93e-4]  [>0]
PASS    inward lo alpha[2] = [+/- 1.24e-3]  [>0]
PASS    inward hi alpha[2] = [0.001 +/- 5.01e-4]  [>0]
PASS    inward lo alpha[3] = [+/- 1.33e-3]  [>0]
PASS    inward hi alpha[3] = [+/- 1.41e-3]  [>0]
PASS    inward lo alpha[4] = [+/- 1.42e-3]  [>0]
PASS    inward hi alpha[4] = [+/- 1.32e-3]  [>0]
PASS    inward lo alpha[5] = [0.001 +/- 5.08e-4]  [>0]
PASS    inward hi alpha[5] = [+/- 1.23e-3]  [>0]
PASS    inward lo alpha[6] = [0.001 +/- 6.00e-4]  [>0]
PASS    inward hi alpha[6] = [+/- 1.14e-3]  [>0]
PASS    inward lo alpha[7] = [0.001 +/- 6.92e-4]  [>0]
PASS    inward hi alpha[7] = [+/- 1.05e-3]  [>0]
PASS    G(alpha_lb) = [0.002 +/- 5.60e-4]  [>0]
PASS    G(alpha_ub) = [-0.002 +/- 5.58e-4]  [<0]
PASS    1 - amp-works = [+/- 0.537]  [>0]
PASS    lambda(z_hat) = [+/- 0.289]  [<0]
  -> PASS
slab 11: kappa [0.023500, 0.024000]
PASS    1 - contraction (slab) = [0.03980898664434153385827 +/- 3.40e-24]  [>0]
PASS    inward lo alpha[0] = [+/- 1.05e-3]  [>0]
PASS    inward hi alpha[0] = [0.001 +/- 6.85e-4]  [>0]
PASS    inward lo alpha[1] = [+/- 1.14e-3]  [>0]
PASS    inward hi alpha[1] = [0.001 +/- 5.93e-4]  [>0]
PASS    inward lo alpha[2] = [+/- 1.24e-3]  [>0]
PASS    inward hi alpha[2] = [0.001 +/- 5.01e-4]  [>0]
PASS    inward lo alpha[3] = [+/- 1.33e-3]  [>0]
PASS    inward hi alpha[3] = [+/- 1.41e-3]  [>0]
PASS    inward lo alpha[4] = [+/- 1.42e-3]  [>0]
PASS    inward hi alpha[4] = [+/- 1.32e-3]  [>0]
PASS    inward lo alpha[5] = [0.001 +/- 5.08e-4]  [>0]
PASS    inward hi alpha[5] = [+/- 1.23e-3]  [>0]
PASS    inward lo alpha[6] = [0.001 +/- 6.01e-4]  [>0]
PASS    inward hi alpha[6] = [+/- 1.14e-3]  [>0]
PASS    inward lo alpha[7] = [0.001 +/- 6.93e-4]  [>0]
PASS    inward hi alpha[7] = [+/- 1.05e-3]  [>0]
PASS    G(alpha_lb) = [0.002 +/- 5.56e-4]  [>0]
PASS    G(alpha_ub) = [-0.002 +/- 5.54e-4]  [<0]
PASS    1 - amp-works = [+/- 0.537]  [>0]
PASS    lambda(z_hat) = [+/- 0.289]  [<0]
  -> PASS
slab 12: kappa [0.025500, 0.026000]
PASS    1 - contraction (slab) = [0.03900099986862867855144 +/- 1.05e-24]  [>0]
PASS    inward lo alpha[0] = [+/- 1.05e-3]  [>0]
PASS    inward hi alpha[0] = [0.001 +/- 6.85e-4]  [>0]
PASS    inward lo alpha[1] = [+/- 1.14e-3]  [>0]
PASS    inward hi alpha[1] = [0.001 +/- 5.93e-4]  [>0]
PASS    inward lo alpha[2] = [+/- 1.24e-3]  [>0]
PASS    inward hi alpha[2] = [0.001 +/- 5.01e-4]  [>0]
PASS    inward lo alpha[3] = [+/- 1.33e-3]  [>0]
PASS    inward hi alpha[3] = [+/- 1.41e-3]  [>0]
PASS    inward lo alpha[4] = [+/- 1.42e-3]  [>0]
PASS    inward hi alpha[4] = [+/- 1.32e-3]  [>0]
PASS    inward lo alpha[5] = [0.001 +/- 5.08e-4]  [>0]
PASS    inward hi alpha[5] = [+/- 1.23e-3]  [>0]
PASS    inward lo alpha[6] = [0.001 +/- 6.01e-4]  [>0]
PASS    inward hi alpha[6] = [+/- 1.14e-3]  [>0]
PASS    inward lo alpha[7] = [0.001 +/- 6.93e-4]  [>0]
PASS    inward hi alpha[7] = [+/- 1.04e-3]  [>0]
PASS    G(alpha_lb) = [0.002 +/- 5.51e-4]  [>0]
PASS    G(alpha_ub) = [-0.002 +/- 5.49e-4]  [<0]
PASS    1 - amp-works = [+/- 0.537]  [>0]
PASS    lambda(z_hat) = [+/- 0.289]  [<0]
  -> PASS
slab 13: kappa [0.027500, 0.028000]
PASS    1 - contraction (slab) = [0.03819193054430683750875 +/- 2.97e-24]  [>0]
PASS    inward lo alpha[0] = [+/- 1.05e-3]  [>0]
PASS    inward hi alpha[0] = [0.001 +/- 6.86e-4]  [>0]
PASS    inward lo alpha[1] = [+/- 1.14e-3]  [>0]
PASS    inward hi alpha[1] = [0.001 +/- 5.93e-4]  [>0]
PASS    inward lo alpha[2] = [+/- 1.23e-3]  [>0]
PASS    inward hi alpha[2] = [0.001 +/- 5.01e-4]  [>0]
PASS    inward lo alpha[3] = [+/- 1.33e-3]  [>0]
PASS    inward hi alpha[3] = [+/- 1.41e-3]  [>0]
PASS    inward lo alpha[4] = [+/- 1.42e-3]  [>0]
PASS    inward hi alpha[4] = [+/- 1.32e-3]  [>0]
PASS    inward lo alpha[5] = [0.001 +/- 5.08e-4]  [>0]
PASS    inward hi alpha[5] = [+/- 1.23e-3]  [>0]
PASS    inward lo alpha[6] = [0.001 +/- 6.01e-4]  [>0]
PASS    inward hi alpha[6] = [+/- 1.14e-3]  [>0]
PASS    inward lo alpha[7] = [0.001 +/- 6.94e-4]  [>0]
PASS    inward hi alpha[7] = [+/- 1.04e-3]  [>0]
PASS    G(alpha_lb) = [0.002 +/- 5.47e-4]  [>0]
PASS    G(alpha_ub) = [-0.002 +/- 5.45e-4]  [<0]
PASS    1 - amp-works = [+/- 0.537]  [>0]
PASS    lambda(z_hat) = [+/- 0.289]  [<0]
  -> PASS
slab 14: kappa [0.029500, 0.030000]
PASS    1 - contraction (slab) = [0.03738176272797745517852 +/- 3.35e-24]  [>0]
PASS    inward lo alpha[0] = [+/- 1.05e-3]  [>0]
PASS    inward hi alpha[0] = [0.001 +/- 6.86e-4]  [>0]
PASS    inward lo alpha[1] = [+/- 1.14e-3]  [>0]
PASS    inward hi alpha[1] = [0.001 +/- 5.93e-4]  [>0]
PASS    inward lo alpha[2] = [+/- 1.23e-3]  [>0]
PASS    inward hi alpha[2] = [0.001 +/- 5.01e-4]  [>0]
PASS    inward lo alpha[3] = [+/- 1.33e-3]  [>0]
PASS    inward hi alpha[3] = [+/- 1.41e-3]  [>0]
PASS    inward lo alpha[4] = [+/- 1.42e-3]  [>0]
PASS    inward hi alpha[4] = [+/- 1.32e-3]  [>0]
PASS    inward lo alpha[5] = [0.001 +/- 5.08e-4]  [>0]
PASS    inward hi alpha[5] = [+/- 1.23e-3]  [>0]
PASS    inward lo alpha[6] = [0.001 +/- 6.01e-4]  [>0]
PASS    inward hi alpha[6] = [+/- 1.14e-3]  [>0]
PASS    inward lo alpha[7] = [0.001 +/- 6.94e-4]  [>0]
PASS    inward hi alpha[7] = [+/- 1.04e-3]  [>0]
PASS    G(alpha_lb) = [0.002 +/- 5.42e-4]  [>0]
PASS    G(alpha_ub) = [-0.002 +/- 5.44e-4]  [<0]
PASS    1 - amp-works = [+/- 0.537]  [>0]
PASS    lambda(z_hat) = [+/- 0.289]  [<0]
  -> PASS
slab 15: kappa [0.031500, 0.032000]
PASS    1 - contraction (slab) = [0.03657052319137141573844 +/- 5.18e-24]  [>0]
PASS    inward lo alpha[0] = [+/- 1.05e-3]  [>0]
PASS    inward hi alpha[0] = [0.001 +/- 6.86e-4]  [>0]
PASS    inward lo alpha[1] = [+/- 1.14e-3]  [>0]
PASS    inward hi alpha[1] = [0.001 +/- 5.94e-4]  [>0]
PASS    inward lo alpha[2] = [+/- 1.23e-3]  [>0]
PASS    inward hi alpha[2] = [0.001 +/- 5.01e-4]  [>0]
PASS    inward lo alpha[3] = [+/- 1.33e-3]  [>0]
PASS    inward hi alpha[3] = [+/- 1.41e-3]  [>0]
PASS    inward lo alpha[4] = [+/- 1.42e-3]  [>0]
PASS    inward hi alpha[4] = [+/- 1.32e-3]  [>0]
PASS    inward lo alpha[5] = [0.001 +/- 5.09e-4]  [>0]
PASS    inward hi alpha[5] = [+/- 1.23e-3]  [>0]
PASS    inward lo alpha[6] = [0.001 +/- 6.01e-4]  [>0]
PASS    inward hi alpha[6] = [+/- 1.13e-3]  [>0]
PASS    inward lo alpha[7] = [0.001 +/- 6.94e-4]  [>0]
PASS    inward hi alpha[7] = [+/- 1.04e-3]  [>0]
PASS    G(alpha_lb) = [0.002 +/- 5.42e-4]  [>0]
PASS    G(alpha_ub) = [-0.002 +/- 5.49e-4]  [<0]
PASS    1 - amp-works = [+/- 0.537]  [>0]
PASS    lambda(z_hat) = [+/- 0.288]  [<0]
  -> PASS
slab 16: kappa [0.033500, 0.034000]
PASS    1 - contraction (slab) = [0.035758169817787206460362 +/- 8.81e-25]  [>0]
PASS    inward lo alpha[0] = [+/- 1.05e-3]  [>0]
PASS    inward hi alpha[0] = [0.001 +/- 6.87e-4]  [>0]
PASS    inward lo alpha[1] = [+/- 1.14e-3]  [>0]
PASS    inward hi alpha[1] = [0.001 +/- 5.94e-4]  [>0]
PASS    inward lo alpha[2] = [+/- 1.23e-3]  [>0]
PASS    inward hi alpha[2] = [0.001 +/- 5.01e-4]  [>0]
PASS    inward lo alpha[3] = [+/- 1.33e-3]  [>0]
PASS    inward hi alpha[3] = [+/- 1.41e-3]  [>0]
PASS    inward lo alpha[4] = [+/- 1.42e-3]  [>0]
PASS    inward hi alpha[4] = [+/- 1.32e-3]  [>0]
PASS    inward lo alpha[5] = [0.001 +/- 5.09e-4]  [>0]
PASS    inward hi alpha[5] = [+/- 1.23e-3]  [>0]
PASS    inward lo alpha[6] = [0.001 +/- 6.02e-4]  [>0]
PASS    inward hi alpha[6] = [+/- 1.13e-3]  [>0]
PASS    inward lo alpha[7] = [0.001 +/- 6.95e-4]  [>0]
PASS    inward hi alpha[7] = [+/- 1.04e-3]  [>0]
PASS    G(alpha_lb) = [0.002 +/- 5.48e-4]  [>0]
PASS    G(alpha_ub) = [-0.002 +/- 5.55e-4]  [<0]
PASS    1 - amp-works = [+/- 0.537]  [>0]
PASS    lambda(z_hat) = [+/- 0.288]  [<0]
  -> PASS
slab 17: kappa [0.035500, 0.036000]
PASS    1 - contraction (slab) = [0.034944746804394432769187 +/- 8.80e-25]  [>0]
PASS    inward lo alpha[0] = [+/- 1.05e-3]  [>0]
PASS    inward hi alpha[0] = [0.001 +/- 6.87e-4]  [>0]
PASS    inward lo alpha[1] = [+/- 1.14e-3]  [>0]
PASS    inward hi alpha[1] = [0.001 +/- 5.94e-4]  [>0]
PASS    inward lo alpha[2] = [+/- 1.23e-3]  [>0]
PASS    inward hi alpha[2] = [0.001 +/- 5.01e-4]  [>0]
PASS    inward lo alpha[3] = [+/- 1.33e-3]  [>0]
PASS    inward hi alpha[3] = [+/- 1.41e-3]  [>0]
PASS    inward lo alpha[4] = [+/- 1.42e-3]  [>0]
PASS    inward hi alpha[4] = [+/- 1.32e-3]  [>0]
PASS    inward lo alpha[5] = [0.001 +/- 5.09e-4]  [>0]
PASS    inward hi alpha[5] = [+/- 1.23e-3]  [>0]
PASS    inward lo alpha[6] = [0.001 +/- 6.02e-4]  [>0]
PASS    inward hi alpha[6] = [+/- 1.13e-3]  [>0]
PASS    inward lo alpha[7] = [0.001 +/- 6.95e-4]  [>0]
PASS    inward hi alpha[7] = [+/- 1.04e-3]  [>0]
PASS    G(alpha_lb) = [0.002 +/- 5.53e-4]  [>0]
PASS    G(alpha_ub) = [-0.002 +/- 5.61e-4]  [<0]
PASS    1 - amp-works = [+/- 0.536]  [>0]
PASS    lambda(z_hat) = [+/- 0.288]  [<0]
  -> PASS
slab 18: kappa [0.037500, 0.038000]
PASS    1 - contraction (slab) = [0.03413019000328168606325 +/- 4.47e-24]  [>0]
PASS    inward lo alpha[0] = [+/- 1.05e-3]  [>0]
PASS    inward hi alpha[0] = [0.001 +/- 6.88e-4]  [>0]
PASS    inward lo alpha[1] = [+/- 1.14e-3]  [>0]
PASS    inward hi alpha[1] = [0.001 +/- 5.94e-4]  [>0]
PASS    inward lo alpha[2] = [+/- 1.23e-3]  [>0]
PASS    inward hi alpha[2] = [0.001 +/- 5.01e-4]  [>0]
PASS    inward lo alpha[3] = [+/- 1.33e-3]  [>0]
PASS    inward hi alpha[3] = [+/- 1.41e-3]  [>0]
PASS    inward lo alpha[4] = [+/- 1.42e-3]  [>0]
PASS    inward hi alpha[4] = [+/- 1.32e-3]  [>0]
PASS    inward lo alpha[5] = [0.001 +/- 5.09e-4]  [>0]
PASS    inward hi alpha[5] = [+/- 1.23e-3]  [>0]
PASS    inward lo alpha[6] = [0.001 +/- 6.02e-4]  [>0]
PASS    inward hi alpha[6] = [+/- 1.13e-3]  [>0]
PASS    inward lo alpha[7] = [0.001 +/- 6.95e-4]  [>0]
PASS    inward hi alpha[7] = [+/- 1.04e-3]  [>0]
PASS    G(alpha_lb) = [0.002 +/- 5.59e-4]  [>0]
PASS    G(alpha_ub) = [-0.002 +/- 5.67e-4]  [<0]
PASS    1 - amp-works = [+/- 0.536]  [>0]
PASS    lambda(z_hat) = [+/- 0.288]  [<0]
  -> PASS
slab 19: kappa [0.039500, 0.040000]
PASS    1 - contraction (slab) = [0.033314577331304796459513 +/- 8.28e-25]  [>0]
PASS    inward lo alpha[0] = [+/- 1.04e-3]  [>0]
PASS    inward hi alpha[0] = [0.001 +/- 6.88e-4]  [>0]
PASS    inward lo alpha[1] = [+/- 1.14e-3]  [>0]
PASS    inward hi alpha[1] = [0.001 +/- 5.94e-4]  [>0]
PASS    inward lo alpha[2] = [+/- 1.23e-3]  [>0]
PASS    inward hi alpha[2] = [0.001 +/- 5.01e-4]  [>0]
PASS    inward lo alpha[3] = [+/- 1.33e-3]  [>0]
PASS    inward hi alpha[3] = [+/- 1.41e-3]  [>0]
PASS    inward lo alpha[4] = [+/- 1.42e-3]  [>0]
PASS    inward hi alpha[4] = [+/- 1.32e-3]  [>0]
PASS    inward lo alpha[5] = [0.001 +/- 5.09e-4]  [>0]
PASS    inward hi alpha[5] = [+/- 1.23e-3]  [>0]
PASS    inward lo alpha[6] = [0.001 +/- 6.02e-4]  [>0]
PASS    inward hi alpha[6] = [+/- 1.13e-3]  [>0]
PASS    inward lo alpha[7] = [0.001 +/- 6.96e-4]  [>0]
PASS    inward hi alpha[7] = [+/- 1.04e-3]  [>0]
PASS    G(alpha_lb) = [0.002 +/- 5.65e-4]  [>0]
PASS    G(alpha_ub) = [-0.002 +/- 5.72e-4]  [<0]
PASS    1 - amp-works = [+/- 0.536]  [>0]
PASS    lambda(z_hat) = [+/- 0.288]  [<0]
  -> PASS
slab 20: kappa [0.041500, 0.042000]
PASS    1 - contraction (slab) = [0.03249782417974779879619 +/- 3.31e-24]  [>0]
PASS    inward lo alpha[0] = [+/- 1.04e-3]  [>0]
PASS    inward hi alpha[0] = [0.001 +/- 6.88e-4]  [>0]
PASS    inward lo alpha[1] = [+/- 1.14e-3]  [>0]
PASS    inward hi alpha[1] = [0.001 +/- 5.95e-4]  [>0]
PASS    inward lo alpha[2] = [+/- 1.23e-3]  [>0]
PASS    inward hi alpha[2] = [0.001 +/- 5.01e-4]  [>0]
PASS    inward lo alpha[3] = [+/- 1.33e-3]  [>0]
PASS    inward hi alpha[3] = [+/- 1.41e-3]  [>0]
PASS    inward lo alpha[4] = [+/- 1.42e-3]  [>0]
PASS    inward hi alpha[4] = [+/- 1.32e-3]  [>0]
PASS    inward lo alpha[5] = [0.001 +/- 5.09e-4]  [>0]
PASS    inward hi alpha[5] = [+/- 1.23e-3]  [>0]
PASS    inward lo alpha[6] = [0.001 +/- 6.03e-4]  [>0]
PASS    inward hi alpha[6] = [+/- 1.13e-3]  [>0]
PASS    inward lo alpha[7] = [0.001 +/- 6.96e-4]  [>0]
PASS    inward hi alpha[7] = [+/- 1.04e-3]  [>0]
PASS    G(alpha_lb) = [0.002 +/- 5.71e-4]  [>0]
PASS    G(alpha_ub) = [-0.002 +/- 5.78e-4]  [<0]
PASS    1 - amp-works = [+/- 0.536]  [>0]
PASS    lambda(z_hat) = [+/- 0.288]  [<0]
  -> PASS
slab 21: kappa [0.043500, 0.044000]
PASS    1 - contraction (slab) = [0.03167997207607697465704 +/- 2.67e-24]  [>0]
PASS    inward lo alpha[0] = [+/- 1.04e-3]  [>0]
PASS    inward hi alpha[0] = [0.001 +/- 6.89e-4]  [>0]
PASS    inward lo alpha[1] = [+/- 1.14e-3]  [>0]
PASS    inward hi alpha[1] = [0.001 +/- 5.95e-4]  [>0]
PASS    inward lo alpha[2] = [+/- 1.23e-3]  [>0]
PASS    inward hi alpha[2] = [0.001 +/- 5.01e-4]  [>0]
PASS    inward lo alpha[3] = [+/- 1.33e-3]  [>0]
PASS    inward hi alpha[3] = [+/- 1.41e-3]  [>0]
PASS    inward lo alpha[4] = [+/- 1.42e-3]  [>0]
PASS    inward hi alpha[4] = [+/- 1.32e-3]  [>0]
PASS    inward lo alpha[5] = [0.001 +/- 5.09e-4]  [>0]
PASS    inward hi alpha[5] = [+/- 1.22e-3]  [>0]
PASS    inward lo alpha[6] = [0.001 +/- 6.03e-4]  [>0]
PASS    inward hi alpha[6] = [+/- 1.13e-3]  [>0]
PASS    inward lo alpha[7] = [0.001 +/- 6.97e-4]  [>0]
PASS    inward hi alpha[7] = [+/- 1.04e-3]  [>0]
PASS    G(alpha_lb) = [0.002 +/- 5.77e-4]  [>0]
PASS    G(alpha_ub) = [-0.002 +/- 5.84e-4]  [<0]
PASS    1 - amp-works = [+/- 0.536]  [>0]
PASS    lambda(z_hat) = [+/- 0.288]  [<0]
  -> PASS
slab 22: kappa [0.045500, 0.046000]
PASS    1 - contraction (slab) = [0.030861025808107765275639 +/- 9.00e-25]  [>0]
PASS    inward lo alpha[0] = [+/- 1.04e-3]  [>0]
PASS    inward hi alpha[0] = [0.001 +/- 6.89e-4]  [>0]
PASS    inward lo alpha[1] = [+/- 1.14e-3]  [>0]
PASS    inward hi alpha[1] = [0.001 +/- 5.95e-4]  [>0]
PASS    inward lo alpha[2] = [+/- 1.23e-3]  [>0]
PASS    inward hi alpha[2] = [0.001 +/- 5.01e-4]  [>0]
PASS    inward lo alpha[3] = [+/- 1.33e-3]  [>0]
PASS    inward hi alpha[3] = [+/- 1.41e-3]  [>0]
PASS    inward lo alpha[4] = [+/- 1.42e-3]  [>0]
PASS    inward hi alpha[4] = [+/- 1.32e-3]  [>0]
PASS    inward lo alpha[5] = [0.001 +/- 5.09e-4]  [>0]
PASS    inward hi alpha[5] = [+/- 1.22e-3]  [>0]
PASS    inward lo alpha[6] = [0.001 +/- 6.03e-4]  [>0]
PASS    inward hi alpha[6] = [+/- 1.13e-3]  [>0]
PASS    inward lo alpha[7] = [0.001 +/- 6.97e-4]  [>0]
PASS    inward hi alpha[7] = [+/- 1.04e-3]  [>0]
PASS    G(alpha_lb) = [0.002 +/- 5.83e-4]  [>0]
PASS    G(alpha_ub) = [-0.002 +/- 5.90e-4]  [<0]
PASS    1 - amp-works = [+/- 0.536]  [>0]
PASS    lambda(z_hat) = [+/- 0.288]  [<0]
  -> PASS
slab 23: kappa [0.047500, 0.048000]
PASS    1 - contraction (slab) = [0.03004096782839260581354 +/- 2.27e-24]  [>0]
PASS    inward lo alpha[0] = [+/- 1.04e-3]  [>0]
PASS    inward hi alpha[0] = [0.001 +/- 6.89e-4]  [>0]
PASS    inward lo alpha[1] = [+/- 1.14e-3]  [>0]
PASS    inward hi alpha[1] = [0.001 +/- 5.95e-4]  [>0]
PASS    inward lo alpha[2] = [+/- 1.23e-3]  [>0]
PASS    inward hi alpha[2] = [0.001 +/- 5.01e-4]  [>0]
PASS    inward lo alpha[3] = [+/- 1.32e-3]  [>0]
PASS    inward hi alpha[3] = [+/- 1.41e-3]  [>0]
PASS    inward lo alpha[4] = [+/- 1.42e-3]  [>0]
PASS    inward hi alpha[4] = [+/- 1.32e-3]  [>0]
PASS    inward lo alpha[5] = [0.001 +/- 5.09e-4]  [>0]
PASS    inward hi alpha[5] = [+/- 1.22e-3]  [>0]
PASS    inward lo alpha[6] = [0.001 +/- 6.03e-4]  [>0]
PASS    inward hi alpha[6] = [+/- 1.13e-3]  [>0]
PASS    inward lo alpha[7] = [0.001 +/- 6.97e-4]  [>0]
PASS    inward hi alpha[7] = [+/- 1.04e-3]  [>0]
PASS    G(alpha_lb) = [0.002 +/- 5.88e-4]  [>0]
PASS    G(alpha_ub) = [-0.002 +/- 5.96e-4]  [<0]
PASS    1 - amp-works = [+/- 0.536]  [>0]
PASS    lambda(z_hat) = [+/- 0.287]  [<0]
  -> PASS
slab 24: kappa [0.049500, 0.050000]
PASS    1 - contraction (slab) = [0.02921979869912256093164 +/- 2.14e-24]  [>0]
PASS    inward lo alpha[0] = [+/- 1.04e-3]  [>0]
PASS    inward hi alpha[0] = [0.001 +/- 6.90e-4]  [>0]
PASS    inward lo alpha[1] = [+/- 1.14e-3]  [>0]
PASS    inward hi alpha[1] = [0.001 +/- 5.96e-4]  [>0]
PASS    inward lo alpha[2] = [+/- 1.23e-3]  [>0]
PASS    inward hi alpha[2] = [0.001 +/- 5.01e-4]  [>0]
PASS    inward lo alpha[3] = [+/- 1.32e-3]  [>0]
PASS    inward hi alpha[3] = [+/- 1.41e-3]  [>0]
PASS    inward lo alpha[4] = [+/- 1.42e-3]  [>0]
PASS    inward hi alpha[4] = [+/- 1.32e-3]  [>0]
PASS    inward lo alpha[5] = [0.001 +/- 5.09e-4]  [>0]
PASS    inward hi alpha[5] = [+/- 1.22e-3]  [>0]
PASS    inward lo alpha[6] = [0.001 +/- 6.03e-4]  [>0]
PASS    inward hi alpha[6] = [+/- 1.13e-3]  [>0]
PASS    inward lo alpha[7] = [0.001 +/- 6.98e-4]  [>0]
PASS    inward hi alpha[7] = [+/- 1.04e-3]  [>0]
PASS    G(alpha_lb) = [0.002 +/- 5.94e-4]  [>0]
PASS    G(alpha_ub) = [-0.002 +/- 6.02e-4]  [<0]
PASS    1 - amp-works = [+/- 0.536]  [>0]
PASS    lambda(z_hat) = [+/- 0.287]  [<0]
  -> PASS
global PASS; 25/25 slabs verified -> result_pos_3.json
