global checks over the batch hull:
PASS    R(rect) finite and positive = [3e+0 +/- 0.751]  [>0]
  -> PASS
slab 0: kappa [-0.001500, -0.001000]
PASS    1 - contraction (slab) = [0.04981790374813119548251 +/- 1.58e-24]  [>0]
PASS    inward lo alpha[0] = [+/- 1.06e-3]  [>0]
PASS    inward hi alpha[0] = [0.001 +/- 6.80e-4]  [>0]
PASS    inward lo alpha[1] = [+/- 1.15e-3]  [>0]
PASS    inward hi alpha[1] = [0.001 +/- 5.90e-4]  [>0]
PASS    inward lo alpha[2] = [+/- 1.24e-3]  [>0]
PASS    inward hi alpha[2] = [0.001 +/- 5.00e-4]  [>0]
PASS    inward lo alpha[3] = [+/- 1.33e-3]  [>0]
PASS    inward hi alpha[3] = [+/- 1.41e-3]  [>0]
PASS    inward lo alpha[4] = [+/- 1.42e-3]  [>0]
PASS    inward hi alpha[4] = [+/- 1.32e-3]  [>0]
PASS    inward lo alpha[5] = [0.001 +/- 5.08e-4]  [>0]
PASS    inward hi alpha[5] = [+/- 1.23e-3]  [>0]
PASS    inward lo alpha[6] = [0.001 +/- 5.98e-4]  [>0]
PASS    inward hi alpha[6] = [+/- 1.14e-3]  [>0]
PASS    inward lo alpha[7] = [0.001 +/- 6.88e-4]  [>0]
PASS    inward hi alpha[7] = [+/- 1.05e-3]  [>0]
PASS    G(alpha_lb) = [0.002 +/- 6.12e-4]  [>0]
PASS    G(alpha_ub) = [-0.002 +/- 6.10e-4]  [<0]
PASS    1 - amp-works = [+/- 0.528]  [>0]
PASS    lambda(z_hat) = [+/- 0.279]  [<0]
  -> PASS
slab 1: kappa [-0.003500, -0.003000]
PASS    1 - contraction (slab) = [0.05061138982407184979396 +/- 5.72e-24]  [>0]
PASS    inward lo alpha[0] = [+/- 1.06e-3]  [>0]
PASS    inward hi alpha[0] = [0.001 +/- 6.80e-4]  [>0]
PASS    inward lo alpha[1] = [+/- 1.15e-3]  [>0]
PASS    inward hi alpha[1] = [0.001 +/- 5.90e-4]  [>0]
PASS    inward lo alpha[2] = [+/- 1.24e-3]  [>0]
PASS    inward hi alpha[2] = [0.001 +/- 5.00e-4]  [>0]
PASS    inward lo alpha[3] = [+/- 1.33e-3]  [>0]
PASS    inward hi alpha[3] = [+/- 1.41e-3]  [>0]
PASS    inward lo alpha[4] = [+/- 1.42e-3]  [>0]
PASS    inward hi alpha[4] = [+/- 1.32e-3]  [>0]
PASS    inward lo alpha[5] = [0.001 +/- 5.08e-4]  [>0]
PASS    inward hi alpha[5] = [+/- 1.24e-3]  [>0]
PASS    inward lo alpha[6] = [0.001 +/- 5.98e-4]  [>0]
PASS    inward hi alpha[6] = [+/- 1.15e-3]  [>0]
PASS    inward lo alpha[7] = [0.001 +/- 6.88e-4]  [>0]
PASS    inward hi alpha[7] = [+/- 1.06e-3]  [>0]
PASS    G(alpha_lb) = [0.002 +/- 6.16e-4]  [>0]
PASS    G(alpha_ub) = [-0.002 +/- 6.14e-4]  [<0]
PASS    1 - amp-works = [+/- 0.528]  [>0]
PASS    lambda(z_hat) = [+/- 0.279]  [<0]
  -> PASS
slab 2: kappa [-0.005500, -0.005000]
PASS    1 - contraction (slab) = [0.05140386432613776396614 +/- 5.15e-24]  [>0]
PASS    inward lo alpha[0] = [+/- 1.06e-3]  [>0]
PASS    inward hi alpha[0] = [0.001 +/- 6.80e-4]  [>0]
PASS    inward lo alpha[1] = [+/- 1.15e-3]  [>0]
PASS    inward hi alpha[1] = [0.001 +/- 5.90e-4]  [>0]
PASS    inward lo alpha[2] = [+/- 1.24e-3]  [>0]
PASS    inward hi alpha[2] = [0.001 +/- 5.00e-4]  [>0]
PASS    inward lo alpha[3] = [+/- 1.33e-3]  [>0]
PASS    inward hi alpha[3] = [+/- 1.41e-3]  [>0]
PASS    inward lo alpha[4] = [+/- 1.42e-3]  [>0]
PASS    inward hi alpha[4] = [+/- 1.33e-3]  [>0]
PASS    inward lo alpha[5] = [0.001 +/- 5.08e-4]  [>0]
PASS    inward hi alpha[5] = [+/- 1.24e-3]  [>0]
PASS    inward lo alpha[6] = [0.001 +/- 5.98e-4]  [>0]
PASS    inward hi alpha[6] = [+/- 1.15e-3]  [>0]
PASS    inward lo alpha[7] = [0.001 +/- 6.88e-4]  [>0]
PASS    inward hi alpha[7] = [+/- 1.06e-3]  [>0]
PASS    G(alpha_lb) = [0.002 +/- 6.20e-4]  [>0]
PASS    G(alpha_ub) = [-0.002 +/- 6.19e-4]  [<0]
PASS    1 - amp-works = [+/- 0.529]  [>0]
PASS    lambda(z_hat) = [+/- 0.279]  [<0]
  -> PASS
slab 3: kappa [-0.007500, -0.007000]
PASS    1 - contraction (slab) = [0.05219523964666008459809 +/- 1.66e-24]  [>0]
PASS    inward lo alpha[0] = [+/- 1.06e-3]  [>0]
PASS    inward hi alpha[0] = [0.001 +/- 6.79e-4]  [>0]
PASS    inward lo alpha[1] = [+/- 1.15e-3]  [>0]
PASS    inward hi alpha[1] = [0.001 +/- 5.90e-4]  [>0]
PASS    inward lo alpha[2] = [+/- 1.24e-3]  [>0]
PASS    inward hi alpha[2] = [0.001 +/- 5.00e-4]  [>0]
PASS    inward lo alpha[3] = [+/- 1.33e-3]  [>0]
PASS    inward hi alpha[3] = [+/- 1.41e-3]  [>0]
PASS    inward lo alpha[4] = [+/- 1.42e-3]  [>0]
PASS    inward hi alpha[4] = [+/- 1.33e-3]  [>0]
PASS    inward lo alpha[5] = [0.001 +/- 5.08e-4]  [>0]
PASS    inward hi alpha[5] = [+/- 1.24e-3]  [>0]
PASS    inward lo alpha[6] = [0.001 +/- 5.98e-4]  [>0]
PASS    inward hi alpha[6] = [+/- 1.15e-3]  [>0]
PASS    inward lo alpha[7] = [0.001 +/- 6.87e-4]  [>0]
PASS    inward hi alpha[7] = [+/- 1.06e-3]  [>0]
PASS    G(alpha_lb) = [0.002 +/- 6.25e-4]  [>0]
PASS    G(alpha_ub) = [-0.002 +/- 6.23e-4]  [<0]
PASS    1 - amp-works = [+/- 0.529]  [>0]
PASS    lambda(z_hat) = [+/- 0.279]  [<0]
  -> PASS
slab 4: kappa [-0.009500, -0.009000]
PASS    1 - contraction (slab) = [0.052985576188110886149611 +/- 8.60e-25]  [>0]
PASS    inward lo alpha[0] = [+/- 1.06e-3]  [>0]
PASS    inward hi alpha[0] = [0.001 +/- 6.79e-4]  [>0]
PASS    inward lo alpha[1] = [+/- 1.15e-3]  [>0]
PASS    inward hi alpha[1] = [0.001 +/- 5.90e-4]  [>0]
PASS    inward lo alpha[2] = [+/- 1.24e-3]  [>0]
PASS    inward hi alpha[2] = [0.001 +/- 5.00e-4]  [>0]
PASS    inward lo alpha[3] = [+/- 1.33e-3]  [>0]
PASS    inward hi alpha[3] = [+/- 1.42e-3]  [>0]
PASS    inward lo alpha[4] = [+/- 1.42e-3]  [>0]
PASS    inward hi alpha[4] = [+/- 1.33e-3]  [>0]
PASS    inward lo alpha[5] = [0.001 +/- 5.08e-4]  [>0]
PASS    inward hi alpha[5] = [+/- 1.24e-3]  [>0]
PASS    inward lo alpha[6] = [0.001 +/- 5.97e-4]  [>0]
PASS    inward hi alpha[6] = [+/- 1.15e-3]  [>0]
PASS    inward lo alpha[7] = [0.001 +/- 6.87e-4]  [>0]
PASS    inward hi alpha[7] = [+/- 1.06e-3]  [>0]
PASS    G(alpha_lb) = [0.002 +/- 6.29e-4]  [>0]
PASS    G(alpha_ub) = [-0.002 +/- 6.27e-4]  [<0]
PASS    1 - amp-works = [+/- 0.529]  [>0]
PASS    lambda(z_hat) = [+/- 0.280]  [<0]
  -> PASS
slab 5: kappa [-0.011500, -0.011000]
PASS    1 - contraction (slab) = [0.05377484126487299687700 +/- 5.11e-24]  [>0]
PASS    inward lo alpha[0] = [+/- 1.06e-3]  [>0]
PASS    inward hi alpha[0] = [0.001 +/- 6.79e-4]  [>0]
PASS    inward lo alpha[1] = [+/- 1.15e-3]  [>0]
PASS    inward hi alpha[1] = [0.001 +/- 5.89e-4]  [>0]
PASS    inward lo alpha[2] = [+/- 1.24e-3]  [>0]
PASS    inward hi alpha[2] = [0.001 +/- 5.00e-4]  [>0]
PASS    inward lo alpha[3] = [+/- 1.33e-3]  [>0]
PASS    inward hi alpha[3] = [+/- 1.42e-3]  [>0]
PASS    inward lo alpha[4] = [+/- 1.42e-3]  [>0]
PASS    inward hi alpha[4] = [+/- 1.33e-3]  [>0]
PASS    inward lo alpha[5] = [0.001 +/- 5.08e-4]  [>0]
PASS    inward hi alpha[5] = [+/- 1.24e-3]  [>0]
PASS    inward lo alpha[6] = [0.001 +/- 5.97e-4]  [>0]
PASS    inward hi alpha[6] = [+/- 1.15e-3]  [>0]
PASS    inward lo alpha[7] = [0.001 +/- 6.87e-4]  [>0]
PASS    inward hi alpha[7] = [+/- 1.06e-3]  [>0]
PASS    G(alpha_lb) = [0.002 +/- 6.34e-4]  [>0]
PASS    G(alpha_ub) = [-0.002 +/- 6.32e-4]  [<0]
PASS    1 - amp-works = [+/- 0.529]  [>0]
PASS    lambda(z_hat) = [+/- 0.280]  [<0]
  -> PASS
slab 6: kappa [-0.013500, -0.013000]
PASS    1 - contraction (slab) = [0.05456309841834974102810 +/- 3.19e-24]  [>0]
PASS    inward lo alpha[0] = [+/- 1.06e-3]  [>0]
PASS    inward hi alpha[0] = [0.001 +/- 6.78e-4]  [>0]
PASS    inward lo alpha[1] = [+/- 1.15e-3]  [>0]
PASS    inward hi alpha[1] = [0.001 +/- 5.89e-4]  [>0]
PASS    inward lo alpha[2] = [+/- 1.24e-3]  [>0]
PASS    inward hi alpha[2] = [0.001 +/- 5.00e-4]  [>0]
PASS    inward lo alpha[3] = [+/- 1.33e-3]  [>0]
PASS    inward hi alpha[3] = [+/- 1.42e-3]  [>0]
PASS    inward lo alpha[4] = [+/- 1.42e-3]  [>0]
PASS    inward hi alpha[4] = [+/- 1.33e-3]  [>0]
PASS    inward lo alpha[5] = [0.001 +/- 5.08e-4]  [>0]
PASS    inward hi alpha[5] = [+/- 1.24e-3]  [>0]
PASS    inward lo alpha[6] = [0.001 +/- 5.97e-4]  [>0]
PASS    inward hi alpha[6] = [+/- 1.15e-3]  [>0]
PASS    inward lo alpha[7] = [0.001 +/- 6.86e-4]  [>0]
PASS    inward hi alpha[7] = [+/- 1.06e-3]  [>0]
PASS    G(alpha_lb) = [0.002 +/- 6.38e-4]  [>0]
PASS    G(alpha_ub) = [-0.002 +/- 6.36e-4]  [<0]
PASS    1 - amp-works = [+/- 0.529]  [>0]
PASS    lambda(z_hat) = [+/- 0.280]  [<0]
  -> PASS
slab 7: kappa [-0.015500, -0.015000]
PASS    1 - contraction (slab) = [0.05535031158371394108441 +/- 1.58e-24]  [>0]
PASS    inward lo alpha[0] = [+/- 1.07e-3]  [>0]
PASS    inward hi alpha[0] = [0.001 +/- 6.78e-4]  [>0]
PASS    inward lo alpha[1] = [+/- 1.15e-3]  [>0]
PASS    inward hi alpha[1] = [0.001 +/- 5.89e-4]  [>0]
PASS    inward lo alpha[2] = [+/- 1.24e-3]  [>0]
PASS    inward hi alpha[2] = [0.001 +/- 5.00e-4]  [>0]
PASS    inward lo alpha[3] = [+/- 1.33e-3]  [>0]
PASS    inward hi alpha[3] = [+/- 1.42e-3]  [>0]
PASS    inward lo alpha[4] = [+/- 1.42e-3]  [>0]
PASS    inward hi alpha[4] = [+/- 1.33e-3]  [>0]
PASS    inward lo alpha[5] = [0.001 +/- 5.08e-4]  [>0]
PASS    inward hi alpha[5] = [+/- 1.24e-3]  [>0]
PASS    inward lo alpha[6] = [0.001 +/- 5.97e-4]  [>0]
PASS    inward hi alpha[6] = [+/- 1.15e-3]  [>0]
PASS    inward lo alpha[7] = [0.001 +/- 6.86e-4]  [>0]
PASS    inward hi alpha[7] = [+/- 1.06e-3]  [>0]
PASS    G(alpha_lb) = [0.002 +/- 6.42e-4]  [>0]
PASS    G(alpha_ub) = [-0.002 +/- 6.40e-4]  [<0]
PASS    1 - amp-works = [+/- 0.529]  [>0]
PASS    lambda(z_hat) = [+/- 0.280]  [<0]
  -> PASS
slab 8: kappa [-0.017500, -0.017000]
PASS    1 - contraction (slab) = [0.056136451075071765614369 +/- 8.83e-25]  [>0]
PASS    inward lo alpha[0] = [+/- 1.07e-3]  [>0]
PASS    inward hi alpha[0] = [0.001 +/- 6.78e-4]  [>0]
PASS    inward lo alpha[1] = [+/- 1.16e-3]  [>0]
PASS    inward hi alpha[1] = [0.001 +/- 5.89e-4]  [>0]
PASS    inward lo alpha[2] = [+/- 1.24e-3]  [>0]
PASS    inward hi alpha[2] = [0.001 +/- 5.00e-4]  [>0]
PASS    inward lo alpha[3] = [+/- 1.33e-3]  [>0]
PASS    inward hi alpha[3] = [+/- 1.42e-3]  [>0]
PASS    inward lo alpha[4] = [+/- 1.42e-3]  [>0]
PASS    inward hi alpha[4] = [+/- 1.33e-3]  [>0]
PASS    inward lo alpha[5] = [0.001 +/- 5.08e-4]  [>0]
PASS    inward hi alpha[5] = [+/- 1.24e-3]  [>0]
PASS    inward lo alpha[6] = [0.001 +/- 5.97e-4]  [>0]
PASS    inward hi alpha[6] = [+/- 1.15e-3]  [>0]
PASS    inward lo alpha[7] = [0.001 +/- 6.86e-4]  [>0]
PASS    inward hi alpha[7] = [+/- 1.06e-3]  [>0]
PASS    G(alpha_lb) = [0.002 +/- 6.47e-4]  [>0]
PASS    G(alpha_ub) = [-0.002 +/- 6.45e-4]  [<0]
PASS    1 - amp-works = [+/- 0.529]  [>0]
PASS    lambda(z_hat) = [+/- 0.280]  [<0]
  -> PASS
slab 9: kappa [-0.019500, -0.019000]
PASS    1 - contraction (slab) = [0.05692155523351833318464 +/- 5.11e-24]  [>0]
PASS    inward lo alpha[0] = [+/- 1.07e-3]  [>0]
PASS    inward hi alpha[0] = [0.001 +/- 6.77e-4]  [>0]
PASS    inward lo alpha[1] = [+/- 1.16e-3]  [>0]
PASS    inward hi alpha[1] = [0.001 +/- 5.89e-4]  [>0]
PASS    inward lo alpha[2] = [+/- 1.25e-3]  [>0]
PASS    inward hi alpha[2] = [0.001 +/- 5.00e-4]  [>0]
PASS    inward lo alpha[3] = [+/- 1.33e-3]  [>0]
PASS    inward hi alpha[3] = [+/- 1.42e-3]  [>0]
PASS    inward lo alpha[4] = [+/- 1.42e-3]  [>0]
PASS    inward hi alpha[4] = [+/- 1.33e-3]  [>0]
PASS    inward lo alpha[5] = [0.001 +/- 5.08e-4]  [>0]
PASS    inward hi alpha[5] = [+/- 1.24e-3]  [>0]
PASS    inward lo alpha[6] = [0.001 +/- 5.97e-4]  [>0]
PASS    inward hi alpha[6] = [+/- 1.15e-3]  [>0]
PASS    inward lo alpha[7] = [0.001 +/- 6.85e-4]  [>0]
PASS    inward hi alpha[7] = [+/- 1.06e-3]  [>0]
PASS    G(alpha_lb) = [0.002 +/- 6.51e-4]  [>0]
PASS    G(alpha_ub) = [-0.002 +/- 6.49e-4]  [<0]
PASS    1 - amp-works = [+/- 0.529]  [>0]
PASS    lambda(z_hat) = [+/- 0.280]  [<0]
  -> PASS
slab 10: kappa [-0.021500, -0.021000]
PASS    1 - contraction (slab) = [0.05770562137468583114963 +/- 5.48e-24]  [>0]
PASS    inward lo alpha[0] = [+/- 1.07e-3]  [>0]
PASS    inward hi alpha[0] = [0.001 +/- 6.77e-4]  [>0]
PASS    inward lo alpha[1] = [+/- 1.16e-3]  [>0]
PASS    inward hi alpha[1] = [0.001 +/- 5.89e-4]  [>0]
PASS    inward lo alpha[2] = [+/- 1.25e-3]  [>0]
PASS    inward hi alpha[2] = [0.001 +/- 5.00e-4]  [>0]
PASS    inward lo alpha[3] = [+/- 1.33e-3]  [>0]
PASS    inward hi alpha[3] = [+/- 1.42e-3]  [>0]
PASS    inward lo alpha[4] = [+/- 1.42e-3]  [>0]
PASS    inward hi alpha[4] = [+/- 1.33e-3]  [>0]
PASS    inward lo alpha[5] = [0.001 +/- 5.08e-4]  [>0]
PASS    inward hi alpha[5] = [+/- 1.24e-3]  [>0]
PASS    inward lo alpha[6] = [0.001 +/- 5.96e-4]  [>0]
PASS    inward hi alpha[6] = [+/- 1.15e-3]  [>0]
PASS    inward lo alpha[7] = [0.001 +/- 6.85e-4]  [>0]
PASS    inward hi alpha[7] = [+/- 1.06e-3]  [>0]
PASS    G(alpha_lb) = [0.002 +/- 6.55e-4]  [>0]
PASS    G(alpha_ub) = [-0.002 +/- 6.53e-4]  [<0]
PASS    1 - amp-works = [+/- 0.530]  [>0]
PASS    lambda(z_hat) = [+/- 0.280]  [<0]
  -> PASS
slab 11: kappa [-0.023500, -0.023000]
PASS    1 - contraction (slab) = [0.05848861402774823138883 +/- 3.13e-24]  [>0]
PASS    inward lo alpha[0] = [+/- 1.07e-3]  [>0]
PASS    inward hi alpha[0] = [0.001 +/- 6.77e-4]  [>0]
PASS    inward lo alpha[1] = [+/- 1.16e-3]  [>0]
PASS    inward hi alpha[1] = [0.001 +/- 5.88e-4]  [>0]
PASS    inward lo alpha[2] = [+/- 1.25e-3]  [>0]
PASS    inward hi alpha[2] = [0.001 +/- 5.00e-4]  [>0]
PASS    inward lo alpha[3] = [+/- 1.33e-3]  [>0]
PASS    inward hi alpha[3] = [+/- 1.42e-3]  [>0]
PASS    inward lo alpha[4] = [+/- 1.42e-3]  [>0]
PASS    inward hi alpha[4] = [+/- 1.33e-3]  [>0]
PASS    inward lo alpha[5] = [0.001 +/- 5.08e-4]  [>0]
PASS    inward hi alpha[5] = [+/- 1.24e-3]  [>0]
PASS    inward lo alpha[6] = [0.001 +/- 5.96e-4]  [>0]
PASS    inward hi alpha[6] = [+/- 1.15e-3]  [>0]
PASS    inward lo alpha[7] = [0.001 +/- 6.85e-4]  [>0]
PASS    inward hi alpha[7] = [+/- 1.06e-3]  [>0]
PASS    G(alpha_lb) = [0.002 +/- 6.59e-4]  [>0]
PASS    G(alpha_ub) = [-0.002 +/- 6.58e-4]  [<0]
PASS    1 - amp-works = [+/- 0.530]  [>0]
PASS    lambda(z_hat) = [+/- 0.281]  [<0]
  -> PASS
slab 12: kappa [-0.025500, -0.025000]
PASS    1 - contraction (slab) = [0.059270604031495537993183 +/- 8.49e-25]  [>0]
PASS    inward lo alpha[0] = [+/- 1.07e-3]  [>0]
PASS    inward hi alpha[0] = [0.001 +/- 6.77e-4]  [>0]
PASS    inward lo alpha[1] = [+/- 1.16e-3]  [>0]
PASS    inward hi alpha[1] = [0.001 +/- 5.88e-4]  [>0]
PASS    inward lo alpha[2] = [+/- 1.25e-3]  [>0]
PASS    inward hi alpha[2] = [0.001 +/- 5.00e-4]  [>0]
PASS    inward lo alpha[3] = [+/- 1.34e-3]  [>0]
PASS    inward hi alpha[3] = [+/- 1.42e-3]  [>0]
PASS    inward lo alpha[4] = [+/- 1.42e-3]  [>0]
PASS    inward hi alpha[4] = [+/- 1.33e-3]  [>0]
PASS    inward lo alpha[5] = [0.001 +/- 5.08e-4]  [>0]
PASS    inward hi alpha[5] = [+/- 1.24e-3]  [>0]
PASS    inward lo alpha[6] = [0.001 +/- 5.96e-4]  [>0]
PASS    inward hi alpha[6] = [+/- 1.15e-3]  [>0]
PASS    inward lo alpha[7] = [0.001 +/- 6.84e-4]  [>0]
PASS    inward hi alpha[7] = [+/- 1.06e-3]  [>0]
PASS    G(alpha_lb) = [0.002 +/- 6.64e-4]  [>0]
PASS    G(alpha_ub) = [-0.002 +/- 6.62e-4]  [<0]
PASS    1 - amp-works = [+/- 0.530]  [>0]
PASS    lambda(z_hat) = [+/- 0.281]  [<0]
  -> PASS
slab 13: kappa [-0.027500, -0.027000]
PASS    1 - contraction (slab) = [0.06005153734925503429579 +/- 5.18e-24]  [>0]
PASS    inward lo alpha[0] = [+/- 1.07e-3]  [>0]
PASS    inward hi alpha[0] = [0.001 +/- 6.76e-4]  [>0]
PASS    inward lo alpha[1] = [+/- 1.16e-3]  [>0]
PASS    inward hi alpha[1] = [0.001 +/- 5.88e-4]  [>0]
PASS    inward lo alpha[2] = [+/- 1.25e-3]  [>0]
PASS    inward hi alpha[2] = [0.001 +/- 5.00e-4]  [>0]
PASS    inward lo alpha[3] = [+/- 1.34e-3]  [>0]
PASS    inward hi alpha[3] = [+/- 1.42e-3]  [>0]
PASS    inward lo alpha[4] = [+/- 1.42e-3]  [>0]
PASS    inward hi alpha[4] = [+/- 1.33e-3]  [>0]
PASS    inward lo alpha[5] = [0.001 +/- 5.08e-4]  [>0]
PASS    inward hi alpha[5] = [+/- 1.24e-3]  [>0]
PASS    inward lo alpha[6] = [0.001 +/- 5.96e-4]  [>0]
PASS    inward hi alpha[6] = [+/- 1.15e-3]  [>0]
PASS    inward lo alpha[7] = [0.001 +/- 6.84e-4]  [>0]
PASS    inward hi alpha[7] = [+/- 1.06e-3]  [>0]
PASS    G(alpha_lb) = [0.002 +/- 6.68e-4]  [>0]
PASS    G(alpha_ub) = [-0.002 +/- 6.66e-4]  [<0]
PASS    1 - amp-works = [+/- 0.530]  [>0]
PASS    lambda(z_hat) = [+/- 0.281]  [<0]
  -> PASS
slab 14: kappa [-0.029500, -0.029000]
PASS    1 - contraction (slab) = [0.06083146239413843071850 +/- 5.35e-24]  [>0]
PASS    inward lo alpha[0] = [+/- 1.07e-3]  [>0]
PASS    inward hi alpha[0] = [0.001 +/- 6.76e-4]  [>0]
PASS    inward lo alpha[1] = [+/- 1.16e-3]  [>0]
PASS    inward hi alpha[1] = [0.001 +/- 5.88e-4]  [>0]
PASS    inward lo alpha[2] = [+/- 1.25e-3]  [>0]
PASS    inward hi alpha[2] = [0.001 +/- 5.00e-4]  [>0]
PASS    inward lo alpha[3] = [+/- 1.34e-3]  [>0]
PASS    inward hi alpha[3] = [+/- 1.42e-3]  [>0]
PASS    inward lo alpha[4] = [+/- 1.42e-3]  [>0]
PASS    inward hi alpha[4] = [+/- 1.33e-3]  [>0]
PASS    inward lo alpha[5] = [0.001 +/- 5.08e-4]  [>0]
PASS    inward hi alpha[5] = [+/- 1.24e-3]  [>0]
PASS    inward lo alpha[6] = [0.001 +/- 5.96e-4]  [>0]
PASS    inward hi alpha[6] = [+/- 1.15e-3]  [>0]
PASS    inward lo alpha[7] = [0.001 +/- 6.84e-4]  [>0]
PASS    inward hi alpha[7] = [+/- 1.07e-3]  [>0]
PASS    G(alpha_lb) = [0.002 +/- 6.72e-4]  [>0]
PASS    G(alpha_ub) = [-0.002 +/- 6.70e-4]  [<0]
PASS    1 - amp-works = [+/- 0.530]  [>0]
PASS    lambda(z_hat) = [+/- 0.281]  [<0]
  -> PASS
slab 15: kappa [-0.031500, -0.031000]
PASS    1 - contraction (slab) = [0.06161033888228078151600 +/- 1.31e-24]  [>0]
PASS    inward lo alpha[0] = [+/- 1.07e-3]  [>0]
PASS    inward hi alpha[0] = [0.001 +/- 6.76e-4]  [>0]
PASS    inward lo alpha[1] = [+/- 1.16e-3]  [>0]
PASS    inward hi alpha[1] = [0.001 +/- 5.88e-4]  [>0]
PASS    inward lo alpha[2] = [+/- 1.25e-3]  [>0]
PASS    inward hi alpha[2] = [0.001 +/- 5.00e-4]  [>0]
PASS    inward lo alpha[3] = [+/- 1.34e-3]  [>0]
PASS    inward hi alpha[3] = [+/- 1.42e-3]  [>0]
PASS    inward lo alpha[4] = [+/- 1.42e-3]  [>0]
PASS    inward hi alpha[4] = [+/- 1.33e-3]  [>0]
PASS    inward lo alpha[5] = [0.001 +/- 5.08e-4]  [>0]
PASS    inward hi alpha[5] = [+/- 1.24e-3]  [>0]
PASS    inward lo alpha[6] = [0.001 +/- 5.96e-4]  [>0]
PASS    inward hi alpha[6] = [+/- 1.15e-3]  [>0]
PASS    inward lo alpha[7] = [0.001 +/- 6.83e-4]  [>0]
PASS    inward hi alpha[7] = [+/- 1.07e-3]  [>0]
PASS    G(alpha_lb) = [0.002 +/- 6.76e-4]  [>0]
PASS    G(alpha_ub) = [-0.002 +/- 6.75e-4]  [<0]
PASS    1 - amp-works = [+/- 0.530]  [>0]
PASS    lambda(z_hat) = [+/- 0.281]  [<0]
  -> PASS
slab 16: kappa [-0.033500, -0.033000]
PASS    1 - contraction (slab) = [0.06238816768834004222934 +/- 4.64e-24]  [>0]
PASS    inward lo alpha[0] = [+/- 1.07e-3]  [>0]
PASS    inward hi alpha[0] = [0.001 +/- 6.75e-4]  [>0]
PASS    inward lo alpha[1] = [+/- 1.16e-3]  [>0]
PASS    inward hi alpha[1] = [0.001 +/- 5.88e-4]  [>0]
PASS    inward lo alpha[2] = [+/- 1.25e-3]  [>0]
PASS    inward hi alpha[2] = [0.001 +/- 5.00e-4]  [>0]
PASS    inward lo alpha[3] = [+/- 1.34e-3]  [>0]
PASS    inward hi alpha[3] = [+/- 1.42e-3]  [>0]
PASS    inward lo alpha[4] = [+/- 1.42e-3]  [>0]
PASS    inward hi alpha[4] = [+/- 1.33e-3]  [>0]
PASS    inward lo alpha[5] = [0.001 +/- 5.08e-4]  [>0]
PASS    inward hi alpha[5] = [+/- 1.24e-3]  [>0]
PASS    inward lo alpha[6] = [0.001 +/- 5.95e-4]  [>0]
PASS    inward hi alpha[6] = [+/- 1.15e-3]  [>0]
PASS    inward lo alpha[7] = [0.001 +/- 6.83e-4]  [>0]
PASS    inward hi alpha[7] = [+/- 1.07e-3]  [>0]
PASS    G(alpha_lb) = [0.002 +/- 6.81e-4]  [>0]
PASS    G(alpha_ub) = [-0.002 +/- 6.79e-4]  [<0]
PASS    1 - amp-works = [+/- 0.530]  [>0]
PASS    lambda(z_hat) = [+/- 0.281]  [<0]
  -> PASS
slab 17: kappa [-0.035500, -0.035000]
PASS    1 - contraction (slab) = [0.06316497133426567968115 +/- 5.05e-24]  [>0]
PASS    inward lo alpha[0] = [+/- 1.07e-3]  [>0]
PASS    inward hi alpha[0] = [0.001 +/- 6.75e-4]  [>0]
PASS    inward lo alpha[1] = [+/- 1.16e-3]  [>0]
PASS    inward hi alpha[1] = [0.001 +/- 5.87e-4]  [>0]
PASS    inward lo alpha[2] = [+/- 1.25e-3]  [>0]
PASS    inward hi alpha[2] = [0.001 +/- 5.00e-4]  [>0]
PASS    inward lo alpha[3] = [+/- 1.34e-3]  [>0]
PASS    inward hi alpha[3] = [+/- 1.42e-3]  [>0]
PASS    inward lo alpha[4] = [+/- 1.42e-3]  [>0]
PASS    inward hi alpha[4] = [+/- 1.33e-3]  [>0]
PASS    inward lo alpha[5] = [0.001 +/- 5.08e-4]  [>0]
PASS    inward hi alpha[5] = [+/- 1.24e-3]  [>0]
PASS    inward lo alpha[6] = [0.001 +/- 5.95e-4]  [>0]
PASS    inward hi alpha[6] = [+/- 1.15e-3]  [>0]
PASS    inward lo alpha[7] = [0.001 +/- 6.83e-4]  [>0]
PASS    inward hi alpha[7] = [+/- 1.07e-3]  [>0]
PASS    G(alpha_lb) = [0.002 +/- 6.85e-4]  [>0]
PASS    G(alpha_ub) = [-0.002 +/- 6.83e-4]  [<0]
PASS    1 - amp-works = [+/- 0.530]  [>0]
PASS    lambda(z_hat) = [+/- 0.281]  [<0]
  -> PASS
slab 18: kappa [-0.037500, -0.037000]
PASS    1 - contraction (slab) = [0.06394077827405796101406 +/- 1.34e-24]  [>0]
PASS    inward lo alpha[0] = [+/- 1.07e-3]  [>0]
PASS    inward hi alpha[0] = [0.001 +/- 6.75e-4]  [>0]
PASS    inward lo alpha[1] = [+/- 1.16e-3]  [>0]
PASS    inward hi alpha[1] = [0.001 +/- 5.87e-4]  [>0]
PASS    inward lo alpha[2] = [+/- 1.25e-3]  [>0]
PASS    inward hi alpha[2] = [0.001 +/- 5.00e-4]  [>0]
PASS    inward lo alpha[3] = [+/- 1.34e-3]  [>0]
PASS    inward hi alpha[3] = [+/- 1.42e-3]  [>0]
PASS    inward lo alpha[4] = [+/- 1.42e-3]  [>0]
PASS    inward hi alpha[4] = [+/- 1.33e-3]  [>0]
PASS    inward lo alpha[5] = [0.001 +/- 5.08e-4]  [>0]
PASS    inward hi alpha[5] = [+/- 1.24e-3]  [>0]
PASS    inward lo alpha[6] = [0.001 +/- 5.95e-4]  [>0]
PASS    inward hi alpha[6] = [+/- 1.16e-3]  [>0]
PASS    inward lo alpha[7] = [0.001 +/- 6.83e-4]  [>0]
PASS    inward hi alpha[7] = [+/- 1.07e-3]  [>0]
PASS    G(alpha_lb) = [0.002 +/- 6.89e-4]  [>0]
PASS    G(alpha_ub) = [-0.002 +/- 6.87e-4]  [<0]
PASS    1 - amp-works = [+/- 0.531]  [>0]
PASS    lambda(z_hat) = [+/- 0.282]  [<0]
  -> PASS
slab 19: kappa [-0.039500, -0.039000]
PASS    1 - contraction (slab) = [0.06471552620346059105813 +/- 3.13e-24]  [>0]
PASS    inward lo alpha[0] = [+/- 1.07e-3]  [>0]
PASS    inward hi alpha[0] = [0.001 +/- 6.74e-4]  [>0]
PASS    inward lo alpha[1] = [+/- 1.16e-3]  [>0]
PASS    inward hi alpha[1] = [0.001 +/- 5.87e-4]  [>0]
PASS    inward lo alpha[2] = [+/- 1.25e-3]  [>0]
PASS    inward hi alpha[2] = [0.001 +/- 5.00e-4]  [>0]
PASS    inward lo alpha[3] = [+/- 1.34e-3]  [>0]
PASS    inward hi alpha[3] = [+/- 1.42e-3]  [>0]
PASS    inward lo alpha[4] = [+/- 1.42e-3]  [>0]
PASS    inward hi alpha[4] = [+/- 1.33e-3]  [>0]
PASS    inward lo alpha[5] = [0.001 +/- 5.08e-4]  [>0]
PASS    inward hi alpha[5] = [+/- 1.24e-3]  [>0]
PASS    inward lo alpha[6] = [0.001 +/- 5.95e-4]  [>0]
PASS    inward hi alpha[6] = [+/- 1.16e-3]  [>0]
PASS    inward lo alpha[7] = [0.001 +/- 6.82e-4]  [>0]
PASS    inward hi alpha[7] = [+/- 1.07e-3]  [>0]
PASS    G(alpha_lb) = [0.002 +/- 6.93e-4]  [>0]
PASS    G(alpha_ub) = [-0.002 +/- 6.91e-4]  [<0]
PASS    1 - amp-works = [+/- 0.531]  [>0]
PASS    lambda(z_hat) = [+/- 0.282]  [<0]
  -> PASS
slab 20: kappa [-0.041500, -0.041000]
PASS    1 - contraction (slab) = [0.06548930874511677040294 +/- 2.71e-24]  [>0]
PASS    inward lo alpha[0] = [+/- 1.08e-3]  [>0]
PASS    inward hi alpha[0] = [0.001 +/- 6.74e-4]  [>0]
PASS    inward lo alpha[1] = [+/- 1.16e-3]  [>0]
PASS    inward hi alpha[1] = [0.001 +/- 5.87e-4]  [>0]
PASS    inward lo alpha[2] = [+/- 1.25e-3]  [>0]
PASS    inward hi alpha[2] = [0.001 +/- 5.00e-4]  [>0]
PASS    inward lo alpha[3] = [+/- 1.34e-3]  [>0]
PASS    inward hi alpha[3] = [+/- 1.42e-3]  [>0]
PASS    inward lo alpha[4] = [+/- 1.42e-3]  [>0]
PASS    inward hi alpha[4] = [+/- 1.33e-3]  [>0]
PASS    inward lo alpha[5] = [0.001 +/- 5.08e-4]  [>0]
PASS    inward hi alpha[5] = [+/- 1.24e-3]  [>0]
PASS    inward lo alpha[6] = [0.001 +/- 5.95e-4]  [>0]
PASS    inward hi alpha[6] = [+/- 1.16e-3]  [>0]
PASS    inward lo alpha[7] = [0.001 +/- 6.82e-4]  [>0]
PASS    inward hi alpha[7] = [+/- 1.07e-3]  [>0]
PASS    G(alpha_lb) = [0.002 +/- 6.97e-4]  [>0]
PASS    G(alpha_ub) = [-0.002 +/- 6.96e-4]  [<0]
PASS    1 - amp-works = [+/- 0.531]  [>0]
PASS    lambda(z_hat) = [+/- 0.282]  [<0]
  -> PASS
slab 21: kappa [-0.043500, -0.043000]
PASS    1 - contraction (slab) = [0.06626201981978248472346 +/- 4.19e-24]  [>0]
PASS    inward lo alpha[0] = [+/- 1.08e-3]  [>0]
PASS    inward hi alpha[0] = [0.001 +/- 6.74e-4]  [>0]
PASS    inward lo alpha[1] = [+/- 1.16e-3]  [>0]
PASS    inward hi alpha[1] = [0.001 +/- 5.87e-4]  [>0]
PASS    inward lo alpha[2] = [+/- 1.25e-3]  [>0]
PASS    inward hi alpha[2] = [0.001 +/- 5.00e-4]  [>0]
PASS    inward lo alpha[3] = [+/- 1.34e-3]  [>0]
PASS    inward hi alpha[3] = [+/- 1.42e-3]  [>0]
PASS    inward lo alpha[4] = [+/- 1.43e-3]  [>0]
PASS    inward hi alpha[4] = [+/- 1.33e-3]  [>0]
PASS    inward lo alpha[5] = [0.001 +/- 5.08e-4]  [>0]
PASS    inward hi alpha[5] = [+/- 1.24e-3]  [>0]
PASS    inward lo alpha[6] = [0.001 +/- 5.95e-4]  [>0]
PASS    inward hi alpha[6] = [+/- 1.16e-3]  [>0]
PASS    inward lo alpha[7] = [0.001 +/- 6.82e-4]  [>0]
PASS    inward hi alpha[7] = [+/- 1.07e-3]  [>0]
PASS    G(alpha_lb) = [0.002 +/- 7.02e-4]  [>0]
PASS    G(alpha_ub) = [-0.002 +/- 7.00e-4]  [<0]
PASS    1 - amp-works = [+/- 0.531]  [>0]
PASS    lambda(z_hat) = [+/- 0.282]  [<0]
  -> PASS
slab 22: kappa [-0.045500, -0.045000]
PASS    1 - contraction (slab) = [0.06703370581151863639117 +/- 3.57e-24]  [>0]
PASS    inward lo alpha[0] = [+/- 1.08e-3]  [>0]
PASS    inward hi alpha[0] = [0.001 +/- 6.73e-4]  [>0]
PASS    inward lo alpha[1] = [+/- 1.16e-3]  [>0]
PASS    inward hi alpha[1] = [0.001 +/- 5.87e-4]  [>0]
PASS    inward lo alpha[2] = [+/- 1.25e-3]  [>0]
PASS    inward hi alpha[2] = [0.001 +/- 5.00e-4]  [>0]
PASS    inward lo alpha[3] = [+/- 1.34e-3]  [>0]
PASS    inward hi alpha[3] = [+/- 1.42e-3]  [>0]
PASS    inward lo alpha[4] = [+/- 1.43e-3]  [>0]
PASS    inward hi alpha[4] = [+/- 1.33e-3]  [>0]
PASS    inward lo alpha[5] = [0.001 +/- 5.08e-4]  [>0]
PASS    inward hi alpha[5] = [+/- 1.24e-3]  [>0]
PASS    inward lo alpha[6] = [0.001 +/- 5.95e-4]  [>0]
PASS    inward hi alpha[6] = [+/- 1.16e-3]  [>0]
PASS    inward lo alpha[7] = [0.001 +/- 6.81e-4]  [>0]
PASS    inward hi alpha[7] = [+/- 1.07e-3]  [>0]
PASS    G(alpha_lb) = [0.002 +/- 7.06e-4]  [>0]
PASS    G(alpha_ub) = [-0.002 +/- 7.04e-4]  [<0]
PASS    1 - amp-works = [+/- 0.531]  [>0]
PASS    lambda(z_hat) = [+/- 0.282]  [<0]
  -> PASS
slab 23: kappa [-0.047500, -0.047000]
PASS    1 - contraction (slab) = [0.06780437213119588682095 +/- 3.60e-24]  [>0]
PASS    inward lo alpha[0] = [+/- 1.08e-3]  [>0]
PASS    inward hi alpha[0] = [0.001 +/- 6.73e-4]  [>0]
PASS    inward lo alpha[1] = [+/- 1.16e-3]  [>0]
PASS    inward hi alpha[1] = [0.001 +/- 5.86e-4]  [>0]
PASS    inward lo alpha[2] = [+/- 1.25e-3]  [>0]
PASS    inward hi alpha[2] = [0.001 +/- 5.00e-4]  [>0]
PASS    inward lo alpha[3] = [+/- 1.34e-3]  [>0]
PASS    inward hi alpha[3] = [+/- 1.42e-3]  [>0]
PASS    inward lo alpha[4] = [+/- 1.43e-3]  [>0]
PASS    inward hi alpha[4] = [+/- 1.33e-3]  [>0]
PASS    inward lo alpha[5] = [0.001 +/- 5.08e-4]  [>0]
PASS    inward hi alpha[5] = [+/- 1.25e-3]  [>0]
PASS    inward lo alpha[6] = [0.001 +/- 5.94e-4]  [>0]
PASS    inward hi alpha[6] = [+/- 1.16e-3]  [>0]
PASS    inward lo alpha[7] = [0.001 +/- 6.81e-4]  [>0]
PASS    inward hi alpha[7] = [+/- 1.07e-3]  [>0]
PASS    G(alpha_lb) = [0.002 +/- 7.10e-4]  [>0]
PASS    G(alpha_ub) = [-0.002 +/- 7.08e-4]  [<0]
PASS    1 - amp-works = [+/- 0.531]  [>0]
PASS    lambda(z_hat) = [+/- 0.282]  [<0]
  -> PASS
slab 24: kappa [-0.049500, -0.049000]
PASS    1 - contraction (slab) = [0.06857405417754716283828 +/- 4.49e-24]  [>0]
PASS    inward lo alpha[0] = [+/- 1.08e-3]  [>0]
PASS    inward hi alpha[0] = [0.001 +/- 6.73e-4]  [>0]
PASS    inward lo alpha[1] = [+/- 1.17e-3]  [>0]
PASS    inward hi alpha[1] = [0.001 +/- 5.86e-4]  [>0]
PASS    inward lo alpha[2] = [+/- 1.25e-3]  [>0]
PASS    inward hi alpha[2] = [0.001 +/- 5.00e-4]  [>0]
PASS    inward lo alpha[3] = [+/- 1.34e-3]  [>0]
PASS    inward hi alpha[3] = [+/- 1.42e-3]  [>0]
PASS    inward lo alpha[4] = [+/- 1.43e-3]  [>0]
PASS    inward hi alpha[4] = [+/- 1.33e-3]  [>0]
PASS    inward lo alpha[5] = [0.001 +/- 5.08e-4]  [>0]
PASS    inward hi alpha[5] = [+/- 1.25e-3]  [>0]
PASS    inward lo alpha[6] = [0.001 +/- 5.94e-4]  [>0]
PASS    inward hi alpha[6] = [+/- 1.16e-3]  [>0]
PASS    inward lo alpha[7] = [0.001 +/- 6.81e-4]  [>0]
PASS    inward hi alpha[7] = [+/- 1.07e-3]  [>0]
PASS    G(alpha_lb) = [0.002 +/- 7.14e-4]  [>0]
PASS    G(alpha_ub) = [-0.002 +/- 7.12e-4]  [<0]
PASS    1 - amp-works = [+/- 0.531]  [>0]
PASS    lambda(z_hat) = [+/- 0.282]  [<0]
  -> PASS
global PASS; 25/25 slabs verified -> result_neg_2.json
